PARAMETER_FILE = baseline_results/cvrp_lkh/Vrp-Set-D-n701/Vrp-Set-D-n701-lkh/0.lkh1.par
Reading PROBLEM_FILE: "baseline_results/cvrp_lkh/Vrp-Set-D-n701/Vrp-Set-D-n701-lkh/0.lkh1.vrp" ... done
ASCENT_CANDIDATES = 50
BACKBONE_TRIALS = 0
BACKTRACKING = NO
# BWTSP =
# CANDIDATE_FILE =
CANDIDATE_SET_TYPE = ALPHA
# DISTANCE =
DEPOT = 1
# EDGE_FILE =
EXCESS = 0.00142653
EXTERNAL_SALESMEN = 0
EXTRA_CANDIDATES = 0 
EXTRA_CANDIDATE_SET_TYPE = QUADRANT
GAIN23 = NO
GAIN_CRITERION = YES
INITIAL_PERIOD = 350
INITIAL_STEP_SIZE = 1
INITIAL_TOUR_ALGORITHM = WALK
# INITIAL_TOUR_FILE = 
INITIAL_TOUR_FRACTION = 1.000
# INPUT_TOUR_FILE = 
KICK_TYPE = 4
KICKS = 1
# MAX_BREADTH =
MAKESPAN = NO
MAX_CANDIDATES = 5 
MAX_SWAPS = 0
MAX_TRIALS = 10000
# MERGE_TOUR_FILE =
MOVE_TYPE = 5 SPECIAL
MTSP_MIN_SIZE = 1
MTSP_MAX_SIZE = 700
# MTSP_SOLUTION_FILE = 
# NONSEQUENTIAL_MOVE_TYPE = 5
# OPTIMUM =
OUTPUT_TOUR_FILE = baseline_results/cvrp_lkh/Vrp-Set-D-n701/Vrp-Set-D-n701-lkh/0.lkh1.tour
PATCHING_A = 1 
PATCHING_C = 0 
# PI_FILE = 
POPMUSIC_INITIAL_TOUR = NO
POPMUSIC_MAX_NEIGHBORS = 5
POPMUSIC_SAMPLE_SIZE = 10
POPMUSIC_SOLUTIONS = 50
POPMUSIC_TRIALS = 1
POPULATION_SIZE = 10
PRECISION = 100
PROBLEM_FILE = baseline_results/cvrp_lkh/Vrp-Set-D-n701/Vrp-Set-D-n701-lkh/0.lkh1.vrp
RECOMBINATION = IPT
RESTRICTED_SEARCH = YES
RUNS = 1
SALESMEN = 64
SCALE = 1
SEED = 1234
# SINTEF_SOLUTION_FILE = 
STOP_AT_OPTIMUM = YES
SUBGRADIENT = YES
# SUBPROBLEM_SIZE =
# SUBPROBLEM_TOUR_FILE = 
SUBSEQUENT_MOVE_TYPE = 5 SPECIAL
SUBSEQUENT_PATCHING = YES
# TIME_LIMIT =
# TOTAL_TIME_LIMIT =
# TOUR_FILE = 
TRACE_LEVEL = 1
VEHICLES = 64

Lower bound = 2007304.1, Ascent time = 0.51 sec.
Cand.min = 2, Cand.avg = 5.0, Cand.max = 5
Preprocessing time = 0.52 sec.
* 1: Cost = 0_4809403, Time = 1.29 sec. 
Writing OUTPUT_TOUR_FILE: "baseline_results/cvrp_lkh/Vrp-Set-D-n701/Vrp-Set-D-n701-lkh/0.lkh1.tour" ... done
* 2: Cost = 0_4695505, Time = 1.42 sec. 
Writing OUTPUT_TOUR_FILE: "baseline_results/cvrp_lkh/Vrp-Set-D-n701/Vrp-Set-D-n701-lkh/0.lkh1.tour" ... done
* 5: Cost = 0_4694423, Time = 1.70 sec. 
Writing OUTPUT_TOUR_FILE: "baseline_results/cvrp_lkh/Vrp-Set-D-n701/Vrp-Set-D-n701-lkh/0.lkh1.tour" ... done
* 6: Cost = 0_4693206, Time = 1.70 sec. 
Writing OUTPUT_TOUR_FILE: "baseline_results/cvrp_lkh/Vrp-Set-D-n701/Vrp-Set-D-n701-lkh/0.lkh1.tour" ... done
* 7: Cost = 0_4691856, Time = 1.71 sec. 
Writing OUTPUT_TOUR_FILE: "baseline_results/cvrp_lkh/Vrp-Set-D-n701/Vrp-Set-D-n701-lkh/0.lkh1.tour" ... done
* 9: Cost = 0_4676767, Time = 1.79 sec. 
Writing OUTPUT_TOUR_FILE: "baseline_results/cvrp_lkh/Vrp-Set-D-n701/Vrp-Set-D-n701-lkh/0.lkh1.tour" ... done
* 10: Cost = 0_4671305, Time = 1.80 sec. 
Writing OUTPUT_TOUR_FILE: "baseline_results/cvrp_lkh/Vrp-Set-D-n701/Vrp-Set-D-n701-lkh/0.lkh1.tour" ... done
* 12: Cost = 0_4653997, Time = 1.86 sec. 
Writing OUTPUT_TOUR_FILE: "baseline_results/cvrp_lkh/Vrp-Set-D-n701/Vrp-Set-D-n701-lkh/0.lkh1.tour" ... done
* 14: Cost = 0_4638073, Time = 1.96 sec. 
Writing OUTPUT_TOUR_FILE: "baseline_results/cvrp_lkh/Vrp-Set-D-n701/Vrp-Set-D-n701-lkh/0.lkh1.tour" ... done
* 15: Cost = 0_4618092, Time = 1.98 sec. 
Writing OUTPUT_TOUR_FILE: "baseline_results/cvrp_lkh/Vrp-Set-D-n701/Vrp-Set-D-n701-lkh/0.lkh1.tour" ... done
* 17: Cost = 0_4605573, Time = 2.02 sec. 
Writing OUTPUT_TOUR_FILE: "baseline_results/cvrp_lkh/Vrp-Set-D-n701/Vrp-Set-D-n701-lkh/0.lkh1.tour" ... done
* 19: Cost = 0_4604902, Time = 2.05 sec. 
Writing OUTPUT_TOUR_FILE: "baseline_results/cvrp_lkh/Vrp-Set-D-n701/Vrp-Set-D-n701-lkh/0.lkh1.tour" ... done
* 23: Cost = 0_4604600, Time = 2.07 sec. 
Writing OUTPUT_TOUR_FILE: "baseline_results/cvrp_lkh/Vrp-Set-D-n701/Vrp-Set-D-n701-lkh/0.lkh1.tour" ... done
* 26: Cost = 0_4590495, Time = 2.13 sec. 
Writing OUTPUT_TOUR_FILE: "baseline_results/cvrp_lkh/Vrp-Set-D-n701/Vrp-Set-D-n701-lkh/0.lkh1.tour" ... done
* 28: Cost = 0_4588774, Time = 2.15 sec. 
Writing OUTPUT_TOUR_FILE: "baseline_results/cvrp_lkh/Vrp-Set-D-n701/Vrp-Set-D-n701-lkh/0.lkh1.tour" ... done
* 29: Cost = 0_4586233, Time = 2.16 sec. 
Writing OUTPUT_TOUR_FILE: "baseline_results/cvrp_lkh/Vrp-Set-D-n701/Vrp-Set-D-n701-lkh/0.lkh1.tour" ... done
* 30: Cost = 0_4582513, Time = 2.20 sec. 
Writing OUTPUT_TOUR_FILE: "baseline_results/cvrp_lkh/Vrp-Set-D-n701/Vrp-Set-D-n701-lkh/0.lkh1.tour" ... done
* 31: Cost = 0_4557112, Time = 2.37 sec. 
Writing OUTPUT_TOUR_FILE: "baseline_results/cvrp_lkh/Vrp-Set-D-n701/Vrp-Set-D-n701-lkh/0.lkh1.tour" ... done
* 32: Cost = 0_4513545, Time = 2.39 sec. 
Writing OUTPUT_TOUR_FILE: "baseline_results/cvrp_lkh/Vrp-Set-D-n701/Vrp-Set-D-n701-lkh/0.lkh1.tour" ... done
* 33: Cost = 0_4477512, Time = 2.45 sec. 
Writing OUTPUT_TOUR_FILE: "baseline_results/cvrp_lkh/Vrp-Set-D-n701/Vrp-Set-D-n701-lkh/0.lkh1.tour" ... done
* 37: Cost = 0_4464582, Time = 2.49 sec. 
Writing OUTPUT_TOUR_FILE: "baseline_results/cvrp_lkh/Vrp-Set-D-n701/Vrp-Set-D-n701-lkh/0.lkh1.tour" ... done
* 40: Cost = 0_4447675, Time = 2.55 sec. 
Writing OUTPUT_TOUR_FILE: "baseline_results/cvrp_lkh/Vrp-Set-D-n701/Vrp-Set-D-n701-lkh/0.lkh1.tour" ... done
* 42: Cost = 0_4444990, Time = 2.76 sec. 
Writing OUTPUT_TOUR_FILE: "baseline_results/cvrp_lkh/Vrp-Set-D-n701/Vrp-Set-D-n701-lkh/0.lkh1.tour" ... done
* 43: Cost = 0_4367822, Time = 2.84 sec. 
Writing OUTPUT_TOUR_FILE: "baseline_results/cvrp_lkh/Vrp-Set-D-n701/Vrp-Set-D-n701-lkh/0.lkh1.tour" ... done
* 45: Cost = 0_4364225, Time = 2.85 sec. 
Writing OUTPUT_TOUR_FILE: "baseline_results/cvrp_lkh/Vrp-Set-D-n701/Vrp-Set-D-n701-lkh/0.lkh1.tour" ... done
* 47: Cost = 0_4364021, Time = 3.07 sec. 
Writing OUTPUT_TOUR_FILE: "baseline_results/cvrp_lkh/Vrp-Set-D-n701/Vrp-Set-D-n701-lkh/0.lkh1.tour" ... done
* 48: Cost = 0_4362695, Time = 3.07 sec. 
Writing OUTPUT_TOUR_FILE: "baseline_results/cvrp_lkh/Vrp-Set-D-n701/Vrp-Set-D-n701-lkh/0.lkh1.tour" ... done
* 56: Cost = 0_4362127, Time = 3.28 sec. 
Writing OUTPUT_TOUR_FILE: "baseline_results/cvrp_lkh/Vrp-Set-D-n701/Vrp-Set-D-n701-lkh/0.lkh1.tour" ... done
* 57: Cost = 0_4348473, Time = 3.31 sec. 
Writing OUTPUT_TOUR_FILE: "baseline_results/cvrp_lkh/Vrp-Set-D-n701/Vrp-Set-D-n701-lkh/0.lkh1.tour" ... done
* 59: Cost = 0_4347376, Time = 3.33 sec. 
Writing OUTPUT_TOUR_FILE: "baseline_results/cvrp_lkh/Vrp-Set-D-n701/Vrp-Set-D-n701-lkh/0.lkh1.tour" ... done
* 62: Cost = 0_4347288, Time = 3.45 sec. 
Writing OUTPUT_TOUR_FILE: "baseline_results/cvrp_lkh/Vrp-Set-D-n701/Vrp-Set-D-n701-lkh/0.lkh1.tour" ... done
* 63: Cost = 0_4347095, Time = 3.46 sec. 
Writing OUTPUT_TOUR_FILE: "baseline_results/cvrp_lkh/Vrp-Set-D-n701/Vrp-Set-D-n701-lkh/0.lkh1.tour" ... done
* 64: Cost = 0_4346673, Time = 3.59 sec. 
Writing OUTPUT_TOUR_FILE: "baseline_results/cvrp_lkh/Vrp-Set-D-n701/Vrp-Set-D-n701-lkh/0.lkh1.tour" ... done
* 65: Cost = 0_4344449, Time = 3.60 sec. 
Writing OUTPUT_TOUR_FILE: "baseline_results/cvrp_lkh/Vrp-Set-D-n701/Vrp-Set-D-n701-lkh/0.lkh1.tour" ... done
* 66: Cost = 0_4337273, Time = 3.67 sec. 
Writing OUTPUT_TOUR_FILE: "baseline_results/cvrp_lkh/Vrp-Set-D-n701/Vrp-Set-D-n701-lkh/0.lkh1.tour" ... done
* 70: Cost = 0_4335831, Time = 3.70 sec. 
Writing OUTPUT_TOUR_FILE: "baseline_results/cvrp_lkh/Vrp-Set-D-n701/Vrp-Set-D-n701-lkh/0.lkh1.tour" ... done
* 72: Cost = 0_4328174, Time = 3.73 sec. 
Writing OUTPUT_TOUR_FILE: "baseline_results/cvrp_lkh/Vrp-Set-D-n701/Vrp-Set-D-n701-lkh/0.lkh1.tour" ... done
* 79: Cost = 0_4327856, Time = 3.86 sec. 
Writing OUTPUT_TOUR_FILE: "baseline_results/cvrp_lkh/Vrp-Set-D-n701/Vrp-Set-D-n701-lkh/0.lkh1.tour" ... done
* 80: Cost = 0_4320653, Time = 3.88 sec. 
Writing OUTPUT_TOUR_FILE: "baseline_results/cvrp_lkh/Vrp-Set-D-n701/Vrp-Set-D-n701-lkh/0.lkh1.tour" ... done
* 83: Cost = 0_4314451, Time = 3.94 sec. 
Writing OUTPUT_TOUR_FILE: "baseline_results/cvrp_lkh/Vrp-Set-D-n701/Vrp-Set-D-n701-lkh/0.lkh1.tour" ... done
* 88: Cost = 0_4312830, Time = 4.21 sec. 
Writing OUTPUT_TOUR_FILE: "baseline_results/cvrp_lkh/Vrp-Set-D-n701/Vrp-Set-D-n701-lkh/0.lkh1.tour" ... done
* 92: Cost = 0_4312426, Time = 4.36 sec. 
Writing OUTPUT_TOUR_FILE: "baseline_results/cvrp_lkh/Vrp-Set-D-n701/Vrp-Set-D-n701-lkh/0.lkh1.tour" ... done
* 93: Cost = 0_4293692, Time = 4.47 sec. 
Writing OUTPUT_TOUR_FILE: "baseline_results/cvrp_lkh/Vrp-Set-D-n701/Vrp-Set-D-n701-lkh/0.lkh1.tour" ... done
* 95: Cost = 0_4288509, Time = 4.48 sec. 
Writing OUTPUT_TOUR_FILE: "baseline_results/cvrp_lkh/Vrp-Set-D-n701/Vrp-Set-D-n701-lkh/0.lkh1.tour" ... done
* 97: Cost = 0_4288017, Time = 4.53 sec. 
Writing OUTPUT_TOUR_FILE: "baseline_results/cvrp_lkh/Vrp-Set-D-n701/Vrp-Set-D-n701-lkh/0.lkh1.tour" ... done
* 100: Cost = 0_4280933, Time = 4.64 sec. 
Writing OUTPUT_TOUR_FILE: "baseline_results/cvrp_lkh/Vrp-Set-D-n701/Vrp-Set-D-n701-lkh/0.lkh1.tour" ... done
* 106: Cost = 0_4258431, Time = 4.85 sec. 
Writing OUTPUT_TOUR_FILE: "baseline_results/cvrp_lkh/Vrp-Set-D-n701/Vrp-Set-D-n701-lkh/0.lkh1.tour" ... done
* 110: Cost = 0_4257373, Time = 4.98 sec. 
Writing OUTPUT_TOUR_FILE: "baseline_results/cvrp_lkh/Vrp-Set-D-n701/Vrp-Set-D-n701-lkh/0.lkh1.tour" ... done
* 120: Cost = 0_4256165, Time = 5.26 sec. 
Writing OUTPUT_TOUR_FILE: "baseline_results/cvrp_lkh/Vrp-Set-D-n701/Vrp-Set-D-n701-lkh/0.lkh1.tour" ... done
* 122: Cost = 0_4254468, Time = 5.30 sec. 
Writing OUTPUT_TOUR_FILE: "baseline_results/cvrp_lkh/Vrp-Set-D-n701/Vrp-Set-D-n701-lkh/0.lkh1.tour" ... done
* 131: Cost = 0_4251685, Time = 5.43 sec. 
Writing OUTPUT_TOUR_FILE: "baseline_results/cvrp_lkh/Vrp-Set-D-n701/Vrp-Set-D-n701-lkh/0.lkh1.tour" ... done
* 134: Cost = 0_4245358, Time = 5.57 sec. 
Writing OUTPUT_TOUR_FILE: "baseline_results/cvrp_lkh/Vrp-Set-D-n701/Vrp-Set-D-n701-lkh/0.lkh1.tour" ... done
* 140: Cost = 0_4244177, Time = 5.68 sec. 
Writing OUTPUT_TOUR_FILE: "baseline_results/cvrp_lkh/Vrp-Set-D-n701/Vrp-Set-D-n701-lkh/0.lkh1.tour" ... done
* 141: Cost = 0_4238805, Time = 5.68 sec. 
Writing OUTPUT_TOUR_FILE: "baseline_results/cvrp_lkh/Vrp-Set-D-n701/Vrp-Set-D-n701-lkh/0.lkh1.tour" ... done
* 144: Cost = 0_4234164, Time = 5.84 sec. 
Writing OUTPUT_TOUR_FILE: "baseline_results/cvrp_lkh/Vrp-Set-D-n701/Vrp-Set-D-n701-lkh/0.lkh1.tour" ... done
* 155: Cost = 0_4232750, Time = 6.16 sec. 
Writing OUTPUT_TOUR_FILE: "baseline_results/cvrp_lkh/Vrp-Set-D-n701/Vrp-Set-D-n701-lkh/0.lkh1.tour" ... done
* 160: Cost = 0_4232258, Time = 6.21 sec. 
Writing OUTPUT_TOUR_FILE: "baseline_results/cvrp_lkh/Vrp-Set-D-n701/Vrp-Set-D-n701-lkh/0.lkh1.tour" ... done
* 161: Cost = 0_4229247, Time = 6.25 sec. 
Writing OUTPUT_TOUR_FILE: "baseline_results/cvrp_lkh/Vrp-Set-D-n701/Vrp-Set-D-n701-lkh/0.lkh1.tour" ... done
* 164: Cost = 0_4229157, Time = 6.37 sec. 
Writing OUTPUT_TOUR_FILE: "baseline_results/cvrp_lkh/Vrp-Set-D-n701/Vrp-Set-D-n701-lkh/0.lkh1.tour" ... done
* 165: Cost = 0_4225414, Time = 6.37 sec. 
Writing OUTPUT_TOUR_FILE: "baseline_results/cvrp_lkh/Vrp-Set-D-n701/Vrp-Set-D-n701-lkh/0.lkh1.tour" ... done
* 170: Cost = 0_4225233, Time = 6.62 sec. 
Writing OUTPUT_TOUR_FILE: "baseline_results/cvrp_lkh/Vrp-Set-D-n701/Vrp-Set-D-n701-lkh/0.lkh1.tour" ... done
* 178: Cost = 0_4224080, Time = 6.81 sec. 
Writing OUTPUT_TOUR_FILE: "baseline_results/cvrp_lkh/Vrp-Set-D-n701/Vrp-Set-D-n701-lkh/0.lkh1.tour" ... done
* 182: Cost = 0_4224057, Time = 7.08 sec. 
Writing OUTPUT_TOUR_FILE: "baseline_results/cvrp_lkh/Vrp-Set-D-n701/Vrp-Set-D-n701-lkh/0.lkh1.tour" ... done
* 185: Cost = 0_4223949, Time = 7.20 sec. 
Writing OUTPUT_TOUR_FILE: "baseline_results/cvrp_lkh/Vrp-Set-D-n701/Vrp-Set-D-n701-lkh/0.lkh1.tour" ... done
* 192: Cost = 0_4222630, Time = 7.33 sec. 
Writing OUTPUT_TOUR_FILE: "baseline_results/cvrp_lkh/Vrp-Set-D-n701/Vrp-Set-D-n701-lkh/0.lkh1.tour" ... done
* 194: Cost = 0_4222068, Time = 7.46 sec. 
Writing OUTPUT_TOUR_FILE: "baseline_results/cvrp_lkh/Vrp-Set-D-n701/Vrp-Set-D-n701-lkh/0.lkh1.tour" ... done
* 203: Cost = 0_4215343, Time = 7.99 sec. 
Writing OUTPUT_TOUR_FILE: "baseline_results/cvrp_lkh/Vrp-Set-D-n701/Vrp-Set-D-n701-lkh/0.lkh1.tour" ... done
* 210: Cost = 0_4213999, Time = 8.40 sec. 
Writing OUTPUT_TOUR_FILE: "baseline_results/cvrp_lkh/Vrp-Set-D-n701/Vrp-Set-D-n701-lkh/0.lkh1.tour" ... done
* 212: Cost = 0_4208212, Time = 8.48 sec. 
Writing OUTPUT_TOUR_FILE: "baseline_results/cvrp_lkh/Vrp-Set-D-n701/Vrp-Set-D-n701-lkh/0.lkh1.tour" ... done
* 213: Cost = 0_4208105, Time = 8.50 sec. 
Writing OUTPUT_TOUR_FILE: "baseline_results/cvrp_lkh/Vrp-Set-D-n701/Vrp-Set-D-n701-lkh/0.lkh1.tour" ... done
* 216: Cost = 0_4203454, Time = 8.81 sec. 
Writing OUTPUT_TOUR_FILE: "baseline_results/cvrp_lkh/Vrp-Set-D-n701/Vrp-Set-D-n701-lkh/0.lkh1.tour" ... done
* 222: Cost = 0_4202853, Time = 8.98 sec. 
Writing OUTPUT_TOUR_FILE: "baseline_results/cvrp_lkh/Vrp-Set-D-n701/Vrp-Set-D-n701-lkh/0.lkh1.tour" ... done
* 224: Cost = 0_4197410, Time = 9.02 sec. 
Writing OUTPUT_TOUR_FILE: "baseline_results/cvrp_lkh/Vrp-Set-D-n701/Vrp-Set-D-n701-lkh/0.lkh1.tour" ... done
* 226: Cost = 0_4192785, Time = 9.18 sec. 
Writing OUTPUT_TOUR_FILE: "baseline_results/cvrp_lkh/Vrp-Set-D-n701/Vrp-Set-D-n701-lkh/0.lkh1.tour" ... done
* 227: Cost = 0_4192781, Time = 9.20 sec. 
Writing OUTPUT_TOUR_FILE: "baseline_results/cvrp_lkh/Vrp-Set-D-n701/Vrp-Set-D-n701-lkh/0.lkh1.tour" ... done
* 243: Cost = 0_4186896, Time = 10.00 sec. 
Writing OUTPUT_TOUR_FILE: "baseline_results/cvrp_lkh/Vrp-Set-D-n701/Vrp-Set-D-n701-lkh/0.lkh1.tour" ... done
* 248: Cost = 0_4186861, Time = 10.06 sec. 
Writing OUTPUT_TOUR_FILE: "baseline_results/cvrp_lkh/Vrp-Set-D-n701/Vrp-Set-D-n701-lkh/0.lkh1.tour" ... done
* 261: Cost = 0_4184217, Time = 10.47 sec. 
Writing OUTPUT_TOUR_FILE: "baseline_results/cvrp_lkh/Vrp-Set-D-n701/Vrp-Set-D-n701-lkh/0.lkh1.tour" ... done
* 265: Cost = 0_4183288, Time = 10.57 sec. 
Writing OUTPUT_TOUR_FILE: "baseline_results/cvrp_lkh/Vrp-Set-D-n701/Vrp-Set-D-n701-lkh/0.lkh1.tour" ... done
* 275: Cost = 0_4182546, Time = 10.79 sec. 
Writing OUTPUT_TOUR_FILE: "baseline_results/cvrp_lkh/Vrp-Set-D-n701/Vrp-Set-D-n701-lkh/0.lkh1.tour" ... done
* 281: Cost = 0_4182146, Time = 10.83 sec. 
Writing OUTPUT_TOUR_FILE: "baseline_results/cvrp_lkh/Vrp-Set-D-n701/Vrp-Set-D-n701-lkh/0.lkh1.tour" ... done
* 283: Cost = 0_4180606, Time = 10.87 sec. 
Writing OUTPUT_TOUR_FILE: "baseline_results/cvrp_lkh/Vrp-Set-D-n701/Vrp-Set-D-n701-lkh/0.lkh1.tour" ... done
* 284: Cost = 0_4180207, Time = 10.92 sec. 
Writing OUTPUT_TOUR_FILE: "baseline_results/cvrp_lkh/Vrp-Set-D-n701/Vrp-Set-D-n701-lkh/0.lkh1.tour" ... done
* 287: Cost = 0_4179842, Time = 11.06 sec. 
Writing OUTPUT_TOUR_FILE: "baseline_results/cvrp_lkh/Vrp-Set-D-n701/Vrp-Set-D-n701-lkh/0.lkh1.tour" ... done
* 288: Cost = 0_4179345, Time = 11.08 sec. 
Writing OUTPUT_TOUR_FILE: "baseline_results/cvrp_lkh/Vrp-Set-D-n701/Vrp-Set-D-n701-lkh/0.lkh1.tour" ... done
* 296: Cost = 0_4178113, Time = 11.36 sec. 
Writing OUTPUT_TOUR_FILE: "baseline_results/cvrp_lkh/Vrp-Set-D-n701/Vrp-Set-D-n701-lkh/0.lkh1.tour" ... done
* 298: Cost = 0_4178039, Time = 11.40 sec. 
Writing OUTPUT_TOUR_FILE: "baseline_results/cvrp_lkh/Vrp-Set-D-n701/Vrp-Set-D-n701-lkh/0.lkh1.tour" ... done
* 322: Cost = 0_4176734, Time = 12.53 sec. 
Writing OUTPUT_TOUR_FILE: "baseline_results/cvrp_lkh/Vrp-Set-D-n701/Vrp-Set-D-n701-lkh/0.lkh1.tour" ... done
* 324: Cost = 0_4176336, Time = 12.55 sec. 
Writing OUTPUT_TOUR_FILE: "baseline_results/cvrp_lkh/Vrp-Set-D-n701/Vrp-Set-D-n701-lkh/0.lkh1.tour" ... done
* 329: Cost = 0_4176330, Time = 12.72 sec. 
Writing OUTPUT_TOUR_FILE: "baseline_results/cvrp_lkh/Vrp-Set-D-n701/Vrp-Set-D-n701-lkh/0.lkh1.tour" ... done
* 334: Cost = 0_4175679, Time = 12.74 sec. 
Writing OUTPUT_TOUR_FILE: "baseline_results/cvrp_lkh/Vrp-Set-D-n701/Vrp-Set-D-n701-lkh/0.lkh1.tour" ... done
* 351: Cost = 0_4174328, Time = 13.22 sec. 
Writing OUTPUT_TOUR_FILE: "baseline_results/cvrp_lkh/Vrp-Set-D-n701/Vrp-Set-D-n701-lkh/0.lkh1.tour" ... done
* 374: Cost = 0_4173933, Time = 13.53 sec. 
Writing OUTPUT_TOUR_FILE: "baseline_results/cvrp_lkh/Vrp-Set-D-n701/Vrp-Set-D-n701-lkh/0.lkh1.tour" ... done
* 375: Cost = 0_4173702, Time = 13.55 sec. 
Writing OUTPUT_TOUR_FILE: "baseline_results/cvrp_lkh/Vrp-Set-D-n701/Vrp-Set-D-n701-lkh/0.lkh1.tour" ... done
* 391: Cost = 0_4173033, Time = 14.16 sec. 
Writing OUTPUT_TOUR_FILE: "baseline_results/cvrp_lkh/Vrp-Set-D-n701/Vrp-Set-D-n701-lkh/0.lkh1.tour" ... done
* 395: Cost = 0_4171692, Time = 14.24 sec. 
Writing OUTPUT_TOUR_FILE: "baseline_results/cvrp_lkh/Vrp-Set-D-n701/Vrp-Set-D-n701-lkh/0.lkh1.tour" ... done
* 396: Cost = 0_4171619, Time = 14.33 sec. 
Writing OUTPUT_TOUR_FILE: "baseline_results/cvrp_lkh/Vrp-Set-D-n701/Vrp-Set-D-n701-lkh/0.lkh1.tour" ... done
* 398: Cost = 0_4171293, Time = 14.38 sec. 
Writing OUTPUT_TOUR_FILE: "baseline_results/cvrp_lkh/Vrp-Set-D-n701/Vrp-Set-D-n701-lkh/0.lkh1.tour" ... done
* 403: Cost = 0_4171258, Time = 14.62 sec. 
Writing OUTPUT_TOUR_FILE: "baseline_results/cvrp_lkh/Vrp-Set-D-n701/Vrp-Set-D-n701-lkh/0.lkh1.tour" ... done
* 425: Cost = 0_4170495, Time = 15.12 sec. 
Writing OUTPUT_TOUR_FILE: "baseline_results/cvrp_lkh/Vrp-Set-D-n701/Vrp-Set-D-n701-lkh/0.lkh1.tour" ... done
* 434: Cost = 0_4168949, Time = 15.42 sec. 
Writing OUTPUT_TOUR_FILE: "baseline_results/cvrp_lkh/Vrp-Set-D-n701/Vrp-Set-D-n701-lkh/0.lkh1.tour" ... done
* 443: Cost = 0_4166843, Time = 15.78 sec. 
Writing OUTPUT_TOUR_FILE: "baseline_results/cvrp_lkh/Vrp-Set-D-n701/Vrp-Set-D-n701-lkh/0.lkh1.tour" ... done
* 459: Cost = 0_4166800, Time = 16.15 sec. 
Writing OUTPUT_TOUR_FILE: "baseline_results/cvrp_lkh/Vrp-Set-D-n701/Vrp-Set-D-n701-lkh/0.lkh1.tour" ... done
* 464: Cost = 0_4166519, Time = 16.20 sec. 
Writing OUTPUT_TOUR_FILE: "baseline_results/cvrp_lkh/Vrp-Set-D-n701/Vrp-Set-D-n701-lkh/0.lkh1.tour" ... done
* 471: Cost = 0_4164153, Time = 16.31 sec. 
Writing OUTPUT_TOUR_FILE: "baseline_results/cvrp_lkh/Vrp-Set-D-n701/Vrp-Set-D-n701-lkh/0.lkh1.tour" ... done
* 526: Cost = 0_4163584, Time = 17.46 sec. 
Writing OUTPUT_TOUR_FILE: "baseline_results/cvrp_lkh/Vrp-Set-D-n701/Vrp-Set-D-n701-lkh/0.lkh1.tour" ... done
* 531: Cost = 0_4163266, Time = 17.54 sec. 
Writing OUTPUT_TOUR_FILE: "baseline_results/cvrp_lkh/Vrp-Set-D-n701/Vrp-Set-D-n701-lkh/0.lkh1.tour" ... done
* 539: Cost = 0_4162186, Time = 17.81 sec. 
Writing OUTPUT_TOUR_FILE: "baseline_results/cvrp_lkh/Vrp-Set-D-n701/Vrp-Set-D-n701-lkh/0.lkh1.tour" ... done
* 543: Cost = 0_4161577, Time = 17.86 sec. 
Writing OUTPUT_TOUR_FILE: "baseline_results/cvrp_lkh/Vrp-Set-D-n701/Vrp-Set-D-n701-lkh/0.lkh1.tour" ... done
* 546: Cost = 0_4161382, Time = 17.95 sec. 
Writing OUTPUT_TOUR_FILE: "baseline_results/cvrp_lkh/Vrp-Set-D-n701/Vrp-Set-D-n701-lkh/0.lkh1.tour" ... done
* 552: Cost = 0_4161231, Time = 18.03 sec. 
Writing OUTPUT_TOUR_FILE: "baseline_results/cvrp_lkh/Vrp-Set-D-n701/Vrp-Set-D-n701-lkh/0.lkh1.tour" ... done
* 559: Cost = 0_4160271, Time = 18.13 sec. 
Writing OUTPUT_TOUR_FILE: "baseline_results/cvrp_lkh/Vrp-Set-D-n701/Vrp-Set-D-n701-lkh/0.lkh1.tour" ... done
* 560: Cost = 0_4160141, Time = 18.14 sec. 
Writing OUTPUT_TOUR_FILE: "baseline_results/cvrp_lkh/Vrp-Set-D-n701/Vrp-Set-D-n701-lkh/0.lkh1.tour" ... done
* 562: Cost = 0_4128580, Time = 18.20 sec. 
Writing OUTPUT_TOUR_FILE: "baseline_results/cvrp_lkh/Vrp-Set-D-n701/Vrp-Set-D-n701-lkh/0.lkh1.tour" ... done
* 567: Cost = 0_4128380, Time = 18.43 sec. 
Writing OUTPUT_TOUR_FILE: "baseline_results/cvrp_lkh/Vrp-Set-D-n701/Vrp-Set-D-n701-lkh/0.lkh1.tour" ... done
* 575: Cost = 0_4127888, Time = 18.52 sec. 
Writing OUTPUT_TOUR_FILE: "baseline_results/cvrp_lkh/Vrp-Set-D-n701/Vrp-Set-D-n701-lkh/0.lkh1.tour" ... done
* 576: Cost = 0_4117172, Time = 18.54 sec. 
Writing OUTPUT_TOUR_FILE: "baseline_results/cvrp_lkh/Vrp-Set-D-n701/Vrp-Set-D-n701-lkh/0.lkh1.tour" ... done
* 578: Cost = 0_4108262, Time = 18.55 sec. 
Writing OUTPUT_TOUR_FILE: "baseline_results/cvrp_lkh/Vrp-Set-D-n701/Vrp-Set-D-n701-lkh/0.lkh1.tour" ... done
* 585: Cost = 0_4108134, Time = 18.62 sec. 
Writing OUTPUT_TOUR_FILE: "baseline_results/cvrp_lkh/Vrp-Set-D-n701/Vrp-Set-D-n701-lkh/0.lkh1.tour" ... done
* 586: Cost = 0_4108062, Time = 18.62 sec. 
Writing OUTPUT_TOUR_FILE: "baseline_results/cvrp_lkh/Vrp-Set-D-n701/Vrp-Set-D-n701-lkh/0.lkh1.tour" ... done
* 588: Cost = 0_4106834, Time = 18.65 sec. 
Writing OUTPUT_TOUR_FILE: "baseline_results/cvrp_lkh/Vrp-Set-D-n701/Vrp-Set-D-n701-lkh/0.lkh1.tour" ... done
* 595: Cost = 0_4101638, Time = 18.82 sec. 
Writing OUTPUT_TOUR_FILE: "baseline_results/cvrp_lkh/Vrp-Set-D-n701/Vrp-Set-D-n701-lkh/0.lkh1.tour" ... done
* 611: Cost = 0_4100489, Time = 19.17 sec. 
Writing OUTPUT_TOUR_FILE: "baseline_results/cvrp_lkh/Vrp-Set-D-n701/Vrp-Set-D-n701-lkh/0.lkh1.tour" ... done
* 623: Cost = 0_4096831, Time = 19.43 sec. 
Writing OUTPUT_TOUR_FILE: "baseline_results/cvrp_lkh/Vrp-Set-D-n701/Vrp-Set-D-n701-lkh/0.lkh1.tour" ... done
* 624: Cost = 0_4096825, Time = 19.62 sec. 
Writing OUTPUT_TOUR_FILE: "baseline_results/cvrp_lkh/Vrp-Set-D-n701/Vrp-Set-D-n701-lkh/0.lkh1.tour" ... done
* 633: Cost = 0_4094053, Time = 19.78 sec. 
Writing OUTPUT_TOUR_FILE: "baseline_results/cvrp_lkh/Vrp-Set-D-n701/Vrp-Set-D-n701-lkh/0.lkh1.tour" ... done
* 638: Cost = 0_4092514, Time = 19.89 sec. 
Writing OUTPUT_TOUR_FILE: "baseline_results/cvrp_lkh/Vrp-Set-D-n701/Vrp-Set-D-n701-lkh/0.lkh1.tour" ... done
* 662: Cost = 0_4092398, Time = 20.69 sec. 
Writing OUTPUT_TOUR_FILE: "baseline_results/cvrp_lkh/Vrp-Set-D-n701/Vrp-Set-D-n701-lkh/0.lkh1.tour" ... done
* 664: Cost = 0_4090030, Time = 20.78 sec. 
Writing OUTPUT_TOUR_FILE: "baseline_results/cvrp_lkh/Vrp-Set-D-n701/Vrp-Set-D-n701-lkh/0.lkh1.tour" ... done
* 670: Cost = 0_4088398, Time = 21.18 sec. 
Writing OUTPUT_TOUR_FILE: "baseline_results/cvrp_lkh/Vrp-Set-D-n701/Vrp-Set-D-n701-lkh/0.lkh1.tour" ... done
* 685: Cost = 0_4086795, Time = 21.92 sec. 
Writing OUTPUT_TOUR_FILE: "baseline_results/cvrp_lkh/Vrp-Set-D-n701/Vrp-Set-D-n701-lkh/0.lkh1.tour" ... done
* 718: Cost = 0_4085215, Time = 22.80 sec. 
Writing OUTPUT_TOUR_FILE: "baseline_results/cvrp_lkh/Vrp-Set-D-n701/Vrp-Set-D-n701-lkh/0.lkh1.tour" ... done
* 725: Cost = 0_4084518, Time = 23.14 sec. 
Writing OUTPUT_TOUR_FILE: "baseline_results/cvrp_lkh/Vrp-Set-D-n701/Vrp-Set-D-n701-lkh/0.lkh1.tour" ... done
* 728: Cost = 0_4084167, Time = 23.23 sec. 
Writing OUTPUT_TOUR_FILE: "baseline_results/cvrp_lkh/Vrp-Set-D-n701/Vrp-Set-D-n701-lkh/0.lkh1.tour" ... done
* 754: Cost = 0_4082202, Time = 23.88 sec. 
Writing OUTPUT_TOUR_FILE: "baseline_results/cvrp_lkh/Vrp-Set-D-n701/Vrp-Set-D-n701-lkh/0.lkh1.tour" ... done
* 756: Cost = 0_4081410, Time = 23.91 sec. 
Writing OUTPUT_TOUR_FILE: "baseline_results/cvrp_lkh/Vrp-Set-D-n701/Vrp-Set-D-n701-lkh/0.lkh1.tour" ... done
* 759: Cost = 0_4081016, Time = 24.19 sec. 
Writing OUTPUT_TOUR_FILE: "baseline_results/cvrp_lkh/Vrp-Set-D-n701/Vrp-Set-D-n701-lkh/0.lkh1.tour" ... done
* 766: Cost = 0_4080753, Time = 24.32 sec. 
Writing OUTPUT_TOUR_FILE: "baseline_results/cvrp_lkh/Vrp-Set-D-n701/Vrp-Set-D-n701-lkh/0.lkh1.tour" ... done
* 772: Cost = 0_4079752, Time = 24.47 sec. 
Writing OUTPUT_TOUR_FILE: "baseline_results/cvrp_lkh/Vrp-Set-D-n701/Vrp-Set-D-n701-lkh/0.lkh1.tour" ... done
* 773: Cost = 0_4079361, Time = 24.48 sec. 
Writing OUTPUT_TOUR_FILE: "baseline_results/cvrp_lkh/Vrp-Set-D-n701/Vrp-Set-D-n701-lkh/0.lkh1.tour" ... done
* 777: Cost = 0_4079279, Time = 24.60 sec. 
Writing OUTPUT_TOUR_FILE: "baseline_results/cvrp_lkh/Vrp-Set-D-n701/Vrp-Set-D-n701-lkh/0.lkh1.tour" ... done
* 780: Cost = 0_4079175, Time = 24.67 sec. 
Writing OUTPUT_TOUR_FILE: "baseline_results/cvrp_lkh/Vrp-Set-D-n701/Vrp-Set-D-n701-lkh/0.lkh1.tour" ... done
* 787: Cost = 0_4077288, Time = 24.94 sec. 
Writing OUTPUT_TOUR_FILE: "baseline_results/cvrp_lkh/Vrp-Set-D-n701/Vrp-Set-D-n701-lkh/0.lkh1.tour" ... done
* 809: Cost = 0_4077238, Time = 25.41 sec. 
Writing OUTPUT_TOUR_FILE: "baseline_results/cvrp_lkh/Vrp-Set-D-n701/Vrp-Set-D-n701-lkh/0.lkh1.tour" ... done
* 833: Cost = 0_4076991, Time = 26.13 sec. 
Writing OUTPUT_TOUR_FILE: "baseline_results/cvrp_lkh/Vrp-Set-D-n701/Vrp-Set-D-n701-lkh/0.lkh1.tour" ... done
* 849: Cost = 0_4076911, Time = 26.35 sec. 
Writing OUTPUT_TOUR_FILE: "baseline_results/cvrp_lkh/Vrp-Set-D-n701/Vrp-Set-D-n701-lkh/0.lkh1.tour" ... done
* 905: Cost = 0_4076732, Time = 27.57 sec. 
Writing OUTPUT_TOUR_FILE: "baseline_results/cvrp_lkh/Vrp-Set-D-n701/Vrp-Set-D-n701-lkh/0.lkh1.tour" ... done
* 910: Cost = 0_4076028, Time = 27.73 sec. 
Writing OUTPUT_TOUR_FILE: "baseline_results/cvrp_lkh/Vrp-Set-D-n701/Vrp-Set-D-n701-lkh/0.lkh1.tour" ... done
* 945: Cost = 0_4075831, Time = 28.87 sec. 
Writing OUTPUT_TOUR_FILE: "baseline_results/cvrp_lkh/Vrp-Set-D-n701/Vrp-Set-D-n701-lkh/0.lkh1.tour" ... done
* 949: Cost = 0_4073218, Time = 29.04 sec. 
Writing OUTPUT_TOUR_FILE: "baseline_results/cvrp_lkh/Vrp-Set-D-n701/Vrp-Set-D-n701-lkh/0.lkh1.tour" ... done
* 965: Cost = 0_4070380, Time = 29.45 sec. 
Writing OUTPUT_TOUR_FILE: "baseline_results/cvrp_lkh/Vrp-Set-D-n701/Vrp-Set-D-n701-lkh/0.lkh1.tour" ... done
* 968: Cost = 0_4069109, Time = 29.51 sec. 
Writing OUTPUT_TOUR_FILE: "baseline_results/cvrp_lkh/Vrp-Set-D-n701/Vrp-Set-D-n701-lkh/0.lkh1.tour" ... done
* 974: Cost = 0_4067901, Time = 29.75 sec. 
Writing OUTPUT_TOUR_FILE: "baseline_results/cvrp_lkh/Vrp-Set-D-n701/Vrp-Set-D-n701-lkh/0.lkh1.tour" ... done
* 976: Cost = 0_4066332, Time = 29.76 sec. 
Writing OUTPUT_TOUR_FILE: "baseline_results/cvrp_lkh/Vrp-Set-D-n701/Vrp-Set-D-n701-lkh/0.lkh1.tour" ... done
* 991: Cost = 0_4064924, Time = 30.02 sec. 
Writing OUTPUT_TOUR_FILE: "baseline_results/cvrp_lkh/Vrp-Set-D-n701/Vrp-Set-D-n701-lkh/0.lkh1.tour" ... done
* 993: Cost = 0_4064885, Time = 30.22 sec. 
Writing OUTPUT_TOUR_FILE: "baseline_results/cvrp_lkh/Vrp-Set-D-n701/Vrp-Set-D-n701-lkh/0.lkh1.tour" ... done
* 996: Cost = 0_4064689, Time = 30.25 sec. 
Writing OUTPUT_TOUR_FILE: "baseline_results/cvrp_lkh/Vrp-Set-D-n701/Vrp-Set-D-n701-lkh/0.lkh1.tour" ... done
* 1002: Cost = 0_4063802, Time = 30.68 sec. 
Writing OUTPUT_TOUR_FILE: "baseline_results/cvrp_lkh/Vrp-Set-D-n701/Vrp-Set-D-n701-lkh/0.lkh1.tour" ... done
* 1008: Cost = 0_4063599, Time = 30.80 sec. 
Writing OUTPUT_TOUR_FILE: "baseline_results/cvrp_lkh/Vrp-Set-D-n701/Vrp-Set-D-n701-lkh/0.lkh1.tour" ... done
* 1027: Cost = 0_4062329, Time = 31.25 sec. 
Writing OUTPUT_TOUR_FILE: "baseline_results/cvrp_lkh/Vrp-Set-D-n701/Vrp-Set-D-n701-lkh/0.lkh1.tour" ... done
* 1040: Cost = 0_4062169, Time = 32.23 sec. 
Writing OUTPUT_TOUR_FILE: "baseline_results/cvrp_lkh/Vrp-Set-D-n701/Vrp-Set-D-n701-lkh/0.lkh1.tour" ... done
* 1047: Cost = 0_4060369, Time = 32.50 sec. 
Writing OUTPUT_TOUR_FILE: "baseline_results/cvrp_lkh/Vrp-Set-D-n701/Vrp-Set-D-n701-lkh/0.lkh1.tour" ... done
* 1071: Cost = 0_4060260, Time = 33.49 sec. 
Writing OUTPUT_TOUR_FILE: "baseline_results/cvrp_lkh/Vrp-Set-D-n701/Vrp-Set-D-n701-lkh/0.lkh1.tour" ... done
* 1078: Cost = 0_4059976, Time = 33.67 sec. 
Writing OUTPUT_TOUR_FILE: "baseline_results/cvrp_lkh/Vrp-Set-D-n701/Vrp-Set-D-n701-lkh/0.lkh1.tour" ... done
* 1090: Cost = 0_4059853, Time = 34.35 sec. 
Writing OUTPUT_TOUR_FILE: "baseline_results/cvrp_lkh/Vrp-Set-D-n701/Vrp-Set-D-n701-lkh/0.lkh1.tour" ... done
* 1118: Cost = 0_4058368, Time = 34.99 sec. 
Writing OUTPUT_TOUR_FILE: "baseline_results/cvrp_lkh/Vrp-Set-D-n701/Vrp-Set-D-n701-lkh/0.lkh1.tour" ... done
* 1122: Cost = 0_4058247, Time = 35.07 sec. 
Writing OUTPUT_TOUR_FILE: "baseline_results/cvrp_lkh/Vrp-Set-D-n701/Vrp-Set-D-n701-lkh/0.lkh1.tour" ... done
* 1127: Cost = 0_4056324, Time = 35.26 sec. 
Writing OUTPUT_TOUR_FILE: "baseline_results/cvrp_lkh/Vrp-Set-D-n701/Vrp-Set-D-n701-lkh/0.lkh1.tour" ... done
* 1134: Cost = 0_4056026, Time = 35.43 sec. 
Writing OUTPUT_TOUR_FILE: "baseline_results/cvrp_lkh/Vrp-Set-D-n701/Vrp-Set-D-n701-lkh/0.lkh1.tour" ... done
* 1151: Cost = 0_4055351, Time = 36.21 sec. 
Writing OUTPUT_TOUR_FILE: "baseline_results/cvrp_lkh/Vrp-Set-D-n701/Vrp-Set-D-n701-lkh/0.lkh1.tour" ... done
* 1153: Cost = 0_4055299, Time = 36.27 sec. 
Writing OUTPUT_TOUR_FILE: "baseline_results/cvrp_lkh/Vrp-Set-D-n701/Vrp-Set-D-n701-lkh/0.lkh1.tour" ... done
* 1157: Cost = 0_4054543, Time = 36.41 sec. 
Writing OUTPUT_TOUR_FILE: "baseline_results/cvrp_lkh/Vrp-Set-D-n701/Vrp-Set-D-n701-lkh/0.lkh1.tour" ... done
* 1164: Cost = 0_4053165, Time = 36.75 sec. 
Writing OUTPUT_TOUR_FILE: "baseline_results/cvrp_lkh/Vrp-Set-D-n701/Vrp-Set-D-n701-lkh/0.lkh1.tour" ... done
* 1192: Cost = 0_4053164, Time = 37.51 sec. 
Writing OUTPUT_TOUR_FILE: "baseline_results/cvrp_lkh/Vrp-Set-D-n701/Vrp-Set-D-n701-lkh/0.lkh1.tour" ... done
* 1213: Cost = 0_4053157, Time = 38.28 sec. 
Writing OUTPUT_TOUR_FILE: "baseline_results/cvrp_lkh/Vrp-Set-D-n701/Vrp-Set-D-n701-lkh/0.lkh1.tour" ... done
* 1223: Cost = 0_4052758, Time = 38.54 sec. 
Writing OUTPUT_TOUR_FILE: "baseline_results/cvrp_lkh/Vrp-Set-D-n701/Vrp-Set-D-n701-lkh/0.lkh1.tour" ... done
* 1233: Cost = 0_4052679, Time = 38.80 sec. 
Writing OUTPUT_TOUR_FILE: "baseline_results/cvrp_lkh/Vrp-Set-D-n701/Vrp-Set-D-n701-lkh/0.lkh1.tour" ... done
* 1279: Cost = 0_4052427, Time = 40.48 sec. 
Writing OUTPUT_TOUR_FILE: "baseline_results/cvrp_lkh/Vrp-Set-D-n701/Vrp-Set-D-n701-lkh/0.lkh1.tour" ... done
* 1286: Cost = 0_4050651, Time = 40.66 sec. 
Writing OUTPUT_TOUR_FILE: "baseline_results/cvrp_lkh/Vrp-Set-D-n701/Vrp-Set-D-n701-lkh/0.lkh1.tour" ... done
* 1294: Cost = 0_4050620, Time = 40.78 sec. 
Writing OUTPUT_TOUR_FILE: "baseline_results/cvrp_lkh/Vrp-Set-D-n701/Vrp-Set-D-n701-lkh/0.lkh1.tour" ... done
* 1303: Cost = 0_4050481, Time = 41.04 sec. 
Writing OUTPUT_TOUR_FILE: "baseline_results/cvrp_lkh/Vrp-Set-D-n701/Vrp-Set-D-n701-lkh/0.lkh1.tour" ... done
* 1323: Cost = 0_4050022, Time = 41.66 sec. 
Writing OUTPUT_TOUR_FILE: "baseline_results/cvrp_lkh/Vrp-Set-D-n701/Vrp-Set-D-n701-lkh/0.lkh1.tour" ... done
* 1338: Cost = 0_4049967, Time = 42.41 sec. 
Writing OUTPUT_TOUR_FILE: "baseline_results/cvrp_lkh/Vrp-Set-D-n701/Vrp-Set-D-n701-lkh/0.lkh1.tour" ... done
* 1341: Cost = 0_4049170, Time = 42.48 sec. 
Writing OUTPUT_TOUR_FILE: "baseline_results/cvrp_lkh/Vrp-Set-D-n701/Vrp-Set-D-n701-lkh/0.lkh1.tour" ... done
* 1368: Cost = 0_4048784, Time = 43.98 sec. 
Writing OUTPUT_TOUR_FILE: "baseline_results/cvrp_lkh/Vrp-Set-D-n701/Vrp-Set-D-n701-lkh/0.lkh1.tour" ... done
* 1409: Cost = 0_4048729, Time = 45.04 sec. 
Writing OUTPUT_TOUR_FILE: "baseline_results/cvrp_lkh/Vrp-Set-D-n701/Vrp-Set-D-n701-lkh/0.lkh1.tour" ... done
* 1445: Cost = 0_4048601, Time = 46.27 sec. 
Writing OUTPUT_TOUR_FILE: "baseline_results/cvrp_lkh/Vrp-Set-D-n701/Vrp-Set-D-n701-lkh/0.lkh1.tour" ... done
* 1458: Cost = 0_4048580, Time = 46.50 sec. 
Writing OUTPUT_TOUR_FILE: "baseline_results/cvrp_lkh/Vrp-Set-D-n701/Vrp-Set-D-n701-lkh/0.lkh1.tour" ... done
* 1474: Cost = 0_4048243, Time = 47.05 sec. 
Writing OUTPUT_TOUR_FILE: "baseline_results/cvrp_lkh/Vrp-Set-D-n701/Vrp-Set-D-n701-lkh/0.lkh1.tour" ... done
* 1477: Cost = 0_4047123, Time = 47.27 sec. 
Writing OUTPUT_TOUR_FILE: "baseline_results/cvrp_lkh/Vrp-Set-D-n701/Vrp-Set-D-n701-lkh/0.lkh1.tour" ... done
* 1495: Cost = 0_4045892, Time = 47.58 sec. 
Writing OUTPUT_TOUR_FILE: "baseline_results/cvrp_lkh/Vrp-Set-D-n701/Vrp-Set-D-n701-lkh/0.lkh1.tour" ... done
* 1553: Cost = 0_4045197, Time = 49.12 sec. 
Writing OUTPUT_TOUR_FILE: "baseline_results/cvrp_lkh/Vrp-Set-D-n701/Vrp-Set-D-n701-lkh/0.lkh1.tour" ... done
* 1573: Cost = 0_4045009, Time = 49.84 sec. 
Writing OUTPUT_TOUR_FILE: "baseline_results/cvrp_lkh/Vrp-Set-D-n701/Vrp-Set-D-n701-lkh/0.lkh1.tour" ... done
* 1781: Cost = 0_4044994, Time = 55.97 sec. 
Writing OUTPUT_TOUR_FILE: "baseline_results/cvrp_lkh/Vrp-Set-D-n701/Vrp-Set-D-n701-lkh/0.lkh1.tour" ... done
* 1877: Cost = 0_4044116, Time = 58.52 sec. 
Writing OUTPUT_TOUR_FILE: "baseline_results/cvrp_lkh/Vrp-Set-D-n701/Vrp-Set-D-n701-lkh/0.lkh1.tour" ... done
* 1919: Cost = 0_4043457, Time = 60.06 sec. 
Writing OUTPUT_TOUR_FILE: "baseline_results/cvrp_lkh/Vrp-Set-D-n701/Vrp-Set-D-n701-lkh/0.lkh1.tour" ... done
* 1965: Cost = 0_4043436, Time = 61.15 sec. 
Writing OUTPUT_TOUR_FILE: "baseline_results/cvrp_lkh/Vrp-Set-D-n701/Vrp-Set-D-n701-lkh/0.lkh1.tour" ... done
* 1969: Cost = 0_4041717, Time = 61.36 sec. 
Writing OUTPUT_TOUR_FILE: "baseline_results/cvrp_lkh/Vrp-Set-D-n701/Vrp-Set-D-n701-lkh/0.lkh1.tour" ... done
* 1978: Cost = 0_4041504, Time = 61.77 sec. 
Writing OUTPUT_TOUR_FILE: "baseline_results/cvrp_lkh/Vrp-Set-D-n701/Vrp-Set-D-n701-lkh/0.lkh1.tour" ... done
* 1993: Cost = 0_4039755, Time = 62.20 sec. 
Writing OUTPUT_TOUR_FILE: "baseline_results/cvrp_lkh/Vrp-Set-D-n701/Vrp-Set-D-n701-lkh/0.lkh1.tour" ... done
* 1997: Cost = 0_4038393, Time = 62.31 sec. 
Writing OUTPUT_TOUR_FILE: "baseline_results/cvrp_lkh/Vrp-Set-D-n701/Vrp-Set-D-n701-lkh/0.lkh1.tour" ... done
* 2007: Cost = 0_4037593, Time = 62.52 sec. 
Writing OUTPUT_TOUR_FILE: "baseline_results/cvrp_lkh/Vrp-Set-D-n701/Vrp-Set-D-n701-lkh/0.lkh1.tour" ... done
* 2015: Cost = 0_4036865, Time = 62.78 sec. 
Writing OUTPUT_TOUR_FILE: "baseline_results/cvrp_lkh/Vrp-Set-D-n701/Vrp-Set-D-n701-lkh/0.lkh1.tour" ... done
* 2028: Cost = 0_4036677, Time = 63.20 sec. 
Writing OUTPUT_TOUR_FILE: "baseline_results/cvrp_lkh/Vrp-Set-D-n701/Vrp-Set-D-n701-lkh/0.lkh1.tour" ... done
* 2051: Cost = 0_4036656, Time = 64.21 sec. 
Writing OUTPUT_TOUR_FILE: "baseline_results/cvrp_lkh/Vrp-Set-D-n701/Vrp-Set-D-n701-lkh/0.lkh1.tour" ... done
* 2059: Cost = 0_4035824, Time = 64.38 sec. 
Writing OUTPUT_TOUR_FILE: "baseline_results/cvrp_lkh/Vrp-Set-D-n701/Vrp-Set-D-n701-lkh/0.lkh1.tour" ... done
* 2111: Cost = 0_4035701, Time = 65.72 sec. 
Writing OUTPUT_TOUR_FILE: "baseline_results/cvrp_lkh/Vrp-Set-D-n701/Vrp-Set-D-n701-lkh/0.lkh1.tour" ... done
* 2198: Cost = 0_4035453, Time = 68.61 sec. 
Writing OUTPUT_TOUR_FILE: "baseline_results/cvrp_lkh/Vrp-Set-D-n701/Vrp-Set-D-n701-lkh/0.lkh1.tour" ... done
* 2250: Cost = 0_4035426, Time = 69.79 sec. 
Writing OUTPUT_TOUR_FILE: "baseline_results/cvrp_lkh/Vrp-Set-D-n701/Vrp-Set-D-n701-lkh/0.lkh1.tour" ... done
* 2301: Cost = 0_4034755, Time = 71.13 sec. 
Writing OUTPUT_TOUR_FILE: "baseline_results/cvrp_lkh/Vrp-Set-D-n701/Vrp-Set-D-n701-lkh/0.lkh1.tour" ... done
* 2304: Cost = 0_4034453, Time = 71.35 sec. 
Writing OUTPUT_TOUR_FILE: "baseline_results/cvrp_lkh/Vrp-Set-D-n701/Vrp-Set-D-n701-lkh/0.lkh1.tour" ... done
* 2307: Cost = 0_4034037, Time = 71.39 sec. 
Writing OUTPUT_TOUR_FILE: "baseline_results/cvrp_lkh/Vrp-Set-D-n701/Vrp-Set-D-n701-lkh/0.lkh1.tour" ... done
* 2310: Cost = 0_4032962, Time = 71.51 sec. 
Writing OUTPUT_TOUR_FILE: "baseline_results/cvrp_lkh/Vrp-Set-D-n701/Vrp-Set-D-n701-lkh/0.lkh1.tour" ... done
* 2313: Cost = 0_4031979, Time = 71.53 sec. 
Writing OUTPUT_TOUR_FILE: "baseline_results/cvrp_lkh/Vrp-Set-D-n701/Vrp-Set-D-n701-lkh/0.lkh1.tour" ... done
* 2334: Cost = 0_4031683, Time = 72.35 sec. 
Writing OUTPUT_TOUR_FILE: "baseline_results/cvrp_lkh/Vrp-Set-D-n701/Vrp-Set-D-n701-lkh/0.lkh1.tour" ... done
* 2357: Cost = 0_4029233, Time = 73.32 sec. 
Writing OUTPUT_TOUR_FILE: "baseline_results/cvrp_lkh/Vrp-Set-D-n701/Vrp-Set-D-n701-lkh/0.lkh1.tour" ... done
* 2362: Cost = 0_4028306, Time = 73.36 sec. 
Writing OUTPUT_TOUR_FILE: "baseline_results/cvrp_lkh/Vrp-Set-D-n701/Vrp-Set-D-n701-lkh/0.lkh1.tour" ... done
* 2364: Cost = 0_4027600, Time = 73.39 sec. 
Writing OUTPUT_TOUR_FILE: "baseline_results/cvrp_lkh/Vrp-Set-D-n701/Vrp-Set-D-n701-lkh/0.lkh1.tour" ... done
* 2387: Cost = 0_4027453, Time = 74.15 sec. 
Writing OUTPUT_TOUR_FILE: "baseline_results/cvrp_lkh/Vrp-Set-D-n701/Vrp-Set-D-n701-lkh/0.lkh1.tour" ... done
* 2394: Cost = 0_4027113, Time = 74.42 sec. 
Writing OUTPUT_TOUR_FILE: "baseline_results/cvrp_lkh/Vrp-Set-D-n701/Vrp-Set-D-n701-lkh/0.lkh1.tour" ... done
* 2439: Cost = 0_4026956, Time = 76.39 sec. 
Writing OUTPUT_TOUR_FILE: "baseline_results/cvrp_lkh/Vrp-Set-D-n701/Vrp-Set-D-n701-lkh/0.lkh1.tour" ... done
* 2446: Cost = 0_4026946, Time = 76.46 sec. 
Writing OUTPUT_TOUR_FILE: "baseline_results/cvrp_lkh/Vrp-Set-D-n701/Vrp-Set-D-n701-lkh/0.lkh1.tour" ... done
* 2478: Cost = 0_4026927, Time = 77.37 sec. 
Writing OUTPUT_TOUR_FILE: "baseline_results/cvrp_lkh/Vrp-Set-D-n701/Vrp-Set-D-n701-lkh/0.lkh1.tour" ... done
* 2669: Cost = 0_4026600, Time = 82.55 sec. 
Writing OUTPUT_TOUR_FILE: "baseline_results/cvrp_lkh/Vrp-Set-D-n701/Vrp-Set-D-n701-lkh/0.lkh1.tour" ... done
* 2760: Cost = 0_4026599, Time = 86.03 sec. 
Writing OUTPUT_TOUR_FILE: "baseline_results/cvrp_lkh/Vrp-Set-D-n701/Vrp-Set-D-n701-lkh/0.lkh1.tour" ... done
* 2772: Cost = 0_4026254, Time = 87.04 sec. 
Writing OUTPUT_TOUR_FILE: "baseline_results/cvrp_lkh/Vrp-Set-D-n701/Vrp-Set-D-n701-lkh/0.lkh1.tour" ... done
* 2834: Cost = 0_4026075, Time = 89.10 sec. 
Writing OUTPUT_TOUR_FILE: "baseline_results/cvrp_lkh/Vrp-Set-D-n701/Vrp-Set-D-n701-lkh/0.lkh1.tour" ... done
* 2914: Cost = 0_4025944, Time = 91.67 sec. 
Writing OUTPUT_TOUR_FILE: "baseline_results/cvrp_lkh/Vrp-Set-D-n701/Vrp-Set-D-n701-lkh/0.lkh1.tour" ... done
* 2944: Cost = 0_4024895, Time = 92.75 sec. 
Writing OUTPUT_TOUR_FILE: "baseline_results/cvrp_lkh/Vrp-Set-D-n701/Vrp-Set-D-n701-lkh/0.lkh1.tour" ... done
* 3091: Cost = 0_4024180, Time = 98.43 sec. 
Writing OUTPUT_TOUR_FILE: "baseline_results/cvrp_lkh/Vrp-Set-D-n701/Vrp-Set-D-n701-lkh/0.lkh1.tour" ... done
* 3104: Cost = 0_4024054, Time = 98.90 sec. 
Writing OUTPUT_TOUR_FILE: "baseline_results/cvrp_lkh/Vrp-Set-D-n701/Vrp-Set-D-n701-lkh/0.lkh1.tour" ... done
* 3201: Cost = 0_4024007, Time = 103.28 sec. 
Writing OUTPUT_TOUR_FILE: "baseline_results/cvrp_lkh/Vrp-Set-D-n701/Vrp-Set-D-n701-lkh/0.lkh1.tour" ... done
* 3250: Cost = 0_4023380, Time = 104.78 sec. 
Writing OUTPUT_TOUR_FILE: "baseline_results/cvrp_lkh/Vrp-Set-D-n701/Vrp-Set-D-n701-lkh/0.lkh1.tour" ... done
* 3327: Cost = 0_4023156, Time = 106.79 sec. 
Writing OUTPUT_TOUR_FILE: "baseline_results/cvrp_lkh/Vrp-Set-D-n701/Vrp-Set-D-n701-lkh/0.lkh1.tour" ... done
* 3368: Cost = 0_4023120, Time = 107.95 sec. 
Writing OUTPUT_TOUR_FILE: "baseline_results/cvrp_lkh/Vrp-Set-D-n701/Vrp-Set-D-n701-lkh/0.lkh1.tour" ... done
* 3397: Cost = 0_4023077, Time = 109.20 sec. 
Writing OUTPUT_TOUR_FILE: "baseline_results/cvrp_lkh/Vrp-Set-D-n701/Vrp-Set-D-n701-lkh/0.lkh1.tour" ... done
* 3421: Cost = 0_4022790, Time = 110.37 sec. 
Writing OUTPUT_TOUR_FILE: "baseline_results/cvrp_lkh/Vrp-Set-D-n701/Vrp-Set-D-n701-lkh/0.lkh1.tour" ... done
* 3426: Cost = 0_4022612, Time = 110.71 sec. 
Writing OUTPUT_TOUR_FILE: "baseline_results/cvrp_lkh/Vrp-Set-D-n701/Vrp-Set-D-n701-lkh/0.lkh1.tour" ... done
* 3451: Cost = 0_4022227, Time = 111.63 sec. 
Writing OUTPUT_TOUR_FILE: "baseline_results/cvrp_lkh/Vrp-Set-D-n701/Vrp-Set-D-n701-lkh/0.lkh1.tour" ... done
* 3465: Cost = 0_4022213, Time = 112.07 sec. 
Writing OUTPUT_TOUR_FILE: "baseline_results/cvrp_lkh/Vrp-Set-D-n701/Vrp-Set-D-n701-lkh/0.lkh1.tour" ... done
* 3472: Cost = 0_4021845, Time = 112.18 sec. 
Writing OUTPUT_TOUR_FILE: "baseline_results/cvrp_lkh/Vrp-Set-D-n701/Vrp-Set-D-n701-lkh/0.lkh1.tour" ... done
* 3475: Cost = 0_4021626, Time = 112.20 sec. 
Writing OUTPUT_TOUR_FILE: "baseline_results/cvrp_lkh/Vrp-Set-D-n701/Vrp-Set-D-n701-lkh/0.lkh1.tour" ... done
* 3524: Cost = 0_4021596, Time = 114.15 sec. 
Writing OUTPUT_TOUR_FILE: "baseline_results/cvrp_lkh/Vrp-Set-D-n701/Vrp-Set-D-n701-lkh/0.lkh1.tour" ... done
* 3549: Cost = 0_4021462, Time = 114.83 sec. 
Writing OUTPUT_TOUR_FILE: "baseline_results/cvrp_lkh/Vrp-Set-D-n701/Vrp-Set-D-n701-lkh/0.lkh1.tour" ... done
* 3550: Cost = 0_4020542, Time = 114.86 sec. 
Writing OUTPUT_TOUR_FILE: "baseline_results/cvrp_lkh/Vrp-Set-D-n701/Vrp-Set-D-n701-lkh/0.lkh1.tour" ... done
* 3564: Cost = 0_4019752, Time = 115.27 sec. 
Writing OUTPUT_TOUR_FILE: "baseline_results/cvrp_lkh/Vrp-Set-D-n701/Vrp-Set-D-n701-lkh/0.lkh1.tour" ... done
* 3667: Cost = 0_4019742, Time = 119.31 sec. 
Writing OUTPUT_TOUR_FILE: "baseline_results/cvrp_lkh/Vrp-Set-D-n701/Vrp-Set-D-n701-lkh/0.lkh1.tour" ... done
* 3672: Cost = 0_4019499, Time = 119.49 sec. 
Writing OUTPUT_TOUR_FILE: "baseline_results/cvrp_lkh/Vrp-Set-D-n701/Vrp-Set-D-n701-lkh/0.lkh1.tour" ... done
* 3721: Cost = 0_4019456, Time = 120.95 sec. 
Writing OUTPUT_TOUR_FILE: "baseline_results/cvrp_lkh/Vrp-Set-D-n701/Vrp-Set-D-n701-lkh/0.lkh1.tour" ... done
* 3765: Cost = 0_4019118, Time = 122.66 sec. 
Writing OUTPUT_TOUR_FILE: "baseline_results/cvrp_lkh/Vrp-Set-D-n701/Vrp-Set-D-n701-lkh/0.lkh1.tour" ... done
* 3784: Cost = 0_4019093, Time = 123.49 sec. 
Writing OUTPUT_TOUR_FILE: "baseline_results/cvrp_lkh/Vrp-Set-D-n701/Vrp-Set-D-n701-lkh/0.lkh1.tour" ... done
* 3810: Cost = 0_4018981, Time = 124.14 sec. 
Writing OUTPUT_TOUR_FILE: "baseline_results/cvrp_lkh/Vrp-Set-D-n701/Vrp-Set-D-n701-lkh/0.lkh1.tour" ... done
* 3820: Cost = 0_4018789, Time = 124.57 sec. 
Writing OUTPUT_TOUR_FILE: "baseline_results/cvrp_lkh/Vrp-Set-D-n701/Vrp-Set-D-n701-lkh/0.lkh1.tour" ... done
* 3885: Cost = 0_4018647, Time = 126.59 sec. 
Writing OUTPUT_TOUR_FILE: "baseline_results/cvrp_lkh/Vrp-Set-D-n701/Vrp-Set-D-n701-lkh/0.lkh1.tour" ... done
* 3895: Cost = 0_4018193, Time = 126.87 sec. 
Writing OUTPUT_TOUR_FILE: "baseline_results/cvrp_lkh/Vrp-Set-D-n701/Vrp-Set-D-n701-lkh/0.lkh1.tour" ... done
* 4016: Cost = 0_4017788, Time = 131.84 sec. 
Writing OUTPUT_TOUR_FILE: "baseline_results/cvrp_lkh/Vrp-Set-D-n701/Vrp-Set-D-n701-lkh/0.lkh1.tour" ... done
* 4025: Cost = 0_4017724, Time = 132.20 sec. 
Writing OUTPUT_TOUR_FILE: "baseline_results/cvrp_lkh/Vrp-Set-D-n701/Vrp-Set-D-n701-lkh/0.lkh1.tour" ... done
* 4036: Cost = 0_4017627, Time = 132.38 sec. 
Writing OUTPUT_TOUR_FILE: "baseline_results/cvrp_lkh/Vrp-Set-D-n701/Vrp-Set-D-n701-lkh/0.lkh1.tour" ... done
* 4037: Cost = 0_4017417, Time = 132.40 sec. 
Writing OUTPUT_TOUR_FILE: "baseline_results/cvrp_lkh/Vrp-Set-D-n701/Vrp-Set-D-n701-lkh/0.lkh1.tour" ... done
* 4048: Cost = 0_4017275, Time = 132.76 sec. 
Writing OUTPUT_TOUR_FILE: "baseline_results/cvrp_lkh/Vrp-Set-D-n701/Vrp-Set-D-n701-lkh/0.lkh1.tour" ... done
* 4061: Cost = 0_4016179, Time = 133.40 sec. 
Writing OUTPUT_TOUR_FILE: "baseline_results/cvrp_lkh/Vrp-Set-D-n701/Vrp-Set-D-n701-lkh/0.lkh1.tour" ... done
* 4067: Cost = 0_4015628, Time = 133.56 sec. 
Writing OUTPUT_TOUR_FILE: "baseline_results/cvrp_lkh/Vrp-Set-D-n701/Vrp-Set-D-n701-lkh/0.lkh1.tour" ... done
* 4090: Cost = 0_4015409, Time = 134.00 sec. 
Writing OUTPUT_TOUR_FILE: "baseline_results/cvrp_lkh/Vrp-Set-D-n701/Vrp-Set-D-n701-lkh/0.lkh1.tour" ... done
* 4115: Cost = 0_4015201, Time = 134.87 sec. 
Writing OUTPUT_TOUR_FILE: "baseline_results/cvrp_lkh/Vrp-Set-D-n701/Vrp-Set-D-n701-lkh/0.lkh1.tour" ... done
* 4192: Cost = 0_4015125, Time = 138.38 sec. 
Writing OUTPUT_TOUR_FILE: "baseline_results/cvrp_lkh/Vrp-Set-D-n701/Vrp-Set-D-n701-lkh/0.lkh1.tour" ... done
* 4356: Cost = 0_4014868, Time = 144.47 sec. 
Writing OUTPUT_TOUR_FILE: "baseline_results/cvrp_lkh/Vrp-Set-D-n701/Vrp-Set-D-n701-lkh/0.lkh1.tour" ... done
* 4385: Cost = 0_4014747, Time = 145.65 sec. 
Writing OUTPUT_TOUR_FILE: "baseline_results/cvrp_lkh/Vrp-Set-D-n701/Vrp-Set-D-n701-lkh/0.lkh1.tour" ... done
* 4389: Cost = 0_4014605, Time = 145.84 sec. 
Writing OUTPUT_TOUR_FILE: "baseline_results/cvrp_lkh/Vrp-Set-D-n701/Vrp-Set-D-n701-lkh/0.lkh1.tour" ... done
* 4468: Cost = 0_4014506, Time = 150.51 sec. 
Writing OUTPUT_TOUR_FILE: "baseline_results/cvrp_lkh/Vrp-Set-D-n701/Vrp-Set-D-n701-lkh/0.lkh1.tour" ... done
* 4676: Cost = 0_4014364, Time = 159.34 sec. 
Writing OUTPUT_TOUR_FILE: "baseline_results/cvrp_lkh/Vrp-Set-D-n701/Vrp-Set-D-n701-lkh/0.lkh1.tour" ... done
* 4778: Cost = 0_4014339, Time = 162.45 sec. 
Writing OUTPUT_TOUR_FILE: "baseline_results/cvrp_lkh/Vrp-Set-D-n701/Vrp-Set-D-n701-lkh/0.lkh1.tour" ... done
* 4791: Cost = 0_4014106, Time = 162.79 sec. 
Writing OUTPUT_TOUR_FILE: "baseline_results/cvrp_lkh/Vrp-Set-D-n701/Vrp-Set-D-n701-lkh/0.lkh1.tour" ... done
* 4900: Cost = 0_4014053, Time = 166.42 sec. 
Writing OUTPUT_TOUR_FILE: "baseline_results/cvrp_lkh/Vrp-Set-D-n701/Vrp-Set-D-n701-lkh/0.lkh1.tour" ... done
* 5261: Cost = 0_4013717, Time = 180.24 sec. 
Writing OUTPUT_TOUR_FILE: "baseline_results/cvrp_lkh/Vrp-Set-D-n701/Vrp-Set-D-n701-lkh/0.lkh1.tour" ... done
* 5298: Cost = 0_4013704, Time = 181.45 sec. 
Writing OUTPUT_TOUR_FILE: "baseline_results/cvrp_lkh/Vrp-Set-D-n701/Vrp-Set-D-n701-lkh/0.lkh1.tour" ... done
* 5408: Cost = 0_4013588, Time = 185.86 sec. 
Writing OUTPUT_TOUR_FILE: "baseline_results/cvrp_lkh/Vrp-Set-D-n701/Vrp-Set-D-n701-lkh/0.lkh1.tour" ... done
* 5454: Cost = 0_4013517, Time = 187.55 sec. 
Writing OUTPUT_TOUR_FILE: "baseline_results/cvrp_lkh/Vrp-Set-D-n701/Vrp-Set-D-n701-lkh/0.lkh1.tour" ... done
* 5575: Cost = 0_4013493, Time = 191.87 sec. 
Writing OUTPUT_TOUR_FILE: "baseline_results/cvrp_lkh/Vrp-Set-D-n701/Vrp-Set-D-n701-lkh/0.lkh1.tour" ... done
* 5732: Cost = 0_4013436, Time = 198.06 sec. 
Writing OUTPUT_TOUR_FILE: "baseline_results/cvrp_lkh/Vrp-Set-D-n701/Vrp-Set-D-n701-lkh/0.lkh1.tour" ... done
* 5748: Cost = 0_4013153, Time = 198.51 sec. 
Writing OUTPUT_TOUR_FILE: "baseline_results/cvrp_lkh/Vrp-Set-D-n701/Vrp-Set-D-n701-lkh/0.lkh1.tour" ... done
* 5768: Cost = 0_4012457, Time = 199.17 sec. 
Writing OUTPUT_TOUR_FILE: "baseline_results/cvrp_lkh/Vrp-Set-D-n701/Vrp-Set-D-n701-lkh/0.lkh1.tour" ... done
* 5835: Cost = 0_4012395, Time = 202.35 sec. 
Writing OUTPUT_TOUR_FILE: "baseline_results/cvrp_lkh/Vrp-Set-D-n701/Vrp-Set-D-n701-lkh/0.lkh1.tour" ... done
* 5878: Cost = 0_4012282, Time = 203.86 sec. 
Writing OUTPUT_TOUR_FILE: "baseline_results/cvrp_lkh/Vrp-Set-D-n701/Vrp-Set-D-n701-lkh/0.lkh1.tour" ... done
* 5939: Cost = 0_4012117, Time = 205.40 sec. 
Writing OUTPUT_TOUR_FILE: "baseline_results/cvrp_lkh/Vrp-Set-D-n701/Vrp-Set-D-n701-lkh/0.lkh1.tour" ... done
* 6055: Cost = 0_4012102, Time = 208.73 sec. 
Writing OUTPUT_TOUR_FILE: "baseline_results/cvrp_lkh/Vrp-Set-D-n701/Vrp-Set-D-n701-lkh/0.lkh1.tour" ... done
* 6098: Cost = 0_4012100, Time = 210.14 sec. 
Writing OUTPUT_TOUR_FILE: "baseline_results/cvrp_lkh/Vrp-Set-D-n701/Vrp-Set-D-n701-lkh/0.lkh1.tour" ... done
* 6139: Cost = 0_4012057, Time = 211.26 sec. 
Writing OUTPUT_TOUR_FILE: "baseline_results/cvrp_lkh/Vrp-Set-D-n701/Vrp-Set-D-n701-lkh/0.lkh1.tour" ... done
* 6151: Cost = 0_4011961, Time = 211.45 sec. 
Writing OUTPUT_TOUR_FILE: "baseline_results/cvrp_lkh/Vrp-Set-D-n701/Vrp-Set-D-n701-lkh/0.lkh1.tour" ... done
* 6175: Cost = 0_4011752, Time = 211.85 sec. 
Writing OUTPUT_TOUR_FILE: "baseline_results/cvrp_lkh/Vrp-Set-D-n701/Vrp-Set-D-n701-lkh/0.lkh1.tour" ... done
* 6271: Cost = 0_4011543, Time = 214.82 sec. 
Writing OUTPUT_TOUR_FILE: "baseline_results/cvrp_lkh/Vrp-Set-D-n701/Vrp-Set-D-n701-lkh/0.lkh1.tour" ... done
* 6276: Cost = 0_4011542, Time = 215.01 sec. 
Writing OUTPUT_TOUR_FILE: "baseline_results/cvrp_lkh/Vrp-Set-D-n701/Vrp-Set-D-n701-lkh/0.lkh1.tour" ... done
* 6477: Cost = 0_4011518, Time = 222.41 sec. 
Writing OUTPUT_TOUR_FILE: "baseline_results/cvrp_lkh/Vrp-Set-D-n701/Vrp-Set-D-n701-lkh/0.lkh1.tour" ... done
* 6734: Cost = 0_4010927, Time = 229.49 sec. 
Writing OUTPUT_TOUR_FILE: "baseline_results/cvrp_lkh/Vrp-Set-D-n701/Vrp-Set-D-n701-lkh/0.lkh1.tour" ... done
* 6836: Cost = 0_4010853, Time = 233.47 sec. 
Writing OUTPUT_TOUR_FILE: "baseline_results/cvrp_lkh/Vrp-Set-D-n701/Vrp-Set-D-n701-lkh/0.lkh1.tour" ... done
* 6842: Cost = 0_4010790, Time = 233.84 sec. 
Writing OUTPUT_TOUR_FILE: "baseline_results/cvrp_lkh/Vrp-Set-D-n701/Vrp-Set-D-n701-lkh/0.lkh1.tour" ... done
* 7230: Cost = 0_4010762, Time = 247.67 sec. 
Writing OUTPUT_TOUR_FILE: "baseline_results/cvrp_lkh/Vrp-Set-D-n701/Vrp-Set-D-n701-lkh/0.lkh1.tour" ... done
* 7436: Cost = 0_4009791, Time = 254.92 sec. 
Writing OUTPUT_TOUR_FILE: "baseline_results/cvrp_lkh/Vrp-Set-D-n701/Vrp-Set-D-n701-lkh/0.lkh1.tour" ... done
* 7583: Cost = 0_4009484, Time = 259.99 sec. 
Writing OUTPUT_TOUR_FILE: "baseline_results/cvrp_lkh/Vrp-Set-D-n701/Vrp-Set-D-n701-lkh/0.lkh1.tour" ... done
* 7588: Cost = 0_4009461, Time = 260.04 sec. 
Writing OUTPUT_TOUR_FILE: "baseline_results/cvrp_lkh/Vrp-Set-D-n701/Vrp-Set-D-n701-lkh/0.lkh1.tour" ... done
* 7928: Cost = 0_4009166, Time = 271.85 sec. 
Writing OUTPUT_TOUR_FILE: "baseline_results/cvrp_lkh/Vrp-Set-D-n701/Vrp-Set-D-n701-lkh/0.lkh1.tour" ... done
* 8294: Cost = 0_4009146, Time = 284.51 sec. 
Writing OUTPUT_TOUR_FILE: "baseline_results/cvrp_lkh/Vrp-Set-D-n701/Vrp-Set-D-n701-lkh/0.lkh1.tour" ... done
* 8813: Cost = 0_4009016, Time = 302.42 sec. 
Writing OUTPUT_TOUR_FILE: "baseline_results/cvrp_lkh/Vrp-Set-D-n701/Vrp-Set-D-n701-lkh/0.lkh1.tour" ... done
* 8978: Cost = 0_4008991, Time = 308.45 sec. 
Writing OUTPUT_TOUR_FILE: "baseline_results/cvrp_lkh/Vrp-Set-D-n701/Vrp-Set-D-n701-lkh/0.lkh1.tour" ... done
* 9110: Cost = 0_4008514, Time = 313.59 sec. 
Writing OUTPUT_TOUR_FILE: "baseline_results/cvrp_lkh/Vrp-Set-D-n701/Vrp-Set-D-n701-lkh/0.lkh1.tour" ... done
* 9667: Cost = 0_4008222, Time = 331.30 sec. 
Writing OUTPUT_TOUR_FILE: "baseline_results/cvrp_lkh/Vrp-Set-D-n701/Vrp-Set-D-n701-lkh/0.lkh1.tour" ... done
Population:
  1: 0_4008222
Run 1: Cost = 0_4008222, Time = 342.20 sec. 

Successes/Runs = 0/1 
Cost.min = 4008222, Cost.avg = 4008222.00, Cost.max = 4008222
Gap.min = 0.0000%, Gap.avg = 0.0000%, Gap.max = 0.0000%
Penalty.min = 0, Penalty.avg = 0.00, Penalty.max = 0
Trials.min = 10000, Trials.avg = 10000.0, Trials.max = 10000
Time.min = 342.20 sec., Time.avg = 342.20 sec., Time.max = 342.20 sec.
Time.total = 342.72 sec.
  Size.min = 7, Size.max = 15, Penalty = 0
  Cost.min = 24691, Cost.max = 195013, Cost.sum = 4008222
Best CVRP solution:
  Cost = 0_4008222

