=========== Algorithm Parameters =================
---- nbGranular        is set to 20
---- mu                is set to 25
---- lambda            is set to 40
---- nbElite           is set to 4
---- nbClose           is set to 5
---- targetFeasible    is set to 0.2
---- seed              is set to 1234
---- nbIter            is set to 20000
---- timeLimit         is set to 0
---- useSwapStar       is set to 1
==================================================
----- READING INSTANCE: baseline_results/cvrp_hgs/Vrp-Set-X-n837/Vrp-Set-X-n837-hgs/0.hgs1.vrp
----- FLEET SIZE WAS NOT SPECIFIED: DEFAULT INITIALIZATION TO 187 VEHICLES
----- INSTANCE SUCCESSFULLY LOADED WITH 836 CLIENTS AND 187 VEHICLES
----- BUILDING INITIAL POPULATION
----- STARTING GENETIC ALGORITHM
It      0      2 | T(s) 2.66 | Feas 60 198842.88 199236.43 | NO-INFEASIBLE | Div 0.73 -1.00 | Feas 1.00 1.00 | Pen 116.72 0.85
It    500     11 | T(s) 10.89 | Feas 36 197151.13 197629.31 | Inf 39 197276.69 197607.81 | Div 0.67 0.68 | Feas 0.16 1.00 | Pen 84.33 0.38
It   1000     27 | T(s) 19.55 | Feas 51 196820.37 197242.02 | Inf 48 196989.08 197386.05 | Div 0.52 0.61 | Feas 0.17 1.00 | Pen 103.22 0.17
It   1500    500 | T(s) 28.15 | Feas 35 196816.83 197088.47 | Inf 32 196956.98 197301.11 | Div 0.58 0.68 | Feas 0.31 1.00 | Pen 105.29 0.10
It   2000    249 | T(s) 36.35 | Feas 43 196761.84 197016.53 | Inf 54 196754.59 197043.10 | Div 0.62 0.59 | Feas 0.17 1.00 | Pen 89.49 0.10
It   2500    228 | T(s) 44.66 | Feas 48 196690.75 196973.64 | Inf 51 196774.64 197117.82 | Div 0.62 0.63 | Feas 0.18 1.00 | Pen 109.54 0.10
It   3000    454 | T(s) 52.93 | Feas 49 196603.20 196881.57 | Inf 41 196731.77 197063.03 | Div 0.63 0.66 | Feas 0.23 1.00 | Pen 111.73 0.10
It   3500    954 | T(s) 61.19 | Feas 60 196603.20 196778.78 | Inf 53 196702.05 196911.50 | Div 0.56 0.63 | Feas 0.25 1.00 | Pen 96.87 0.10
It   4000   1454 | T(s) 69.70 | Feas 54 196603.20 196749.08 | Inf 53 196320.24 196775.87 | Div 0.53 0.56 | Feas 0.19 1.00 | Pen 96.87 0.10
It   4500   1954 | T(s) 78.15 | Feas 36 196603.20 196785.18 | Inf 45 196324.11 196761.76 | Div 0.57 0.57 | Feas 0.26 1.00 | Pen 98.81 0.10
It   5000    288 | T(s) 86.50 | Feas 43 196342.76 196652.80 | Inf 33 196324.11 196822.85 | Div 0.57 0.62 | Feas 0.18 1.00 | Pen 98.81 0.10
It   5500    369 | T(s) 94.77 | Feas 35 196295.01 196521.94 | Inf 29 196351.96 196698.98 | Div 0.54 0.62 | Feas 0.14 1.00 | Pen 118.57 0.10
It   6000     50 | T(s) 102.90 | Feas 41 196043.72 196400.43 | Inf 56 196345.87 196611.23 | Div 0.43 0.56 | Feas 0.15 1.00 | Pen 123.36 0.10
It   6500    550 | T(s) 110.98 | Feas 64 196043.72 196398.76 | Inf 37 196276.22 196654.08 | Div 0.43 0.59 | Feas 0.15 1.00 | Pen 125.83 0.10
It   7000   1050 | T(s) 118.87 | Feas 36 196043.72 196530.52 | Inf 48 196181.24 196492.57 | Div 0.57 0.56 | Feas 0.18 1.00 | Pen 90.91 0.10
It   7500   1550 | T(s) 127.13 | Feas 37 196043.72 196498.84 | Inf 39 196183.06 196485.78 | Div 0.58 0.58 | Feas 0.26 1.00 | Pen 92.73 0.10
It   8000    135 | T(s) 135.48 | Feas 47 196012.15 196370.57 | Inf 27 196150.53 196466.00 | Div 0.53 0.59 | Feas 0.19 1.00 | Pen 94.58 0.10
It   8500    236 | T(s) 143.72 | Feas 32 195990.68 196380.81 | Inf 46 196154.35 196339.57 | Div 0.56 0.52 | Feas 0.32 1.00 | Pen 98.41 0.10
It   9000    736 | T(s) 151.95 | Feas 37 195990.68 196348.70 | Inf 31 196100.85 196475.97 | Div 0.52 0.59 | Feas 0.20 1.00 | Pen 98.41 0.10
It   9500   1236 | T(s) 160.14 | Feas 51 195990.68 196309.21 | Inf 50 196104.79 196391.12 | Div 0.47 0.50 | Feas 0.23 1.00 | Pen 100.37 0.10
It  10000   1736 | T(s) 168.39 | Feas 60 195990.68 196176.00 | Inf 38 195955.45 196352.39 | Div 0.40 0.55 | Feas 0.27 1.00 | Pen 85.32 0.10
It  10500    306 | T(s) 176.79 | Feas 55 195905.83 196175.94 | Inf 43 195972.51 196298.96 | Div 0.43 0.53 | Feas 0.13 1.00 | Pen 102.38 0.10
It  11000    806 | T(s) 185.04 | Feas 32 195905.83 196308.88 | Inf 63 195974.56 196254.05 | Div 0.55 0.49 | Feas 0.34 1.00 | Pen 104.43 0.10
It  11500   1306 | T(s) 193.17 | Feas 28 195905.83 196225.67 | Inf 55 195873.27 196241.60 | Div 0.56 0.51 | Feas 0.18 1.00 | Pen 88.76 0.10
It  12000    249 | T(s) 201.56 | Feas 29 195875.87 196262.20 | Inf 45 195891.02 196273.12 | Div 0.57 0.54 | Feas 0.23 1.00 | Pen 106.52 0.10
It  12500    288 | T(s) 210.12 | Feas 45 195752.74 196073.18 | Inf 38 195855.12 196218.80 | Div 0.48 0.52 | Feas 0.15 1.00 | Pen 130.38 0.10
It  13000    788 | T(s) 218.49 | Feas 43 195752.74 196068.73 | Inf 46 195824.96 196159.52 | Div 0.49 0.48 | Feas 0.14 1.00 | Pen 115.30 0.10
It  13500   1288 | T(s) 226.51 | Feas 43 195752.74 196069.40 | Inf 28 195741.90 196140.12 | Div 0.52 0.54 | Feas 0.18 1.00 | Pen 99.96 0.10
It  14000   1788 | T(s) 234.52 | Feas 35 195752.74 196156.38 | Inf 51 195726.91 196071.31 | Div 0.56 0.51 | Feas 0.17 1.00 | Pen 84.97 0.10
It  14500   2288 | T(s) 242.86 | Feas 35 195752.74 196053.65 | Inf 52 195743.90 196107.19 | Div 0.53 0.52 | Feas 0.19 1.00 | Pen 101.96 0.10
It  15000    126 | T(s) 251.16 | Feas 38 195620.98 196074.89 | Inf 45 195728.61 196172.02 | Div 0.52 0.53 | Feas 0.18 1.00 | Pen 86.67 0.10
It  15500    626 | T(s) 259.26 | Feas 53 195620.98 196048.12 | Inf 47 195745.94 196104.01 | Div 0.52 0.52 | Feas 0.22 1.00 | Pen 104.00 0.10
It  16000   1126 | T(s) 267.34 | Feas 30 195620.98 195970.66 | Inf 65 195730.34 196037.96 | Div 0.51 0.49 | Feas 0.27 1.00 | Pen 88.40 0.10
It  16500   1626 | T(s) 275.35 | Feas 40 195620.98 195795.22 | Inf 57 195733.91 195923.33 | Div 0.40 0.44 | Feas 0.19 1.00 | Pen 91.97 0.10
It  17000    266 | T(s) 283.52 | Feas 43 195594.64 195844.77 | Inf 56 195752.31 195959.59 | Div 0.44 0.46 | Feas 0.19 1.00 | Pen 110.37 0.10
It  17500     62 | T(s) 291.58 | Feas 64 195552.77 195729.18 | Inf 40 195734.67 195897.44 | Div 0.39 0.47 | Feas 0.19 1.00 | Pen 93.81 0.10
It  18000    562 | T(s) 299.48 | Feas 56 195552.77 195746.30 | Inf 39 195711.82 195980.54 | Div 0.38 0.50 | Feas 0.22 1.00 | Pen 112.57 0.10
It  18500   1062 | T(s) 307.60 | Feas 42 195552.77 195719.97 | Inf 59 195684.81 195829.20 | Div 0.41 0.44 | Feas 0.23 1.00 | Pen 95.69 0.10
It  19000    194 | T(s) 315.47 | Feas 47 195508.27 195763.24 | Inf 48 195684.68 195998.95 | Div 0.43 0.53 | Feas 0.19 1.00 | Pen 97.60 0.10
It  19500    694 | T(s) 323.62 | Feas 57 195508.27 195698.51 | Inf 37 195684.70 196011.00 | Div 0.41 0.53 | Feas 0.22 1.00 | Pen 117.12 0.10
It  20000   1194 | T(s) 331.68 | Feas 65 195508.27 195684.45 | Inf 60 195684.70 195941.84 | Div 0.39 0.49 | Feas 0.20 1.00 | Pen 117.12 0.10
It  20500   1694 | T(s) 339.74 | Feas 49 195508.27 195678.49 | Inf 40 195669.13 195866.42 | Div 0.39 0.48 | Feas 0.28 1.00 | Pen 101.55 0.10
It  21000   2194 | T(s) 347.65 | Feas 65 195508.27 195630.99 | Inf 61 195625.72 195794.77 | Div 0.36 0.44 | Feas 0.27 1.00 | Pen 86.31 0.10
It  21500    324 | T(s) 355.54 | Feas 46 195475.34 195645.06 | Inf 56 195578.07 195832.24 | Div 0.38 0.45 | Feas 0.25 1.00 | Pen 103.58 0.10
It  22000    824 | T(s) 363.73 | Feas 26 195475.34 195852.03 | Inf 42 195580.14 195972.14 | Div 0.47 0.53 | Feas 0.27 1.00 | Pen 105.65 0.10
It  22500   1324 | T(s) 371.82 | Feas 37 195475.34 195616.28 | Inf 26 195580.14 195976.42 | Div 0.38 0.58 | Feas 0.19 1.00 | Pen 105.65 0.10
It  23000   1824 | T(s) 380.12 | Feas 60 195475.34 195796.56 | Inf 63 195601.27 195962.97 | Div 0.45 0.51 | Feas 0.23 1.00 | Pen 126.78 0.10
It  23500   2324 | T(s) 388.19 | Feas 43 195475.34 195725.32 | Inf 35 195584.41 195952.25 | Div 0.45 0.52 | Feas 0.20 1.00 | Pen 109.92 0.10
It  24000   2824 | T(s) 396.38 | Feas 41 195475.34 195786.98 | Inf 65 195584.41 195823.34 | Div 0.50 0.47 | Feas 0.20 1.00 | Pen 109.92 0.10
It  24500    339 | T(s) 404.66 | Feas 52 195376.03 195676.69 | Inf 26 195595.63 196117.73 | Div 0.45 0.57 | Feas 0.11 1.00 | Pen 131.90 0.10
It  25000    839 | T(s) 412.89 | Feas 35 195376.03 195783.75 | Inf 59 195578.08 195841.45 | Div 0.51 0.44 | Feas 0.20 1.00 | Pen 114.36 0.10
It  25500   1339 | T(s) 421.06 | Feas 46 195376.03 195613.23 | Inf 54 195557.72 195839.34 | Div 0.40 0.41 | Feas 0.21 1.00 | Pen 139.97 0.10
It  26000   1839 | T(s) 429.39 | Feas 28 195376.03 195754.87 | Inf 32 195478.93 195870.14 | Div 0.49 0.50 | Feas 0.23 1.00 | Pen 139.97 0.10
It  26500   2339 | T(s) 437.58 | Feas 26 195376.03 196023.48 | Inf 50 195460.31 195800.65 | Div 0.56 0.48 | Feas 0.23 1.00 | Pen 121.36 0.10
It  27000   2839 | T(s) 445.57 | Feas 33 195376.03 195629.66 | Inf 32 195442.11 195817.60 | Div 0.47 0.50 | Feas 0.24 1.00 | Pen 103.15 0.10
It  27500    458 | T(s) 453.82 | Feas 27 195325.69 195977.20 | Inf 63 195442.69 195710.10 | Div 0.59 0.44 | Feas 0.29 1.00 | Pen 126.26 0.10
It  28000     13 | T(s) 461.99 | Feas 48 195324.77 195550.09 | Inf 50 195423.75 195723.86 | Div 0.43 0.45 | Feas 0.21 1.00 | Pen 107.32 0.10
It  28500    513 | T(s) 470.17 | Feas 62 195324.77 195544.49 | Inf 42 195425.89 195812.73 | Div 0.44 0.50 | Feas 0.18 1.00 | Pen 109.47 0.10
It  29000   1013 | T(s) 478.16 | Feas 58 195324.77 195636.78 | Inf 36 195425.89 195804.34 | Div 0.45 0.51 | Feas 0.16 1.00 | Pen 109.47 0.10
It  29500     64 | T(s) 486.25 | Feas 29 195255.90 195607.31 | Inf 31 195303.70 195760.37 | Div 0.48 0.52 | Feas 0.20 1.00 | Pen 131.36 0.10
It  30000    564 | T(s) 494.45 | Feas 55 195255.90 195437.85 | Inf 26 195303.70 195936.83 | Div 0.37 0.55 | Feas 0.19 1.00 | Pen 131.36 0.10
It  30500   1064 | T(s) 502.78 | Feas 61 195255.90 195474.85 | Inf 63 195301.54 195618.54 | Div 0.41 0.42 | Feas 0.15 1.00 | Pen 160.78 0.10
It  31000   1564 | T(s) 510.88 | Feas 44 195255.90 195542.75 | Inf 42 195277.43 195658.52 | Div 0.44 0.46 | Feas 0.19 1.00 | Pen 136.67 0.10
It  31500    448 | T(s) 519.12 | Feas 35 195222.45 195590.91 | Inf 33 195277.43 195698.55 | Div 0.48 0.49 | Feas 0.17 1.00 | Pen 136.67 0.10
It  32000    948 | T(s) 527.23 | Feas 58 195222.45 195362.74 | Inf 57 195269.52 195554.82 | Div 0.33 0.41 | Feas 0.25 1.00 | Pen 136.67 0.10
It  32500   1448 | T(s) 535.01 | Feas 31 195222.45 195404.76 | Inf 35 195215.56 195389.56 | Div 0.40 0.33 | Feas 0.18 1.00 | Pen 116.17 0.10
It  33000    114 | T(s) 542.73 | Feas 47 195199.40 195322.17 | Inf 59 195215.56 195396.40 | Div 0.31 0.30 | Feas 0.22 1.00 | Pen 116.17 0.10
It  33500    195 | T(s) 550.69 | Feas 58 195059.29 195344.95 | Inf 50 195225.91 195696.90 | Div 0.32 0.44 | Feas 0.21 1.00 | Pen 139.40 0.10
It  34000    695 | T(s) 558.54 | Feas 52 195059.29 195289.64 | Inf 62 195188.68 195338.69 | Div 0.31 0.30 | Feas 0.18 1.00 | Pen 120.86 0.10
It  34500   1195 | T(s) 566.23 | Feas 25 195059.29 195367.08 | Inf 51 195212.85 195377.96 | Div 0.37 0.31 | Feas 0.24 1.00 | Pen 145.03 0.10
It  35000   1695 | T(s) 574.17 | Feas 30 195059.29 195248.04 | Inf 28 195168.51 195294.95 | Div 0.30 0.32 | Feas 0.27 1.00 | Pen 125.74 0.10
It  35500     44 | T(s) 581.52 | Feas 61 195058.21 195163.15 | Inf 61 195157.65 195271.04 | Div 0.17 0.25 | Feas 0.15 1.00 | Pen 128.26 0.10
It  36000    337 | T(s) 589.23 | Feas 52 195056.50 195155.01 | Inf 54 195116.21 195301.12 | Div 0.19 0.27 | Feas 0.19 1.00 | Pen 128.26 0.10
It  36500    105 | T(s) 596.58 | Feas 61 195027.78 195124.43 | Inf 37 195116.21 195342.01 | Div 0.19 0.31 | Feas 0.17 1.00 | Pen 128.26 0.10
It  37000    343 | T(s) 604.42 | Feas 43 195008.12 195219.02 | Inf 28 195118.77 195388.78 | Div 0.29 0.39 | Feas 0.11 1.00 | Pen 130.82 0.10
It  37500    149 | T(s) 612.04 | Feas 64 195008.12 195145.48 | Inf 62 195077.30 195243.66 | Div 0.25 0.27 | Feas 0.16 1.00 | Pen 130.82 0.10
It  38000     26 | T(s) 619.34 | Feas 43 194945.78 195096.23 | Inf 39 195053.94 195213.14 | Div 0.22 0.29 | Feas 0.26 1.00 | Pen 113.42 0.10
It  38500    526 | T(s) 626.71 | Feas 49 194945.78 195083.30 | Inf 30 195007.22 195282.06 | Div 0.20 0.32 | Feas 0.18 1.00 | Pen 113.42 0.10
It  39000    214 | T(s) 634.07 | Feas 27 194932.62 195139.63 | Inf 48 194985.82 195159.39 | Div 0.27 0.23 | Feas 0.18 1.00 | Pen 96.41 0.10
It  39500    714 | T(s) 641.55 | Feas 46 194932.62 195071.36 | Inf 42 195003.87 195091.41 | Div 0.23 0.20 | Feas 0.17 1.00 | Pen 115.69 0.10
It  40000    156 | T(s) 648.83 | Feas 34 194932.01 195089.43 | Inf 33 195008.71 195231.55 | Div 0.24 0.25 | Feas 0.24 1.00 | Pen 138.83 0.10
It  40500    213 | T(s) 656.23 | Feas 32 194907.92 195147.99 | Inf 52 194964.00 195133.32 | Div 0.29 0.23 | Feas 0.19 1.00 | Pen 120.37 0.10
It  41000    264 | T(s) 663.83 | Feas 52 194829.08 195058.41 | Inf 41 194988.07 195190.27 | Div 0.22 0.25 | Feas 0.16 1.00 | Pen 144.44 0.10
It  41500    764 | T(s) 671.32 | Feas 63 194829.08 194961.77 | Inf 51 194984.16 195118.19 | Div 0.16 0.22 | Feas 0.22 1.00 | Pen 144.44 0.10
It  42000   1264 | T(s) 679.00 | Feas 35 194829.08 195049.18 | Inf 31 194964.95 195130.65 | Div 0.24 0.26 | Feas 0.28 1.00 | Pen 125.23 0.10
It  42500   1764 | T(s) 686.39 | Feas 26 194829.08 195043.35 | Inf 60 194936.36 195088.00 | Div 0.25 0.20 | Feas 0.15 1.00 | Pen 153.28 0.10
It  43000   2264 | T(s) 694.06 | Feas 43 194829.08 195004.19 | Inf 45 194950.56 195251.74 | Div 0.24 0.28 | Feas 0.15 1.00 | Pen 187.61 0.10
It  43500    225 | T(s) 701.92 | Feas 59 194807.40 194911.85 | Inf 30 194911.06 195115.82 | Div 0.15 0.25 | Feas 0.20 1.00 | Pen 159.47 0.10
It  44000    725 | T(s) 709.52 | Feas 44 194807.40 194900.71 | Inf 40 194866.80 195199.52 | Div 0.17 0.26 | Feas 0.25 1.00 | Pen 115.22 0.10
It  44500   1225 | T(s) 716.77 | Feas 31 194807.40 194887.12 | Inf 31 194866.80 195078.93 | Div 0.19 0.26 | Feas 0.18 1.00 | Pen 115.22 0.10
It  45000    225 | T(s) 724.31 | Feas 31 194801.44 194898.33 | Inf 60 194869.11 194964.05 | Div 0.20 0.20 | Feas 0.16 1.00 | Pen 117.52 0.10
It  45500    131 | T(s) 731.38 | Feas 35 194788.38 194867.72 | Inf 50 194860.08 195027.29 | Div 0.17 0.21 | Feas 0.15 1.00 | Pen 119.87 0.10
It  46000    170 | T(s) 738.59 | Feas 65 194783.28 194841.35 | Inf 41 194853.25 195061.74 | Div 0.15 0.25 | Feas 0.20 1.00 | Pen 119.87 0.10
It  46500     36 | T(s) 745.81 | Feas 59 194772.01 194809.03 | Inf 36 194865.80 195040.00 | Div 0.12 0.25 | Feas 0.19 1.00 | Pen 143.85 0.10
It  47000    200 | T(s) 752.87 | Feas 53 194746.19 194846.80 | Inf 60 194844.22 194931.95 | Div 0.17 0.20 | Feas 0.16 1.00 | Pen 122.27 0.10
It  47500    340 | T(s) 760.05 | Feas 39 194732.02 194789.71 | Inf 43 194818.49 194973.45 | Div 0.15 0.23 | Feas 0.27 1.00 | Pen 103.93 0.10
It  48000      7 | T(s) 767.21 | Feas 60 194728.06 194761.22 | Inf 35 194820.57 194935.93 | Div 0.10 0.24 | Feas 0.32 1.00 | Pen 106.01 0.10
It  48500    507 | T(s) 774.47 | Feas 29 194728.06 194966.92 | Inf 37 194810.72 194970.44 | Div 0.27 0.24 | Feas 0.21 1.00 | Pen 127.21 0.10
It  49000    347 | T(s) 782.26 | Feas 38 194703.08 194900.04 | Inf 28 194836.16 195180.39 | Div 0.24 0.31 | Feas 0.21 1.00 | Pen 152.65 0.10
It  49500    847 | T(s) 789.65 | Feas 30 194703.08 194874.20 | Inf 53 194839.21 194974.79 | Div 0.23 0.23 | Feas 0.13 1.00 | Pen 155.71 0.10
It  50000   1347 | T(s) 797.02 | Feas 37 194703.08 194817.12 | Inf 35 194799.41 195074.03 | Div 0.19 0.29 | Feas 0.17 1.00 | Pen 132.35 0.10
It  50500   1847 | T(s) 804.31 | Feas 38 194703.08 194811.62 | Inf 58 194799.41 195015.65 | Div 0.19 0.26 | Feas 0.21 1.00 | Pen 132.35 0.10
It  51000   2347 | T(s) 811.29 | Feas 27 194703.08 194834.45 | Inf 33 194790.86 194983.83 | Div 0.22 0.27 | Feas 0.24 1.00 | Pen 135.00 0.10
It  51500    138 | T(s) 818.57 | Feas 47 194673.79 194767.60 | Inf 42 194752.11 194893.13 | Div 0.16 0.22 | Feas 0.18 1.00 | Pen 97.54 0.10
It  52000    638 | T(s) 825.56 | Feas 29 194673.79 194810.80 | Inf 41 194771.62 194832.10 | Div 0.22 0.19 | Feas 0.24 1.00 | Pen 117.04 0.10
It  52500   1138 | T(s) 832.82 | Feas 58 194673.79 194723.52 | Inf 43 194762.06 194820.99 | Div 0.15 0.18 | Feas 0.13 1.00 | Pen 119.38 0.10
It  53000    389 | T(s) 839.77 | Feas 49 194670.81 194774.02 | Inf 33 194756.89 194980.51 | Div 0.19 0.27 | Feas 0.26 1.00 | Pen 121.77 0.10
It  53500    889 | T(s) 847.60 | Feas 36 194670.81 194831.88 | Inf 35 194748.12 194998.91 | Div 0.23 0.27 | Feas 0.12 1.00 | Pen 149.05 0.10
It  54000   1389 | T(s) 854.86 | Feas 53 194670.81 194758.66 | Inf 49 194706.76 194889.50 | Div 0.20 0.24 | Feas 0.28 1.00 | Pen 107.69 0.10
It  54500    207 | T(s) 862.16 | Feas 42 194666.67 194805.93 | Inf 50 194728.30 194879.70 | Div 0.22 0.23 | Feas 0.20 1.00 | Pen 129.22 0.10
It  55000    707 | T(s) 869.54 | Feas 49 194666.67 194750.23 | Inf 45 194724.56 194833.96 | Div 0.19 0.20 | Feas 0.21 1.00 | Pen 131.81 0.10
It  55500   1207 | T(s) 876.55 | Feas 32 194666.67 194826.05 | Inf 29 194693.42 194779.98 | Div 0.24 0.18 | Feas 0.17 1.00 | Pen 112.04 0.10
It  56000    232 | T(s) 883.84 | Feas 51 194641.73 194720.89 | Inf 64 194715.83 194799.70 | Div 0.19 0.16 | Feas 0.24 1.00 | Pen 134.44 0.10
It  56500    732 | T(s) 891.09 | Feas 56 194641.73 194722.49 | Inf 51 194695.66 194859.89 | Div 0.19 0.20 | Feas 0.19 1.00 | Pen 114.28 0.10
It  57000   1232 | T(s) 898.41 | Feas 40 194641.73 194766.91 | Inf 50 194718.52 194834.99 | Div 0.23 0.20 | Feas 0.22 1.00 | Pen 137.13 0.10
It  57500   1732 | T(s) 905.49 | Feas 39 194641.73 194786.54 | Inf 36 194704.46 194837.51 | Div 0.24 0.19 | Feas 0.19 1.00 | Pen 139.88 0.10
It  58000   2232 | T(s) 912.47 | Feas 38 194641.73 194761.58 | Inf 56 194704.46 194798.39 | Div 0.22 0.17 | Feas 0.18 1.00 | Pen 139.88 0.10
It  58500     57 | T(s) 919.77 | Feas 35 194616.04 194910.09 | Inf 45 194704.46 194768.92 | Div 0.28 0.17 | Feas 0.16 1.00 | Pen 139.88 0.10
It  59000    201 | T(s) 926.89 | Feas 60 194612.43 194784.02 | Inf 61 194683.48 194750.79 | Div 0.24 0.17 | Feas 0.22 1.00 | Pen 118.89 0.10
It  59500    701 | T(s) 934.35 | Feas 28 194612.43 194867.48 | Inf 51 194687.06 194877.56 | Div 0.28 0.22 | Feas 0.20 1.00 | Pen 142.67 0.10
It  60000   1201 | T(s) 941.80 | Feas 49 194612.43 194650.34 | Inf 35 194662.72 194752.99 | Div 0.16 0.20 | Feas 0.21 1.00 | Pen 121.27 0.10
It  60500   1701 | T(s) 948.70 | Feas 39 194612.43 194645.26 | Inf 57 194662.72 194777.17 | Div 0.15 0.19 | Feas 0.22 1.00 | Pen 121.27 0.10
It  61000    211 | T(s) 955.51 | Feas 27 194591.37 194967.40 | Inf 43 194664.10 194790.88 | Div 0.29 0.20 | Feas 0.21 1.00 | Pen 123.70 0.10
It  61500    711 | T(s) 962.76 | Feas 31 194591.37 194750.00 | Inf 32 194681.29 194828.94 | Div 0.23 0.21 | Feas 0.24 1.00 | Pen 148.44 0.10
It  62000    438 | T(s) 970.06 | Feas 38 194553.03 194724.05 | Inf 61 194659.02 194722.41 | Div 0.23 0.16 | Feas 0.19 1.00 | Pen 126.17 0.10
It  62500    938 | T(s) 977.48 | Feas 33 194553.03 194675.38 | Inf 52 194659.02 194881.50 | Div 0.21 0.24 | Feas 0.21 1.00 | Pen 126.17 0.10
It  63000   1438 | T(s) 984.62 | Feas 62 194553.03 194622.63 | Inf 41 194661.54 194786.03 | Div 0.15 0.22 | Feas 0.15 1.00 | Pen 128.70 0.10
It  63500     48 | T(s) 991.75 | Feas 56 194548.78 194598.52 | Inf 27 194659.38 194904.52 | Div 0.14 0.27 | Feas 0.19 1.00 | Pen 128.70 0.10
It  64000    548 | T(s) 998.63 | Feas 25 194548.78 194827.23 | Inf 55 194645.22 194806.03 | Div 0.27 0.22 | Feas 0.10 1.00 | Pen 131.27 0.10
It  64500    389 | T(s) 1005.85 | Feas 30 194543.81 194738.86 | Inf 25 194587.64 194866.90 | Div 0.25 0.27 | Feas 0.26 1.00 | Pen 96.74 0.10
It  65000    889 | T(s) 1013.14 | Feas 36 194543.81 194760.69 | Inf 34 194600.13 194841.02 | Div 0.24 0.23 | Feas 0.15 1.00 | Pen 139.30 0.10
It  65500   1389 | T(s) 1020.65 | Feas 59 194543.81 194687.36 | Inf 26 194602.91 195044.43 | Div 0.20 0.31 | Feas 0.15 1.00 | Pen 142.09 0.10
It  66000    419 | T(s) 1027.92 | Feas 45 194542.02 194594.49 | Inf 52 194542.58 194701.31 | Div 0.16 0.20 | Feas 0.16 1.00 | Pen 102.66 0.10
It  66500    313 | T(s) 1034.60 | Feas 45 194526.25 194626.42 | Inf 42 194560.91 194625.39 | Div 0.17 0.15 | Feas 0.25 1.00 | Pen 123.19 0.10
It  67000    148 | T(s) 1041.53 | Feas 45 194505.98 194632.95 | Inf 29 194544.43 194719.01 | Div 0.18 0.19 | Feas 0.19 1.00 | Pen 125.66 0.10
It  67500    648 | T(s) 1047.81 | Feas 56 194505.98 194549.19 | Inf 43 194509.56 194586.89 | Div 0.12 0.13 | Feas 0.19 1.00 | Pen 90.79 0.10
It  68000    454 | T(s) 1054.24 | Feas 26 194483.73 194580.78 | Inf 30 194515.32 194622.90 | Div 0.17 0.15 | Feas 0.24 1.00 | Pen 108.94 0.10
It  68500     57 | T(s) 1060.18 | Feas 61 194471.71 194503.01 | Inf 45 194474.18 194514.50 | Div 0.07 0.09 | Feas 0.19 1.00 | Pen 78.71 0.10
It  69000    557 | T(s) 1066.74 | Feas 62 194471.71 194531.77 | Inf 43 194467.80 194566.38 | Div 0.11 0.14 | Feas 0.17 1.00 | Pen 78.71 0.10
It  69500   1057 | T(s) 1073.53 | Feas 30 194471.71 194623.94 | Inf 49 194483.54 194554.63 | Div 0.19 0.13 | Feas 0.18 1.00 | Pen 94.45 0.10
It  70000   1557 | T(s) 1079.80 | Feas 42 194471.71 194518.08 | Inf 32 194485.43 194504.56 | Div 0.11 0.09 | Feas 0.24 1.00 | Pen 96.34 0.10
It  70500    186 | T(s) 1086.01 | Feas 42 194470.59 194489.95 | Inf 52 194470.98 194479.86 | Div 0.08 0.07 | Feas 0.20 1.00 | Pen 81.89 0.10
It  71000    421 | T(s) 1092.01 | Feas 30 194469.72 194492.25 | Inf 41 194458.70 194498.60 | Div 0.10 0.10 | Feas 0.16 1.00 | Pen 69.61 0.10
It  71500     64 | T(s) 1098.02 | Feas 32 194467.79 194478.74 | Inf 28 194457.41 194471.04 | Div 0.08 0.10 | Feas 0.19 1.00 | Pen 69.61 0.10
It  72000    564 | T(s) 1104.02 | Feas 43 194467.79 194479.20 | Inf 25 194458.81 194543.03 | Div 0.07 0.16 | Feas 0.26 1.00 | Pen 71.00 0.10
It  72500     75 | T(s) 1110.23 | Feas 59 194457.74 194473.48 | Inf 62 194451.35 194535.21 | Div 0.06 0.14 | Feas 0.16 1.00 | Pen 71.00 0.10
It  73000    575 | T(s) 1116.27 | Feas 65 194457.74 194477.22 | Inf 55 194452.45 194473.80 | Div 0.08 0.11 | Feas 0.17 1.00 | Pen 72.42 0.10
It  73500    315 | T(s) 1122.34 | Feas 34 194450.68 194533.55 | Inf 49 194463.85 194617.72 | Div 0.16 0.16 | Feas 0.19 1.00 | Pen 86.90 0.10
It  74000    195 | T(s) 1128.88 | Feas 54 194429.75 194557.47 | Inf 41 194481.23 194520.85 | Div 0.17 0.13 | Feas 0.24 1.00 | Pen 104.29 0.10
It  74500    157 | T(s) 1135.30 | Feas 36 194404.02 194505.19 | Inf 31 194483.32 194608.16 | Div 0.17 0.16 | Feas 0.15 1.00 | Pen 106.37 0.10
It  75000      3 | T(s) 1142.02 | Feas 37 194397.10 194499.51 | Inf 58 194507.15 194569.09 | Div 0.17 0.14 | Feas 0.14 1.00 | Pen 130.20 0.10
It  75500     67 | T(s) 1148.50 | Feas 41 194395.51 194463.73 | Inf 37 194469.88 194562.82 | Div 0.15 0.17 | Feas 0.20 1.00 | Pen 110.67 0.10
It  76000    567 | T(s) 1155.14 | Feas 63 194395.51 194425.10 | Inf 51 194444.78 194518.71 | Div 0.10 0.16 | Feas 0.27 1.00 | Pen 94.07 0.10
It  76500    305 | T(s) 1161.53 | Feas 27 194393.86 194522.52 | Inf 35 194446.66 194518.53 | Div 0.20 0.17 | Feas 0.27 1.00 | Pen 95.95 0.10
It  77000    381 | T(s) 1168.04 | Feas 27 194392.76 194588.39 | Inf 65 194463.39 194488.94 | Div 0.22 0.12 | Feas 0.19 1.00 | Pen 115.14 0.10
It  77500    224 | T(s) 1174.70 | Feas 45 194390.25 194455.83 | Inf 41 194460.04 194511.86 | Div 0.15 0.15 | Feas 0.20 1.00 | Pen 115.14 0.10
It  78000    376 | T(s) 1180.91 | Feas 59 194377.96 194407.84 | Inf 50 194424.41 194498.96 | Div 0.10 0.14 | Feas 0.21 1.00 | Pen 97.87 0.10
It  78500    345 | T(s) 1187.13 | Feas 44 194375.42 194396.45 | Inf 65 194409.73 194437.94 | Div 0.09 0.10 | Feas 0.26 1.00 | Pen 83.19 0.10
It  79000    417 | T(s) 1192.98 | Feas 59 194368.92 194381.82 | Inf 25 194384.70 194499.23 | Div 0.07 0.15 | Feas 0.30 1.00 | Pen 60.10 0.10
It  79500    917 | T(s) 1198.55 | Feas 63 194368.92 194372.72 | Inf 47 194385.90 194400.76 | Div 0.04 0.09 | Feas 0.21 1.00 | Pen 61.31 0.10
It  80000   1417 | T(s) 1204.80 | Feas 37 194368.92 194373.47 | Inf 51 194441.58 194591.66 | Div 0.06 0.14 | Feas 0.18 1.00 | Pen 53.15 0.10
It  80500    354 | T(s) 1210.72 | Feas 49 194368.66 194374.26 | Inf 43 194419.04 194529.25 | Div 0.06 0.14 | Feas 0.27 1.00 | Pen 65.06 0.10
It  81000    854 | T(s) 1216.77 | Feas 45 194368.66 194387.06 | Inf 39 194395.99 194526.30 | Div 0.09 0.17 | Feas 0.18 1.00 | Pen 66.36 0.10
It  81500   1354 | T(s) 1222.96 | Feas 28 194368.66 194409.53 | Inf 37 194385.99 194536.99 | Div 0.13 0.17 | Feas 0.18 1.00 | Pen 66.36 0.10
It  82000    496 | T(s) 1229.17 | Feas 63 194367.98 194387.29 | Inf 36 194415.19 194565.23 | Div 0.11 0.18 | Feas 0.15 1.00 | Pen 95.56 0.10
It  82500    996 | T(s) 1235.60 | Feas 55 194367.98 194384.28 | Inf 59 194415.19 194472.72 | Div 0.10 0.14 | Feas 0.25 1.00 | Pen 95.56 0.10
It  83000     74 | T(s) 1242.30 | Feas 49 194361.89 194391.93 | Inf 52 194415.19 194498.03 | Div 0.12 0.15 | Feas 0.16 1.00 | Pen 95.56 0.10
It  83500    574 | T(s) 1248.71 | Feas 29 194361.89 194496.50 | Inf 38 194415.19 194517.51 | Div 0.19 0.17 | Feas 0.20 1.00 | Pen 95.56 0.10
It  84000    313 | T(s) 1255.42 | Feas 58 194353.06 194413.73 | Inf 31 194417.10 194598.38 | Div 0.14 0.21 | Feas 0.18 1.00 | Pen 97.47 0.10
It  84500    379 | T(s) 1262.24 | Feas 45 194350.02 194393.92 | Inf 54 194387.59 194550.25 | Div 0.14 0.19 | Feas 0.25 1.00 | Pen 97.47 0.10
It  85000    879 | T(s) 1268.59 | Feas 43 194350.02 194407.02 | Inf 44 194389.54 194513.41 | Div 0.15 0.17 | Feas 0.15 1.00 | Pen 99.42 0.10
It  85500    426 | T(s) 1275.43 | Feas 28 194345.12 194405.88 | Inf 38 194411.81 194478.32 | Div 0.15 0.15 | Feas 0.15 1.00 | Pen 121.69 0.10
It  86000    926 | T(s) 1281.70 | Feas 32 194345.12 194396.81 | Inf 46 194378.04 194401.93 | Div 0.13 0.09 | Feas 0.26 1.00 | Pen 87.92 0.10
It  86500     44 | T(s) 1287.95 | Feas 53 194329.38 194357.28 | Inf 38 194363.32 194477.08 | Div 0.09 0.14 | Feas 0.16 1.00 | Pen 87.92 0.10
It  87000    544 | T(s) 1294.15 | Feas 25 194329.38 194485.06 | Inf 65 194361.00 194407.23 | Div 0.17 0.12 | Feas 0.19 1.00 | Pen 89.68 0.10
It  87500     51 | T(s) 1300.50 | Feas 65 194329.37 194343.56 | Inf 53 194362.79 194405.92 | Div 0.08 0.12 | Feas 0.13 1.00 | Pen 91.47 0.10
It  88000    551 | T(s) 1306.80 | Feas 45 194329.37 194344.64 | Inf 47 194383.28 194399.67 | Div 0.09 0.09 | Feas 0.14 1.00 | Pen 111.96 0.10
It  88500     75 | T(s) 1312.67 | Feas 35 194328.43 194342.29 | Inf 53 194338.52 194351.28 | Div 0.09 0.08 | Feas 0.29 1.00 | Pen 68.76 0.10
It  89000    416 | T(s) 1318.33 | Feas 34 194321.57 194341.92 | Inf 35 194323.73 194338.64 | Div 0.09 0.08 | Feas 0.25 1.00 | Pen 58.44 0.10
It  89500    916 | T(s) 1324.24 | Feas 48 194321.57 194339.38 | Inf 61 194324.89 194344.31 | Div 0.09 0.09 | Feas 0.18 1.00 | Pen 59.61 0.10
It  90000   1416 | T(s) 1329.72 | Feas 52 194321.57 194327.91 | Inf 30 194309.21 194339.23 | Div 0.06 0.12 | Feas 0.27 1.00 | Pen 43.93 0.10
It  90500   1916 | T(s) 1336.94 | Feas 55 194321.57 194329.61 | Inf 57 194360.67 194712.80 | Div 0.07 0.22 | Feas 0.22 1.00 | Pen 75.91 0.10
It  91000    131 | T(s) 1343.41 | Feas 49 194303.57 194322.13 | Inf 32 194337.63 194595.99 | Div 0.05 0.22 | Feas 0.32 1.00 | Pen 65.82 0.10
It  91500    631 | T(s) 1349.84 | Feas 54 194303.57 194333.71 | Inf 31 194350.80 194628.16 | Div 0.09 0.22 | Feas 0.13 1.00 | Pen 78.98 0.10
It  92000     37 | T(s) 1356.26 | Feas 61 194298.21 194324.14 | Inf 43 194340.29 194439.66 | Div 0.08 0.17 | Feas 0.35 1.00 | Pen 68.48 0.10
It  92500    537 | T(s) 1362.54 | Feas 26 194298.21 194348.41 | Inf 31 194352.74 194495.25 | Div 0.12 0.20 | Feas 0.19 1.00 | Pen 82.17 0.10
It  93000    177 | T(s) 1368.38 | Feas 63 194296.84 194307.19 | Inf 46 194339.75 194400.75 | Div 0.06 0.14 | Feas 0.21 1.00 | Pen 71.24 0.10
It  93500    677 | T(s) 1373.91 | Feas 25 194296.84 194331.31 | Inf 59 194310.82 194365.43 | Div 0.12 0.13 | Feas 0.20 1.00 | Pen 60.56 0.10
It  94000    268 | T(s) 1379.72 | Feas 56 194295.65 194309.41 | Inf 52 194306.53 194368.77 | Div 0.08 0.13 | Feas 0.12 1.00 | Pen 61.77 0.10
It  94500    186 | T(s) 1385.24 | Feas 51 194293.95 194300.89 | Inf 65 194296.49 194312.90 | Div 0.06 0.09 | Feas 0.21 1.00 | Pen 52.50 0.10
It  95000    686 | T(s) 1390.90 | Feas 57 194293.95 194299.68 | Inf 57 194032.69 194280.61 | Div 0.05 0.09 | Feas 0.26 1.00 | Pen 44.63 0.10
It  95500   1186 | T(s) 1397.89 | Feas 33 194293.95 194312.74 | Inf 35 194326.45 194599.40 | Div 0.09 0.19 | Feas 0.25 1.00 | Pen 77.12 0.10
It  96000      2 | T(s) 1404.23 | Feas 60 194293.30 194297.16 | Inf 56 194326.45 194557.44 | Div 0.05 0.18 | Feas 0.21 1.00 | Pen 77.12 0.10
It  96500    151 | T(s) 1410.73 | Feas 43 194292.16 194306.97 | Inf 43 194327.99 194457.67 | Div 0.08 0.15 | Feas 0.13 1.00 | Pen 78.66 0.10
It  97000    651 | T(s) 1417.35 | Feas 30 194292.16 194320.94 | Inf 64 194329.57 194441.73 | Div 0.10 0.14 | Feas 0.23 1.00 | Pen 80.23 0.10
It  97500   1151 | T(s) 1423.48 | Feas 27 194292.16 194322.11 | Inf 40 194318.90 194423.55 | Div 0.11 0.15 | Feas 0.31 1.00 | Pen 69.56 0.10
It  98000   1651 | T(s) 1429.72 | Feas 58 194292.16 194303.78 | Inf 25 194331.01 194574.60 | Div 0.08 0.19 | Feas 0.25 1.00 | Pen 83.47 0.10
It  98500    370 | T(s) 1435.74 | Feas 59 194291.91 194301.65 | Inf 30 194304.78 194405.72 | Div 0.07 0.16 | Feas 0.23 1.00 | Pen 60.31 0.10
It  99000     43 | T(s) 1441.53 | Feas 27 194290.84 194319.10 | Inf 53 194305.99 194319.55 | Div 0.09 0.08 | Feas 0.24 1.00 | Pen 61.51 0.10
It  99500    221 | T(s) 1447.15 | Feas 28 194289.95 194567.19 | Inf 42 195287.98 196079.53 | Div 0.16 0.15 | Feas 0.00 1.00 | Pen 53.33 0.10
It 100000    721 | T(s) 1453.92 | Feas 45 194289.95 194313.71 | Inf 49 194304.74 194587.50 | Div 0.08 0.19 | Feas 0.17 1.00 | Pen 65.28 0.10
It 100500    141 | T(s) 1460.12 | Feas 54 194289.48 194292.65 | Inf 41 194304.33 194440.34 | Div 0.04 0.14 | Feas 0.22 1.00 | Pen 65.28 0.10
It 101000    132 | T(s) 1466.56 | Feas 32 194286.39 194340.17 | Inf 51 194536.81 194584.45 | Div 0.11 0.10 | Feas 0.00 1.00 | Pen 57.73 0.10
It 101500    374 | T(s) 1473.04 | Feas 46 194285.98 194300.86 | Inf 53 194338.22 194491.17 | Div 0.08 0.15 | Feas 0.25 1.00 | Pen 83.13 0.10
It 102000    128 | T(s) 1479.25 | Feas 27 194285.50 194295.83 | Inf 56 194304.75 194370.58 | Div 0.08 0.12 | Feas 0.31 1.00 | Pen 61.26 0.10
It 102500    628 | T(s) 1484.90 | Feas 62 194285.50 194287.72 | Inf 35 194293.14 194354.52 | Div 0.03 0.13 | Feas 0.24 1.00 | Pen 52.07 0.10
It 103000   1128 | T(s) 1490.65 | Feas 44 194285.50 194288.53 | Inf 63 194292.27 194300.63 | Div 0.04 0.07 | Feas 0.22 1.00 | Pen 52.07 0.10
It 103500   1628 | T(s) 1497.44 | Feas 52 194285.50 194287.08 | Inf 29 194321.34 194634.67 | Div 0.03 0.20 | Feas 0.26 1.00 | Pen 54.18 0.10
It 104000   2128 | T(s) 1503.28 | Feas 64 194285.50 194286.16 | Inf 54 194321.34 194433.30 | Div 0.01 0.14 | Feas 0.22 1.00 | Pen 54.18 0.10
It 104500   2628 | T(s) 1509.68 | Feas 41 194285.50 194287.15 | Inf 61 194300.92 194657.21 | Div 0.03 0.16 | Feas 0.21 1.00 | Pen 66.31 0.10
It 105000   3128 | T(s) 1515.83 | Feas 52 194285.50 194289.83 | Inf 25 194441.54 194612.12 | Div 0.05 0.12 | Feas 0.00 1.00 | Pen 58.64 0.10
It 105500   3628 | T(s) 1522.12 | Feas 59 194285.50 194286.89 | Inf 52 194353.44 194505.88 | Div 0.02 0.15 | Feas 0.25 1.00 | Pen 59.82 0.10
It 106000   4128 | T(s) 1528.17 | Feas 37 194285.50 194287.14 | Inf 25 194317.99 194613.51 | Div 0.03 0.24 | Feas 0.17 1.00 | Pen 50.84 0.10
It 106500   4628 | T(s) 1533.95 | Feas 59 194285.50 194286.36 | Inf 51 194308.55 194468.46 | Div 0.01 0.15 | Feas 0.33 1.00 | Pen 51.86 0.10
It 107000   5128 | T(s) 1540.20 | Feas 34 194285.50 194320.39 | Inf 46 195782.06 196235.72 | Div 0.06 0.12 | Feas 0.00 1.00 | Pen 52.90 0.10
It 107500   5628 | T(s) 1546.52 | Feas 58 194285.50 194286.72 | Inf 40 194284.52 194521.79 | Div 0.02 0.16 | Feas 0.21 1.00 | Pen 52.90 0.10
It 108000   6128 | T(s) 1552.98 | Feas 58 194285.50 194287.08 | Inf 52 194321.69 194622.43 | Div 0.03 0.16 | Feas 0.23 1.00 | Pen 64.75 0.10
It 108500   6628 | T(s) 1558.90 | Feas 33 194285.50 194287.55 | Inf 41 194290.74 194482.23 | Div 0.03 0.12 | Feas 0.24 1.00 | Pen 56.14 0.10
It 109000   7128 | T(s) 1564.23 | Feas 43 194285.50 194291.85 | Inf 57 194376.34 194529.55 | Div 0.04 0.06 | Feas 0.00 1.00 | Pen 58.40 0.10
It 109500   7628 | T(s) 1569.30 | Feas 36 194285.50 194286.99 | Inf 59 193980.28 194214.71 | Div 0.03 0.05 | Feas 0.33 1.00 | Pen 43.04 0.10
It 110000   8128 | T(s) 1576.00 | Feas 47 194285.50 194286.70 | Inf 27 194281.67 194404.98 | Div 0.02 0.12 | Feas 0.19 1.00 | Pen 51.65 0.10
It 110500   8628 | T(s) 1582.29 | Feas 53 194285.50 194289.93 | Inf 25 194467.96 195323.81 | Div 0.04 0.26 | Feas 0.14 1.00 | Pen 63.22 0.10
It 111000   9128 | T(s) 1589.01 | Feas 47 194285.50 194287.99 | Inf 53 194365.69 194643.67 | Div 0.04 0.19 | Feas 0.26 1.00 | Pen 55.91 0.10
It 111500   9628 | T(s) 1595.22 | Feas 59 194285.50 194286.05 | Inf 43 194138.38 194508.30 | Div 0.01 0.19 | Feas 0.29 1.00 | Pen 48.47 0.10
It 112000  10128 | T(s) 1601.23 | Feas 41 194285.50 194286.25 | Inf 35 194284.04 194440.31 | Div 0.02 0.16 | Feas 0.29 1.00 | Pen 49.44 0.10
It 112500  10628 | T(s) 1607.54 | Feas 51 194285.50 194286.40 | Inf 63 193911.19 194253.32 | Div 0.02 0.12 | Feas 0.28 1.00 | Pen 42.86 0.10
It 113000  11128 | T(s) 1614.09 | Feas 59 194285.50 194292.53 | Inf 42 195988.74 196540.74 | Div 0.05 0.10 | Feas 0.00 1.00 | Pen 52.47 0.10
It 113500  11628 | T(s) 1620.30 | Feas 59 194285.50 194286.21 | Inf 55 193977.18 194109.00 | Div 0.02 0.09 | Feas 0.29 1.00 | Pen 44.60 0.10
It 114000  12128 | T(s) 1626.70 | Feas 42 194285.50 194286.51 | Inf 46 194123.28 194302.03 | Div 0.02 0.09 | Feas 0.32 1.00 | Pen 45.49 0.10
It 114500  12628 | T(s) 1633.29 | Feas 54 194285.50 194286.20 | Inf 28 194291.00 194630.83 | Div 0.02 0.18 | Feas 0.19 1.00 | Pen 55.68 0.10
It 115000  13128 | T(s) 1639.47 | Feas 28 194285.50 194306.14 | Inf 35 194502.84 194629.84 | Div 0.06 0.12 | Feas 0.00 1.00 | Pen 57.93 0.10
It 115500  13628 | T(s) 1645.42 | Feas 56 194285.50 194286.24 | Inf 25 194300.55 194555.48 | Div 0.02 0.18 | Feas 0.32 1.00 | Pen 60.27 0.10
It 116000  14128 | T(s) 1651.09 | Feas 25 194285.50 194293.98 | Inf 31 194272.89 194401.93 | Div 0.04 0.15 | Feas 0.23 1.00 | Pen 51.23 0.10
It 116500    306 | T(s) 1656.77 | Feas 34 194281.17 194295.29 | Inf 33 194303.46 194360.77 | Div 0.06 0.10 | Feas 0.14 1.00 | Pen 73.77 0.10
It 117000     37 | T(s) 1662.56 | Feas 64 194274.88 194288.57 | Inf 42 194283.65 194345.50 | Div 0.05 0.11 | Feas 0.16 1.00 | Pen 62.70 0.10
It 117500    281 | T(s) 1668.36 | Feas 29 194274.45 194301.62 | Inf 31 194991.88 195314.59 | Div 0.07 0.13 | Feas 0.00 1.00 | Pen 54.36 0.10
It 118000    781 | T(s) 1674.82 | Feas 34 194274.45 194277.78 | Inf 27 194277.92 194501.75 | Div 0.04 0.18 | Feas 0.16 1.00 | Pen 54.36 0.10
It 118500   1281 | T(s) 1680.47 | Feas 49 194274.45 194285.25 | Inf 56 194436.94 194694.44 | Div 0.05 0.07 | Feas 0.00 1.00 | Pen 55.45 0.10
It 119000   1781 | T(s) 1686.59 | Feas 33 194274.45 194286.74 | Inf 55 194386.21 194516.45 | Div 0.05 0.06 | Feas 0.00 1.00 | Pen 57.69 0.10
It 119500   2281 | T(s) 1692.75 | Feas 58 194274.45 194288.41 | Inf 53 194385.41 194567.03 | Div 0.06 0.07 | Feas 0.01 1.00 | Pen 58.84 0.10
It 120000     58 | T(s) 1698.93 | Feas 34 194273.55 194430.96 | Inf 32 194292.36 194565.89 | Div 0.11 0.13 | Feas 0.09 1.00 | Pen 60.02 0.10
It 120500    230 | T(s) 1705.17 | Feas 62 194273.14 194278.19 | Inf 25 194296.29 194536.48 | Div 0.04 0.20 | Feas 0.23 1.00 | Pen 72.03 0.10
It 121000    730 | T(s) 1710.65 | Feas 56 194273.14 194274.59 | Inf 37 194275.78 194298.89 | Div 0.03 0.09 | Feas 0.21 1.00 | Pen 52.04 0.10
It 121500   1230 | T(s) 1716.69 | Feas 63 194273.14 194274.13 | Inf 38 194275.81 194599.82 | Div 0.02 0.19 | Feas 0.19 1.00 | Pen 53.08 0.10
It 122000   1730 | T(s) 1722.92 | Feas 49 194273.14 194275.00 | Inf 59 194287.50 194386.56 | Div 0.04 0.11 | Feas 0.39 1.00 | Pen 64.97 0.10
It 122500   2230 | T(s) 1728.60 | Feas 30 194273.14 194279.73 | Inf 51 194312.25 194809.32 | Div 0.06 0.17 | Feas 0.14 1.00 | Pen 67.59 0.10
It 123000   2730 | T(s) 1734.27 | Feas 58 194273.14 194274.10 | Inf 27 194280.23 194394.45 | Div 0.03 0.16 | Feas 0.19 1.00 | Pen 57.45 0.10
It 123500   3230 | T(s) 1740.13 | Feas 47 194273.14 194273.56 | Inf 51 194309.25 194469.54 | Div 0.01 0.18 | Feas 0.31 1.00 | Pen 49.81 0.10
It 124000   3730 | T(s) 1746.88 | Feas 46 194273.14 194273.96 | Inf 64 194301.40 194827.93 | Div 0.03 0.16 | Feas 0.10 1.00 | Pen 62.19 0.10
It 124500   4230 | T(s) 1752.66 | Feas 54 194273.14 194273.89 | Inf 47 194284.89 194396.46 | Div 0.03 0.13 | Feas 0.20 1.00 | Pen 62.19 0.10
It 125000   4730 | T(s) 1759.07 | Feas 62 194273.14 194273.42 | Inf 39 194315.29 194679.00 | Div 0.01 0.21 | Feas 0.23 1.00 | Pen 53.92 0.10
It 125500    329 | T(s) 1765.45 | Feas 61 194270.18 194337.25 | Inf 43 194306.06 194384.35 | Div 0.10 0.12 | Feas 0.22 1.00 | Pen 77.64 0.10
It 126000    829 | T(s) 1771.48 | Feas 45 194270.18 194283.63 | Inf 59 194293.92 194312.85 | Div 0.08 0.08 | Feas 0.18 1.00 | Pen 66.00 0.10
It 126500     29 | T(s) 1777.59 | Feas 30 194253.31 194301.47 | Inf 55 194337.82 194619.66 | Div 0.11 0.21 | Feas 0.17 1.00 | Pen 57.22 0.10
It 127000    529 | T(s) 1784.08 | Feas 40 194253.31 194275.76 | Inf 45 194282.48 194470.04 | Div 0.08 0.16 | Feas 0.28 1.00 | Pen 70.04 0.10
It 127500    437 | T(s) 1790.33 | Feas 52 194252.88 194264.33 | Inf 42 194283.63 194342.41 | Div 0.06 0.10 | Feas 0.18 1.00 | Pen 71.44 0.10
It 128000    255 | T(s) 1796.14 | Feas 32 194252.39 194271.76 | Inf 62 194262.86 194282.28 | Div 0.08 0.07 | Feas 0.19 1.00 | Pen 60.72 0.10
It 128500     17 | T(s) 1801.80 | Feas 56 194246.42 194261.56 | Inf 49 194262.65 194290.45 | Div 0.06 0.09 | Feas 0.24 1.00 | Pen 60.72 0.10
It 129000    517 | T(s) 1807.15 | Feas 65 194246.42 194249.01 | Inf 62 194010.68 194230.20 | Div 0.03 0.05 | Feas 0.28 1.00 | Pen 43.87 0.10
It 129500   1017 | T(s) 1814.18 | Feas 53 194246.42 194247.77 | Inf 32 194251.51 194402.60 | Div 0.03 0.14 | Feas 0.30 1.00 | Pen 54.77 0.10
It 130000    155 | T(s) 1820.07 | Feas 62 194245.02 194247.30 | Inf 32 194251.39 194510.85 | Div 0.02 0.20 | Feas 0.21 1.00 | Pen 55.87 0.10
It 130500    655 | T(s) 1825.99 | Feas 43 194245.02 194249.31 | Inf 31 194354.83 194675.65 | Div 0.04 0.23 | Feas 0.21 1.00 | Pen 56.99 0.10
It 131000   1155 | T(s) 1832.20 | Feas 35 194245.02 194252.19 | Inf 27 194296.81 194474.84 | Div 0.06 0.20 | Feas 0.18 1.00 | Pen 56.99 0.10
It 131500   1655 | T(s) 1838.79 | Feas 45 194245.02 194259.59 | Inf 38 194292.83 194625.56 | Div 0.07 0.21 | Feas 0.13 1.00 | Pen 69.75 0.10
It 132000    318 | T(s) 1845.08 | Feas 40 194244.58 194250.86 | Inf 57 194252.30 194321.58 | Div 0.05 0.11 | Feas 0.28 1.00 | Pen 50.39 0.10
It 132500     24 | T(s) 1850.82 | Feas 61 194244.46 194246.78 | Inf 40 194247.46 194322.10 | Div 0.03 0.12 | Feas 0.18 1.00 | Pen 51.40 0.10
It 133000     21 | T(s) 1856.36 | Feas 43 194244.22 194250.74 | Inf 54 193897.70 194030.72 | Div 0.04 0.04 | Feas 0.32 1.00 | Pen 43.69 0.10
It 133500    521 | T(s) 1863.20 | Feas 34 194244.22 194252.31 | Inf 59 194280.79 194380.83 | Div 0.05 0.11 | Feas 0.39 1.00 | Pen 64.17 0.10
It 134000   1021 | T(s) 1868.85 | Feas 33 194244.22 194246.35 | Inf 65 194109.19 194263.36 | Div 0.03 0.08 | Feas 0.27 1.00 | Pen 46.37 0.10
It 134500   1521 | T(s) 1874.93 | Feas 33 194244.22 194248.05 | Inf 64 194240.62 194278.39 | Div 0.04 0.06 | Feas 0.28 1.00 | Pen 47.29 0.10
It 135000   2021 | T(s) 1880.77 | Feas 50 194244.22 194245.30 | Inf 64 194251.21 194347.92 | Div 0.02 0.11 | Feas 0.25 1.00 | Pen 57.89 0.10
It 135500     56 | T(s) 1887.10 | Feas 55 194244.18 194244.91 | Inf 38 194276.03 194717.59 | Div 0.02 0.21 | Feas 0.19 1.00 | Pen 70.85 0.10
It 136000    556 | T(s) 1893.34 | Feas 44 194244.18 194246.38 | Inf 60 194273.52 194337.84 | Div 0.03 0.08 | Feas 0.20 1.00 | Pen 72.27 0.10
It 136500   1056 | T(s) 1898.64 | Feas 58 194244.18 194244.71 | Inf 50 194126.50 194239.40 | Div 0.02 0.05 | Feas 0.34 1.00 | Pen 44.38 0.10
It 137000   1556 | T(s) 1905.32 | Feas 51 194244.18 194244.70 | Inf 64 194249.10 194393.59 | Div 0.02 0.10 | Feas 0.26 1.00 | Pen 55.41 0.10
It 137500   2056 | T(s) 1911.01 | Feas 61 194244.18 194245.88 | Inf 62 194301.56 194476.46 | Div 0.03 0.05 | Feas 0.00 1.00 | Pen 57.65 0.10
It 138000   2556 | T(s) 1916.92 | Feas 60 194244.18 194244.72 | Inf 46 194304.64 194452.18 | Div 0.02 0.14 | Feas 0.29 1.00 | Pen 59.98 0.10
It 138500   3056 | T(s) 1922.76 | Feas 57 194244.18 194244.67 | Inf 53 194241.06 194295.46 | Div 0.01 0.10 | Feas 0.30 1.00 | Pen 52.00 0.10
It 139000   3556 | T(s) 1929.39 | Feas 25 194244.18 194259.18 | Inf 54 194247.54 194461.98 | Div 0.05 0.14 | Feas 0.23 1.00 | Pen 53.04 0.10
It 139500   4056 | T(s) 1934.96 | Feas 27 194244.18 194250.67 | Inf 59 194064.46 194250.64 | Div 0.05 0.06 | Feas 0.34 1.00 | Pen 45.09 0.10
It 140000   4556 | T(s) 1941.79 | Feas 28 194244.18 194269.55 | Inf 29 194070.42 194402.03 | Div 0.06 0.20 | Feas 0.26 1.00 | Pen 45.99 0.10
It 140500   5056 | T(s) 1948.34 | Feas 56 194244.18 194244.82 | Inf 45 194172.95 194276.40 | Div 0.02 0.08 | Feas 0.26 1.00 | Pen 47.85 0.10
It 141000     94 | T(s) 1954.32 | Feas 55 194242.26 194247.72 | Inf 52 194251.84 194341.99 | Div 0.04 0.11 | Feas 0.19 1.00 | Pen 57.41 0.10
It 141500    434 | T(s) 1960.05 | Feas 57 194242.19 194246.23 | Inf 57 194309.27 194542.67 | Div 0.05 0.17 | Feas 0.19 1.00 | Pen 58.56 0.10
It 142000    389 | T(s) 1966.28 | Feas 28 194241.79 194254.66 | Inf 49 194280.22 194385.86 | Div 0.06 0.14 | Feas 0.17 1.00 | Pen 59.73 0.10
It 142500    889 | T(s) 1972.24 | Feas 62 194241.79 194243.03 | Inf 27 194289.66 194383.22 | Div 0.03 0.14 | Feas 0.25 1.00 | Pen 71.68 0.10
It 143000   1389 | T(s) 1978.03 | Feas 47 194241.79 194244.21 | Inf 37 194255.80 194460.90 | Div 0.04 0.15 | Feas 0.13 1.00 | Pen 62.15 0.10
It 143500   1889 | T(s) 1983.75 | Feas 51 194241.79 194245.57 | Inf 57 194239.38 194253.98 | Div 0.04 0.07 | Feas 0.27 1.00 | Pen 53.88 0.10
It 144000   2389 | T(s) 1989.56 | Feas 46 194241.79 194243.31 | Inf 42 194239.38 194260.54 | Div 0.04 0.08 | Feas 0.25 1.00 | Pen 53.88 0.10
It 144500    367 | T(s) 1995.50 | Feas 27 194235.03 194263.07 | Inf 38 194243.40 194294.63 | Div 0.08 0.10 | Feas 0.25 1.00 | Pen 64.66 0.10
It 145000    867 | T(s) 2001.53 | Feas 29 194235.03 194280.51 | Inf 61 194256.34 194310.23 | Div 0.09 0.09 | Feas 0.24 1.00 | Pen 77.59 0.10
It 145500   1367 | T(s) 2007.12 | Feas 62 194235.03 194240.68 | Inf 34 194234.80 194291.31 | Div 0.04 0.10 | Feas 0.19 1.00 | Pen 56.06 0.10
It 146000   1867 | T(s) 2013.14 | Feas 50 194235.03 194238.95 | Inf 36 194266.65 194551.48 | Div 0.04 0.18 | Feas 0.15 1.00 | Pen 68.62 0.10
It 146500   2367 | T(s) 2019.66 | Feas 40 194235.03 194240.74 | Inf 25 194266.04 194558.76 | Div 0.05 0.19 | Feas 0.15 1.00 | Pen 83.99 0.10
It 147000   2867 | T(s) 2025.14 | Feas 44 194235.03 194241.06 | Inf 65 194240.64 194253.32 | Div 0.05 0.06 | Feas 0.19 1.00 | Pen 61.89 0.10
It 147500   3367 | T(s) 2030.39 | Feas 63 194235.03 194237.84 | Inf 35 194241.88 194250.06 | Div 0.03 0.06 | Feas 0.25 1.00 | Pen 63.13 0.10
It 148000   3867 | T(s) 2036.76 | Feas 55 194235.03 194238.18 | Inf 33 194312.46 194635.39 | Div 0.03 0.19 | Feas 0.20 1.00 | Pen 65.68 0.10
It 148500   4367 | T(s) 2042.93 | Feas 30 194235.03 194238.88 | Inf 64 194302.37 194347.32 | Div 0.04 0.09 | Feas 0.19 1.00 | Pen 67.00 0.10
It 149000   4867 | T(s) 2049.18 | Feas 40 194235.03 194237.45 | Inf 53 194299.81 194484.40 | Div 0.03 0.14 | Feas 0.25 1.00 | Pen 69.70 0.10
It 149500   5367 | T(s) 2054.74 | Feas 56 194235.03 194236.79 | Inf 61 194209.41 194289.67 | Div 0.02 0.10 | Feas 0.22 1.00 | Pen 50.36 0.10
It 150000     68 | T(s) 2060.69 | Feas 35 194224.12 194237.17 | Inf 43 194235.51 194252.86 | Div 0.03 0.07 | Feas 0.20 1.00 | Pen 51.37 0.10
It 150500    568 | T(s) 2066.88 | Feas 53 194224.12 194237.20 | Inf 43 194261.57 194723.20 | Div 0.03 0.20 | Feas 0.19 1.00 | Pen 52.39 0.10
It 151000    219 | T(s) 2072.92 | Feas 61 194223.67 194229.22 | Inf 37 194237.43 194304.74 | Div 0.04 0.11 | Feas 0.16 1.00 | Pen 52.39 0.10
It 151500    111 | T(s) 2078.53 | Feas 45 194218.69 194229.73 | Inf 58 194226.34 194259.40 | Div 0.05 0.08 | Feas 0.21 1.00 | Pen 52.39 0.10
It 152000    611 | T(s) 2084.56 | Feas 54 194218.69 194241.05 | Inf 58 194236.82 194313.81 | Div 0.07 0.11 | Feas 0.17 1.00 | Pen 62.87 0.10
It 152500    256 | T(s) 2090.56 | Feas 27 194212.08 194266.51 | Inf 44 194231.97 194297.38 | Div 0.10 0.10 | Feas 0.21 1.00 | Pen 64.13 0.10
It 153000    349 | T(s) 2096.67 | Feas 65 194210.34 194222.53 | Inf 26 194418.78 194827.65 | Div 0.06 0.19 | Feas 0.00 1.00 | Pen 56.71 0.10
It 153500    849 | T(s) 2103.20 | Feas 48 194210.34 194220.25 | Inf 30 194263.85 194708.04 | Div 0.05 0.23 | Feas 0.14 1.00 | Pen 69.42 0.10
It 154000    400 | T(s) 2109.44 | Feas 27 194209.86 194222.03 | Inf 44 194244.59 194325.21 | Div 0.06 0.14 | Feas 0.26 1.00 | Pen 50.15 0.10
It 154500    900 | T(s) 2115.43 | Feas 27 194209.86 194230.38 | Inf 33 194255.82 194496.54 | Div 0.08 0.18 | Feas 0.15 1.00 | Pen 61.39 0.10
It 155000   1400 | T(s) 2121.63 | Feas 38 194209.86 194215.83 | Inf 58 194248.49 194305.06 | Div 0.04 0.11 | Feas 0.21 1.00 | Pen 62.62 0.10
It 155500   1900 | T(s) 2127.76 | Feas 37 194209.86 194212.90 | Inf 60 194232.24 194425.43 | Div 0.03 0.12 | Feas 0.21 1.00 | Pen 65.15 0.10
It 156000   2400 | T(s) 2133.39 | Feas 49 194209.86 194214.33 | Inf 46 194370.76 194640.88 | Div 0.04 0.10 | Feas 0.00 1.00 | Pen 56.48 0.10
It 156500   2900 | T(s) 2139.65 | Feas 39 194209.86 194212.71 | Inf 55 194234.54 194424.23 | Div 0.03 0.14 | Feas 0.23 1.00 | Pen 69.13 0.10
It 157000    426 | T(s) 2145.64 | Feas 28 194209.58 194213.74 | Inf 44 194232.73 194308.83 | Div 0.05 0.12 | Feas 0.22 1.00 | Pen 70.52 0.10
It 157500    926 | T(s) 2151.47 | Feas 40 194209.58 194212.14 | Inf 54 194219.10 194264.95 | Div 0.03 0.10 | Feas 0.30 1.00 | Pen 59.94 0.10
It 158000   1426 | T(s) 2157.26 | Feas 55 194209.58 194210.96 | Inf 40 194219.87 194330.31 | Div 0.02 0.13 | Feas 0.15 1.00 | Pen 61.14 0.10
It 158500   1926 | T(s) 2162.97 | Feas 29 194209.58 194212.98 | Inf 55 194208.03 194271.68 | Div 0.04 0.13 | Feas 0.30 1.00 | Pen 53.01 0.10
It 159000   2426 | T(s) 2169.45 | Feas 45 194209.58 194214.44 | Inf 52 194279.48 194428.84 | Div 0.04 0.13 | Feas 0.19 1.00 | Pen 55.15 0.10
It 159500   2926 | T(s) 2175.73 | Feas 59 194209.58 194211.47 | Inf 59 194226.62 194348.48 | Div 0.02 0.12 | Feas 0.16 1.00 | Pen 67.50 0.10
It 160000   3426 | T(s) 2181.66 | Feas 27 194209.58 194214.55 | Inf 49 194235.68 194482.62 | Div 0.04 0.09 | Feas 0.00 1.00 | Pen 58.52 0.10
It 160500   3926 | T(s) 2188.03 | Feas 64 194209.58 194210.83 | Inf 60 194214.13 194421.25 | Div 0.02 0.14 | Feas 0.16 1.00 | Pen 59.69 0.10
It 161000   4426 | T(s) 2193.95 | Feas 41 194209.58 194214.64 | Inf 43 196077.07 196642.19 | Div 0.05 0.11 | Feas 0.00 1.00 | Pen 51.75 0.10
It 161500   4926 | T(s) 2200.61 | Feas 61 194209.58 194262.15 | Inf 35 194857.97 195612.28 | Div 0.06 0.17 | Feas 0.00 1.00 | Pen 53.84 0.10
It 162000   5426 | T(s) 2206.96 | Feas 63 194209.58 194210.91 | Inf 65 194259.23 194453.91 | Div 0.02 0.14 | Feas 0.23 1.00 | Pen 64.61 0.10
It 162500   5926 | T(s) 2212.75 | Feas 50 194209.58 194210.50 | Inf 40 194215.94 194329.84 | Div 0.02 0.13 | Feas 0.21 1.00 | Pen 54.92 0.10
It 163000   6426 | T(s) 2218.61 | Feas 54 194209.58 194210.76 | Inf 47 194278.85 194447.32 | Div 0.02 0.06 | Feas 0.00 1.00 | Pen 57.14 0.10
It 163500   6926 | T(s) 2225.06 | Feas 25 194209.58 194216.94 | Inf 56 194259.49 194380.78 | Div 0.04 0.10 | Feas 0.14 1.00 | Pen 69.94 0.10
It 164000   7426 | T(s) 2230.91 | Feas 59 194209.58 194210.62 | Inf 35 194245.98 194414.26 | Div 0.02 0.12 | Feas 0.14 1.00 | Pen 60.64 0.10
It 164500   7926 | T(s) 2236.61 | Feas 51 194209.58 194210.27 | Inf 36 194204.13 194213.84 | Div 0.01 0.06 | Feas 0.27 1.00 | Pen 44.69 0.10
It 165000   8426 | T(s) 2243.46 | Feas 49 194209.58 194211.05 | Inf 47 194269.56 194547.11 | Div 0.02 0.16 | Feas 0.29 1.00 | Pen 65.64 0.10
It 165500   8926 | T(s) 2249.50 | Feas 40 194209.58 194211.09 | Inf 30 194210.49 194338.92 | Div 0.02 0.14 | Feas 0.25 1.00 | Pen 55.79 0.10
It 166000   9426 | T(s) 2255.79 | Feas 48 194209.58 194210.73 | Inf 33 194243.96 194477.65 | Div 0.02 0.17 | Feas 0.23 1.00 | Pen 68.29 0.10
It 166500   9926 | T(s) 2261.74 | Feas 30 194209.58 194211.09 | Inf 54 194217.21 194310.89 | Div 0.02 0.12 | Feas 0.22 1.00 | Pen 58.05 0.10
It 167000  10426 | T(s) 2267.50 | Feas 32 194209.58 194210.78 | Inf 39 194178.42 194262.42 | Div 0.02 0.12 | Feas 0.29 1.00 | Pen 50.33 0.10
It 167500  10926 | T(s) 2274.26 | Feas 28 194209.58 194227.13 | Inf 38 194220.57 194386.62 | Div 0.04 0.11 | Feas 0.23 1.00 | Pen 61.60 0.10
It 168000  11426 | T(s) 2280.39 | Feas 54 194209.58 194211.53 | Inf 35 194487.51 195087.24 | Div 0.03 0.22 | Feas 0.11 1.00 | Pen 64.09 0.10
It 168500  11926 | T(s) 2286.76 | Feas 34 194209.58 194211.46 | Inf 64 194215.82 194433.66 | Div 0.03 0.12 | Feas 0.22 1.00 | Pen 55.56 0.10
It 169000  12426 | T(s) 2292.14 | Feas 30 194209.58 194210.99 | Inf 42 194217.19 194510.43 | Div 0.02 0.13 | Feas 0.24 1.00 | Pen 56.67 0.10
It 169500  12926 | T(s) 2298.17 | Feas 47 194209.58 194211.14 | Inf 26 194118.42 194653.38 | Div 0.02 0.24 | Feas 0.28 1.00 | Pen 49.14 0.10
It 170000  13426 | T(s) 2304.50 | Feas 60 194209.58 194210.71 | Inf 63 194223.45 194323.61 | Div 0.02 0.12 | Feas 0.26 1.00 | Pen 50.12 0.10
It 170500  13926 | T(s) 2310.31 | Feas 56 194209.58 194210.20 | Inf 64 194139.49 194143.20 | Div 0.01 0.03 | Feas 0.18 1.00 | Pen 50.12 0.10
It 171000  14426 | T(s) 2316.80 | Feas 59 194209.58 194210.79 | Inf 40 194420.36 194890.40 | Div 0.02 0.17 | Feas 0.08 1.00 | Pen 61.35 0.10
It 171500  14926 | T(s) 2322.85 | Feas 41 194209.58 194210.72 | Inf 50 194217.96 194336.95 | Div 0.02 0.12 | Feas 0.24 1.00 | Pen 52.14 0.10
It 172000  15426 | T(s) 2329.60 | Feas 31 194209.58 194215.36 | Inf 65 194505.79 195118.31 | Div 0.04 0.10 | Feas 0.00 1.00 | Pen 54.25 0.10
It 172500  15926 | T(s) 2336.10 | Feas 25 194209.58 194215.57 | Inf 41 194218.76 194358.73 | Div 0.04 0.11 | Feas 0.23 1.00 | Pen 55.34 0.10
It 173000  16426 | T(s) 2342.00 | Feas 52 194209.58 194210.47 | Inf 46 194078.08 194207.08 | Div 0.02 0.09 | Feas 0.31 1.00 | Pen 48.94 0.10
It 173500  16926 | T(s) 2347.79 | Feas 56 194209.58 194210.17 | Inf 33 194239.16 194383.53 | Div 0.01 0.14 | Feas 0.30 1.00 | Pen 50.91 0.10
It 174000  17426 | T(s) 2353.49 | Feas 46 194209.58 194210.46 | Inf 50 194172.85 194205.70 | Div 0.02 0.05 | Feas 0.22 1.00 | Pen 50.91 0.10
It 174500  17926 | T(s) 2360.16 | Feas 36 194209.58 194211.27 | Inf 50 194211.66 194387.81 | Div 0.02 0.11 | Feas 0.26 1.00 | Pen 52.97 0.10
It 175000  18426 | T(s) 2366.60 | Feas 51 194209.58 194210.59 | Inf 54 194226.31 194697.04 | Div 0.02 0.19 | Feas 0.23 1.00 | Pen 64.83 0.10
It 175500  18926 | T(s) 2372.49 | Feas 43 194209.58 194215.54 | Inf 41 194400.68 194678.36 | Div 0.03 0.10 | Feas 0.00 1.00 | Pen 56.21 0.10
It 176000  19426 | T(s) 2378.57 | Feas 26 194209.58 194216.45 | Inf 27 194217.40 194585.82 | Div 0.04 0.21 | Feas 0.24 1.00 | Pen 57.34 0.10
It 176500  19926 | T(s) 2384.56 | Feas 64 194209.58 194210.58 | Inf 50 194152.37 194423.71 | Div 0.02 0.17 | Feas 0.34 1.00 | Pen 50.70 0.10
----- GENETIC ALGORITHM FINISHED AFTER 176576 ITERATIONS. TIME SPENT: 2385.53
----- WRITING BEST SOLUTION IN : baseline_results/cvrp_hgs/Vrp-Set-X-n837/Vrp-Set-X-n837-hgs/0.hgs1.tour
