PARAMETER_FILE = baseline_results/cvrp_lkh/Vrp-Set-X-n856/Vrp-Set-X-n856-lkh/0.lkh1.par
Reading PROBLEM_FILE: "baseline_results/cvrp_lkh/Vrp-Set-X-n856/Vrp-Set-X-n856-lkh/0.lkh1.vrp" ... done
ASCENT_CANDIDATES = 50
BACKBONE_TRIALS = 0
BACKTRACKING = NO
# BWTSP =
# CANDIDATE_FILE =
CANDIDATE_SET_TYPE = ALPHA
# DISTANCE =
DEPOT = 1
# EDGE_FILE =
EXCESS = 0.00116822
EXTERNAL_SALESMEN = 0
EXTRA_CANDIDATES = 0 
EXTRA_CANDIDATE_SET_TYPE = QUADRANT
GAIN23 = NO
GAIN_CRITERION = YES
INITIAL_PERIOD = 428
INITIAL_STEP_SIZE = 1
INITIAL_TOUR_ALGORITHM = WALK
# INITIAL_TOUR_FILE = 
INITIAL_TOUR_FRACTION = 1.000
# INPUT_TOUR_FILE = 
KICK_TYPE = 4
KICKS = 1
# MAX_BREADTH =
MAKESPAN = NO
MAX_CANDIDATES = 5 
MAX_SWAPS = 0
MAX_TRIALS = 10000
# MERGE_TOUR_FILE =
MOVE_TYPE = 5 SPECIAL
MTSP_MIN_SIZE = 1
MTSP_MAX_SIZE = 855
# MTSP_SOLUTION_FILE = 
# NONSEQUENTIAL_MOVE_TYPE = 5
# OPTIMUM =
OUTPUT_TOUR_FILE = baseline_results/cvrp_lkh/Vrp-Set-X-n856/Vrp-Set-X-n856-lkh/0.lkh1.tour
PATCHING_A = 1 
PATCHING_C = 0 
# PI_FILE = 
POPMUSIC_INITIAL_TOUR = NO
POPMUSIC_MAX_NEIGHBORS = 5
POPMUSIC_SAMPLE_SIZE = 10
POPMUSIC_SOLUTIONS = 50
POPMUSIC_TRIALS = 1
POPULATION_SIZE = 10
PRECISION = 100
PROBLEM_FILE = baseline_results/cvrp_lkh/Vrp-Set-X-n856/Vrp-Set-X-n856-lkh/0.lkh1.vrp
RECOMBINATION = IPT
RESTRICTED_SEARCH = YES
RUNS = 1
SALESMEN = 95
SCALE = 1
SEED = 1234
# SINTEF_SOLUTION_FILE = 
STOP_AT_OPTIMUM = YES
SUBGRADIENT = YES
# SUBPROBLEM_SIZE =
# SUBPROBLEM_TOUR_FILE = 
SUBSEQUENT_MOVE_TYPE = 5 SPECIAL
SUBSEQUENT_PATCHING = YES
# TIME_LIMIT =
# TOTAL_TIME_LIMIT =
# TOUR_FILE = 
TRACE_LEVEL = 1
VEHICLES = 95

Lower bound = 4965557.2, Ascent time = 0.81 sec.
Cand.min = 2, Cand.avg = 5.0, Cand.max = 5
Preprocessing time = 0.82 sec.
* 1: Cost = 1_9630160, Time = 2.71 sec. 
* 2: Cost = 1_9436033, Time = 3.64 sec. 
* 5: Cost = 1_9426627, Time = 4.18 sec. 
* 9: Cost = 1_9411580, Time = 4.28 sec. 
* 11: Cost = 1_9408058, Time = 4.30 sec. 
* 12: Cost = 1_9397400, Time = 4.40 sec. 
* 15: Cost = 0_9433361, Time = 4.74 sec. 
Writing OUTPUT_TOUR_FILE: "baseline_results/cvrp_lkh/Vrp-Set-X-n856/Vrp-Set-X-n856-lkh/0.lkh1.tour" ... done
* 16: Cost = 0_9431599, Time = 4.75 sec. 
Writing OUTPUT_TOUR_FILE: "baseline_results/cvrp_lkh/Vrp-Set-X-n856/Vrp-Set-X-n856-lkh/0.lkh1.tour" ... done
* 20: Cost = 0_9374025, Time = 4.96 sec. 
Writing OUTPUT_TOUR_FILE: "baseline_results/cvrp_lkh/Vrp-Set-X-n856/Vrp-Set-X-n856-lkh/0.lkh1.tour" ... done
* 27: Cost = 0_9373855, Time = 4.99 sec. 
Writing OUTPUT_TOUR_FILE: "baseline_results/cvrp_lkh/Vrp-Set-X-n856/Vrp-Set-X-n856-lkh/0.lkh1.tour" ... done
* 28: Cost = 0_9372897, Time = 5.03 sec. 
Writing OUTPUT_TOUR_FILE: "baseline_results/cvrp_lkh/Vrp-Set-X-n856/Vrp-Set-X-n856-lkh/0.lkh1.tour" ... done
* 30: Cost = 0_9371312, Time = 5.04 sec. 
Writing OUTPUT_TOUR_FILE: "baseline_results/cvrp_lkh/Vrp-Set-X-n856/Vrp-Set-X-n856-lkh/0.lkh1.tour" ... done
* 31: Cost = 0_9366333, Time = 5.05 sec. 
Writing OUTPUT_TOUR_FILE: "baseline_results/cvrp_lkh/Vrp-Set-X-n856/Vrp-Set-X-n856-lkh/0.lkh1.tour" ... done
* 34: Cost = 0_9337277, Time = 5.09 sec. 
Writing OUTPUT_TOUR_FILE: "baseline_results/cvrp_lkh/Vrp-Set-X-n856/Vrp-Set-X-n856-lkh/0.lkh1.tour" ... done
* 35: Cost = 0_9336947, Time = 5.10 sec. 
Writing OUTPUT_TOUR_FILE: "baseline_results/cvrp_lkh/Vrp-Set-X-n856/Vrp-Set-X-n856-lkh/0.lkh1.tour" ... done
* 41: Cost = 0_9335993, Time = 5.16 sec. 
Writing OUTPUT_TOUR_FILE: "baseline_results/cvrp_lkh/Vrp-Set-X-n856/Vrp-Set-X-n856-lkh/0.lkh1.tour" ... done
* 44: Cost = 0_9334903, Time = 5.23 sec. 
Writing OUTPUT_TOUR_FILE: "baseline_results/cvrp_lkh/Vrp-Set-X-n856/Vrp-Set-X-n856-lkh/0.lkh1.tour" ... done
* 46: Cost = 0_9334554, Time = 5.24 sec. 
Writing OUTPUT_TOUR_FILE: "baseline_results/cvrp_lkh/Vrp-Set-X-n856/Vrp-Set-X-n856-lkh/0.lkh1.tour" ... done
* 47: Cost = 0_9331194, Time = 5.25 sec. 
Writing OUTPUT_TOUR_FILE: "baseline_results/cvrp_lkh/Vrp-Set-X-n856/Vrp-Set-X-n856-lkh/0.lkh1.tour" ... done
* 50: Cost = 0_9328219, Time = 5.30 sec. 
Writing OUTPUT_TOUR_FILE: "baseline_results/cvrp_lkh/Vrp-Set-X-n856/Vrp-Set-X-n856-lkh/0.lkh1.tour" ... done
* 53: Cost = 0_9327633, Time = 5.33 sec. 
Writing OUTPUT_TOUR_FILE: "baseline_results/cvrp_lkh/Vrp-Set-X-n856/Vrp-Set-X-n856-lkh/0.lkh1.tour" ... done
* 54: Cost = 0_9326996, Time = 5.33 sec. 
Writing OUTPUT_TOUR_FILE: "baseline_results/cvrp_lkh/Vrp-Set-X-n856/Vrp-Set-X-n856-lkh/0.lkh1.tour" ... done
* 61: Cost = 0_9323289, Time = 5.41 sec. 
Writing OUTPUT_TOUR_FILE: "baseline_results/cvrp_lkh/Vrp-Set-X-n856/Vrp-Set-X-n856-lkh/0.lkh1.tour" ... done
* 62: Cost = 0_9321464, Time = 5.42 sec. 
Writing OUTPUT_TOUR_FILE: "baseline_results/cvrp_lkh/Vrp-Set-X-n856/Vrp-Set-X-n856-lkh/0.lkh1.tour" ... done
* 65: Cost = 0_9315909, Time = 5.45 sec. 
Writing OUTPUT_TOUR_FILE: "baseline_results/cvrp_lkh/Vrp-Set-X-n856/Vrp-Set-X-n856-lkh/0.lkh1.tour" ... done
* 70: Cost = 0_9308009, Time = 5.49 sec. 
Writing OUTPUT_TOUR_FILE: "baseline_results/cvrp_lkh/Vrp-Set-X-n856/Vrp-Set-X-n856-lkh/0.lkh1.tour" ... done
* 74: Cost = 0_9305970, Time = 5.51 sec. 
Writing OUTPUT_TOUR_FILE: "baseline_results/cvrp_lkh/Vrp-Set-X-n856/Vrp-Set-X-n856-lkh/0.lkh1.tour" ... done
* 75: Cost = 0_9305526, Time = 5.52 sec. 
Writing OUTPUT_TOUR_FILE: "baseline_results/cvrp_lkh/Vrp-Set-X-n856/Vrp-Set-X-n856-lkh/0.lkh1.tour" ... done
* 79: Cost = 0_9304068, Time = 5.75 sec. 
Writing OUTPUT_TOUR_FILE: "baseline_results/cvrp_lkh/Vrp-Set-X-n856/Vrp-Set-X-n856-lkh/0.lkh1.tour" ... done
* 80: Cost = 0_9301286, Time = 5.78 sec. 
Writing OUTPUT_TOUR_FILE: "baseline_results/cvrp_lkh/Vrp-Set-X-n856/Vrp-Set-X-n856-lkh/0.lkh1.tour" ... done
* 82: Cost = 0_9299586, Time = 5.79 sec. 
Writing OUTPUT_TOUR_FILE: "baseline_results/cvrp_lkh/Vrp-Set-X-n856/Vrp-Set-X-n856-lkh/0.lkh1.tour" ... done
* 89: Cost = 0_9294480, Time = 5.86 sec. 
Writing OUTPUT_TOUR_FILE: "baseline_results/cvrp_lkh/Vrp-Set-X-n856/Vrp-Set-X-n856-lkh/0.lkh1.tour" ... done
* 99: Cost = 0_9291747, Time = 5.93 sec. 
Writing OUTPUT_TOUR_FILE: "baseline_results/cvrp_lkh/Vrp-Set-X-n856/Vrp-Set-X-n856-lkh/0.lkh1.tour" ... done
* 110: Cost = 0_9289765, Time = 6.05 sec. 
Writing OUTPUT_TOUR_FILE: "baseline_results/cvrp_lkh/Vrp-Set-X-n856/Vrp-Set-X-n856-lkh/0.lkh1.tour" ... done
* 119: Cost = 0_9288426, Time = 6.19 sec. 
Writing OUTPUT_TOUR_FILE: "baseline_results/cvrp_lkh/Vrp-Set-X-n856/Vrp-Set-X-n856-lkh/0.lkh1.tour" ... done
* 128: Cost = 0_9287484, Time = 6.29 sec. 
Writing OUTPUT_TOUR_FILE: "baseline_results/cvrp_lkh/Vrp-Set-X-n856/Vrp-Set-X-n856-lkh/0.lkh1.tour" ... done
* 131: Cost = 0_9281259, Time = 6.31 sec. 
Writing OUTPUT_TOUR_FILE: "baseline_results/cvrp_lkh/Vrp-Set-X-n856/Vrp-Set-X-n856-lkh/0.lkh1.tour" ... done
* 133: Cost = 0_9279262, Time = 6.32 sec. 
Writing OUTPUT_TOUR_FILE: "baseline_results/cvrp_lkh/Vrp-Set-X-n856/Vrp-Set-X-n856-lkh/0.lkh1.tour" ... done
* 148: Cost = 0_9276816, Time = 6.48 sec. 
Writing OUTPUT_TOUR_FILE: "baseline_results/cvrp_lkh/Vrp-Set-X-n856/Vrp-Set-X-n856-lkh/0.lkh1.tour" ... done
* 150: Cost = 0_9276463, Time = 6.48 sec. 
Writing OUTPUT_TOUR_FILE: "baseline_results/cvrp_lkh/Vrp-Set-X-n856/Vrp-Set-X-n856-lkh/0.lkh1.tour" ... done
* 158: Cost = 0_9257643, Time = 6.66 sec. 
Writing OUTPUT_TOUR_FILE: "baseline_results/cvrp_lkh/Vrp-Set-X-n856/Vrp-Set-X-n856-lkh/0.lkh1.tour" ... done
* 167: Cost = 0_9257266, Time = 6.77 sec. 
Writing OUTPUT_TOUR_FILE: "baseline_results/cvrp_lkh/Vrp-Set-X-n856/Vrp-Set-X-n856-lkh/0.lkh1.tour" ... done
* 172: Cost = 0_9255254, Time = 7.04 sec. 
Writing OUTPUT_TOUR_FILE: "baseline_results/cvrp_lkh/Vrp-Set-X-n856/Vrp-Set-X-n856-lkh/0.lkh1.tour" ... done
* 176: Cost = 0_9220801, Time = 7.10 sec. 
Writing OUTPUT_TOUR_FILE: "baseline_results/cvrp_lkh/Vrp-Set-X-n856/Vrp-Set-X-n856-lkh/0.lkh1.tour" ... done
* 180: Cost = 0_9218479, Time = 7.49 sec. 
Writing OUTPUT_TOUR_FILE: "baseline_results/cvrp_lkh/Vrp-Set-X-n856/Vrp-Set-X-n856-lkh/0.lkh1.tour" ... done
* 187: Cost = 0_9217500, Time = 7.59 sec. 
Writing OUTPUT_TOUR_FILE: "baseline_results/cvrp_lkh/Vrp-Set-X-n856/Vrp-Set-X-n856-lkh/0.lkh1.tour" ... done
* 190: Cost = 0_9217389, Time = 7.60 sec. 
Writing OUTPUT_TOUR_FILE: "baseline_results/cvrp_lkh/Vrp-Set-X-n856/Vrp-Set-X-n856-lkh/0.lkh1.tour" ... done
* 198: Cost = 0_9205866, Time = 7.87 sec. 
Writing OUTPUT_TOUR_FILE: "baseline_results/cvrp_lkh/Vrp-Set-X-n856/Vrp-Set-X-n856-lkh/0.lkh1.tour" ... done
* 205: Cost = 0_9193617, Time = 7.91 sec. 
Writing OUTPUT_TOUR_FILE: "baseline_results/cvrp_lkh/Vrp-Set-X-n856/Vrp-Set-X-n856-lkh/0.lkh1.tour" ... done
* 230: Cost = 0_9173409, Time = 8.48 sec. 
Writing OUTPUT_TOUR_FILE: "baseline_results/cvrp_lkh/Vrp-Set-X-n856/Vrp-Set-X-n856-lkh/0.lkh1.tour" ... done
* 236: Cost = 0_9173206, Time = 8.56 sec. 
Writing OUTPUT_TOUR_FILE: "baseline_results/cvrp_lkh/Vrp-Set-X-n856/Vrp-Set-X-n856-lkh/0.lkh1.tour" ... done
* 240: Cost = 0_9172730, Time = 8.57 sec. 
Writing OUTPUT_TOUR_FILE: "baseline_results/cvrp_lkh/Vrp-Set-X-n856/Vrp-Set-X-n856-lkh/0.lkh1.tour" ... done
* 249: Cost = 0_9172648, Time = 9.06 sec. 
Writing OUTPUT_TOUR_FILE: "baseline_results/cvrp_lkh/Vrp-Set-X-n856/Vrp-Set-X-n856-lkh/0.lkh1.tour" ... done
* 252: Cost = 0_9172336, Time = 9.08 sec. 
Writing OUTPUT_TOUR_FILE: "baseline_results/cvrp_lkh/Vrp-Set-X-n856/Vrp-Set-X-n856-lkh/0.lkh1.tour" ... done
* 261: Cost = 0_9172009, Time = 9.19 sec. 
Writing OUTPUT_TOUR_FILE: "baseline_results/cvrp_lkh/Vrp-Set-X-n856/Vrp-Set-X-n856-lkh/0.lkh1.tour" ... done
* 281: Cost = 0_9171116, Time = 9.28 sec. 
Writing OUTPUT_TOUR_FILE: "baseline_results/cvrp_lkh/Vrp-Set-X-n856/Vrp-Set-X-n856-lkh/0.lkh1.tour" ... done
* 307: Cost = 0_9170816, Time = 9.59 sec. 
Writing OUTPUT_TOUR_FILE: "baseline_results/cvrp_lkh/Vrp-Set-X-n856/Vrp-Set-X-n856-lkh/0.lkh1.tour" ... done
* 315: Cost = 0_9167925, Time = 9.69 sec. 
Writing OUTPUT_TOUR_FILE: "baseline_results/cvrp_lkh/Vrp-Set-X-n856/Vrp-Set-X-n856-lkh/0.lkh1.tour" ... done
* 316: Cost = 0_9167413, Time = 9.79 sec. 
Writing OUTPUT_TOUR_FILE: "baseline_results/cvrp_lkh/Vrp-Set-X-n856/Vrp-Set-X-n856-lkh/0.lkh1.tour" ... done
* 325: Cost = 0_9164709, Time = 9.84 sec. 
Writing OUTPUT_TOUR_FILE: "baseline_results/cvrp_lkh/Vrp-Set-X-n856/Vrp-Set-X-n856-lkh/0.lkh1.tour" ... done
* 347: Cost = 0_9164124, Time = 10.18 sec. 
Writing OUTPUT_TOUR_FILE: "baseline_results/cvrp_lkh/Vrp-Set-X-n856/Vrp-Set-X-n856-lkh/0.lkh1.tour" ... done
* 356: Cost = 0_9163410, Time = 10.23 sec. 
Writing OUTPUT_TOUR_FILE: "baseline_results/cvrp_lkh/Vrp-Set-X-n856/Vrp-Set-X-n856-lkh/0.lkh1.tour" ... done
* 357: Cost = 0_9150724, Time = 10.24 sec. 
Writing OUTPUT_TOUR_FILE: "baseline_results/cvrp_lkh/Vrp-Set-X-n856/Vrp-Set-X-n856-lkh/0.lkh1.tour" ... done
* 363: Cost = 0_9149160, Time = 10.41 sec. 
Writing OUTPUT_TOUR_FILE: "baseline_results/cvrp_lkh/Vrp-Set-X-n856/Vrp-Set-X-n856-lkh/0.lkh1.tour" ... done
* 370: Cost = 0_9148443, Time = 10.78 sec. 
Writing OUTPUT_TOUR_FILE: "baseline_results/cvrp_lkh/Vrp-Set-X-n856/Vrp-Set-X-n856-lkh/0.lkh1.tour" ... done
* 382: Cost = 0_9147860, Time = 10.83 sec. 
Writing OUTPUT_TOUR_FILE: "baseline_results/cvrp_lkh/Vrp-Set-X-n856/Vrp-Set-X-n856-lkh/0.lkh1.tour" ... done
* 389: Cost = 0_9146679, Time = 10.98 sec. 
Writing OUTPUT_TOUR_FILE: "baseline_results/cvrp_lkh/Vrp-Set-X-n856/Vrp-Set-X-n856-lkh/0.lkh1.tour" ... done
* 394: Cost = 0_9146185, Time = 10.99 sec. 
Writing OUTPUT_TOUR_FILE: "baseline_results/cvrp_lkh/Vrp-Set-X-n856/Vrp-Set-X-n856-lkh/0.lkh1.tour" ... done
* 395: Cost = 0_9144990, Time = 10.99 sec. 
Writing OUTPUT_TOUR_FILE: "baseline_results/cvrp_lkh/Vrp-Set-X-n856/Vrp-Set-X-n856-lkh/0.lkh1.tour" ... done
* 412: Cost = 0_9137200, Time = 11.09 sec. 
Writing OUTPUT_TOUR_FILE: "baseline_results/cvrp_lkh/Vrp-Set-X-n856/Vrp-Set-X-n856-lkh/0.lkh1.tour" ... done
* 424: Cost = 0_9136256, Time = 11.12 sec. 
Writing OUTPUT_TOUR_FILE: "baseline_results/cvrp_lkh/Vrp-Set-X-n856/Vrp-Set-X-n856-lkh/0.lkh1.tour" ... done
* 426: Cost = 0_9136182, Time = 11.13 sec. 
Writing OUTPUT_TOUR_FILE: "baseline_results/cvrp_lkh/Vrp-Set-X-n856/Vrp-Set-X-n856-lkh/0.lkh1.tour" ... done
* 439: Cost = 0_9136055, Time = 11.24 sec. 
Writing OUTPUT_TOUR_FILE: "baseline_results/cvrp_lkh/Vrp-Set-X-n856/Vrp-Set-X-n856-lkh/0.lkh1.tour" ... done
* 447: Cost = 0_9131771, Time = 11.36 sec. 
Writing OUTPUT_TOUR_FILE: "baseline_results/cvrp_lkh/Vrp-Set-X-n856/Vrp-Set-X-n856-lkh/0.lkh1.tour" ... done
* 462: Cost = 0_9131415, Time = 11.47 sec. 
Writing OUTPUT_TOUR_FILE: "baseline_results/cvrp_lkh/Vrp-Set-X-n856/Vrp-Set-X-n856-lkh/0.lkh1.tour" ... done
* 490: Cost = 0_9129189, Time = 11.96 sec. 
Writing OUTPUT_TOUR_FILE: "baseline_results/cvrp_lkh/Vrp-Set-X-n856/Vrp-Set-X-n856-lkh/0.lkh1.tour" ... done
* 497: Cost = 0_9125954, Time = 11.99 sec. 
Writing OUTPUT_TOUR_FILE: "baseline_results/cvrp_lkh/Vrp-Set-X-n856/Vrp-Set-X-n856-lkh/0.lkh1.tour" ... done
* 515: Cost = 0_9124668, Time = 12.18 sec. 
Writing OUTPUT_TOUR_FILE: "baseline_results/cvrp_lkh/Vrp-Set-X-n856/Vrp-Set-X-n856-lkh/0.lkh1.tour" ... done
* 579: Cost = 0_9124162, Time = 13.17 sec. 
Writing OUTPUT_TOUR_FILE: "baseline_results/cvrp_lkh/Vrp-Set-X-n856/Vrp-Set-X-n856-lkh/0.lkh1.tour" ... done
* 594: Cost = 0_9121751, Time = 13.60 sec. 
Writing OUTPUT_TOUR_FILE: "baseline_results/cvrp_lkh/Vrp-Set-X-n856/Vrp-Set-X-n856-lkh/0.lkh1.tour" ... done
* 597: Cost = 0_9121214, Time = 13.62 sec. 
Writing OUTPUT_TOUR_FILE: "baseline_results/cvrp_lkh/Vrp-Set-X-n856/Vrp-Set-X-n856-lkh/0.lkh1.tour" ... done
* 603: Cost = 0_9120907, Time = 13.64 sec. 
Writing OUTPUT_TOUR_FILE: "baseline_results/cvrp_lkh/Vrp-Set-X-n856/Vrp-Set-X-n856-lkh/0.lkh1.tour" ... done
* 605: Cost = 0_9118583, Time = 13.66 sec. 
Writing OUTPUT_TOUR_FILE: "baseline_results/cvrp_lkh/Vrp-Set-X-n856/Vrp-Set-X-n856-lkh/0.lkh1.tour" ... done
* 609: Cost = 0_9117171, Time = 13.67 sec. 
Writing OUTPUT_TOUR_FILE: "baseline_results/cvrp_lkh/Vrp-Set-X-n856/Vrp-Set-X-n856-lkh/0.lkh1.tour" ... done
* 625: Cost = 0_9115482, Time = 14.17 sec. 
Writing OUTPUT_TOUR_FILE: "baseline_results/cvrp_lkh/Vrp-Set-X-n856/Vrp-Set-X-n856-lkh/0.lkh1.tour" ... done
* 666: Cost = 0_9114539, Time = 14.50 sec. 
Writing OUTPUT_TOUR_FILE: "baseline_results/cvrp_lkh/Vrp-Set-X-n856/Vrp-Set-X-n856-lkh/0.lkh1.tour" ... done
* 680: Cost = 0_9113909, Time = 14.62 sec. 
Writing OUTPUT_TOUR_FILE: "baseline_results/cvrp_lkh/Vrp-Set-X-n856/Vrp-Set-X-n856-lkh/0.lkh1.tour" ... done
* 707: Cost = 0_9110846, Time = 15.01 sec. 
Writing OUTPUT_TOUR_FILE: "baseline_results/cvrp_lkh/Vrp-Set-X-n856/Vrp-Set-X-n856-lkh/0.lkh1.tour" ... done
* 727: Cost = 0_9107708, Time = 15.11 sec. 
Writing OUTPUT_TOUR_FILE: "baseline_results/cvrp_lkh/Vrp-Set-X-n856/Vrp-Set-X-n856-lkh/0.lkh1.tour" ... done
* 729: Cost = 0_9104270, Time = 15.13 sec. 
Writing OUTPUT_TOUR_FILE: "baseline_results/cvrp_lkh/Vrp-Set-X-n856/Vrp-Set-X-n856-lkh/0.lkh1.tour" ... done
* 740: Cost = 0_9101281, Time = 15.25 sec. 
Writing OUTPUT_TOUR_FILE: "baseline_results/cvrp_lkh/Vrp-Set-X-n856/Vrp-Set-X-n856-lkh/0.lkh1.tour" ... done
* 761: Cost = 0_9100335, Time = 15.49 sec. 
Writing OUTPUT_TOUR_FILE: "baseline_results/cvrp_lkh/Vrp-Set-X-n856/Vrp-Set-X-n856-lkh/0.lkh1.tour" ... done
* 779: Cost = 0_9097463, Time = 15.74 sec. 
Writing OUTPUT_TOUR_FILE: "baseline_results/cvrp_lkh/Vrp-Set-X-n856/Vrp-Set-X-n856-lkh/0.lkh1.tour" ... done
* 783: Cost = 0_9091707, Time = 15.78 sec. 
Writing OUTPUT_TOUR_FILE: "baseline_results/cvrp_lkh/Vrp-Set-X-n856/Vrp-Set-X-n856-lkh/0.lkh1.tour" ... done
* 786: Cost = 0_9082302, Time = 15.81 sec. 
Writing OUTPUT_TOUR_FILE: "baseline_results/cvrp_lkh/Vrp-Set-X-n856/Vrp-Set-X-n856-lkh/0.lkh1.tour" ... done
* 795: Cost = 0_9082238, Time = 15.89 sec. 
Writing OUTPUT_TOUR_FILE: "baseline_results/cvrp_lkh/Vrp-Set-X-n856/Vrp-Set-X-n856-lkh/0.lkh1.tour" ... done
* 849: Cost = 0_9080176, Time = 16.62 sec. 
Writing OUTPUT_TOUR_FILE: "baseline_results/cvrp_lkh/Vrp-Set-X-n856/Vrp-Set-X-n856-lkh/0.lkh1.tour" ... done
* 855: Cost = 0_9079298, Time = 16.65 sec. 
Writing OUTPUT_TOUR_FILE: "baseline_results/cvrp_lkh/Vrp-Set-X-n856/Vrp-Set-X-n856-lkh/0.lkh1.tour" ... done
* 857: Cost = 0_9075641, Time = 16.66 sec. 
Writing OUTPUT_TOUR_FILE: "baseline_results/cvrp_lkh/Vrp-Set-X-n856/Vrp-Set-X-n856-lkh/0.lkh1.tour" ... done
* 882: Cost = 0_9074638, Time = 16.78 sec. 
Writing OUTPUT_TOUR_FILE: "baseline_results/cvrp_lkh/Vrp-Set-X-n856/Vrp-Set-X-n856-lkh/0.lkh1.tour" ... done
* 978: Cost = 0_9073997, Time = 17.96 sec. 
Writing OUTPUT_TOUR_FILE: "baseline_results/cvrp_lkh/Vrp-Set-X-n856/Vrp-Set-X-n856-lkh/0.lkh1.tour" ... done
* 995: Cost = 0_9073712, Time = 18.07 sec. 
Writing OUTPUT_TOUR_FILE: "baseline_results/cvrp_lkh/Vrp-Set-X-n856/Vrp-Set-X-n856-lkh/0.lkh1.tour" ... done
* 1021: Cost = 0_9070341, Time = 18.35 sec. 
Writing OUTPUT_TOUR_FILE: "baseline_results/cvrp_lkh/Vrp-Set-X-n856/Vrp-Set-X-n856-lkh/0.lkh1.tour" ... done
* 1039: Cost = 0_9069442, Time = 18.58 sec. 
Writing OUTPUT_TOUR_FILE: "baseline_results/cvrp_lkh/Vrp-Set-X-n856/Vrp-Set-X-n856-lkh/0.lkh1.tour" ... done
* 1056: Cost = 0_9068854, Time = 18.68 sec. 
Writing OUTPUT_TOUR_FILE: "baseline_results/cvrp_lkh/Vrp-Set-X-n856/Vrp-Set-X-n856-lkh/0.lkh1.tour" ... done
* 1088: Cost = 0_9068214, Time = 18.99 sec. 
Writing OUTPUT_TOUR_FILE: "baseline_results/cvrp_lkh/Vrp-Set-X-n856/Vrp-Set-X-n856-lkh/0.lkh1.tour" ... done
* 1118: Cost = 0_9067302, Time = 19.34 sec. 
Writing OUTPUT_TOUR_FILE: "baseline_results/cvrp_lkh/Vrp-Set-X-n856/Vrp-Set-X-n856-lkh/0.lkh1.tour" ... done
* 1130: Cost = 0_9067054, Time = 19.40 sec. 
Writing OUTPUT_TOUR_FILE: "baseline_results/cvrp_lkh/Vrp-Set-X-n856/Vrp-Set-X-n856-lkh/0.lkh1.tour" ... done
* 1137: Cost = 0_9066015, Time = 19.48 sec. 
Writing OUTPUT_TOUR_FILE: "baseline_results/cvrp_lkh/Vrp-Set-X-n856/Vrp-Set-X-n856-lkh/0.lkh1.tour" ... done
* 1162: Cost = 0_9065171, Time = 19.67 sec. 
Writing OUTPUT_TOUR_FILE: "baseline_results/cvrp_lkh/Vrp-Set-X-n856/Vrp-Set-X-n856-lkh/0.lkh1.tour" ... done
* 1170: Cost = 0_9063242, Time = 19.72 sec. 
Writing OUTPUT_TOUR_FILE: "baseline_results/cvrp_lkh/Vrp-Set-X-n856/Vrp-Set-X-n856-lkh/0.lkh1.tour" ... done
* 1171: Cost = 0_9059245, Time = 19.75 sec. 
Writing OUTPUT_TOUR_FILE: "baseline_results/cvrp_lkh/Vrp-Set-X-n856/Vrp-Set-X-n856-lkh/0.lkh1.tour" ... done
* 1173: Cost = 0_9056313, Time = 19.76 sec. 
Writing OUTPUT_TOUR_FILE: "baseline_results/cvrp_lkh/Vrp-Set-X-n856/Vrp-Set-X-n856-lkh/0.lkh1.tour" ... done
* 1189: Cost = 0_9055710, Time = 19.81 sec. 
Writing OUTPUT_TOUR_FILE: "baseline_results/cvrp_lkh/Vrp-Set-X-n856/Vrp-Set-X-n856-lkh/0.lkh1.tour" ... done
* 1231: Cost = 0_9055083, Time = 20.17 sec. 
Writing OUTPUT_TOUR_FILE: "baseline_results/cvrp_lkh/Vrp-Set-X-n856/Vrp-Set-X-n856-lkh/0.lkh1.tour" ... done
* 1268: Cost = 0_9054743, Time = 20.69 sec. 
Writing OUTPUT_TOUR_FILE: "baseline_results/cvrp_lkh/Vrp-Set-X-n856/Vrp-Set-X-n856-lkh/0.lkh1.tour" ... done
* 1295: Cost = 0_9054567, Time = 20.85 sec. 
Writing OUTPUT_TOUR_FILE: "baseline_results/cvrp_lkh/Vrp-Set-X-n856/Vrp-Set-X-n856-lkh/0.lkh1.tour" ... done
* 1296: Cost = 0_9054229, Time = 20.86 sec. 
Writing OUTPUT_TOUR_FILE: "baseline_results/cvrp_lkh/Vrp-Set-X-n856/Vrp-Set-X-n856-lkh/0.lkh1.tour" ... done
* 1300: Cost = 0_9053295, Time = 20.87 sec. 
Writing OUTPUT_TOUR_FILE: "baseline_results/cvrp_lkh/Vrp-Set-X-n856/Vrp-Set-X-n856-lkh/0.lkh1.tour" ... done
* 1346: Cost = 0_9051347, Time = 21.39 sec. 
Writing OUTPUT_TOUR_FILE: "baseline_results/cvrp_lkh/Vrp-Set-X-n856/Vrp-Set-X-n856-lkh/0.lkh1.tour" ... done
* 1407: Cost = 0_9049502, Time = 21.88 sec. 
Writing OUTPUT_TOUR_FILE: "baseline_results/cvrp_lkh/Vrp-Set-X-n856/Vrp-Set-X-n856-lkh/0.lkh1.tour" ... done
* 1484: Cost = 0_9047806, Time = 22.64 sec. 
Writing OUTPUT_TOUR_FILE: "baseline_results/cvrp_lkh/Vrp-Set-X-n856/Vrp-Set-X-n856-lkh/0.lkh1.tour" ... done
* 1489: Cost = 0_9043713, Time = 22.68 sec. 
Writing OUTPUT_TOUR_FILE: "baseline_results/cvrp_lkh/Vrp-Set-X-n856/Vrp-Set-X-n856-lkh/0.lkh1.tour" ... done
* 1567: Cost = 0_9043487, Time = 23.15 sec. 
Writing OUTPUT_TOUR_FILE: "baseline_results/cvrp_lkh/Vrp-Set-X-n856/Vrp-Set-X-n856-lkh/0.lkh1.tour" ... done
* 1570: Cost = 0_9043274, Time = 23.17 sec. 
Writing OUTPUT_TOUR_FILE: "baseline_results/cvrp_lkh/Vrp-Set-X-n856/Vrp-Set-X-n856-lkh/0.lkh1.tour" ... done
* 1574: Cost = 0_9043000, Time = 23.24 sec. 
Writing OUTPUT_TOUR_FILE: "baseline_results/cvrp_lkh/Vrp-Set-X-n856/Vrp-Set-X-n856-lkh/0.lkh1.tour" ... done
* 1587: Cost = 0_9041692, Time = 23.33 sec. 
Writing OUTPUT_TOUR_FILE: "baseline_results/cvrp_lkh/Vrp-Set-X-n856/Vrp-Set-X-n856-lkh/0.lkh1.tour" ... done
* 1630: Cost = 0_9041542, Time = 24.41 sec. 
Writing OUTPUT_TOUR_FILE: "baseline_results/cvrp_lkh/Vrp-Set-X-n856/Vrp-Set-X-n856-lkh/0.lkh1.tour" ... done
* 1737: Cost = 0_9041431, Time = 25.63 sec. 
Writing OUTPUT_TOUR_FILE: "baseline_results/cvrp_lkh/Vrp-Set-X-n856/Vrp-Set-X-n856-lkh/0.lkh1.tour" ... done
* 1746: Cost = 0_9040546, Time = 25.92 sec. 
Writing OUTPUT_TOUR_FILE: "baseline_results/cvrp_lkh/Vrp-Set-X-n856/Vrp-Set-X-n856-lkh/0.lkh1.tour" ... done
* 1784: Cost = 0_9040001, Time = 26.24 sec. 
Writing OUTPUT_TOUR_FILE: "baseline_results/cvrp_lkh/Vrp-Set-X-n856/Vrp-Set-X-n856-lkh/0.lkh1.tour" ... done
* 1831: Cost = 0_9037031, Time = 26.57 sec. 
Writing OUTPUT_TOUR_FILE: "baseline_results/cvrp_lkh/Vrp-Set-X-n856/Vrp-Set-X-n856-lkh/0.lkh1.tour" ... done
* 1840: Cost = 0_9033879, Time = 26.63 sec. 
Writing OUTPUT_TOUR_FILE: "baseline_results/cvrp_lkh/Vrp-Set-X-n856/Vrp-Set-X-n856-lkh/0.lkh1.tour" ... done
* 1870: Cost = 0_9032152, Time = 26.87 sec. 
Writing OUTPUT_TOUR_FILE: "baseline_results/cvrp_lkh/Vrp-Set-X-n856/Vrp-Set-X-n856-lkh/0.lkh1.tour" ... done
* 1873: Cost = 0_9030860, Time = 26.89 sec. 
Writing OUTPUT_TOUR_FILE: "baseline_results/cvrp_lkh/Vrp-Set-X-n856/Vrp-Set-X-n856-lkh/0.lkh1.tour" ... done
* 1875: Cost = 0_9028755, Time = 26.95 sec. 
Writing OUTPUT_TOUR_FILE: "baseline_results/cvrp_lkh/Vrp-Set-X-n856/Vrp-Set-X-n856-lkh/0.lkh1.tour" ... done
* 1877: Cost = 0_9027953, Time = 26.95 sec. 
Writing OUTPUT_TOUR_FILE: "baseline_results/cvrp_lkh/Vrp-Set-X-n856/Vrp-Set-X-n856-lkh/0.lkh1.tour" ... done
* 1903: Cost = 0_9025158, Time = 27.30 sec. 
Writing OUTPUT_TOUR_FILE: "baseline_results/cvrp_lkh/Vrp-Set-X-n856/Vrp-Set-X-n856-lkh/0.lkh1.tour" ... done
* 1926: Cost = 0_9022353, Time = 27.50 sec. 
Writing OUTPUT_TOUR_FILE: "baseline_results/cvrp_lkh/Vrp-Set-X-n856/Vrp-Set-X-n856-lkh/0.lkh1.tour" ... done
* 1931: Cost = 0_9022307, Time = 27.54 sec. 
Writing OUTPUT_TOUR_FILE: "baseline_results/cvrp_lkh/Vrp-Set-X-n856/Vrp-Set-X-n856-lkh/0.lkh1.tour" ... done
* 1953: Cost = 0_9022212, Time = 27.73 sec. 
Writing OUTPUT_TOUR_FILE: "baseline_results/cvrp_lkh/Vrp-Set-X-n856/Vrp-Set-X-n856-lkh/0.lkh1.tour" ... done
* 2049: Cost = 0_9021340, Time = 29.18 sec. 
Writing OUTPUT_TOUR_FILE: "baseline_results/cvrp_lkh/Vrp-Set-X-n856/Vrp-Set-X-n856-lkh/0.lkh1.tour" ... done
* 2056: Cost = 0_9020539, Time = 29.30 sec. 
Writing OUTPUT_TOUR_FILE: "baseline_results/cvrp_lkh/Vrp-Set-X-n856/Vrp-Set-X-n856-lkh/0.lkh1.tour" ... done
* 2088: Cost = 0_9019437, Time = 29.84 sec. 
Writing OUTPUT_TOUR_FILE: "baseline_results/cvrp_lkh/Vrp-Set-X-n856/Vrp-Set-X-n856-lkh/0.lkh1.tour" ... done
* 2122: Cost = 0_9018933, Time = 30.50 sec. 
Writing OUTPUT_TOUR_FILE: "baseline_results/cvrp_lkh/Vrp-Set-X-n856/Vrp-Set-X-n856-lkh/0.lkh1.tour" ... done
* 2282: Cost = 0_9018361, Time = 31.68 sec. 
Writing OUTPUT_TOUR_FILE: "baseline_results/cvrp_lkh/Vrp-Set-X-n856/Vrp-Set-X-n856-lkh/0.lkh1.tour" ... done
* 2608: Cost = 0_9017552, Time = 35.18 sec. 
Writing OUTPUT_TOUR_FILE: "baseline_results/cvrp_lkh/Vrp-Set-X-n856/Vrp-Set-X-n856-lkh/0.lkh1.tour" ... done
* 2634: Cost = 0_9017148, Time = 35.47 sec. 
Writing OUTPUT_TOUR_FILE: "baseline_results/cvrp_lkh/Vrp-Set-X-n856/Vrp-Set-X-n856-lkh/0.lkh1.tour" ... done
* 2636: Cost = 0_9016626, Time = 35.53 sec. 
Writing OUTPUT_TOUR_FILE: "baseline_results/cvrp_lkh/Vrp-Set-X-n856/Vrp-Set-X-n856-lkh/0.lkh1.tour" ... done
* 2707: Cost = 0_9016278, Time = 36.00 sec. 
Writing OUTPUT_TOUR_FILE: "baseline_results/cvrp_lkh/Vrp-Set-X-n856/Vrp-Set-X-n856-lkh/0.lkh1.tour" ... done
* 2723: Cost = 0_9009640, Time = 36.30 sec. 
Writing OUTPUT_TOUR_FILE: "baseline_results/cvrp_lkh/Vrp-Set-X-n856/Vrp-Set-X-n856-lkh/0.lkh1.tour" ... done
* 2927: Cost = 0_9008948, Time = 38.64 sec. 
Writing OUTPUT_TOUR_FILE: "baseline_results/cvrp_lkh/Vrp-Set-X-n856/Vrp-Set-X-n856-lkh/0.lkh1.tour" ... done
* 2968: Cost = 0_9008541, Time = 38.92 sec. 
Writing OUTPUT_TOUR_FILE: "baseline_results/cvrp_lkh/Vrp-Set-X-n856/Vrp-Set-X-n856-lkh/0.lkh1.tour" ... done
* 3103: Cost = 0_9008205, Time = 40.28 sec. 
Writing OUTPUT_TOUR_FILE: "baseline_results/cvrp_lkh/Vrp-Set-X-n856/Vrp-Set-X-n856-lkh/0.lkh1.tour" ... done
* 3210: Cost = 0_9007827, Time = 41.09 sec. 
Writing OUTPUT_TOUR_FILE: "baseline_results/cvrp_lkh/Vrp-Set-X-n856/Vrp-Set-X-n856-lkh/0.lkh1.tour" ... done
* 3220: Cost = 0_9007354, Time = 41.15 sec. 
Writing OUTPUT_TOUR_FILE: "baseline_results/cvrp_lkh/Vrp-Set-X-n856/Vrp-Set-X-n856-lkh/0.lkh1.tour" ... done
* 3243: Cost = 0_9006716, Time = 41.51 sec. 
Writing OUTPUT_TOUR_FILE: "baseline_results/cvrp_lkh/Vrp-Set-X-n856/Vrp-Set-X-n856-lkh/0.lkh1.tour" ... done
* 3302: Cost = 0_9005903, Time = 42.22 sec. 
Writing OUTPUT_TOUR_FILE: "baseline_results/cvrp_lkh/Vrp-Set-X-n856/Vrp-Set-X-n856-lkh/0.lkh1.tour" ... done
* 3317: Cost = 0_9005898, Time = 42.58 sec. 
Writing OUTPUT_TOUR_FILE: "baseline_results/cvrp_lkh/Vrp-Set-X-n856/Vrp-Set-X-n856-lkh/0.lkh1.tour" ... done
* 3330: Cost = 0_9004382, Time = 42.70 sec. 
Writing OUTPUT_TOUR_FILE: "baseline_results/cvrp_lkh/Vrp-Set-X-n856/Vrp-Set-X-n856-lkh/0.lkh1.tour" ... done
* 3466: Cost = 0_9003212, Time = 44.52 sec. 
Writing OUTPUT_TOUR_FILE: "baseline_results/cvrp_lkh/Vrp-Set-X-n856/Vrp-Set-X-n856-lkh/0.lkh1.tour" ... done
* 3583: Cost = 0_9002804, Time = 45.49 sec. 
Writing OUTPUT_TOUR_FILE: "baseline_results/cvrp_lkh/Vrp-Set-X-n856/Vrp-Set-X-n856-lkh/0.lkh1.tour" ... done
* 3663: Cost = 0_9002790, Time = 46.08 sec. 
Writing OUTPUT_TOUR_FILE: "baseline_results/cvrp_lkh/Vrp-Set-X-n856/Vrp-Set-X-n856-lkh/0.lkh1.tour" ... done
* 3815: Cost = 0_8996700, Time = 47.69 sec. 
Writing OUTPUT_TOUR_FILE: "baseline_results/cvrp_lkh/Vrp-Set-X-n856/Vrp-Set-X-n856-lkh/0.lkh1.tour" ... done
* 3827: Cost = 0_8996693, Time = 48.11 sec. 
Writing OUTPUT_TOUR_FILE: "baseline_results/cvrp_lkh/Vrp-Set-X-n856/Vrp-Set-X-n856-lkh/0.lkh1.tour" ... done
* 3833: Cost = 0_8995410, Time = 48.20 sec. 
Writing OUTPUT_TOUR_FILE: "baseline_results/cvrp_lkh/Vrp-Set-X-n856/Vrp-Set-X-n856-lkh/0.lkh1.tour" ... done
* 3844: Cost = 0_8994903, Time = 48.53 sec. 
Writing OUTPUT_TOUR_FILE: "baseline_results/cvrp_lkh/Vrp-Set-X-n856/Vrp-Set-X-n856-lkh/0.lkh1.tour" ... done
* 3849: Cost = 0_8994133, Time = 48.57 sec. 
Writing OUTPUT_TOUR_FILE: "baseline_results/cvrp_lkh/Vrp-Set-X-n856/Vrp-Set-X-n856-lkh/0.lkh1.tour" ... done
* 4129: Cost = 0_8993361, Time = 51.64 sec. 
Writing OUTPUT_TOUR_FILE: "baseline_results/cvrp_lkh/Vrp-Set-X-n856/Vrp-Set-X-n856-lkh/0.lkh1.tour" ... done
* 4149: Cost = 0_8989577, Time = 51.92 sec. 
Writing OUTPUT_TOUR_FILE: "baseline_results/cvrp_lkh/Vrp-Set-X-n856/Vrp-Set-X-n856-lkh/0.lkh1.tour" ... done
* 4291: Cost = 0_8989490, Time = 53.71 sec. 
Writing OUTPUT_TOUR_FILE: "baseline_results/cvrp_lkh/Vrp-Set-X-n856/Vrp-Set-X-n856-lkh/0.lkh1.tour" ... done
* 4359: Cost = 0_8988385, Time = 54.56 sec. 
Writing OUTPUT_TOUR_FILE: "baseline_results/cvrp_lkh/Vrp-Set-X-n856/Vrp-Set-X-n856-lkh/0.lkh1.tour" ... done
* 4467: Cost = 0_8988188, Time = 55.29 sec. 
Writing OUTPUT_TOUR_FILE: "baseline_results/cvrp_lkh/Vrp-Set-X-n856/Vrp-Set-X-n856-lkh/0.lkh1.tour" ... done
* 4580: Cost = 0_8987060, Time = 56.91 sec. 
Writing OUTPUT_TOUR_FILE: "baseline_results/cvrp_lkh/Vrp-Set-X-n856/Vrp-Set-X-n856-lkh/0.lkh1.tour" ... done
* 4657: Cost = 0_8985483, Time = 57.62 sec. 
Writing OUTPUT_TOUR_FILE: "baseline_results/cvrp_lkh/Vrp-Set-X-n856/Vrp-Set-X-n856-lkh/0.lkh1.tour" ... done
* 4774: Cost = 0_8984228, Time = 58.84 sec. 
Writing OUTPUT_TOUR_FILE: "baseline_results/cvrp_lkh/Vrp-Set-X-n856/Vrp-Set-X-n856-lkh/0.lkh1.tour" ... done
* 4835: Cost = 0_8982788, Time = 59.69 sec. 
Writing OUTPUT_TOUR_FILE: "baseline_results/cvrp_lkh/Vrp-Set-X-n856/Vrp-Set-X-n856-lkh/0.lkh1.tour" ... done
* 4858: Cost = 0_8982665, Time = 59.93 sec. 
Writing OUTPUT_TOUR_FILE: "baseline_results/cvrp_lkh/Vrp-Set-X-n856/Vrp-Set-X-n856-lkh/0.lkh1.tour" ... done
* 4919: Cost = 0_8982133, Time = 60.71 sec. 
Writing OUTPUT_TOUR_FILE: "baseline_results/cvrp_lkh/Vrp-Set-X-n856/Vrp-Set-X-n856-lkh/0.lkh1.tour" ... done
* 5190: Cost = 0_8982110, Time = 63.35 sec. 
Writing OUTPUT_TOUR_FILE: "baseline_results/cvrp_lkh/Vrp-Set-X-n856/Vrp-Set-X-n856-lkh/0.lkh1.tour" ... done
* 5235: Cost = 0_8982002, Time = 63.91 sec. 
Writing OUTPUT_TOUR_FILE: "baseline_results/cvrp_lkh/Vrp-Set-X-n856/Vrp-Set-X-n856-lkh/0.lkh1.tour" ... done
* 5282: Cost = 0_8981148, Time = 64.36 sec. 
Writing OUTPUT_TOUR_FILE: "baseline_results/cvrp_lkh/Vrp-Set-X-n856/Vrp-Set-X-n856-lkh/0.lkh1.tour" ... done
* 5293: Cost = 0_8980588, Time = 64.41 sec. 
Writing OUTPUT_TOUR_FILE: "baseline_results/cvrp_lkh/Vrp-Set-X-n856/Vrp-Set-X-n856-lkh/0.lkh1.tour" ... done
* 5390: Cost = 0_8978962, Time = 65.45 sec. 
Writing OUTPUT_TOUR_FILE: "baseline_results/cvrp_lkh/Vrp-Set-X-n856/Vrp-Set-X-n856-lkh/0.lkh1.tour" ... done
* 5395: Cost = 0_8978777, Time = 65.46 sec. 
Writing OUTPUT_TOUR_FILE: "baseline_results/cvrp_lkh/Vrp-Set-X-n856/Vrp-Set-X-n856-lkh/0.lkh1.tour" ... done
* 5761: Cost = 0_8978666, Time = 69.28 sec. 
Writing OUTPUT_TOUR_FILE: "baseline_results/cvrp_lkh/Vrp-Set-X-n856/Vrp-Set-X-n856-lkh/0.lkh1.tour" ... done
* 5979: Cost = 0_8977812, Time = 71.55 sec. 
Writing OUTPUT_TOUR_FILE: "baseline_results/cvrp_lkh/Vrp-Set-X-n856/Vrp-Set-X-n856-lkh/0.lkh1.tour" ... done
* 5992: Cost = 0_8977365, Time = 71.63 sec. 
Writing OUTPUT_TOUR_FILE: "baseline_results/cvrp_lkh/Vrp-Set-X-n856/Vrp-Set-X-n856-lkh/0.lkh1.tour" ... done
* 6057: Cost = 0_8977292, Time = 72.11 sec. 
Writing OUTPUT_TOUR_FILE: "baseline_results/cvrp_lkh/Vrp-Set-X-n856/Vrp-Set-X-n856-lkh/0.lkh1.tour" ... done
* 6273: Cost = 0_8976655, Time = 74.98 sec. 
Writing OUTPUT_TOUR_FILE: "baseline_results/cvrp_lkh/Vrp-Set-X-n856/Vrp-Set-X-n856-lkh/0.lkh1.tour" ... done
* 6718: Cost = 0_8976413, Time = 80.12 sec. 
Writing OUTPUT_TOUR_FILE: "baseline_results/cvrp_lkh/Vrp-Set-X-n856/Vrp-Set-X-n856-lkh/0.lkh1.tour" ... done
* 6784: Cost = 0_8976328, Time = 80.69 sec. 
Writing OUTPUT_TOUR_FILE: "baseline_results/cvrp_lkh/Vrp-Set-X-n856/Vrp-Set-X-n856-lkh/0.lkh1.tour" ... done
* 7022: Cost = 0_8976198, Time = 83.00 sec. 
Writing OUTPUT_TOUR_FILE: "baseline_results/cvrp_lkh/Vrp-Set-X-n856/Vrp-Set-X-n856-lkh/0.lkh1.tour" ... done
* 7906: Cost = 0_8975801, Time = 92.37 sec. 
Writing OUTPUT_TOUR_FILE: "baseline_results/cvrp_lkh/Vrp-Set-X-n856/Vrp-Set-X-n856-lkh/0.lkh1.tour" ... done
* 7928: Cost = 0_8975519, Time = 92.62 sec. 
Writing OUTPUT_TOUR_FILE: "baseline_results/cvrp_lkh/Vrp-Set-X-n856/Vrp-Set-X-n856-lkh/0.lkh1.tour" ... done
* 8123: Cost = 0_8975219, Time = 94.89 sec. 
Writing OUTPUT_TOUR_FILE: "baseline_results/cvrp_lkh/Vrp-Set-X-n856/Vrp-Set-X-n856-lkh/0.lkh1.tour" ... done
* 8273: Cost = 0_8974515, Time = 96.44 sec. 
Writing OUTPUT_TOUR_FILE: "baseline_results/cvrp_lkh/Vrp-Set-X-n856/Vrp-Set-X-n856-lkh/0.lkh1.tour" ... done
* 8452: Cost = 0_8972363, Time = 98.45 sec. 
Writing OUTPUT_TOUR_FILE: "baseline_results/cvrp_lkh/Vrp-Set-X-n856/Vrp-Set-X-n856-lkh/0.lkh1.tour" ... done
* 8755: Cost = 0_8972078, Time = 101.52 sec. 
Writing OUTPUT_TOUR_FILE: "baseline_results/cvrp_lkh/Vrp-Set-X-n856/Vrp-Set-X-n856-lkh/0.lkh1.tour" ... done
* 8970: Cost = 0_8971582, Time = 103.32 sec. 
Writing OUTPUT_TOUR_FILE: "baseline_results/cvrp_lkh/Vrp-Set-X-n856/Vrp-Set-X-n856-lkh/0.lkh1.tour" ... done
* 9226: Cost = 0_8971071, Time = 105.80 sec. 
Writing OUTPUT_TOUR_FILE: "baseline_results/cvrp_lkh/Vrp-Set-X-n856/Vrp-Set-X-n856-lkh/0.lkh1.tour" ... done
* 9814: Cost = 0_8970228, Time = 111.82 sec. 
Writing OUTPUT_TOUR_FILE: "baseline_results/cvrp_lkh/Vrp-Set-X-n856/Vrp-Set-X-n856-lkh/0.lkh1.tour" ... done
* 9865: Cost = 0_8969976, Time = 112.11 sec. 
Writing OUTPUT_TOUR_FILE: "baseline_results/cvrp_lkh/Vrp-Set-X-n856/Vrp-Set-X-n856-lkh/0.lkh1.tour" ... done
* 9912: Cost = 0_8969306, Time = 112.39 sec. 
Writing OUTPUT_TOUR_FILE: "baseline_results/cvrp_lkh/Vrp-Set-X-n856/Vrp-Set-X-n856-lkh/0.lkh1.tour" ... done
* 9967: Cost = 0_8969237, Time = 112.96 sec. 
Writing OUTPUT_TOUR_FILE: "baseline_results/cvrp_lkh/Vrp-Set-X-n856/Vrp-Set-X-n856-lkh/0.lkh1.tour" ... done
Population:
  1: 0_8969237
Run 1: Cost = 0_8969237, Time = 113.51 sec. 

Successes/Runs = 0/1 
Cost.min = 8969237, Cost.avg = 8969237.00, Cost.max = 8969237
Gap.min = 0.0000%, Gap.avg = 0.0000%, Gap.max = 0.0000%
Penalty.min = 0, Penalty.avg = 0.00, Penalty.max = 0
Trials.min = 10000, Trials.avg = 10000.0, Trials.max = 10000
Time.min = 113.51 sec., Time.avg = 113.51 sec., Time.max = 113.51 sec.
Time.total = 114.34 sec.
  Size.min = 9, Size.max = 9, Penalty = 0
  Cost.min = 42788, Cost.max = 149402, Cost.sum = 8969237
Best CVRP solution:
  Cost = 0_8969237

