PARAMETER_FILE = baseline_results/cvrp_lkh/Vrp-Set-X-n401/Vrp-Set-X-n401-lkh/0.lkh1.par
Reading PROBLEM_FILE: "baseline_results/cvrp_lkh/Vrp-Set-X-n401/Vrp-Set-X-n401-lkh/0.lkh1.vrp" ... done
ASCENT_CANDIDATES = 50
BACKBONE_TRIALS = 0
BACKTRACKING = NO
# BWTSP =
# CANDIDATE_FILE =
CANDIDATE_SET_TYPE = ALPHA
# DISTANCE =
DEPOT = 1
# EDGE_FILE =
EXCESS = 0.00249377
EXTERNAL_SALESMEN = 0
EXTRA_CANDIDATES = 0 
EXTRA_CANDIDATE_SET_TYPE = QUADRANT
GAIN23 = NO
GAIN_CRITERION = YES
INITIAL_PERIOD = 200
INITIAL_STEP_SIZE = 1
INITIAL_TOUR_ALGORITHM = WALK
# INITIAL_TOUR_FILE = 
INITIAL_TOUR_FRACTION = 1.000
# INPUT_TOUR_FILE = 
KICK_TYPE = 4
KICKS = 1
# MAX_BREADTH =
MAKESPAN = NO
MAX_CANDIDATES = 5 
MAX_SWAPS = 0
MAX_TRIALS = 10000
# MERGE_TOUR_FILE =
MOVE_TYPE = 5 SPECIAL
MTSP_MIN_SIZE = 1
MTSP_MAX_SIZE = 400
# MTSP_SOLUTION_FILE = 
# NONSEQUENTIAL_MOVE_TYPE = 5
# OPTIMUM =
OUTPUT_TOUR_FILE = baseline_results/cvrp_lkh/Vrp-Set-X-n401/Vrp-Set-X-n401-lkh/0.lkh1.tour
PATCHING_A = 1 
PATCHING_C = 0 
# PI_FILE = 
POPMUSIC_INITIAL_TOUR = NO
POPMUSIC_MAX_NEIGHBORS = 5
POPMUSIC_SAMPLE_SIZE = 10
POPMUSIC_SOLUTIONS = 50
POPMUSIC_TRIALS = 1
POPULATION_SIZE = 10
PRECISION = 100
PROBLEM_FILE = baseline_results/cvrp_lkh/Vrp-Set-X-n401/Vrp-Set-X-n401-lkh/0.lkh1.vrp
RECOMBINATION = IPT
RESTRICTED_SEARCH = YES
RUNS = 1
SALESMEN = 29
SCALE = 1
SEED = 1234
# SINTEF_SOLUTION_FILE = 
STOP_AT_OPTIMUM = YES
SUBGRADIENT = YES
# SUBPROBLEM_SIZE =
# SUBPROBLEM_TOUR_FILE = 
SUBSEQUENT_MOVE_TYPE = 5 SPECIAL
SUBSEQUENT_PATCHING = YES
# TIME_LIMIT =
# TOTAL_TIME_LIMIT =
# TOUR_FILE = 
TRACE_LEVEL = 1
VEHICLES = 29

Lower bound = 4163275.2, Ascent time = 0.21 sec.
Cand.min = 5, Cand.avg = 5.0, Cand.max = 5
Preprocessing time = 0.21 sec.
* 1: Cost = 0_7380043, Time = 0.26 sec. 
Writing OUTPUT_TOUR_FILE: "baseline_results/cvrp_lkh/Vrp-Set-X-n401/Vrp-Set-X-n401-lkh/0.lkh1.tour" ... done
* 2: Cost = 0_7372150, Time = 0.28 sec. 
Writing OUTPUT_TOUR_FILE: "baseline_results/cvrp_lkh/Vrp-Set-X-n401/Vrp-Set-X-n401-lkh/0.lkh1.tour" ... done
* 3: Cost = 0_7357576, Time = 0.32 sec. 
Writing OUTPUT_TOUR_FILE: "baseline_results/cvrp_lkh/Vrp-Set-X-n401/Vrp-Set-X-n401-lkh/0.lkh1.tour" ... done
* 4: Cost = 0_7110151, Time = 0.40 sec. 
Writing OUTPUT_TOUR_FILE: "baseline_results/cvrp_lkh/Vrp-Set-X-n401/Vrp-Set-X-n401-lkh/0.lkh1.tour" ... done
* 9: Cost = 0_7108227, Time = 0.47 sec. 
Writing OUTPUT_TOUR_FILE: "baseline_results/cvrp_lkh/Vrp-Set-X-n401/Vrp-Set-X-n401-lkh/0.lkh1.tour" ... done
* 10: Cost = 0_7062652, Time = 0.62 sec. 
Writing OUTPUT_TOUR_FILE: "baseline_results/cvrp_lkh/Vrp-Set-X-n401/Vrp-Set-X-n401-lkh/0.lkh1.tour" ... done
* 11: Cost = 0_7052958, Time = 0.63 sec. 
Writing OUTPUT_TOUR_FILE: "baseline_results/cvrp_lkh/Vrp-Set-X-n401/Vrp-Set-X-n401-lkh/0.lkh1.tour" ... done
* 15: Cost = 0_7046597, Time = 0.72 sec. 
Writing OUTPUT_TOUR_FILE: "baseline_results/cvrp_lkh/Vrp-Set-X-n401/Vrp-Set-X-n401-lkh/0.lkh1.tour" ... done
* 18: Cost = 0_7044486, Time = 0.74 sec. 
Writing OUTPUT_TOUR_FILE: "baseline_results/cvrp_lkh/Vrp-Set-X-n401/Vrp-Set-X-n401-lkh/0.lkh1.tour" ... done
* 19: Cost = 0_7033658, Time = 0.78 sec. 
Writing OUTPUT_TOUR_FILE: "baseline_results/cvrp_lkh/Vrp-Set-X-n401/Vrp-Set-X-n401-lkh/0.lkh1.tour" ... done
* 21: Cost = 0_7029162, Time = 0.82 sec. 
Writing OUTPUT_TOUR_FILE: "baseline_results/cvrp_lkh/Vrp-Set-X-n401/Vrp-Set-X-n401-lkh/0.lkh1.tour" ... done
* 22: Cost = 0_7026548, Time = 0.84 sec. 
Writing OUTPUT_TOUR_FILE: "baseline_results/cvrp_lkh/Vrp-Set-X-n401/Vrp-Set-X-n401-lkh/0.lkh1.tour" ... done
* 25: Cost = 0_7021910, Time = 1.00 sec. 
Writing OUTPUT_TOUR_FILE: "baseline_results/cvrp_lkh/Vrp-Set-X-n401/Vrp-Set-X-n401-lkh/0.lkh1.tour" ... done
* 29: Cost = 0_6946676, Time = 1.16 sec. 
Writing OUTPUT_TOUR_FILE: "baseline_results/cvrp_lkh/Vrp-Set-X-n401/Vrp-Set-X-n401-lkh/0.lkh1.tour" ... done
* 34: Cost = 0_6943964, Time = 1.32 sec. 
Writing OUTPUT_TOUR_FILE: "baseline_results/cvrp_lkh/Vrp-Set-X-n401/Vrp-Set-X-n401-lkh/0.lkh1.tour" ... done
* 37: Cost = 0_6943201, Time = 1.35 sec. 
Writing OUTPUT_TOUR_FILE: "baseline_results/cvrp_lkh/Vrp-Set-X-n401/Vrp-Set-X-n401-lkh/0.lkh1.tour" ... done
* 50: Cost = 0_6940500, Time = 1.61 sec. 
Writing OUTPUT_TOUR_FILE: "baseline_results/cvrp_lkh/Vrp-Set-X-n401/Vrp-Set-X-n401-lkh/0.lkh1.tour" ... done
* 54: Cost = 0_6925016, Time = 1.83 sec. 
Writing OUTPUT_TOUR_FILE: "baseline_results/cvrp_lkh/Vrp-Set-X-n401/Vrp-Set-X-n401-lkh/0.lkh1.tour" ... done
* 55: Cost = 0_6920224, Time = 1.85 sec. 
Writing OUTPUT_TOUR_FILE: "baseline_results/cvrp_lkh/Vrp-Set-X-n401/Vrp-Set-X-n401-lkh/0.lkh1.tour" ... done
* 59: Cost = 0_6918450, Time = 1.93 sec. 
Writing OUTPUT_TOUR_FILE: "baseline_results/cvrp_lkh/Vrp-Set-X-n401/Vrp-Set-X-n401-lkh/0.lkh1.tour" ... done
* 62: Cost = 0_6915138, Time = 2.09 sec. 
Writing OUTPUT_TOUR_FILE: "baseline_results/cvrp_lkh/Vrp-Set-X-n401/Vrp-Set-X-n401-lkh/0.lkh1.tour" ... done
* 63: Cost = 0_6915017, Time = 2.11 sec. 
Writing OUTPUT_TOUR_FILE: "baseline_results/cvrp_lkh/Vrp-Set-X-n401/Vrp-Set-X-n401-lkh/0.lkh1.tour" ... done
* 69: Cost = 0_6907888, Time = 2.33 sec. 
Writing OUTPUT_TOUR_FILE: "baseline_results/cvrp_lkh/Vrp-Set-X-n401/Vrp-Set-X-n401-lkh/0.lkh1.tour" ... done
* 76: Cost = 0_6902644, Time = 2.64 sec. 
Writing OUTPUT_TOUR_FILE: "baseline_results/cvrp_lkh/Vrp-Set-X-n401/Vrp-Set-X-n401-lkh/0.lkh1.tour" ... done
* 81: Cost = 0_6883369, Time = 2.84 sec. 
Writing OUTPUT_TOUR_FILE: "baseline_results/cvrp_lkh/Vrp-Set-X-n401/Vrp-Set-X-n401-lkh/0.lkh1.tour" ... done
* 84: Cost = 0_6879698, Time = 2.93 sec. 
Writing OUTPUT_TOUR_FILE: "baseline_results/cvrp_lkh/Vrp-Set-X-n401/Vrp-Set-X-n401-lkh/0.lkh1.tour" ... done
* 86: Cost = 0_6870349, Time = 3.06 sec. 
Writing OUTPUT_TOUR_FILE: "baseline_results/cvrp_lkh/Vrp-Set-X-n401/Vrp-Set-X-n401-lkh/0.lkh1.tour" ... done
* 87: Cost = 0_6868139, Time = 3.06 sec. 
Writing OUTPUT_TOUR_FILE: "baseline_results/cvrp_lkh/Vrp-Set-X-n401/Vrp-Set-X-n401-lkh/0.lkh1.tour" ... done
* 92: Cost = 0_6860566, Time = 3.20 sec. 
Writing OUTPUT_TOUR_FILE: "baseline_results/cvrp_lkh/Vrp-Set-X-n401/Vrp-Set-X-n401-lkh/0.lkh1.tour" ... done
* 93: Cost = 0_6850298, Time = 3.21 sec. 
Writing OUTPUT_TOUR_FILE: "baseline_results/cvrp_lkh/Vrp-Set-X-n401/Vrp-Set-X-n401-lkh/0.lkh1.tour" ... done
* 94: Cost = 0_6850016, Time = 3.22 sec. 
Writing OUTPUT_TOUR_FILE: "baseline_results/cvrp_lkh/Vrp-Set-X-n401/Vrp-Set-X-n401-lkh/0.lkh1.tour" ... done
* 96: Cost = 0_6847380, Time = 3.23 sec. 
Writing OUTPUT_TOUR_FILE: "baseline_results/cvrp_lkh/Vrp-Set-X-n401/Vrp-Set-X-n401-lkh/0.lkh1.tour" ... done
* 100: Cost = 0_6846051, Time = 3.34 sec. 
Writing OUTPUT_TOUR_FILE: "baseline_results/cvrp_lkh/Vrp-Set-X-n401/Vrp-Set-X-n401-lkh/0.lkh1.tour" ... done
* 104: Cost = 0_6843995, Time = 3.53 sec. 
Writing OUTPUT_TOUR_FILE: "baseline_results/cvrp_lkh/Vrp-Set-X-n401/Vrp-Set-X-n401-lkh/0.lkh1.tour" ... done
* 108: Cost = 0_6840846, Time = 3.79 sec. 
Writing OUTPUT_TOUR_FILE: "baseline_results/cvrp_lkh/Vrp-Set-X-n401/Vrp-Set-X-n401-lkh/0.lkh1.tour" ... done
* 109: Cost = 0_6840402, Time = 3.80 sec. 
Writing OUTPUT_TOUR_FILE: "baseline_results/cvrp_lkh/Vrp-Set-X-n401/Vrp-Set-X-n401-lkh/0.lkh1.tour" ... done
* 113: Cost = 0_6834691, Time = 3.91 sec. 
Writing OUTPUT_TOUR_FILE: "baseline_results/cvrp_lkh/Vrp-Set-X-n401/Vrp-Set-X-n401-lkh/0.lkh1.tour" ... done
* 121: Cost = 0_6827035, Time = 4.22 sec. 
Writing OUTPUT_TOUR_FILE: "baseline_results/cvrp_lkh/Vrp-Set-X-n401/Vrp-Set-X-n401-lkh/0.lkh1.tour" ... done
* 123: Cost = 0_6824736, Time = 4.26 sec. 
Writing OUTPUT_TOUR_FILE: "baseline_results/cvrp_lkh/Vrp-Set-X-n401/Vrp-Set-X-n401-lkh/0.lkh1.tour" ... done
* 131: Cost = 0_6823591, Time = 4.60 sec. 
Writing OUTPUT_TOUR_FILE: "baseline_results/cvrp_lkh/Vrp-Set-X-n401/Vrp-Set-X-n401-lkh/0.lkh1.tour" ... done
* 132: Cost = 0_6822977, Time = 4.63 sec. 
Writing OUTPUT_TOUR_FILE: "baseline_results/cvrp_lkh/Vrp-Set-X-n401/Vrp-Set-X-n401-lkh/0.lkh1.tour" ... done
* 138: Cost = 0_6822131, Time = 4.87 sec. 
Writing OUTPUT_TOUR_FILE: "baseline_results/cvrp_lkh/Vrp-Set-X-n401/Vrp-Set-X-n401-lkh/0.lkh1.tour" ... done
* 146: Cost = 0_6816851, Time = 5.57 sec. 
Writing OUTPUT_TOUR_FILE: "baseline_results/cvrp_lkh/Vrp-Set-X-n401/Vrp-Set-X-n401-lkh/0.lkh1.tour" ... done
* 158: Cost = 0_6813984, Time = 5.99 sec. 
Writing OUTPUT_TOUR_FILE: "baseline_results/cvrp_lkh/Vrp-Set-X-n401/Vrp-Set-X-n401-lkh/0.lkh1.tour" ... done
* 162: Cost = 0_6813955, Time = 6.09 sec. 
Writing OUTPUT_TOUR_FILE: "baseline_results/cvrp_lkh/Vrp-Set-X-n401/Vrp-Set-X-n401-lkh/0.lkh1.tour" ... done
* 175: Cost = 0_6813588, Time = 6.77 sec. 
Writing OUTPUT_TOUR_FILE: "baseline_results/cvrp_lkh/Vrp-Set-X-n401/Vrp-Set-X-n401-lkh/0.lkh1.tour" ... done
* 193: Cost = 0_6813381, Time = 7.80 sec. 
Writing OUTPUT_TOUR_FILE: "baseline_results/cvrp_lkh/Vrp-Set-X-n401/Vrp-Set-X-n401-lkh/0.lkh1.tour" ... done
* 203: Cost = 0_6812917, Time = 8.41 sec. 
Writing OUTPUT_TOUR_FILE: "baseline_results/cvrp_lkh/Vrp-Set-X-n401/Vrp-Set-X-n401-lkh/0.lkh1.tour" ... done
* 206: Cost = 0_6812396, Time = 8.50 sec. 
Writing OUTPUT_TOUR_FILE: "baseline_results/cvrp_lkh/Vrp-Set-X-n401/Vrp-Set-X-n401-lkh/0.lkh1.tour" ... done
* 218: Cost = 0_6810264, Time = 9.08 sec. 
Writing OUTPUT_TOUR_FILE: "baseline_results/cvrp_lkh/Vrp-Set-X-n401/Vrp-Set-X-n401-lkh/0.lkh1.tour" ... done
* 232: Cost = 0_6810240, Time = 9.78 sec. 
Writing OUTPUT_TOUR_FILE: "baseline_results/cvrp_lkh/Vrp-Set-X-n401/Vrp-Set-X-n401-lkh/0.lkh1.tour" ... done
* 264: Cost = 0_6807077, Time = 11.71 sec. 
Writing OUTPUT_TOUR_FILE: "baseline_results/cvrp_lkh/Vrp-Set-X-n401/Vrp-Set-X-n401-lkh/0.lkh1.tour" ... done
* 288: Cost = 0_6806989, Time = 12.66 sec. 
Writing OUTPUT_TOUR_FILE: "baseline_results/cvrp_lkh/Vrp-Set-X-n401/Vrp-Set-X-n401-lkh/0.lkh1.tour" ... done
* 297: Cost = 0_6806438, Time = 12.80 sec. 
Writing OUTPUT_TOUR_FILE: "baseline_results/cvrp_lkh/Vrp-Set-X-n401/Vrp-Set-X-n401-lkh/0.lkh1.tour" ... done
* 307: Cost = 0_6805136, Time = 13.12 sec. 
Writing OUTPUT_TOUR_FILE: "baseline_results/cvrp_lkh/Vrp-Set-X-n401/Vrp-Set-X-n401-lkh/0.lkh1.tour" ... done
* 370: Cost = 0_6805060, Time = 16.31 sec. 
Writing OUTPUT_TOUR_FILE: "baseline_results/cvrp_lkh/Vrp-Set-X-n401/Vrp-Set-X-n401-lkh/0.lkh1.tour" ... done
* 375: Cost = 0_6804895, Time = 16.49 sec. 
Writing OUTPUT_TOUR_FILE: "baseline_results/cvrp_lkh/Vrp-Set-X-n401/Vrp-Set-X-n401-lkh/0.lkh1.tour" ... done
* 382: Cost = 0_6803454, Time = 17.05 sec. 
Writing OUTPUT_TOUR_FILE: "baseline_results/cvrp_lkh/Vrp-Set-X-n401/Vrp-Set-X-n401-lkh/0.lkh1.tour" ... done
* 395: Cost = 0_6803350, Time = 17.81 sec. 
Writing OUTPUT_TOUR_FILE: "baseline_results/cvrp_lkh/Vrp-Set-X-n401/Vrp-Set-X-n401-lkh/0.lkh1.tour" ... done
* 405: Cost = 0_6803309, Time = 18.31 sec. 
Writing OUTPUT_TOUR_FILE: "baseline_results/cvrp_lkh/Vrp-Set-X-n401/Vrp-Set-X-n401-lkh/0.lkh1.tour" ... done
* 406: Cost = 0_6800393, Time = 18.32 sec. 
Writing OUTPUT_TOUR_FILE: "baseline_results/cvrp_lkh/Vrp-Set-X-n401/Vrp-Set-X-n401-lkh/0.lkh1.tour" ... done
* 414: Cost = 0_6800007, Time = 18.55 sec. 
Writing OUTPUT_TOUR_FILE: "baseline_results/cvrp_lkh/Vrp-Set-X-n401/Vrp-Set-X-n401-lkh/0.lkh1.tour" ... done
* 420: Cost = 0_6799773, Time = 18.80 sec. 
Writing OUTPUT_TOUR_FILE: "baseline_results/cvrp_lkh/Vrp-Set-X-n401/Vrp-Set-X-n401-lkh/0.lkh1.tour" ... done
* 424: Cost = 0_6792869, Time = 19.09 sec. 
Writing OUTPUT_TOUR_FILE: "baseline_results/cvrp_lkh/Vrp-Set-X-n401/Vrp-Set-X-n401-lkh/0.lkh1.tour" ... done
* 428: Cost = 0_6792683, Time = 19.35 sec. 
Writing OUTPUT_TOUR_FILE: "baseline_results/cvrp_lkh/Vrp-Set-X-n401/Vrp-Set-X-n401-lkh/0.lkh1.tour" ... done
* 431: Cost = 0_6792623, Time = 19.66 sec. 
Writing OUTPUT_TOUR_FILE: "baseline_results/cvrp_lkh/Vrp-Set-X-n401/Vrp-Set-X-n401-lkh/0.lkh1.tour" ... done
* 432: Cost = 0_6792568, Time = 19.66 sec. 
Writing OUTPUT_TOUR_FILE: "baseline_results/cvrp_lkh/Vrp-Set-X-n401/Vrp-Set-X-n401-lkh/0.lkh1.tour" ... done
* 435: Cost = 0_6792489, Time = 19.77 sec. 
Writing OUTPUT_TOUR_FILE: "baseline_results/cvrp_lkh/Vrp-Set-X-n401/Vrp-Set-X-n401-lkh/0.lkh1.tour" ... done
* 447: Cost = 0_6792321, Time = 20.17 sec. 
Writing OUTPUT_TOUR_FILE: "baseline_results/cvrp_lkh/Vrp-Set-X-n401/Vrp-Set-X-n401-lkh/0.lkh1.tour" ... done
* 458: Cost = 0_6792079, Time = 20.50 sec. 
Writing OUTPUT_TOUR_FILE: "baseline_results/cvrp_lkh/Vrp-Set-X-n401/Vrp-Set-X-n401-lkh/0.lkh1.tour" ... done
* 463: Cost = 0_6792073, Time = 20.79 sec. 
Writing OUTPUT_TOUR_FILE: "baseline_results/cvrp_lkh/Vrp-Set-X-n401/Vrp-Set-X-n401-lkh/0.lkh1.tour" ... done
* 477: Cost = 0_6781467, Time = 21.35 sec. 
Writing OUTPUT_TOUR_FILE: "baseline_results/cvrp_lkh/Vrp-Set-X-n401/Vrp-Set-X-n401-lkh/0.lkh1.tour" ... done
* 483: Cost = 0_6781115, Time = 21.89 sec. 
Writing OUTPUT_TOUR_FILE: "baseline_results/cvrp_lkh/Vrp-Set-X-n401/Vrp-Set-X-n401-lkh/0.lkh1.tour" ... done
* 487: Cost = 0_6779948, Time = 21.98 sec. 
Writing OUTPUT_TOUR_FILE: "baseline_results/cvrp_lkh/Vrp-Set-X-n401/Vrp-Set-X-n401-lkh/0.lkh1.tour" ... done
* 490: Cost = 0_6776308, Time = 22.26 sec. 
Writing OUTPUT_TOUR_FILE: "baseline_results/cvrp_lkh/Vrp-Set-X-n401/Vrp-Set-X-n401-lkh/0.lkh1.tour" ... done
* 511: Cost = 0_6775197, Time = 24.05 sec. 
Writing OUTPUT_TOUR_FILE: "baseline_results/cvrp_lkh/Vrp-Set-X-n401/Vrp-Set-X-n401-lkh/0.lkh1.tour" ... done
* 513: Cost = 0_6772302, Time = 24.24 sec. 
Writing OUTPUT_TOUR_FILE: "baseline_results/cvrp_lkh/Vrp-Set-X-n401/Vrp-Set-X-n401-lkh/0.lkh1.tour" ... done
* 538: Cost = 0_6772118, Time = 25.29 sec. 
Writing OUTPUT_TOUR_FILE: "baseline_results/cvrp_lkh/Vrp-Set-X-n401/Vrp-Set-X-n401-lkh/0.lkh1.tour" ... done
* 584: Cost = 0_6770818, Time = 29.64 sec. 
Writing OUTPUT_TOUR_FILE: "baseline_results/cvrp_lkh/Vrp-Set-X-n401/Vrp-Set-X-n401-lkh/0.lkh1.tour" ... done
* 595: Cost = 0_6770748, Time = 30.38 sec. 
Writing OUTPUT_TOUR_FILE: "baseline_results/cvrp_lkh/Vrp-Set-X-n401/Vrp-Set-X-n401-lkh/0.lkh1.tour" ... done
* 624: Cost = 0_6769526, Time = 31.78 sec. 
Writing OUTPUT_TOUR_FILE: "baseline_results/cvrp_lkh/Vrp-Set-X-n401/Vrp-Set-X-n401-lkh/0.lkh1.tour" ... done
* 631: Cost = 0_6769374, Time = 32.28 sec. 
Writing OUTPUT_TOUR_FILE: "baseline_results/cvrp_lkh/Vrp-Set-X-n401/Vrp-Set-X-n401-lkh/0.lkh1.tour" ... done
* 670: Cost = 0_6769168, Time = 34.05 sec. 
Writing OUTPUT_TOUR_FILE: "baseline_results/cvrp_lkh/Vrp-Set-X-n401/Vrp-Set-X-n401-lkh/0.lkh1.tour" ... done
* 673: Cost = 0_6767120, Time = 34.27 sec. 
Writing OUTPUT_TOUR_FILE: "baseline_results/cvrp_lkh/Vrp-Set-X-n401/Vrp-Set-X-n401-lkh/0.lkh1.tour" ... done
* 714: Cost = 0_6766733, Time = 36.42 sec. 
Writing OUTPUT_TOUR_FILE: "baseline_results/cvrp_lkh/Vrp-Set-X-n401/Vrp-Set-X-n401-lkh/0.lkh1.tour" ... done
* 722: Cost = 0_6765748, Time = 36.65 sec. 
Writing OUTPUT_TOUR_FILE: "baseline_results/cvrp_lkh/Vrp-Set-X-n401/Vrp-Set-X-n401-lkh/0.lkh1.tour" ... done
* 759: Cost = 0_6764573, Time = 38.65 sec. 
Writing OUTPUT_TOUR_FILE: "baseline_results/cvrp_lkh/Vrp-Set-X-n401/Vrp-Set-X-n401-lkh/0.lkh1.tour" ... done
* 761: Cost = 0_6763868, Time = 38.86 sec. 
Writing OUTPUT_TOUR_FILE: "baseline_results/cvrp_lkh/Vrp-Set-X-n401/Vrp-Set-X-n401-lkh/0.lkh1.tour" ... done
* 764: Cost = 0_6763405, Time = 38.95 sec. 
Writing OUTPUT_TOUR_FILE: "baseline_results/cvrp_lkh/Vrp-Set-X-n401/Vrp-Set-X-n401-lkh/0.lkh1.tour" ... done
* 775: Cost = 0_6746045, Time = 39.73 sec. 
Writing OUTPUT_TOUR_FILE: "baseline_results/cvrp_lkh/Vrp-Set-X-n401/Vrp-Set-X-n401-lkh/0.lkh1.tour" ... done
* 780: Cost = 0_6744951, Time = 39.93 sec. 
Writing OUTPUT_TOUR_FILE: "baseline_results/cvrp_lkh/Vrp-Set-X-n401/Vrp-Set-X-n401-lkh/0.lkh1.tour" ... done
* 798: Cost = 0_6738422, Time = 40.94 sec. 
Writing OUTPUT_TOUR_FILE: "baseline_results/cvrp_lkh/Vrp-Set-X-n401/Vrp-Set-X-n401-lkh/0.lkh1.tour" ... done
* 803: Cost = 0_6733459, Time = 41.33 sec. 
Writing OUTPUT_TOUR_FILE: "baseline_results/cvrp_lkh/Vrp-Set-X-n401/Vrp-Set-X-n401-lkh/0.lkh1.tour" ... done
* 814: Cost = 0_6729308, Time = 41.89 sec. 
Writing OUTPUT_TOUR_FILE: "baseline_results/cvrp_lkh/Vrp-Set-X-n401/Vrp-Set-X-n401-lkh/0.lkh1.tour" ... done
* 829: Cost = 0_6727892, Time = 42.37 sec. 
Writing OUTPUT_TOUR_FILE: "baseline_results/cvrp_lkh/Vrp-Set-X-n401/Vrp-Set-X-n401-lkh/0.lkh1.tour" ... done
* 830: Cost = 0_6715589, Time = 42.41 sec. 
Writing OUTPUT_TOUR_FILE: "baseline_results/cvrp_lkh/Vrp-Set-X-n401/Vrp-Set-X-n401-lkh/0.lkh1.tour" ... done
* 833: Cost = 0_6715363, Time = 42.56 sec. 
Writing OUTPUT_TOUR_FILE: "baseline_results/cvrp_lkh/Vrp-Set-X-n401/Vrp-Set-X-n401-lkh/0.lkh1.tour" ... done
* 836: Cost = 0_6715034, Time = 42.64 sec. 
Writing OUTPUT_TOUR_FILE: "baseline_results/cvrp_lkh/Vrp-Set-X-n401/Vrp-Set-X-n401-lkh/0.lkh1.tour" ... done
* 852: Cost = 0_6714969, Time = 43.74 sec. 
Writing OUTPUT_TOUR_FILE: "baseline_results/cvrp_lkh/Vrp-Set-X-n401/Vrp-Set-X-n401-lkh/0.lkh1.tour" ... done
* 858: Cost = 0_6713565, Time = 44.06 sec. 
Writing OUTPUT_TOUR_FILE: "baseline_results/cvrp_lkh/Vrp-Set-X-n401/Vrp-Set-X-n401-lkh/0.lkh1.tour" ... done
* 875: Cost = 0_6712567, Time = 44.71 sec. 
Writing OUTPUT_TOUR_FILE: "baseline_results/cvrp_lkh/Vrp-Set-X-n401/Vrp-Set-X-n401-lkh/0.lkh1.tour" ... done
* 877: Cost = 0_6711042, Time = 44.98 sec. 
Writing OUTPUT_TOUR_FILE: "baseline_results/cvrp_lkh/Vrp-Set-X-n401/Vrp-Set-X-n401-lkh/0.lkh1.tour" ... done
* 901: Cost = 0_6710457, Time = 46.17 sec. 
Writing OUTPUT_TOUR_FILE: "baseline_results/cvrp_lkh/Vrp-Set-X-n401/Vrp-Set-X-n401-lkh/0.lkh1.tour" ... done
* 959: Cost = 0_6706865, Time = 50.18 sec. 
Writing OUTPUT_TOUR_FILE: "baseline_results/cvrp_lkh/Vrp-Set-X-n401/Vrp-Set-X-n401-lkh/0.lkh1.tour" ... done
* 965: Cost = 0_6706820, Time = 50.65 sec. 
Writing OUTPUT_TOUR_FILE: "baseline_results/cvrp_lkh/Vrp-Set-X-n401/Vrp-Set-X-n401-lkh/0.lkh1.tour" ... done
* 1028: Cost = 0_6706749, Time = 55.00 sec. 
Writing OUTPUT_TOUR_FILE: "baseline_results/cvrp_lkh/Vrp-Set-X-n401/Vrp-Set-X-n401-lkh/0.lkh1.tour" ... done
* 1058: Cost = 0_6706300, Time = 57.83 sec. 
Writing OUTPUT_TOUR_FILE: "baseline_results/cvrp_lkh/Vrp-Set-X-n401/Vrp-Set-X-n401-lkh/0.lkh1.tour" ... done
* 1075: Cost = 0_6704196, Time = 58.56 sec. 
Writing OUTPUT_TOUR_FILE: "baseline_results/cvrp_lkh/Vrp-Set-X-n401/Vrp-Set-X-n401-lkh/0.lkh1.tour" ... done
* 1199: Cost = 0_6704155, Time = 66.90 sec. 
Writing OUTPUT_TOUR_FILE: "baseline_results/cvrp_lkh/Vrp-Set-X-n401/Vrp-Set-X-n401-lkh/0.lkh1.tour" ... done
* 1286: Cost = 0_6701863, Time = 72.56 sec. 
Writing OUTPUT_TOUR_FILE: "baseline_results/cvrp_lkh/Vrp-Set-X-n401/Vrp-Set-X-n401-lkh/0.lkh1.tour" ... done
* 1300: Cost = 0_6701578, Time = 73.21 sec. 
Writing OUTPUT_TOUR_FILE: "baseline_results/cvrp_lkh/Vrp-Set-X-n401/Vrp-Set-X-n401-lkh/0.lkh1.tour" ... done
* 1307: Cost = 0_6701257, Time = 73.72 sec. 
Writing OUTPUT_TOUR_FILE: "baseline_results/cvrp_lkh/Vrp-Set-X-n401/Vrp-Set-X-n401-lkh/0.lkh1.tour" ... done
* 1336: Cost = 0_6700857, Time = 75.54 sec. 
Writing OUTPUT_TOUR_FILE: "baseline_results/cvrp_lkh/Vrp-Set-X-n401/Vrp-Set-X-n401-lkh/0.lkh1.tour" ... done
* 1433: Cost = 0_6698206, Time = 81.59 sec. 
Writing OUTPUT_TOUR_FILE: "baseline_results/cvrp_lkh/Vrp-Set-X-n401/Vrp-Set-X-n401-lkh/0.lkh1.tour" ... done
* 1440: Cost = 0_6698197, Time = 82.51 sec. 
Writing OUTPUT_TOUR_FILE: "baseline_results/cvrp_lkh/Vrp-Set-X-n401/Vrp-Set-X-n401-lkh/0.lkh1.tour" ... done
* 1453: Cost = 0_6697313, Time = 83.71 sec. 
Writing OUTPUT_TOUR_FILE: "baseline_results/cvrp_lkh/Vrp-Set-X-n401/Vrp-Set-X-n401-lkh/0.lkh1.tour" ... done
* 1486: Cost = 0_6693584, Time = 85.79 sec. 
Writing OUTPUT_TOUR_FILE: "baseline_results/cvrp_lkh/Vrp-Set-X-n401/Vrp-Set-X-n401-lkh/0.lkh1.tour" ... done
* 1499: Cost = 0_6693383, Time = 87.24 sec. 
Writing OUTPUT_TOUR_FILE: "baseline_results/cvrp_lkh/Vrp-Set-X-n401/Vrp-Set-X-n401-lkh/0.lkh1.tour" ... done
* 1505: Cost = 0_6693065, Time = 87.62 sec. 
Writing OUTPUT_TOUR_FILE: "baseline_results/cvrp_lkh/Vrp-Set-X-n401/Vrp-Set-X-n401-lkh/0.lkh1.tour" ... done
* 1517: Cost = 0_6692897, Time = 88.04 sec. 
Writing OUTPUT_TOUR_FILE: "baseline_results/cvrp_lkh/Vrp-Set-X-n401/Vrp-Set-X-n401-lkh/0.lkh1.tour" ... done
* 1533: Cost = 0_6692181, Time = 89.37 sec. 
Writing OUTPUT_TOUR_FILE: "baseline_results/cvrp_lkh/Vrp-Set-X-n401/Vrp-Set-X-n401-lkh/0.lkh1.tour" ... done
* 1603: Cost = 0_6691564, Time = 93.86 sec. 
Writing OUTPUT_TOUR_FILE: "baseline_results/cvrp_lkh/Vrp-Set-X-n401/Vrp-Set-X-n401-lkh/0.lkh1.tour" ... done
* 1615: Cost = 0_6689158, Time = 94.62 sec. 
Writing OUTPUT_TOUR_FILE: "baseline_results/cvrp_lkh/Vrp-Set-X-n401/Vrp-Set-X-n401-lkh/0.lkh1.tour" ... done
* 1640: Cost = 0_6686435, Time = 96.69 sec. 
Writing OUTPUT_TOUR_FILE: "baseline_results/cvrp_lkh/Vrp-Set-X-n401/Vrp-Set-X-n401-lkh/0.lkh1.tour" ... done
* 1657: Cost = 0_6685814, Time = 98.06 sec. 
Writing OUTPUT_TOUR_FILE: "baseline_results/cvrp_lkh/Vrp-Set-X-n401/Vrp-Set-X-n401-lkh/0.lkh1.tour" ... done
* 1661: Cost = 0_6684966, Time = 98.40 sec. 
Writing OUTPUT_TOUR_FILE: "baseline_results/cvrp_lkh/Vrp-Set-X-n401/Vrp-Set-X-n401-lkh/0.lkh1.tour" ... done
* 1666: Cost = 0_6681377, Time = 98.85 sec. 
Writing OUTPUT_TOUR_FILE: "baseline_results/cvrp_lkh/Vrp-Set-X-n401/Vrp-Set-X-n401-lkh/0.lkh1.tour" ... done
* 1722: Cost = 0_6680845, Time = 101.66 sec. 
Writing OUTPUT_TOUR_FILE: "baseline_results/cvrp_lkh/Vrp-Set-X-n401/Vrp-Set-X-n401-lkh/0.lkh1.tour" ... done
* 1881: Cost = 0_6680196, Time = 110.71 sec. 
Writing OUTPUT_TOUR_FILE: "baseline_results/cvrp_lkh/Vrp-Set-X-n401/Vrp-Set-X-n401-lkh/0.lkh1.tour" ... done
* 1919: Cost = 0_6679821, Time = 113.23 sec. 
Writing OUTPUT_TOUR_FILE: "baseline_results/cvrp_lkh/Vrp-Set-X-n401/Vrp-Set-X-n401-lkh/0.lkh1.tour" ... done
* 1947: Cost = 0_6679692, Time = 114.79 sec. 
Writing OUTPUT_TOUR_FILE: "baseline_results/cvrp_lkh/Vrp-Set-X-n401/Vrp-Set-X-n401-lkh/0.lkh1.tour" ... done
* 1954: Cost = 0_6678962, Time = 114.97 sec. 
Writing OUTPUT_TOUR_FILE: "baseline_results/cvrp_lkh/Vrp-Set-X-n401/Vrp-Set-X-n401-lkh/0.lkh1.tour" ... done
* 1969: Cost = 0_6678149, Time = 116.55 sec. 
Writing OUTPUT_TOUR_FILE: "baseline_results/cvrp_lkh/Vrp-Set-X-n401/Vrp-Set-X-n401-lkh/0.lkh1.tour" ... done
* 1974: Cost = 0_6677520, Time = 117.05 sec. 
Writing OUTPUT_TOUR_FILE: "baseline_results/cvrp_lkh/Vrp-Set-X-n401/Vrp-Set-X-n401-lkh/0.lkh1.tour" ... done
* 1989: Cost = 0_6677470, Time = 117.88 sec. 
Writing OUTPUT_TOUR_FILE: "baseline_results/cvrp_lkh/Vrp-Set-X-n401/Vrp-Set-X-n401-lkh/0.lkh1.tour" ... done
* 2002: Cost = 0_6677415, Time = 118.77 sec. 
Writing OUTPUT_TOUR_FILE: "baseline_results/cvrp_lkh/Vrp-Set-X-n401/Vrp-Set-X-n401-lkh/0.lkh1.tour" ... done
* 2043: Cost = 0_6676784, Time = 120.47 sec. 
Writing OUTPUT_TOUR_FILE: "baseline_results/cvrp_lkh/Vrp-Set-X-n401/Vrp-Set-X-n401-lkh/0.lkh1.tour" ... done
* 2047: Cost = 0_6675728, Time = 120.55 sec. 
Writing OUTPUT_TOUR_FILE: "baseline_results/cvrp_lkh/Vrp-Set-X-n401/Vrp-Set-X-n401-lkh/0.lkh1.tour" ... done
* 2076: Cost = 0_6675066, Time = 121.60 sec. 
Writing OUTPUT_TOUR_FILE: "baseline_results/cvrp_lkh/Vrp-Set-X-n401/Vrp-Set-X-n401-lkh/0.lkh1.tour" ... done
* 2288: Cost = 0_6673976, Time = 134.64 sec. 
Writing OUTPUT_TOUR_FILE: "baseline_results/cvrp_lkh/Vrp-Set-X-n401/Vrp-Set-X-n401-lkh/0.lkh1.tour" ... done
* 2718: Cost = 0_6672811, Time = 161.48 sec. 
Writing OUTPUT_TOUR_FILE: "baseline_results/cvrp_lkh/Vrp-Set-X-n401/Vrp-Set-X-n401-lkh/0.lkh1.tour" ... done
* 2723: Cost = 0_6672282, Time = 161.65 sec. 
Writing OUTPUT_TOUR_FILE: "baseline_results/cvrp_lkh/Vrp-Set-X-n401/Vrp-Set-X-n401-lkh/0.lkh1.tour" ... done
* 4069: Cost = 0_6671843, Time = 235.30 sec. 
Writing OUTPUT_TOUR_FILE: "baseline_results/cvrp_lkh/Vrp-Set-X-n401/Vrp-Set-X-n401-lkh/0.lkh1.tour" ... done
* 4105: Cost = 0_6671835, Time = 237.64 sec. 
Writing OUTPUT_TOUR_FILE: "baseline_results/cvrp_lkh/Vrp-Set-X-n401/Vrp-Set-X-n401-lkh/0.lkh1.tour" ... done
* 4759: Cost = 0_6671749, Time = 280.96 sec. 
Writing OUTPUT_TOUR_FILE: "baseline_results/cvrp_lkh/Vrp-Set-X-n401/Vrp-Set-X-n401-lkh/0.lkh1.tour" ... done
* 4795: Cost = 0_6671506, Time = 283.74 sec. 
Writing OUTPUT_TOUR_FILE: "baseline_results/cvrp_lkh/Vrp-Set-X-n401/Vrp-Set-X-n401-lkh/0.lkh1.tour" ... done
* 5885: Cost = 0_6671501, Time = 360.11 sec. 
Writing OUTPUT_TOUR_FILE: "baseline_results/cvrp_lkh/Vrp-Set-X-n401/Vrp-Set-X-n401-lkh/0.lkh1.tour" ... done
* 6170: Cost = 0_6671163, Time = 378.16 sec. 
Writing OUTPUT_TOUR_FILE: "baseline_results/cvrp_lkh/Vrp-Set-X-n401/Vrp-Set-X-n401-lkh/0.lkh1.tour" ... done
* 6175: Cost = 0_6671158, Time = 378.77 sec. 
Writing OUTPUT_TOUR_FILE: "baseline_results/cvrp_lkh/Vrp-Set-X-n401/Vrp-Set-X-n401-lkh/0.lkh1.tour" ... done
* 6244: Cost = 0_6671093, Time = 383.64 sec. 
Writing OUTPUT_TOUR_FILE: "baseline_results/cvrp_lkh/Vrp-Set-X-n401/Vrp-Set-X-n401-lkh/0.lkh1.tour" ... done
* 6254: Cost = 0_6670892, Time = 384.36 sec. 
Writing OUTPUT_TOUR_FILE: "baseline_results/cvrp_lkh/Vrp-Set-X-n401/Vrp-Set-X-n401-lkh/0.lkh1.tour" ... done
* 6305: Cost = 0_6670841, Time = 388.42 sec. 
Writing OUTPUT_TOUR_FILE: "baseline_results/cvrp_lkh/Vrp-Set-X-n401/Vrp-Set-X-n401-lkh/0.lkh1.tour" ... done
* 6338: Cost = 0_6670826, Time = 391.01 sec. 
Writing OUTPUT_TOUR_FILE: "baseline_results/cvrp_lkh/Vrp-Set-X-n401/Vrp-Set-X-n401-lkh/0.lkh1.tour" ... done
* 6340: Cost = 0_6670791, Time = 391.13 sec. 
Writing OUTPUT_TOUR_FILE: "baseline_results/cvrp_lkh/Vrp-Set-X-n401/Vrp-Set-X-n401-lkh/0.lkh1.tour" ... done
* 6405: Cost = 0_6670691, Time = 395.79 sec. 
Writing OUTPUT_TOUR_FILE: "baseline_results/cvrp_lkh/Vrp-Set-X-n401/Vrp-Set-X-n401-lkh/0.lkh1.tour" ... done
* 6779: Cost = 0_6670490, Time = 421.13 sec. 
Writing OUTPUT_TOUR_FILE: "baseline_results/cvrp_lkh/Vrp-Set-X-n401/Vrp-Set-X-n401-lkh/0.lkh1.tour" ... done
* 6798: Cost = 0_6670071, Time = 422.13 sec. 
Writing OUTPUT_TOUR_FILE: "baseline_results/cvrp_lkh/Vrp-Set-X-n401/Vrp-Set-X-n401-lkh/0.lkh1.tour" ... done
* 6885: Cost = 0_6669242, Time = 428.44 sec. 
Writing OUTPUT_TOUR_FILE: "baseline_results/cvrp_lkh/Vrp-Set-X-n401/Vrp-Set-X-n401-lkh/0.lkh1.tour" ... done
* 7124: Cost = 0_6668249, Time = 447.97 sec. 
Writing OUTPUT_TOUR_FILE: "baseline_results/cvrp_lkh/Vrp-Set-X-n401/Vrp-Set-X-n401-lkh/0.lkh1.tour" ... done
* 7377: Cost = 0_6667958, Time = 467.33 sec. 
Writing OUTPUT_TOUR_FILE: "baseline_results/cvrp_lkh/Vrp-Set-X-n401/Vrp-Set-X-n401-lkh/0.lkh1.tour" ... done
* 7395: Cost = 0_6667954, Time = 468.63 sec. 
Writing OUTPUT_TOUR_FILE: "baseline_results/cvrp_lkh/Vrp-Set-X-n401/Vrp-Set-X-n401-lkh/0.lkh1.tour" ... done
* 7432: Cost = 0_6667024, Time = 471.35 sec. 
Writing OUTPUT_TOUR_FILE: "baseline_results/cvrp_lkh/Vrp-Set-X-n401/Vrp-Set-X-n401-lkh/0.lkh1.tour" ... done
* 7491: Cost = 0_6666333, Time = 476.67 sec. 
Writing OUTPUT_TOUR_FILE: "baseline_results/cvrp_lkh/Vrp-Set-X-n401/Vrp-Set-X-n401-lkh/0.lkh1.tour" ... done
* 7495: Cost = 0_6665862, Time = 476.71 sec. 
Writing OUTPUT_TOUR_FILE: "baseline_results/cvrp_lkh/Vrp-Set-X-n401/Vrp-Set-X-n401-lkh/0.lkh1.tour" ... done
* 7626: Cost = 0_6665803, Time = 486.29 sec. 
Writing OUTPUT_TOUR_FILE: "baseline_results/cvrp_lkh/Vrp-Set-X-n401/Vrp-Set-X-n401-lkh/0.lkh1.tour" ... done
* 7841: Cost = 0_6665680, Time = 500.58 sec. 
Writing OUTPUT_TOUR_FILE: "baseline_results/cvrp_lkh/Vrp-Set-X-n401/Vrp-Set-X-n401-lkh/0.lkh1.tour" ... done
* 8060: Cost = 0_6663654, Time = 512.09 sec. 
Writing OUTPUT_TOUR_FILE: "baseline_results/cvrp_lkh/Vrp-Set-X-n401/Vrp-Set-X-n401-lkh/0.lkh1.tour" ... done
* 8445: Cost = 0_6662893, Time = 540.38 sec. 
Writing OUTPUT_TOUR_FILE: "baseline_results/cvrp_lkh/Vrp-Set-X-n401/Vrp-Set-X-n401-lkh/0.lkh1.tour" ... done
* 8494: Cost = 0_6662087, Time = 543.55 sec. 
Writing OUTPUT_TOUR_FILE: "baseline_results/cvrp_lkh/Vrp-Set-X-n401/Vrp-Set-X-n401-lkh/0.lkh1.tour" ... done
* 8495: Cost = 0_6661370, Time = 543.61 sec. 
Writing OUTPUT_TOUR_FILE: "baseline_results/cvrp_lkh/Vrp-Set-X-n401/Vrp-Set-X-n401-lkh/0.lkh1.tour" ... done
* 8521: Cost = 0_6661134, Time = 546.32 sec. 
Writing OUTPUT_TOUR_FILE: "baseline_results/cvrp_lkh/Vrp-Set-X-n401/Vrp-Set-X-n401-lkh/0.lkh1.tour" ... done
* 8570: Cost = 0_6661084, Time = 549.92 sec. 
Writing OUTPUT_TOUR_FILE: "baseline_results/cvrp_lkh/Vrp-Set-X-n401/Vrp-Set-X-n401-lkh/0.lkh1.tour" ... done
* 8792: Cost = 0_6660645, Time = 564.21 sec. 
Writing OUTPUT_TOUR_FILE: "baseline_results/cvrp_lkh/Vrp-Set-X-n401/Vrp-Set-X-n401-lkh/0.lkh1.tour" ... done
* 8849: Cost = 0_6660425, Time = 567.89 sec. 
Writing OUTPUT_TOUR_FILE: "baseline_results/cvrp_lkh/Vrp-Set-X-n401/Vrp-Set-X-n401-lkh/0.lkh1.tour" ... done
* 8855: Cost = 0_6659142, Time = 568.09 sec. 
Writing OUTPUT_TOUR_FILE: "baseline_results/cvrp_lkh/Vrp-Set-X-n401/Vrp-Set-X-n401-lkh/0.lkh1.tour" ... done
* 8921: Cost = 0_6658422, Time = 573.25 sec. 
Writing OUTPUT_TOUR_FILE: "baseline_results/cvrp_lkh/Vrp-Set-X-n401/Vrp-Set-X-n401-lkh/0.lkh1.tour" ... done
* 9070: Cost = 0_6656792, Time = 582.86 sec. 
Writing OUTPUT_TOUR_FILE: "baseline_results/cvrp_lkh/Vrp-Set-X-n401/Vrp-Set-X-n401-lkh/0.lkh1.tour" ... done
* 9081: Cost = 0_6654947, Time = 583.70 sec. 
Writing OUTPUT_TOUR_FILE: "baseline_results/cvrp_lkh/Vrp-Set-X-n401/Vrp-Set-X-n401-lkh/0.lkh1.tour" ... done
* 9156: Cost = 0_6654824, Time = 589.24 sec. 
Writing OUTPUT_TOUR_FILE: "baseline_results/cvrp_lkh/Vrp-Set-X-n401/Vrp-Set-X-n401-lkh/0.lkh1.tour" ... done
* 9236: Cost = 0_6654757, Time = 594.82 sec. 
Writing OUTPUT_TOUR_FILE: "baseline_results/cvrp_lkh/Vrp-Set-X-n401/Vrp-Set-X-n401-lkh/0.lkh1.tour" ... done
Population:
  1: 0_6654757
Run 1: Cost = 0_6654757, Time = 641.45 sec. 

Successes/Runs = 0/1 
Cost.min = 6654757, Cost.avg = 6654757.00, Cost.max = 6654757
Gap.min = 0.0000%, Gap.avg = 0.0000%, Gap.max = 0.0000%
Penalty.min = 0, Penalty.avg = 0.00, Penalty.max = 0
Trials.min = 10000, Trials.avg = 10000.0, Trials.max = 10000
Time.min = 641.45 sec., Time.avg = 641.45 sec., Time.max = 641.45 sec.
Time.total = 641.66 sec.
  Size.min = 9, Size.max = 30, Penalty = 0
  Cost.min = 137642, Cost.max = 283201, Cost.sum = 6654757
Best CVRP solution:
  Cost = 0_6654757

