=========== Algorithm Parameters =================
---- nbGranular        is set to 20
---- mu                is set to 25
---- lambda            is set to 40
---- nbElite           is set to 4
---- nbClose           is set to 5
---- targetFeasible    is set to 0.2
---- seed              is set to 1234
---- nbIter            is set to 20000
---- timeLimit         is set to 0
---- useSwapStar       is set to 1
==================================================
----- READING INSTANCE: baseline_results/cvrp_hgs/Vrp-Set-X-n459/Vrp-Set-X-n459-hgs/0.hgs1.vrp
----- FLEET SIZE WAS NOT SPECIFIED: DEFAULT INITIALIZATION TO 37 VEHICLES
----- INSTANCE SUCCESSFULLY LOADED WITH 458 CLIENTS AND 37 VEHICLES
----- BUILDING INITIAL POPULATION
----- STARTING GENETIC ALGORITHM
It      0      2 | T(s) 1.23 | Feas 58 25288.40 25483.56 | Inf 3 25583.92 25666.36 | Div 0.53 0.54 | Feas 0.97 1.00 | Pen 9.84 0.85
It    500    198 | T(s) 4.88 | Feas 64 24812.25 24980.76 | Inf 33 24972.74 25087.20 | Div 0.49 0.52 | Feas 0.52 1.00 | Pen 4.36 0.38
It   1000     97 | T(s) 8.51 | Feas 25 24725.47 24951.88 | Inf 54 24684.25 24796.90 | Div 0.54 0.47 | Feas 0.22 1.00 | Pen 2.68 0.17
It   1500     60 | T(s) 11.99 | Feas 45 24584.04 24732.34 | Inf 46 24572.86 24731.68 | Div 0.48 0.48 | Feas 0.23 1.00 | Pen 2.68 0.10
It   2000    143 | T(s) 15.27 | Feas 44 24489.26 24635.44 | Inf 44 24442.15 24596.05 | Div 0.45 0.43 | Feas 0.09 1.00 | Pen 2.73 0.10
It   2500    381 | T(s) 18.54 | Feas 61 24431.10 24517.43 | Inf 33 24422.33 24557.51 | Div 0.37 0.44 | Feas 0.16 1.00 | Pen 2.79 0.10
It   3000     75 | T(s) 21.70 | Feas 55 24413.47 24485.67 | Inf 34 24407.85 24491.31 | Div 0.38 0.40 | Feas 0.16 1.00 | Pen 2.79 0.10
It   3500    296 | T(s) 24.92 | Feas 60 24393.51 24452.57 | Inf 44 24385.40 24457.08 | Div 0.35 0.37 | Feas 0.23 1.00 | Pen 2.84 0.10
It   4000     95 | T(s) 28.04 | Feas 40 24384.94 24452.87 | Inf 64 24383.13 24422.46 | Div 0.37 0.34 | Feas 0.17 1.00 | Pen 2.47 0.10
It   4500     58 | T(s) 31.00 | Feas 26 24334.52 24431.75 | Inf 54 24325.15 24392.34 | Div 0.39 0.32 | Feas 0.23 1.00 | Pen 2.52 0.10
It   5000     94 | T(s) 33.95 | Feas 45 24328.13 24384.35 | Inf 47 24325.35 24384.43 | Div 0.32 0.33 | Feas 0.26 1.00 | Pen 2.62 0.10
It   5500     10 | T(s) 36.65 | Feas 54 24318.75 24354.63 | Inf 41 24323.08 24370.99 | Div 0.28 0.32 | Feas 0.17 1.00 | Pen 2.67 0.10
It   6000    357 | T(s) 39.57 | Feas 60 24298.54 24348.11 | Inf 31 24322.64 24393.21 | Div 0.29 0.36 | Feas 0.19 1.00 | Pen 3.27 0.10
It   6500    857 | T(s) 42.42 | Feas 47 24298.54 24357.83 | Inf 45 24304.12 24367.72 | Div 0.34 0.36 | Feas 0.21 1.00 | Pen 2.83 0.10
It   7000     73 | T(s) 45.35 | Feas 61 24292.47 24336.53 | Inf 35 24304.23 24381.40 | Div 0.30 0.37 | Feas 0.16 1.00 | Pen 2.89 0.10
It   7500     37 | T(s) 48.22 | Feas 38 24289.56 24334.01 | Inf 55 24285.73 24332.41 | Div 0.31 0.31 | Feas 0.25 1.00 | Pen 2.89 0.10
It   8000    537 | T(s) 51.08 | Feas 47 24289.56 24355.79 | Inf 52 24277.73 24343.65 | Div 0.33 0.33 | Feas 0.18 1.00 | Pen 2.89 0.10
It   8500    495 | T(s) 53.88 | Feas 64 24278.06 24331.90 | Inf 54 24278.37 24320.40 | Div 0.32 0.30 | Feas 0.10 1.00 | Pen 3.54 0.10
It   9000     93 | T(s) 56.72 | Feas 61 24262.21 24320.46 | Inf 29 24277.84 24352.79 | Div 0.31 0.35 | Feas 0.20 1.00 | Pen 3.01 0.10
It   9500    593 | T(s) 59.58 | Feas 40 24262.21 24333.05 | Inf 60 24267.71 24319.53 | Div 0.31 0.29 | Feas 0.21 1.00 | Pen 3.07 0.10
It  10000   1093 | T(s) 62.36 | Feas 64 24262.21 24322.28 | Inf 50 24257.55 24294.29 | Div 0.28 0.27 | Feas 0.21 1.00 | Pen 2.61 0.10
It  10500    139 | T(s) 65.05 | Feas 59 24248.55 24273.77 | Inf 30 24249.51 24315.22 | Div 0.19 0.31 | Feas 0.22 1.00 | Pen 2.71 0.10
It  11000     49 | T(s) 67.84 | Feas 52 24246.78 24291.67 | Inf 47 24249.20 24276.87 | Div 0.25 0.24 | Feas 0.28 1.00 | Pen 2.40 0.10
It  11500    549 | T(s) 70.48 | Feas 29 24246.78 24298.17 | Inf 36 24249.29 24274.76 | Div 0.32 0.25 | Feas 0.16 1.00 | Pen 2.49 0.10
It  12000   1049 | T(s) 73.17 | Feas 40 24246.78 24272.87 | Inf 59 24246.19 24267.55 | Div 0.24 0.20 | Feas 0.19 1.00 | Pen 2.54 0.10
It  12500    270 | T(s) 75.90 | Feas 57 24245.99 24257.35 | Inf 37 24241.65 24266.43 | Div 0.18 0.24 | Feas 0.27 1.00 | Pen 2.21 0.10
It  13000    175 | T(s) 78.42 | Feas 33 24237.43 24287.31 | Inf 34 24242.15 24282.51 | Div 0.30 0.25 | Feas 0.12 1.00 | Pen 2.70 0.10
It  13500    675 | T(s) 81.07 | Feas 61 24237.43 24267.71 | Inf 65 24242.20 24262.83 | Div 0.24 0.23 | Feas 0.22 1.00 | Pen 2.75 0.10
It  14000   1175 | T(s) 83.76 | Feas 64 24237.43 24255.24 | Inf 60 24240.12 24256.43 | Div 0.19 0.19 | Feas 0.12 1.00 | Pen 2.81 0.10
It  14500    106 | T(s) 86.42 | Feas 43 24234.52 24266.48 | Inf 47 24234.25 24254.43 | Div 0.26 0.20 | Feas 0.13 1.00 | Pen 2.87 0.10
It  15000    606 | T(s) 89.15 | Feas 40 24234.52 24253.92 | Inf 25 24233.82 24266.30 | Div 0.22 0.25 | Feas 0.21 1.00 | Pen 2.44 0.10
It  15500   1106 | T(s) 91.80 | Feas 60 24234.52 24250.59 | Inf 50 24233.92 24260.47 | Div 0.20 0.23 | Feas 0.29 1.00 | Pen 2.53 0.10
It  16000     25 | T(s) 94.43 | Feas 42 24226.89 24251.58 | Inf 48 24231.59 24254.38 | Div 0.24 0.22 | Feas 0.12 1.00 | Pen 3.04 0.10
It  16500    525 | T(s) 97.24 | Feas 36 24226.89 24274.09 | Inf 37 24231.65 24266.23 | Div 0.26 0.24 | Feas 0.22 1.00 | Pen 3.10 0.10
It  17000   1025 | T(s) 99.93 | Feas 54 24226.89 24256.15 | Inf 27 24231.18 24275.87 | Div 0.23 0.28 | Feas 0.16 1.00 | Pen 2.64 0.10
It  17500    304 | T(s) 102.55 | Feas 28 24218.58 24278.30 | Inf 52 24217.69 24254.67 | Div 0.29 0.24 | Feas 0.18 1.00 | Pen 2.24 0.10
It  18000    804 | T(s) 105.09 | Feas 38 24218.58 24243.28 | Inf 30 24217.74 24263.44 | Div 0.21 0.26 | Feas 0.25 1.00 | Pen 2.29 0.10
It  18500   1304 | T(s) 107.63 | Feas 49 24218.58 24232.96 | Inf 27 24217.39 24262.31 | Div 0.16 0.26 | Feas 0.13 1.00 | Pen 2.33 0.10
It  19000    416 | T(s) 110.18 | Feas 61 24217.60 24233.86 | Inf 48 24216.68 24248.31 | Div 0.17 0.22 | Feas 0.23 1.00 | Pen 2.33 0.10
It  19500    220 | T(s) 112.66 | Feas 56 24217.48 24226.49 | Inf 29 24215.22 24244.00 | Div 0.14 0.22 | Feas 0.24 1.00 | Pen 2.33 0.10
It  20000    720 | T(s) 115.16 | Feas 42 24217.48 24229.78 | Inf 53 24214.87 24226.45 | Div 0.17 0.16 | Feas 0.28 1.00 | Pen 1.98 0.10
It  20500   1220 | T(s) 117.71 | Feas 46 24217.48 24226.80 | Inf 56 24214.50 24224.43 | Div 0.15 0.14 | Feas 0.18 1.00 | Pen 2.43 0.10
It  21000    327 | T(s) 120.27 | Feas 30 24215.90 24235.05 | Inf 55 24214.50 24224.95 | Div 0.18 0.14 | Feas 0.21 1.00 | Pen 2.43 0.10
It  21500    254 | T(s) 122.68 | Feas 61 24214.80 24225.05 | Inf 25 24214.17 24239.62 | Div 0.14 0.23 | Feas 0.26 1.00 | Pen 2.10 0.10
It  22000    754 | T(s) 125.07 | Feas 32 24214.80 24243.78 | Inf 59 24214.60 24224.40 | Div 0.21 0.15 | Feas 0.25 1.00 | Pen 2.52 0.10
It  22500    232 | T(s) 127.56 | Feas 59 24211.66 24223.42 | Inf 43 24214.65 24235.50 | Div 0.15 0.19 | Feas 0.19 1.00 | Pen 2.57 0.10
It  23000    732 | T(s) 129.99 | Feas 31 24211.66 24225.90 | Inf 65 24213.40 24226.56 | Div 0.16 0.17 | Feas 0.19 1.00 | Pen 2.19 0.10
It  23500   1232 | T(s) 132.33 | Feas 34 24211.66 24225.16 | Inf 63 24213.84 24229.28 | Div 0.17 0.18 | Feas 0.21 1.00 | Pen 2.63 0.10
It  24000   1732 | T(s) 134.75 | Feas 59 24211.66 24219.11 | Inf 42 24213.49 24239.46 | Div 0.13 0.20 | Feas 0.18 1.00 | Pen 2.28 0.10
It  24500   2232 | T(s) 137.28 | Feas 50 24211.66 24217.76 | Inf 30 24210.29 24257.98 | Div 0.13 0.25 | Feas 0.23 1.00 | Pen 2.79 0.10
It  25000   2732 | T(s) 139.78 | Feas 37 24211.66 24228.45 | Inf 64 24209.88 24223.31 | Div 0.18 0.16 | Feas 0.16 1.00 | Pen 2.37 0.10
It  25500   3232 | T(s) 142.25 | Feas 26 24211.66 24313.91 | Inf 59 24210.35 24221.46 | Div 0.27 0.17 | Feas 0.22 1.00 | Pen 2.84 0.10
It  26000   3732 | T(s) 144.68 | Feas 40 24211.66 24222.92 | Inf 45 24209.92 24229.88 | Div 0.17 0.18 | Feas 0.21 1.00 | Pen 2.42 0.10
It  26500   4232 | T(s) 147.18 | Feas 59 24211.66 24223.20 | Inf 31 24209.97 24240.70 | Div 0.16 0.22 | Feas 0.18 1.00 | Pen 2.46 0.10
It  27000   4732 | T(s) 149.72 | Feas 35 24211.66 24230.30 | Inf 54 24209.97 24233.17 | Div 0.19 0.19 | Feas 0.21 1.00 | Pen 2.46 0.10
It  27500   5232 | T(s) 152.17 | Feas 27 24211.66 24231.70 | Inf 41 24210.02 24220.27 | Div 0.21 0.17 | Feas 0.25 1.00 | Pen 2.51 0.10
It  28000   5732 | T(s) 154.55 | Feas 43 24211.66 24225.16 | Inf 61 24208.04 24236.44 | Div 0.18 0.20 | Feas 0.19 1.00 | Pen 2.14 0.10
It  28500   6232 | T(s) 156.99 | Feas 34 24211.66 24227.37 | Inf 52 24208.13 24220.63 | Div 0.19 0.18 | Feas 0.27 1.00 | Pen 2.18 0.10
It  29000    137 | T(s) 159.50 | Feas 62 24210.11 24245.94 | Inf 47 24207.90 24261.24 | Div 0.21 0.23 | Feas 0.18 1.00 | Pen 2.62 0.10
It  29500    328 | T(s) 162.07 | Feas 55 24209.34 24236.85 | Inf 28 24207.75 24267.06 | Div 0.20 0.25 | Feas 0.29 1.00 | Pen 2.72 0.10
It  30000    828 | T(s) 164.56 | Feas 29 24209.34 24236.83 | Inf 55 24203.81 24233.02 | Div 0.23 0.20 | Feas 0.17 1.00 | Pen 2.31 0.10
It  30500   1328 | T(s) 166.96 | Feas 46 24209.34 24228.33 | Inf 43 24203.90 24223.29 | Div 0.19 0.18 | Feas 0.14 1.00 | Pen 2.41 0.10
It  31000     13 | T(s) 169.54 | Feas 46 24207.92 24231.32 | Inf 40 24202.47 24225.38 | Div 0.19 0.18 | Feas 0.20 1.00 | Pen 2.89 0.10
It  31500     96 | T(s) 171.93 | Feas 41 24205.93 24216.40 | Inf 29 24202.59 24218.14 | Div 0.15 0.17 | Feas 0.13 1.00 | Pen 3.00 0.10
It  32000    358 | T(s) 174.28 | Feas 38 24205.88 24219.68 | Inf 44 24198.46 24219.54 | Div 0.18 0.16 | Feas 0.19 1.00 | Pen 2.55 0.10
It  32500    218 | T(s) 176.77 | Feas 43 24200.22 24243.99 | Inf 48 24198.97 24222.61 | Div 0.21 0.17 | Feas 0.11 1.00 | Pen 3.06 0.10
It  33000    718 | T(s) 179.44 | Feas 51 24200.22 24238.50 | Inf 45 24199.03 24231.03 | Div 0.22 0.20 | Feas 0.11 1.00 | Pen 3.13 0.10
It  33500   1218 | T(s) 182.01 | Feas 64 24200.22 24221.04 | Inf 62 24199.09 24212.56 | Div 0.18 0.16 | Feas 0.25 1.00 | Pen 3.19 0.10
It  34000     73 | T(s) 184.53 | Feas 43 24193.53 24225.14 | Inf 41 24199.09 24216.97 | Div 0.19 0.19 | Feas 0.22 1.00 | Pen 3.19 0.10
It  34500    573 | T(s) 186.96 | Feas 33 24193.53 24218.41 | Inf 63 24195.98 24210.07 | Div 0.19 0.16 | Feas 0.23 1.00 | Pen 2.71 0.10
It  35000    430 | T(s) 189.34 | Feas 25 24190.16 24230.37 | Inf 29 24195.57 24219.05 | Div 0.20 0.19 | Feas 0.20 1.00 | Pen 2.30 0.10
It  35500    930 | T(s) 191.63 | Feas 57 24190.16 24205.36 | Inf 29 24193.05 24228.07 | Div 0.13 0.21 | Feas 0.19 1.00 | Pen 2.30 0.10
It  36000   1430 | T(s) 194.09 | Feas 46 24190.16 24199.27 | Inf 56 24192.02 24206.48 | Div 0.10 0.16 | Feas 0.21 1.00 | Pen 2.30 0.10
It  36500   1930 | T(s) 196.48 | Feas 62 24190.16 24198.53 | Inf 38 24192.06 24210.67 | Div 0.10 0.18 | Feas 0.26 1.00 | Pen 2.35 0.10
It  37000   2430 | T(s) 198.92 | Feas 52 24190.16 24197.45 | Inf 42 24191.75 24226.09 | Div 0.09 0.20 | Feas 0.22 1.00 | Pen 2.04 0.10
It  37500   2930 | T(s) 201.23 | Feas 64 24190.16 24197.89 | Inf 65 24191.75 24209.54 | Div 0.10 0.16 | Feas 0.22 1.00 | Pen 2.04 0.10
It  38000   3430 | T(s) 203.53 | Feas 27 24190.16 24203.03 | Inf 38 24191.79 24217.14 | Div 0.14 0.18 | Feas 0.25 1.00 | Pen 2.08 0.10
It  38500   3930 | T(s) 205.90 | Feas 38 24190.16 24203.37 | Inf 27 24191.83 24229.99 | Div 0.14 0.22 | Feas 0.21 1.00 | Pen 2.12 0.10
It  39000   4430 | T(s) 208.14 | Feas 43 24190.16 24195.90 | Inf 47 24191.59 24209.27 | Div 0.09 0.16 | Feas 0.33 1.00 | Pen 1.87 0.10
It  39500   4930 | T(s) 210.55 | Feas 55 24190.16 24196.04 | Inf 36 24191.96 24218.35 | Div 0.08 0.19 | Feas 0.24 1.00 | Pen 2.25 0.10
It  40000   5430 | T(s) 212.83 | Feas 39 24190.16 24203.68 | Inf 58 24191.66 24208.89 | Div 0.14 0.15 | Feas 0.20 1.00 | Pen 1.95 0.10
It  40500   5930 | T(s) 215.20 | Feas 65 24190.16 24197.12 | Inf 45 24192.10 24200.02 | Div 0.09 0.14 | Feas 0.12 1.00 | Pen 2.39 0.10
It  41000   6430 | T(s) 217.53 | Feas 49 24190.16 24195.96 | Inf 35 24192.10 24214.94 | Div 0.09 0.18 | Feas 0.20 1.00 | Pen 2.39 0.10
It  41500   6930 | T(s) 219.91 | Feas 65 24190.16 24195.52 | Inf 28 24192.15 24234.48 | Div 0.08 0.21 | Feas 0.15 1.00 | Pen 2.43 0.10
It  42000   7430 | T(s) 222.11 | Feas 25 24190.16 24200.45 | Inf 46 24191.78 24208.02 | Div 0.13 0.17 | Feas 0.27 1.00 | Pen 2.07 0.10
It  42500   7930 | T(s) 224.38 | Feas 43 24190.16 24195.42 | Inf 38 24191.78 24206.06 | Div 0.09 0.17 | Feas 0.18 1.00 | Pen 2.07 0.10
It  43000   8430 | T(s) 226.69 | Feas 59 24190.16 24195.48 | Inf 28 24191.78 24224.30 | Div 0.09 0.21 | Feas 0.19 1.00 | Pen 2.07 0.10
It  43500   8930 | T(s) 228.94 | Feas 58 24190.16 24193.29 | Inf 54 24191.47 24199.95 | Div 0.06 0.13 | Feas 0.20 1.00 | Pen 1.76 0.10
It  44000   9430 | T(s) 231.23 | Feas 31 24190.16 24195.44 | Inf 52 24191.86 24210.95 | Div 0.09 0.17 | Feas 0.22 1.00 | Pen 2.15 0.10
It  44500   9930 | T(s) 233.53 | Feas 44 24190.16 24194.33 | Inf 37 24191.86 24238.67 | Div 0.08 0.22 | Feas 0.23 1.00 | Pen 2.15 0.10
It  45000  10430 | T(s) 235.85 | Feas 44 24190.16 24195.48 | Inf 59 24191.54 24213.07 | Div 0.09 0.15 | Feas 0.17 1.00 | Pen 1.83 0.10
It  45500  10930 | T(s) 238.10 | Feas 58 24190.16 24194.04 | Inf 43 24191.58 24207.14 | Div 0.07 0.16 | Feas 0.23 1.00 | Pen 1.87 0.10
It  46000  11430 | T(s) 240.34 | Feas 34 24190.16 24194.56 | Inf 27 24191.30 24222.37 | Div 0.08 0.20 | Feas 0.22 1.00 | Pen 1.59 0.10
It  46500  11930 | T(s) 242.53 | Feas 54 24190.16 24192.83 | Inf 26 24191.65 24237.83 | Div 0.05 0.20 | Feas 0.23 1.00 | Pen 1.94 0.10
It  47000  12430 | T(s) 244.80 | Feas 51 24190.16 24196.10 | Inf 54 24191.69 24199.81 | Div 0.09 0.12 | Feas 0.18 1.00 | Pen 1.98 0.10
It  47500  12930 | T(s) 247.08 | Feas 49 24190.16 24193.71 | Inf 41 24190.33 24204.82 | Div 0.08 0.16 | Feas 0.18 1.00 | Pen 1.68 0.10
It  48000  13430 | T(s) 249.42 | Feas 57 24190.16 24198.70 | Inf 45 24191.00 24222.48 | Div 0.10 0.20 | Feas 0.22 1.00 | Pen 2.02 0.10
It  48500  13930 | T(s) 251.84 | Feas 39 24190.16 24193.87 | Inf 41 24191.08 24221.44 | Div 0.08 0.20 | Feas 0.26 1.00 | Pen 2.06 0.10
It  49000  14430 | T(s) 254.22 | Feas 26 24190.16 24203.45 | Inf 63 24190.46 24206.24 | Div 0.16 0.16 | Feas 0.27 1.00 | Pen 1.75 0.10
It  49500  14930 | T(s) 256.51 | Feas 48 24190.16 24197.62 | Inf 26 24190.46 24211.74 | Div 0.11 0.19 | Feas 0.18 1.00 | Pen 1.75 0.10
It  50000  15430 | T(s) 258.82 | Feas 42 24190.16 24201.46 | Inf 65 24192.00 24208.64 | Div 0.12 0.16 | Feas 0.24 1.00 | Pen 2.52 0.10
It  50500  15930 | T(s) 261.12 | Feas 37 24190.16 24197.03 | Inf 37 24190.60 24207.59 | Div 0.11 0.18 | Feas 0.23 1.00 | Pen 1.82 0.10
It  51000  16430 | T(s) 263.37 | Feas 65 24190.16 24193.52 | Inf 39 24191.33 24209.53 | Div 0.08 0.17 | Feas 0.19 1.00 | Pen 2.19 0.10
It  51500  16930 | T(s) 265.78 | Feas 49 24190.16 24196.22 | Inf 61 24191.42 24205.95 | Div 0.10 0.15 | Feas 0.23 1.00 | Pen 2.23 0.10
It  52000  17430 | T(s) 268.27 | Feas 63 24190.16 24202.01 | Inf 55 24191.42 24208.97 | Div 0.13 0.17 | Feas 0.16 1.00 | Pen 2.23 0.10
It  52500  17930 | T(s) 270.59 | Feas 61 24190.16 24194.70 | Inf 36 24190.83 24205.00 | Div 0.09 0.16 | Feas 0.19 1.00 | Pen 1.93 0.10
It  53000  18430 | T(s) 272.82 | Feas 55 24190.16 24194.99 | Inf 27 24190.83 24212.17 | Div 0.09 0.17 | Feas 0.20 1.00 | Pen 1.93 0.10
It  53500  18930 | T(s) 275.12 | Feas 42 24190.16 24196.38 | Inf 46 24190.31 24202.67 | Div 0.10 0.14 | Feas 0.26 1.00 | Pen 1.68 0.10
It  54000  19430 | T(s) 277.38 | Feas 36 24190.16 24194.81 | Inf 39 24190.98 24195.69 | Div 0.09 0.12 | Feas 0.23 1.00 | Pen 2.01 0.10
It  54500  19930 | T(s) 279.70 | Feas 38 24190.16 24194.70 | Inf 30 24190.98 24202.96 | Div 0.09 0.15 | Feas 0.24 1.00 | Pen 2.01 0.10
----- GENETIC ALGORITHM FINISHED AFTER 54572 ITERATIONS. TIME SPENT: 280.023
----- WRITING BEST SOLUTION IN : baseline_results/cvrp_hgs/Vrp-Set-X-n459/Vrp-Set-X-n459-hgs/0.hgs1.tour
