=========== Algorithm Parameters =================
---- nbGranular        is set to 20
---- mu                is set to 25
---- lambda            is set to 40
---- nbElite           is set to 4
---- nbClose           is set to 5
---- targetFeasible    is set to 0.2
---- seed              is set to 1234
---- nbIter            is set to 20000
---- timeLimit         is set to 0
---- useSwapStar       is set to 1
==================================================
----- READING INSTANCE: baseline_results/cvrp_hgs/Vrp-Set-X-n613/Vrp-Set-X-n613-hgs/0.hgs1.vrp
----- FLEET SIZE WAS NOT SPECIFIED: DEFAULT INITIALIZATION TO 83 VEHICLES
----- INSTANCE SUCCESSFULLY LOADED WITH 612 CLIENTS AND 83 VEHICLES
----- BUILDING INITIAL POPULATION
----- STARTING GENETIC ALGORITHM
It      0      2 | T(s) 1.34 | Feas 47 62088.49 62506.77 | Inf 30 62097.54 62750.85 | Div 0.63 0.64 | Feas 0.71 1.00 | Pen 11.91 0.85
It    500    121 | T(s) 4.37 | Feas 26 61240.71 61748.81 | Inf 43 61185.66 61556.68 | Div 0.60 0.55 | Feas 0.22 1.00 | Pen 8.78 0.38
It   1000     12 | T(s) 7.45 | Feas 40 61006.24 61304.68 | Inf 37 60996.98 61233.88 | Div 0.52 0.51 | Feas 0.21 1.00 | Pen 10.53 0.17
It   1500     97 | T(s) 10.46 | Feas 60 60928.38 61123.31 | Inf 32 60860.22 61084.95 | Div 0.44 0.50 | Feas 0.18 1.00 | Pen 10.53 0.10
It   2000    104 | T(s) 13.57 | Feas 51 60823.89 61018.83 | Inf 62 60754.09 60959.50 | Div 0.43 0.42 | Feas 0.31 1.00 | Pen 10.75 0.10
It   2500    181 | T(s) 16.55 | Feas 36 60635.01 60865.44 | Inf 50 60687.58 60790.23 | Div 0.41 0.37 | Feas 0.19 1.00 | Pen 10.96 0.10
It   3000     82 | T(s) 19.51 | Feas 64 60448.56 60711.32 | Inf 33 60540.35 60820.40 | Div 0.31 0.46 | Feas 0.12 1.00 | Pen 11.18 0.10
It   3500      8 | T(s) 22.49 | Feas 53 60411.14 60594.61 | Inf 51 60447.44 60698.99 | Div 0.37 0.42 | Feas 0.21 1.00 | Pen 11.18 0.10
It   4000    254 | T(s) 25.41 | Feas 33 60310.01 60487.86 | Inf 38 60315.25 60567.04 | Div 0.36 0.40 | Feas 0.21 1.00 | Pen 11.40 0.10
It   4500     91 | T(s) 28.21 | Feas 34 60259.90 60503.96 | Inf 64 60246.93 60391.15 | Div 0.35 0.30 | Feas 0.23 1.00 | Pen 11.86 0.10
It   5000    329 | T(s) 30.98 | Feas 43 60238.32 60378.56 | Inf 60 60223.01 60311.49 | Div 0.32 0.27 | Feas 0.12 1.00 | Pen 12.34 0.10
It   5500    829 | T(s) 33.85 | Feas 40 60238.32 60396.40 | Inf 44 60157.33 60432.99 | Div 0.35 0.38 | Feas 0.21 1.00 | Pen 10.49 0.10
It   6000    194 | T(s) 36.60 | Feas 46 60144.95 60288.60 | Inf 40 60107.75 60290.20 | Div 0.31 0.34 | Feas 0.13 1.00 | Pen 10.70 0.10
It   6500    142 | T(s) 39.37 | Feas 60 60113.88 60208.12 | Inf 64 60103.80 60197.47 | Div 0.26 0.27 | Feas 0.23 1.00 | Pen 10.70 0.10
It   7000     17 | T(s) 42.00 | Feas 46 60076.04 60233.67 | Inf 39 60091.29 60268.83 | Div 0.31 0.35 | Feas 0.16 1.00 | Pen 9.10 0.10
It   7500     27 | T(s) 44.71 | Feas 55 60057.00 60168.44 | Inf 30 60078.73 60244.67 | Div 0.29 0.35 | Feas 0.19 1.00 | Pen 9.28 0.10
It   8000    527 | T(s) 47.37 | Feas 42 60057.00 60169.98 | Inf 65 60080.59 60139.95 | Div 0.31 0.28 | Feas 0.25 1.00 | Pen 11.13 0.10
It   8500    376 | T(s) 50.02 | Feas 28 60038.82 60189.60 | Inf 40 60056.89 60173.14 | Div 0.34 0.33 | Feas 0.25 1.00 | Pen 9.65 0.10
It   9000    116 | T(s) 52.68 | Feas 55 60025.78 60120.08 | Inf 30 60047.45 60252.60 | Div 0.27 0.36 | Feas 0.32 1.00 | Pen 9.85 0.10
It   9500    232 | T(s) 55.32 | Feas 60 59986.22 60093.25 | Inf 62 60028.62 60106.32 | Div 0.25 0.27 | Feas 0.11 1.00 | Pen 10.24 0.10
It  10000    732 | T(s) 57.90 | Feas 36 59986.22 60141.34 | Inf 39 59955.92 60115.48 | Div 0.32 0.32 | Feas 0.26 1.00 | Pen 8.71 0.10
It  10500   1232 | T(s) 60.65 | Feas 28 59986.22 60186.27 | Inf 42 59959.76 60194.14 | Div 0.36 0.35 | Feas 0.17 1.00 | Pen 12.54 0.10
It  11000   1732 | T(s) 63.30 | Feas 56 59986.22 60122.36 | Inf 25 59957.87 60377.75 | Div 0.31 0.41 | Feas 0.18 1.00 | Pen 10.66 0.10
It  11500    177 | T(s) 65.97 | Feas 40 59970.48 60115.46 | Inf 33 59960.26 60132.19 | Div 0.33 0.34 | Feas 0.13 1.00 | Pen 13.05 0.10
It  12000    400 | T(s) 68.63 | Feas 34 59960.17 60160.74 | Inf 55 59960.52 60079.53 | Div 0.35 0.31 | Feas 0.10 1.00 | Pen 13.31 0.10
It  12500    499 | T(s) 71.25 | Feas 44 59954.25 60066.82 | Inf 58 59941.98 60045.89 | Div 0.30 0.28 | Feas 0.24 1.00 | Pen 11.54 0.10
It  13000    260 | T(s) 73.96 | Feas 57 59914.68 60023.69 | Inf 41 59935.88 60050.40 | Div 0.28 0.29 | Feas 0.21 1.00 | Pen 11.77 0.10
It  13500    125 | T(s) 76.59 | Feas 25 59867.74 60023.65 | Inf 59 59895.61 60002.79 | Div 0.29 0.24 | Feas 0.14 1.00 | Pen 14.40 0.10
It  14000    625 | T(s) 79.20 | Feas 42 59867.74 59978.23 | Inf 32 59871.98 60024.34 | Div 0.26 0.28 | Feas 0.16 1.00 | Pen 12.24 0.10
It  14500    134 | T(s) 81.77 | Feas 39 59845.35 59926.32 | Inf 63 59840.79 59881.79 | Div 0.23 0.17 | Feas 0.22 1.00 | Pen 12.24 0.10
It  15000    365 | T(s) 84.33 | Feas 54 59816.36 59893.20 | Inf 46 59799.40 59960.75 | Div 0.18 0.25 | Feas 0.19 1.00 | Pen 10.61 0.10
It  15500    865 | T(s) 86.87 | Feas 51 59816.36 59866.25 | Inf 37 59801.77 59922.63 | Div 0.17 0.25 | Feas 0.15 1.00 | Pen 12.99 0.10
It  16000     74 | T(s) 89.32 | Feas 32 59805.89 59862.52 | Inf 28 59798.36 59883.63 | Div 0.20 0.23 | Feas 0.26 1.00 | Pen 9.57 0.10
It  16500    189 | T(s) 91.80 | Feas 44 59787.97 59867.43 | Inf 56 59786.50 59850.48 | Div 0.19 0.19 | Feas 0.20 1.00 | Pen 11.49 0.10
It  17000    282 | T(s) 94.27 | Feas 49 59777.70 59872.05 | Inf 39 59786.73 59871.34 | Div 0.22 0.23 | Feas 0.17 1.00 | Pen 11.72 0.10
It  17500    782 | T(s) 96.83 | Feas 48 59777.70 59859.88 | Inf 34 59764.08 59895.97 | Div 0.22 0.25 | Feas 0.24 1.00 | Pen 11.72 0.10
It  18000    237 | T(s) 99.39 | Feas 41 59753.21 59879.57 | Inf 26 59752.20 59906.56 | Div 0.24 0.28 | Feas 0.14 1.00 | Pen 11.95 0.10
It  18500    215 | T(s) 101.84 | Feas 49 59747.67 59777.51 | Inf 50 59749.34 59783.51 | Div 0.14 0.14 | Feas 0.12 1.00 | Pen 14.63 0.10
It  19000    715 | T(s) 104.11 | Feas 36 59747.67 59770.97 | Inf 27 59749.93 59786.14 | Div 0.13 0.17 | Feas 0.13 1.00 | Pen 15.22 0.10
It  19500     64 | T(s) 106.26 | Feas 51 59745.65 59761.24 | Inf 46 59746.16 59757.49 | Div 0.11 0.11 | Feas 0.06 1.00 | Pen 13.46 0.10
It  20000     34 | T(s) 108.60 | Feas 36 59741.21 59781.46 | Inf 55 59738.27 59754.11 | Div 0.15 0.11 | Feas 0.17 1.00 | Pen 11.44 0.10
It  20500    534 | T(s) 110.93 | Feas 41 59741.21 59768.30 | Inf 36 59738.27 59764.70 | Div 0.15 0.14 | Feas 0.24 1.00 | Pen 11.44 0.10
It  21000    443 | T(s) 113.18 | Feas 37 59735.51 59754.89 | Inf 54 59728.65 59735.77 | Div 0.13 0.06 | Feas 0.17 1.00 | Pen 9.73 0.10
It  21500    273 | T(s) 115.40 | Feas 37 59722.71 59744.21 | Inf 36 59717.96 59742.89 | Div 0.13 0.11 | Feas 0.30 1.00 | Pen 8.60 0.10
It  22000    773 | T(s) 117.60 | Feas 42 59722.71 59734.31 | Inf 46 59716.97 59726.87 | Div 0.09 0.09 | Feas 0.29 1.00 | Pen 7.61 0.10
It  22500    363 | T(s) 119.78 | Feas 38 59721.21 59734.16 | Inf 48 59715.17 59724.87 | Div 0.11 0.10 | Feas 0.26 1.00 | Pen 7.91 0.10
It  23000     78 | T(s) 122.07 | Feas 49 59720.34 59744.84 | Inf 33 59715.06 59771.21 | Div 0.14 0.18 | Feas 0.22 1.00 | Pen 8.07 0.10
It  23500     72 | T(s) 124.30 | Feas 58 59718.00 59728.71 | Inf 49 59713.05 59724.19 | Div 0.11 0.12 | Feas 0.32 1.00 | Pen 8.40 0.10
It  24000     91 | T(s) 126.55 | Feas 64 59705.82 59724.03 | Inf 33 59701.21 59757.94 | Div 0.12 0.18 | Feas 0.34 1.00 | Pen 8.74 0.10
It  24500    359 | T(s) 128.89 | Feas 26 59703.02 59814.84 | Inf 28 59698.76 59768.52 | Div 0.23 0.21 | Feas 0.26 1.00 | Pen 9.09 0.10
It  25000    859 | T(s) 131.16 | Feas 60 59703.02 59729.37 | Inf 37 59697.71 59749.67 | Div 0.15 0.19 | Feas 0.35 1.00 | Pen 8.04 0.10
It  25500    119 | T(s) 133.54 | Feas 25 59689.37 59768.77 | Inf 62 59682.41 59707.27 | Div 0.22 0.13 | Feas 0.23 1.00 | Pen 8.36 0.10
It  26000    360 | T(s) 135.75 | Feas 58 59686.03 59697.19 | Inf 52 59675.68 59693.59 | Div 0.10 0.11 | Feas 0.30 1.00 | Pen 8.53 0.10
It  26500     83 | T(s) 138.00 | Feas 50 59673.20 59702.77 | Inf 45 59670.50 59695.13 | Div 0.13 0.12 | Feas 0.15 1.00 | Pen 10.65 0.10
It  27000    583 | T(s) 140.21 | Feas 58 59673.20 59687.39 | Inf 32 59669.27 59689.27 | Div 0.08 0.11 | Feas 0.06 1.00 | Pen 9.42 0.10
It  27500   1083 | T(s) 142.42 | Feas 30 59673.20 59692.07 | Inf 42 59668.18 59685.25 | Div 0.12 0.10 | Feas 0.40 1.00 | Pen 8.33 0.10
It  28000   1583 | T(s) 144.56 | Feas 25 59673.20 59692.94 | Inf 36 59670.25 59690.84 | Div 0.14 0.12 | Feas 0.07 1.00 | Pen 10.40 0.10
It  28500    328 | T(s) 146.65 | Feas 63 59666.16 59678.58 | Inf 52 59662.01 59675.10 | Div 0.08 0.08 | Feas 0.09 1.00 | Pen 9.20 0.10
It  29000    102 | T(s) 148.76 | Feas 62 59663.79 59671.69 | Inf 30 59658.57 59684.20 | Div 0.07 0.13 | Feas 0.35 1.00 | Pen 8.13 0.10
It  29500     27 | T(s) 150.98 | Feas 49 59641.29 59666.81 | Inf 30 59638.10 59679.47 | Div 0.08 0.13 | Feas 0.09 1.00 | Pen 10.15 0.10
It  30000     55 | T(s) 153.09 | Feas 60 59637.67 59651.17 | Inf 32 59633.30 59661.13 | Div 0.07 0.12 | Feas 0.34 1.00 | Pen 8.98 0.10
It  30500    441 | T(s) 155.25 | Feas 35 59620.13 59648.11 | Inf 63 59616.13 59635.42 | Div 0.11 0.08 | Feas 0.09 1.00 | Pen 9.34 0.10
It  31000     65 | T(s) 157.31 | Feas 43 59619.69 59628.28 | Inf 29 59614.61 59646.72 | Div 0.04 0.13 | Feas 0.39 1.00 | Pen 8.26 0.10
It  31500     37 | T(s) 159.38 | Feas 44 59617.10 59625.94 | Inf 26 59614.06 59636.76 | Div 0.05 0.11 | Feas 0.04 1.00 | Pen 10.31 0.10
It  32000     33 | T(s) 161.46 | Feas 65 59614.91 59622.89 | Inf 25 59610.44 59673.64 | Div 0.05 0.14 | Feas 0.30 1.00 | Pen 7.60 0.10
It  32500    533 | T(s) 163.69 | Feas 30 59614.91 59641.29 | Inf 49 59612.27 59632.77 | Div 0.13 0.11 | Feas 0.02 1.00 | Pen 9.49 0.10
It  33000   1033 | T(s) 165.98 | Feas 28 59614.91 59645.10 | Inf 40 59611.17 59641.29 | Div 0.13 0.14 | Feas 0.28 1.00 | Pen 8.39 0.10
It  33500    183 | T(s) 168.29 | Feas 54 59608.76 59624.85 | Inf 45 59598.01 59619.51 | Div 0.08 0.11 | Feas 0.30 1.00 | Pen 8.73 0.10
It  34000    683 | T(s) 170.55 | Feas 29 59608.76 59626.34 | Inf 65 59601.15 59616.40 | Div 0.11 0.10 | Feas 0.25 1.00 | Pen 10.69 0.10
It  34500     18 | T(s) 172.85 | Feas 29 59601.59 59643.22 | Inf 55 59595.58 59614.66 | Div 0.13 0.10 | Feas 0.23 1.00 | Pen 9.27 0.10
It  35000    518 | T(s) 174.98 | Feas 53 59601.59 59612.47 | Inf 40 59580.13 59610.02 | Div 0.07 0.11 | Feas 0.31 1.00 | Pen 8.03 0.10
It  35500   1018 | T(s) 177.17 | Feas 63 59601.59 59613.03 | Inf 31 59580.02 59606.96 | Div 0.07 0.11 | Feas 0.00 1.00 | Pen 10.03 0.10
It  36000    352 | T(s) 179.31 | Feas 62 59600.57 59610.33 | Inf 54 59577.35 59597.12 | Div 0.08 0.08 | Feas 0.33 1.00 | Pen 8.70 0.10
It  36500    852 | T(s) 181.42 | Feas 61 59600.57 59608.98 | Inf 45 59578.06 59588.60 | Div 0.06 0.07 | Feas 0.20 1.00 | Pen 9.05 0.10
It  37000    423 | T(s) 183.58 | Feas 52 59597.98 59612.86 | Inf 42 59578.42 59586.45 | Div 0.08 0.06 | Feas 0.16 1.00 | Pen 9.23 0.10
It  37500    923 | T(s) 185.73 | Feas 37 59597.98 59607.46 | Inf 57 59575.96 59586.86 | Div 0.08 0.07 | Feas 0.39 1.00 | Pen 8.00 0.10
It  38000   1423 | T(s) 187.78 | Feas 41 59597.98 59606.05 | Inf 60 59576.61 59586.21 | Div 0.07 0.06 | Feas 0.32 1.00 | Pen 8.32 0.10
It  38500   1923 | T(s) 189.94 | Feas 33 59597.98 59609.68 | Inf 40 59580.75 59596.08 | Div 0.09 0.08 | Feas 0.02 1.00 | Pen 10.39 0.10
It  39000    103 | T(s) 192.04 | Feas 60 59597.85 59602.97 | Inf 45 59578.34 59589.12 | Div 0.05 0.07 | Feas 0.00 1.00 | Pen 9.19 0.10
It  39500    603 | T(s) 194.15 | Feas 55 59597.85 59603.99 | Inf 42 59579.09 59590.74 | Div 0.06 0.07 | Feas 0.00 1.00 | Pen 9.56 0.10
It  40000   1103 | T(s) 196.18 | Feas 50 59597.85 59603.37 | Inf 29 59576.87 59596.14 | Div 0.06 0.10 | Feas 0.37 1.00 | Pen 8.46 0.10
It  40500   1603 | T(s) 198.31 | Feas 49 59597.85 59603.99 | Inf 49 59581.08 59589.25 | Div 0.06 0.06 | Feas 0.01 1.00 | Pen 10.56 0.10
It  41000   2103 | T(s) 200.41 | Feas 51 59597.85 59604.81 | Inf 45 59578.63 59591.70 | Div 0.06 0.08 | Feas 0.04 1.00 | Pen 9.34 0.10
It  41500   2603 | T(s) 202.52 | Feas 42 59597.85 59605.80 | Inf 49 59579.39 59584.72 | Div 0.07 0.05 | Feas 0.25 1.00 | Pen 9.71 0.10
It  42000   3103 | T(s) 204.63 | Feas 42 59597.85 59605.02 | Inf 52 59580.17 59587.72 | Div 0.07 0.06 | Feas 0.20 1.00 | Pen 10.10 0.10
It  42500   3603 | T(s) 206.72 | Feas 27 59597.85 59611.71 | Inf 48 59577.84 59586.11 | Div 0.09 0.06 | Feas 0.31 1.00 | Pen 8.94 0.10
It  43000   4103 | T(s) 208.82 | Feas 33 59597.85 59606.00 | Inf 42 59575.77 59597.63 | Div 0.08 0.09 | Feas 0.30 1.00 | Pen 7.90 0.10
It  43500   4603 | T(s) 210.94 | Feas 64 59597.85 59601.15 | Inf 50 59576.41 59583.43 | Div 0.04 0.06 | Feas 0.31 1.00 | Pen 8.22 0.10
It  44000    127 | T(s) 213.02 | Feas 31 59588.73 59622.82 | Inf 60 59580.49 59586.66 | Div 0.10 0.05 | Feas 0.04 1.00 | Pen 10.26 0.10
It  44500     22 | T(s) 215.08 | Feas 54 59584.27 59596.76 | Inf 46 59578.12 59584.07 | Div 0.07 0.06 | Feas 0.30 1.00 | Pen 9.08 0.10
It  45000    522 | T(s) 217.19 | Feas 63 59584.27 59596.00 | Inf 55 59578.85 59589.09 | Div 0.07 0.08 | Feas 0.17 1.00 | Pen 9.44 0.10
It  45500   1022 | T(s) 219.25 | Feas 58 59584.27 59591.49 | Inf 46 59576.67 59585.24 | Div 0.06 0.07 | Feas 0.31 1.00 | Pen 8.35 0.10
It  46000   1522 | T(s) 221.38 | Feas 53 59584.27 59594.54 | Inf 51 59577.34 59595.75 | Div 0.07 0.09 | Feas 0.27 1.00 | Pen 8.69 0.10
It  46500    458 | T(s) 223.48 | Feas 49 59584.26 59590.76 | Inf 34 59575.33 59600.46 | Div 0.07 0.11 | Feas 0.35 1.00 | Pen 7.68 0.10
It  47000    958 | T(s) 225.59 | Feas 45 59584.26 59588.74 | Inf 55 59575.95 59582.19 | Div 0.06 0.06 | Feas 0.38 1.00 | Pen 7.99 0.10
It  47500   1458 | T(s) 227.59 | Feas 65 59584.26 59588.95 | Inf 35 59576.60 59591.16 | Div 0.06 0.10 | Feas 0.36 1.00 | Pen 8.32 0.10
It  48000   1958 | T(s) 229.64 | Feas 42 59584.26 59590.91 | Inf 65 59580.73 59585.53 | Div 0.07 0.06 | Feas 0.08 1.00 | Pen 10.38 0.10
It  48500   2458 | T(s) 231.76 | Feas 61 59584.26 59588.84 | Inf 61 59580.10 59585.46 | Div 0.06 0.07 | Feas 0.11 1.00 | Pen 10.59 0.10
It  49000   2958 | T(s) 233.82 | Feas 31 59584.26 59591.51 | Inf 44 59577.29 59593.61 | Div 0.08 0.10 | Feas 0.21 1.00 | Pen 9.18 0.10
It  49500   3458 | T(s) 235.81 | Feas 64 59584.26 59590.73 | Inf 59 59577.65 59594.26 | Div 0.07 0.10 | Feas 0.23 1.00 | Pen 9.37 0.10
It  50000   3958 | T(s) 237.90 | Feas 33 59584.26 59590.03 | Inf 36 59576.67 59583.92 | Div 0.07 0.08 | Feas 0.13 1.00 | Pen 9.75 0.10
It  50500   4458 | T(s) 239.91 | Feas 48 59584.26 59589.45 | Inf 53 59577.46 59585.28 | Div 0.06 0.08 | Feas 0.13 1.00 | Pen 10.14 0.10
It  51000   4958 | T(s) 241.93 | Feas 49 59584.26 59591.94 | Inf 34 59578.28 59596.13 | Div 0.07 0.10 | Feas 0.09 1.00 | Pen 10.55 0.10
It  51500   5458 | T(s) 244.02 | Feas 64 59584.26 59587.57 | Inf 44 59575.47 59582.71 | Div 0.05 0.07 | Feas 0.21 1.00 | Pen 9.15 0.10
It  52000   5958 | T(s) 246.12 | Feas 63 59584.26 59589.35 | Inf 32 59575.84 59587.95 | Div 0.06 0.09 | Feas 0.06 1.00 | Pen 9.33 0.10
It  52500   6458 | T(s) 248.15 | Feas 32 59584.26 59597.36 | Inf 46 59573.36 59581.17 | Div 0.09 0.08 | Feas 0.16 1.00 | Pen 8.09 0.10
It  53000   6958 | T(s) 250.16 | Feas 33 59584.26 59589.92 | Inf 65 59574.01 59578.82 | Div 0.07 0.06 | Feas 0.36 1.00 | Pen 8.41 0.10
It  53500   7458 | T(s) 252.23 | Feas 61 59584.26 59587.33 | Inf 51 59577.78 59584.74 | Div 0.05 0.07 | Feas 0.14 1.00 | Pen 10.30 0.10
It  54000   7958 | T(s) 254.35 | Feas 30 59584.26 59591.15 | Inf 46 59578.61 59584.54 | Div 0.07 0.07 | Feas 0.12 1.00 | Pen 10.72 0.10
It  54500   8458 | T(s) 256.34 | Feas 29 59584.26 59591.38 | Inf 60 59572.67 59577.28 | Div 0.08 0.05 | Feas 0.24 1.00 | Pen 7.74 0.10
It  55000   8958 | T(s) 258.29 | Feas 51 59584.26 59589.65 | Inf 48 59573.29 59579.80 | Div 0.06 0.06 | Feas 0.16 1.00 | Pen 8.06 0.10
It  55500   9458 | T(s) 260.27 | Feas 39 59584.26 59590.71 | Inf 34 59573.62 59582.52 | Div 0.07 0.08 | Feas 0.18 1.00 | Pen 8.22 0.10
It  56000   9958 | T(s) 262.26 | Feas 44 59584.26 59596.43 | Inf 60 59571.43 59579.17 | Div 0.08 0.07 | Feas 0.26 1.00 | Pen 7.12 0.10
It  56500  10458 | T(s) 264.24 | Feas 30 59584.26 59595.83 | Inf 53 59574.62 59582.16 | Div 0.09 0.07 | Feas 0.20 1.00 | Pen 8.72 0.10
It  57000  10958 | T(s) 266.22 | Feas 27 59584.26 59624.66 | Inf 26 59575.33 59639.29 | Div 0.13 0.14 | Feas 0.30 1.00 | Pen 9.07 0.10
It  57500  11458 | T(s) 268.39 | Feas 35 59584.26 59601.50 | Inf 53 59575.69 59586.75 | Div 0.10 0.08 | Feas 0.24 1.00 | Pen 9.25 0.10
It  58000  11958 | T(s) 270.46 | Feas 44 59584.26 59592.81 | Inf 43 59572.91 59579.62 | Div 0.08 0.07 | Feas 0.16 1.00 | Pen 7.86 0.10
It  58500  12458 | T(s) 272.53 | Feas 45 59584.26 59588.27 | Inf 25 59573.23 59649.48 | Div 0.06 0.14 | Feas 0.24 1.00 | Pen 8.02 0.10
It  59000  12958 | T(s) 274.61 | Feas 57 59584.26 59590.26 | Inf 53 59573.23 59579.19 | Div 0.07 0.06 | Feas 0.23 1.00 | Pen 8.02 0.10
It  59500  13458 | T(s) 276.59 | Feas 63 59584.26 59590.41 | Inf 39 59573.55 59589.68 | Div 0.07 0.10 | Feas 0.18 1.00 | Pen 8.18 0.10
It  60000  13958 | T(s) 278.67 | Feas 52 59584.26 59591.88 | Inf 63 59574.21 59577.96 | Div 0.08 0.05 | Feas 0.29 1.00 | Pen 8.51 0.10
It  60500  14458 | T(s) 280.69 | Feas 39 59584.26 59589.97 | Inf 53 59574.21 59579.56 | Div 0.08 0.05 | Feas 0.19 1.00 | Pen 8.51 0.10
It  61000  14958 | T(s) 282.69 | Feas 61 59584.26 59587.55 | Inf 37 59578.44 59586.57 | Div 0.06 0.09 | Feas 0.15 1.00 | Pen 10.63 0.10
It  61500    442 | T(s) 284.76 | Feas 51 59583.21 59595.09 | Inf 31 59575.61 59582.40 | Div 0.08 0.08 | Feas 0.05 1.00 | Pen 9.21 0.10
It  62000    942 | T(s) 286.84 | Feas 64 59583.21 59590.26 | Inf 42 59573.48 59581.41 | Div 0.07 0.08 | Feas 0.33 1.00 | Pen 8.15 0.10
It  62500    300 | T(s) 289.02 | Feas 57 59581.48 59592.56 | Inf 43 59576.74 59589.14 | Div 0.08 0.09 | Feas 0.15 1.00 | Pen 9.78 0.10
It  63000    800 | T(s) 291.12 | Feas 64 59581.48 59590.17 | Inf 47 59571.60 59583.33 | Div 0.08 0.09 | Feas 0.27 1.00 | Pen 7.21 0.10
It  63500   1300 | T(s) 293.25 | Feas 36 59581.48 59611.15 | Inf 32 59571.60 59585.06 | Div 0.13 0.10 | Feas 0.16 1.00 | Pen 7.21 0.10
It  64000   1800 | T(s) 295.31 | Feas 29 59581.48 59625.51 | Inf 65 59571.60 59579.92 | Div 0.14 0.07 | Feas 0.16 1.00 | Pen 7.21 0.10
It  64500   2300 | T(s) 297.41 | Feas 27 59581.48 59605.46 | Inf 26 59574.82 59586.28 | Div 0.13 0.10 | Feas 0.14 1.00 | Pen 8.82 0.10
It  65000   2800 | T(s) 299.46 | Feas 50 59581.48 59590.04 | Inf 56 59572.18 59578.35 | Div 0.08 0.06 | Feas 0.26 1.00 | Pen 7.50 0.10
It  65500   3300 | T(s) 301.51 | Feas 65 59581.48 59595.70 | Inf 44 59572.78 59580.54 | Div 0.09 0.08 | Feas 0.26 1.00 | Pen 7.80 0.10
It  66000   3800 | T(s) 303.66 | Feas 61 59581.48 59592.28 | Inf 41 59573.10 59582.42 | Div 0.09 0.08 | Feas 0.29 1.00 | Pen 7.96 0.10
It  66500   4300 | T(s) 305.78 | Feas 65 59581.48 59591.12 | Inf 56 59573.74 59578.92 | Div 0.07 0.06 | Feas 0.37 1.00 | Pen 8.28 0.10
It  67000   4800 | T(s) 307.83 | Feas 31 59581.48 59604.25 | Inf 52 59574.07 59580.14 | Div 0.12 0.07 | Feas 0.17 1.00 | Pen 8.44 0.10
It  67500   5300 | T(s) 309.90 | Feas 47 59581.48 59590.01 | Inf 62 59574.75 59580.60 | Div 0.08 0.06 | Feas 0.36 1.00 | Pen 8.78 0.10
It  68000   5800 | T(s) 311.95 | Feas 27 59581.48 59610.78 | Inf 45 59572.42 59582.40 | Div 0.12 0.08 | Feas 0.17 1.00 | Pen 7.62 0.10
It  68500   6300 | T(s) 314.06 | Feas 51 59581.48 59594.84 | Inf 26 59572.72 59627.15 | Div 0.09 0.13 | Feas 0.28 1.00 | Pen 7.77 0.10
It  69000   6800 | T(s) 316.10 | Feas 40 59581.48 59598.27 | Inf 52 59575.83 59580.88 | Div 0.11 0.07 | Feas 0.24 1.00 | Pen 9.32 0.10
It  69500   7300 | T(s) 318.17 | Feas 37 59581.48 59600.10 | Inf 31 59576.58 59585.43 | Div 0.11 0.09 | Feas 0.15 1.00 | Pen 9.70 0.10
It  70000   7800 | T(s) 320.22 | Feas 36 59581.48 59607.34 | Inf 46 59573.67 59581.13 | Div 0.12 0.08 | Feas 0.16 1.00 | Pen 8.24 0.10
It  70500   8300 | T(s) 322.38 | Feas 44 59581.48 59595.97 | Inf 29 59569.98 59589.13 | Div 0.10 0.11 | Feas 0.29 1.00 | Pen 8.58 0.10
It  71000     29 | T(s) 324.50 | Feas 48 59577.12 59594.19 | Inf 43 59570.33 59579.77 | Div 0.10 0.08 | Feas 0.23 1.00 | Pen 8.75 0.10
It  71500    529 | T(s) 326.61 | Feas 40 59577.12 59598.01 | Inf 25 59570.68 59606.55 | Div 0.11 0.13 | Feas 0.34 1.00 | Pen 8.92 0.10
It  72000   1029 | T(s) 328.71 | Feas 37 59577.12 59596.38 | Inf 42 59571.03 59582.97 | Div 0.11 0.09 | Feas 0.25 1.00 | Pen 9.10 0.10
It  72500   1529 | T(s) 330.80 | Feas 34 59577.12 59596.73 | Inf 59 59568.93 59583.20 | Div 0.12 0.09 | Feas 0.13 1.00 | Pen 8.05 0.10
It  73000   2029 | T(s) 332.89 | Feas 57 59577.12 59584.70 | Inf 52 59568.93 59579.27 | Div 0.07 0.08 | Feas 0.16 1.00 | Pen 8.05 0.10
It  73500   2529 | T(s) 335.03 | Feas 60 59577.12 59584.69 | Inf 48 59572.53 59592.14 | Div 0.07 0.10 | Feas 0.19 1.00 | Pen 9.85 0.10
It  74000   3029 | T(s) 337.18 | Feas 32 59577.12 59600.74 | Inf 27 59569.58 59582.58 | Div 0.12 0.10 | Feas 0.20 1.00 | Pen 8.37 0.10
It  74500   3529 | T(s) 339.21 | Feas 30 59577.12 59610.96 | Inf 40 59569.91 59579.79 | Div 0.12 0.08 | Feas 0.18 1.00 | Pen 8.54 0.10
It  75000   4029 | T(s) 341.29 | Feas 38 59577.12 59589.13 | Inf 64 59570.26 59578.70 | Div 0.09 0.08 | Feas 0.33 1.00 | Pen 8.71 0.10
It  75500   4529 | T(s) 343.34 | Feas 47 59577.12 59593.46 | Inf 47 59570.26 59578.83 | Div 0.09 0.08 | Feas 0.21 1.00 | Pen 8.71 0.10
It  76000   5029 | T(s) 345.40 | Feas 59 59577.12 59585.18 | Inf 27 59570.60 59596.26 | Div 0.08 0.12 | Feas 0.16 1.00 | Pen 8.89 0.10
It  76500   5529 | T(s) 347.49 | Feas 26 59577.12 59616.62 | Inf 41 59571.32 59587.37 | Div 0.14 0.10 | Feas 0.10 1.00 | Pen 9.25 0.10
It  77000   6029 | T(s) 349.67 | Feas 59 59577.12 59595.36 | Inf 26 59568.55 59599.98 | Div 0.09 0.14 | Feas 0.16 1.00 | Pen 7.86 0.10
It  77500   6529 | T(s) 351.80 | Feas 32 59577.12 59609.84 | Inf 53 59568.86 59578.56 | Div 0.12 0.08 | Feas 0.22 1.00 | Pen 8.02 0.10
It  78000    139 | T(s) 353.86 | Feas 61 59577.08 59587.64 | Inf 59 59568.86 59576.88 | Div 0.08 0.08 | Feas 0.17 1.00 | Pen 8.02 0.10
It  78500    639 | T(s) 356.00 | Feas 54 59577.08 59597.83 | Inf 49 59572.02 59578.93 | Div 0.10 0.07 | Feas 0.19 1.00 | Pen 9.62 0.10
It  79000   1139 | T(s) 358.02 | Feas 65 59577.08 59584.50 | Inf 61 59569.14 59574.33 | Div 0.06 0.06 | Feas 0.23 1.00 | Pen 8.18 0.10
It  79500   1639 | T(s) 360.10 | Feas 37 59577.08 59587.94 | Inf 53 59569.14 59575.52 | Div 0.09 0.07 | Feas 0.19 1.00 | Pen 8.18 0.10
It  80000   2139 | T(s) 362.16 | Feas 59 59577.08 59585.61 | Inf 40 59569.46 59576.68 | Div 0.07 0.08 | Feas 0.26 1.00 | Pen 8.34 0.10
It  80500   2639 | T(s) 364.11 | Feas 27 59577.08 59594.19 | Inf 61 59567.25 59572.03 | Div 0.11 0.06 | Feas 0.16 1.00 | Pen 7.23 0.10
It  81000    225 | T(s) 366.12 | Feas 52 59576.09 59580.42 | Inf 35 59565.08 59574.89 | Div 0.05 0.09 | Feas 0.31 1.00 | Pen 6.15 0.10
It  81500    725 | T(s) 368.20 | Feas 46 59576.09 59585.69 | Inf 43 59570.48 59584.56 | Div 0.07 0.10 | Feas 0.14 1.00 | Pen 8.85 0.10
It  82000   1225 | T(s) 370.31 | Feas 62 59576.09 59582.73 | Inf 35 59570.48 59579.35 | Div 0.06 0.09 | Feas 0.17 1.00 | Pen 8.85 0.10
It  82500    349 | T(s) 372.29 | Feas 43 59575.66 59579.73 | Inf 52 59566.42 59570.50 | Div 0.05 0.06 | Feas 0.22 1.00 | Pen 7.52 0.10
It  83000    849 | T(s) 374.21 | Feas 49 59575.66 59578.05 | Inf 31 59564.16 59572.70 | Div 0.03 0.09 | Feas 0.22 1.00 | Pen 6.39 0.10
It  83500   1349 | T(s) 376.23 | Feas 55 59575.66 59579.61 | Inf 57 59564.16 59570.09 | Div 0.04 0.07 | Feas 0.23 1.00 | Pen 6.39 0.10
It  84000   1849 | T(s) 378.14 | Feas 49 59575.66 59578.65 | Inf 40 59564.42 59579.46 | Div 0.04 0.09 | Feas 0.18 1.00 | Pen 6.52 0.10
It  84500   2349 | T(s) 380.11 | Feas 42 59575.66 59578.20 | Inf 56 59552.95 59570.06 | Div 0.04 0.09 | Feas 0.20 1.00 | Pen 4.71 0.10
It  85000   2849 | T(s) 382.17 | Feas 29 59575.66 59583.69 | Inf 47 59546.17 59562.57 | Div 0.08 0.09 | Feas 0.27 1.00 | Pen 4.81 0.10
It  85500   3349 | T(s) 384.18 | Feas 25 59575.66 59586.97 | Inf 54 59566.46 59578.17 | Div 0.09 0.09 | Feas 0.10 1.00 | Pen 7.06 0.10
It  86000   3849 | T(s) 386.32 | Feas 62 59575.66 59579.19 | Inf 45 59568.86 59580.36 | Div 0.05 0.09 | Feas 0.19 1.00 | Pen 8.64 0.10
It  86500   4349 | T(s) 388.31 | Feas 35 59575.66 59581.14 | Inf 60 59556.33 59585.73 | Div 0.07 0.10 | Feas 0.23 1.00 | Pen 6.24 0.10
It  87000   4849 | T(s) 390.31 | Feas 48 59575.66 59579.28 | Inf 55 59567.47 59577.85 | Div 0.05 0.09 | Feas 0.11 1.00 | Pen 7.64 0.10
It  87500   5349 | T(s) 392.32 | Feas 46 59575.66 59579.70 | Inf 33 59558.60 59584.37 | Div 0.05 0.12 | Feas 0.22 1.00 | Pen 6.50 0.10
It  88000   5849 | T(s) 394.34 | Feas 45 59575.66 59579.72 | Inf 61 59549.83 59557.18 | Div 0.05 0.06 | Feas 0.19 1.00 | Pen 5.52 0.10
It  88500   6349 | T(s) 396.31 | Feas 28 59575.66 59581.07 | Inf 59 59559.77 59566.02 | Div 0.07 0.07 | Feas 0.20 1.00 | Pen 6.63 0.10
It  89000   6849 | T(s) 398.31 | Feas 41 59575.66 59579.79 | Inf 49 59560.96 59574.24 | Div 0.05 0.09 | Feas 0.25 1.00 | Pen 6.76 0.10
It  89500   7349 | T(s) 400.37 | Feas 31 59575.66 59589.07 | Inf 47 59562.11 59581.83 | Div 0.09 0.11 | Feas 0.16 1.00 | Pen 6.89 0.10
It  90000     29 | T(s) 402.56 | Feas 44 59575.37 59591.11 | Inf 55 59575.40 59599.01 | Div 0.09 0.12 | Feas 0.14 1.00 | Pen 11.91 0.10
It  90500     16 | T(s) 404.63 | Feas 39 59574.94 59581.61 | Inf 41 59565.28 59586.03 | Div 0.07 0.11 | Feas 0.29 1.00 | Pen 7.32 0.10
It  91000    516 | T(s) 406.74 | Feas 57 59574.94 59576.95 | Inf 25 59565.87 59594.60 | Div 0.04 0.13 | Feas 0.32 1.00 | Pen 7.61 0.10
It  91500   1016 | T(s) 408.78 | Feas 58 59574.94 59579.43 | Inf 27 59566.18 59614.28 | Div 0.06 0.15 | Feas 0.07 1.00 | Pen 7.76 0.10
It  92000   1516 | T(s) 410.79 | Feas 35 59574.94 59583.14 | Inf 42 59563.77 59570.09 | Div 0.07 0.09 | Feas 0.28 1.00 | Pen 6.60 0.10
It  92500    389 | T(s) 412.84 | Feas 30 59574.66 59584.12 | Inf 36 59566.73 59571.28 | Div 0.07 0.08 | Feas 0.16 1.00 | Pen 8.08 0.10
It  93000    889 | T(s) 414.86 | Feas 26 59574.66 59580.06 | Inf 56 59566.78 59569.26 | Div 0.07 0.06 | Feas 0.21 1.00 | Pen 8.24 0.10
It  93500   1389 | T(s) 416.95 | Feas 54 59574.66 59578.49 | Inf 42 59567.11 59574.54 | Div 0.05 0.09 | Feas 0.16 1.00 | Pen 8.40 0.10
It  94000   1889 | T(s) 419.10 | Feas 31 59574.66 59582.11 | Inf 30 59567.45 59572.62 | Div 0.08 0.08 | Feas 0.28 1.00 | Pen 8.57 0.10
It  94500   2389 | T(s) 421.17 | Feas 63 59574.66 59577.89 | Inf 49 59567.79 59570.89 | Div 0.05 0.06 | Feas 0.34 1.00 | Pen 8.74 0.10
It  95000   2889 | T(s) 423.28 | Feas 45 59574.66 59576.86 | Inf 50 59571.71 59574.00 | Div 0.04 0.06 | Feas 0.14 1.00 | Pen 10.70 0.10
It  95500   3389 | T(s) 425.23 | Feas 54 59574.66 59577.60 | Inf 50 59565.77 59569.20 | Div 0.05 0.07 | Feas 0.17 1.00 | Pen 7.73 0.10
It  96000   3889 | T(s) 427.23 | Feas 56 59574.66 59576.32 | Inf 42 59565.77 59570.85 | Div 0.03 0.08 | Feas 0.24 1.00 | Pen 7.73 0.10
It  96500   4389 | T(s) 429.25 | Feas 26 59574.66 59582.77 | Inf 32 59566.39 59583.37 | Div 0.08 0.11 | Feas 0.27 1.00 | Pen 8.04 0.10
It  97000   4889 | T(s) 431.38 | Feas 31 59574.66 59581.39 | Inf 65 59566.39 59574.39 | Div 0.07 0.08 | Feas 0.20 1.00 | Pen 8.04 0.10
It  97500   5389 | T(s) 433.42 | Feas 62 59574.66 59576.34 | Inf 47 59561.93 59565.60 | Div 0.03 0.07 | Feas 0.17 1.00 | Pen 5.81 0.10
It  98000   5889 | T(s) 435.50 | Feas 64 59574.66 59576.56 | Inf 47 59560.97 59565.12 | Div 0.04 0.07 | Feas 0.18 1.00 | Pen 5.81 0.10
It  98500   6389 | T(s) 437.48 | Feas 41 59574.66 59577.13 | Inf 57 59564.25 59571.72 | Div 0.05 0.08 | Feas 0.15 1.00 | Pen 6.97 0.10
It  99000   6889 | T(s) 439.60 | Feas 50 59574.66 59581.45 | Inf 46 59567.38 59581.25 | Div 0.06 0.10 | Feas 0.24 1.00 | Pen 8.54 0.10
It  99500   7389 | T(s) 441.63 | Feas 61 59574.66 59576.06 | Inf 27 59565.11 59613.72 | Div 0.03 0.14 | Feas 0.28 1.00 | Pen 7.40 0.10
It 100000   7889 | T(s) 443.70 | Feas 35 59574.66 59583.70 | Inf 51 59562.88 59570.31 | Div 0.06 0.09 | Feas 0.20 1.00 | Pen 6.29 0.10
It 100500   8389 | T(s) 445.77 | Feas 45 59574.66 59578.61 | Inf 41 59565.70 59577.09 | Div 0.05 0.10 | Feas 0.24 1.00 | Pen 7.70 0.10
It 101000   8889 | T(s) 447.83 | Feas 42 59574.66 59578.77 | Inf 38 59566.01 59587.96 | Div 0.06 0.11 | Feas 0.28 1.00 | Pen 7.85 0.10
It 101500   9389 | T(s) 449.97 | Feas 62 59574.66 59577.20 | Inf 28 59569.15 59590.66 | Div 0.05 0.12 | Feas 0.14 1.00 | Pen 9.42 0.10
It 102000   9889 | T(s) 452.02 | Feas 50 59574.66 59576.82 | Inf 46 59566.33 59568.31 | Div 0.04 0.05 | Feas 0.30 1.00 | Pen 8.01 0.10
It 102500  10389 | T(s) 454.00 | Feas 41 59574.66 59578.08 | Inf 33 59563.92 59568.31 | Div 0.05 0.08 | Feas 0.16 1.00 | Pen 6.81 0.10
It 103000  10889 | T(s) 456.06 | Feas 36 59574.66 59577.30 | Inf 25 59563.92 59601.34 | Div 0.05 0.13 | Feas 0.19 1.00 | Pen 6.81 0.10
It 103500  11389 | T(s) 458.16 | Feas 60 59574.66 59576.67 | Inf 56 59566.97 59571.30 | Div 0.04 0.07 | Feas 0.27 1.00 | Pen 8.33 0.10
It 104000  11889 | T(s) 460.28 | Feas 25 59574.66 59588.77 | Inf 59 59570.71 59576.50 | Div 0.09 0.08 | Feas 0.19 1.00 | Pen 10.20 0.10
It 104500  12389 | T(s) 462.31 | Feas 48 59574.66 59578.16 | Inf 37 59571.53 59591.05 | Div 0.05 0.10 | Feas 0.14 1.00 | Pen 10.61 0.10
It 105000  12889 | T(s) 464.38 | Feas 32 59574.66 59585.87 | Inf 43 59565.95 59570.36 | Div 0.08 0.07 | Feas 0.28 1.00 | Pen 7.82 0.10
It 105500  13389 | T(s) 466.47 | Feas 26 59574.66 59586.46 | Inf 62 59563.60 59567.97 | Div 0.09 0.06 | Feas 0.30 1.00 | Pen 6.65 0.10
It 106000  13889 | T(s) 468.46 | Feas 54 59574.66 59577.07 | Inf 63 59569.83 59571.98 | Div 0.04 0.05 | Feas 0.12 1.00 | Pen 9.77 0.10
It 106500  14389 | T(s) 470.51 | Feas 28 59574.66 59587.70 | Inf 40 59566.90 59570.71 | Div 0.08 0.07 | Feas 0.21 1.00 | Pen 8.30 0.10
It 107000  14889 | T(s) 472.60 | Feas 45 59574.66 59579.64 | Inf 65 59570.62 59573.15 | Div 0.06 0.06 | Feas 0.14 1.00 | Pen 10.16 0.10
It 107500  15389 | T(s) 474.63 | Feas 62 59574.66 59576.54 | Inf 37 59562.78 59569.56 | Div 0.03 0.09 | Feas 0.27 1.00 | Pen 6.24 0.10
It 108000  15889 | T(s) 476.71 | Feas 40 59574.66 59578.45 | Inf 41 59565.58 59572.91 | Div 0.05 0.09 | Feas 0.27 1.00 | Pen 7.64 0.10
It 108500  16389 | T(s) 478.83 | Feas 47 59574.66 59577.38 | Inf 45 59569.00 59578.21 | Div 0.05 0.09 | Feas 0.16 1.00 | Pen 9.35 0.10
It 109000  16889 | T(s) 480.93 | Feas 29 59574.66 59586.41 | Inf 27 59569.75 59598.19 | Div 0.08 0.13 | Feas 0.22 1.00 | Pen 9.73 0.10
It 109500  17389 | T(s) 483.02 | Feas 54 59574.66 59577.64 | Inf 40 59566.84 59578.23 | Div 0.05 0.09 | Feas 0.23 1.00 | Pen 8.27 0.10
It 110000  17889 | T(s) 485.08 | Feas 64 59574.66 59576.35 | Inf 60 59564.36 59569.46 | Div 0.03 0.06 | Feas 0.19 1.00 | Pen 7.03 0.10
It 110500  18389 | T(s) 487.19 | Feas 29 59574.66 59589.90 | Inf 55 59567.17 59574.07 | Div 0.08 0.08 | Feas 0.19 1.00 | Pen 8.43 0.10
It 111000  18889 | T(s) 489.24 | Feas 40 59574.66 59578.74 | Inf 42 59567.50 59574.30 | Div 0.06 0.09 | Feas 0.18 1.00 | Pen 8.60 0.10
It 111500  19389 | T(s) 491.26 | Feas 51 59574.66 59576.38 | Inf 55 59564.92 59570.03 | Div 0.03 0.07 | Feas 0.25 1.00 | Pen 7.31 0.10
It 112000  19889 | T(s) 493.27 | Feas 54 59574.66 59576.14 | Inf 36 59562.73 59570.48 | Div 0.03 0.09 | Feas 0.29 1.00 | Pen 6.21 0.10
----- GENETIC ALGORITHM FINISHED AFTER 112113 ITERATIONS. TIME SPENT: 493.732
----- WRITING BEST SOLUTION IN : baseline_results/cvrp_hgs/Vrp-Set-X-n613/Vrp-Set-X-n613-hgs/0.hgs1.tour
