=========== Algorithm Parameters =================
---- nbGranular        is set to 20
---- mu                is set to 25
---- lambda            is set to 40
---- nbElite           is set to 4
---- nbClose           is set to 5
---- targetFeasible    is set to 0.2
---- seed              is set to 1234
---- nbIter            is set to 20000
---- timeLimit         is set to 0
---- useSwapStar       is set to 1
==================================================
----- READING INSTANCE: baseline_results/cvrp_hgs/Vrp-Set-X-n195/Vrp-Set-X-n195-hgs/0.hgs1.vrp
----- FLEET SIZE WAS NOT SPECIFIED: DEFAULT INITIALIZATION TO 70 VEHICLES
----- INSTANCE SUCCESSFULLY LOADED WITH 194 CLIENTS AND 70 VEHICLES
----- BUILDING INITIAL POPULATION
----- STARTING GENETIC ALGORITHM
It      0      2 | T(s) 0.33 | Feas 27 45066.38 45655.48 | Inf 59 44629.66 45166.19 | Div 0.57 0.51 | Feas 0.01 1.00 | Pen 16.42 0.85
It    500    123 | T(s) 1.13 | Feas 42 44625.24 44891.60 | Inf 35 44540.67 44728.85 | Div 0.45 0.43 | Feas 0.13 1.00 | Pen 40.86 0.38
It   1000    129 | T(s) 1.92 | Feas 52 44565.51 44641.82 | Inf 35 44450.15 44664.31 | Div 0.37 0.42 | Feas 0.25 1.00 | Pen 49.03 0.17
It   1500     66 | T(s) 2.68 | Feas 30 44440.30 44604.38 | Inf 29 44358.38 44521.39 | Div 0.39 0.37 | Feas 0.18 1.00 | Pen 49.03 0.10
It   2000    109 | T(s) 3.43 | Feas 27 44418.39 44578.57 | Inf 31 44363.56 44455.24 | Div 0.39 0.33 | Feas 0.20 1.00 | Pen 70.60 0.10
It   2500    181 | T(s) 4.17 | Feas 37 44409.94 44540.97 | Inf 53 44330.25 44399.35 | Div 0.37 0.27 | Feas 0.17 1.00 | Pen 60.01 0.10
It   3000    288 | T(s) 4.94 | Feas 50 44404.01 44471.38 | Inf 35 44326.72 44390.87 | Div 0.30 0.29 | Feas 0.18 1.00 | Pen 61.21 0.10
It   3500    788 | T(s) 5.69 | Feas 47 44404.01 44479.22 | Inf 32 44329.17 44418.94 | Div 0.33 0.30 | Feas 0.15 1.00 | Pen 62.43 0.10
It   4000    324 | T(s) 6.45 | Feas 56 44371.07 44455.68 | Inf 63 44325.60 44356.75 | Div 0.29 0.23 | Feas 0.22 1.00 | Pen 63.68 0.10
It   4500    824 | T(s) 7.21 | Feas 28 44371.07 44516.78 | Inf 46 44311.69 44382.03 | Div 0.39 0.29 | Feas 0.27 1.00 | Pen 54.13 0.10
It   5000     34 | T(s) 7.98 | Feas 52 44357.52 44431.40 | Inf 43 44281.83 44355.47 | Div 0.28 0.27 | Feas 0.16 1.00 | Pen 64.96 0.10
It   5500    534 | T(s) 8.77 | Feas 29 44357.52 44569.49 | Inf 34 44287.07 44389.67 | Div 0.40 0.30 | Feas 0.12 1.00 | Pen 67.58 0.10
It   6000    157 | T(s) 9.56 | Feas 41 44311.67 44415.71 | Inf 27 44289.78 44425.23 | Div 0.30 0.33 | Feas 0.21 1.00 | Pen 68.93 0.10
It   6500    657 | T(s) 10.34 | Feas 57 44311.67 44394.57 | Inf 57 44292.53 44365.96 | Div 0.28 0.27 | Feas 0.21 1.00 | Pen 70.31 0.10
It   7000   1157 | T(s) 11.14 | Feas 60 44311.67 44385.94 | Inf 55 44270.27 44327.79 | Div 0.26 0.23 | Feas 0.27 1.00 | Pen 71.72 0.10
It   7500   1657 | T(s) 11.91 | Feas 49 44311.67 44362.72 | Inf 39 44270.41 44317.94 | Div 0.23 0.23 | Feas 0.23 1.00 | Pen 73.15 0.10
It   8000    208 | T(s) 12.69 | Feas 33 44304.89 44381.07 | Inf 46 44256.08 44296.87 | Div 0.26 0.21 | Feas 0.19 1.00 | Pen 63.42 0.10
It   8500    708 | T(s) 13.45 | Feas 36 44304.89 44373.56 | Inf 41 44270.95 44296.74 | Div 0.24 0.17 | Feas 0.10 1.00 | Pen 79.18 0.10
It   9000   1208 | T(s) 14.23 | Feas 43 44304.89 44362.68 | Inf 33 44274.15 44314.91 | Div 0.23 0.22 | Feas 0.09 1.00 | Pen 82.38 0.10
It   9500   1708 | T(s) 14.98 | Feas 60 44304.89 44331.40 | Inf 52 44263.20 44277.78 | Div 0.17 0.14 | Feas 0.29 1.00 | Pen 71.42 0.10
It  10000     61 | T(s) 15.75 | Feas 32 44291.35 44354.86 | Inf 54 44252.55 44277.97 | Div 0.25 0.15 | Feas 0.06 1.00 | Pen 74.31 0.10
It  10500    561 | T(s) 16.51 | Feas 55 44291.35 44332.90 | Inf 40 44252.55 44365.99 | Div 0.20 0.28 | Feas 0.25 1.00 | Pen 74.31 0.10
It  11000   1061 | T(s) 17.26 | Feas 27 44291.35 44378.82 | Inf 54 44254.03 44275.19 | Div 0.28 0.17 | Feas 0.38 1.00 | Pen 75.79 0.10
It  11500    264 | T(s) 18.05 | Feas 39 44278.35 44346.25 | Inf 59 44243.88 44286.94 | Div 0.26 0.19 | Feas 0.10 1.00 | Pen 90.95 0.10
It  12000    414 | T(s) 18.82 | Feas 34 44266.04 44318.10 | Inf 59 44231.78 44265.69 | Div 0.23 0.19 | Feas 0.40 1.00 | Pen 78.86 0.10
It  12500    914 | T(s) 19.59 | Feas 44 44266.04 44308.50 | Inf 54 44247.55 44285.38 | Div 0.20 0.20 | Feas 0.25 1.00 | Pen 94.63 0.10
It  13000   1414 | T(s) 20.33 | Feas 60 44266.04 44293.88 | Inf 64 44234.97 44257.51 | Div 0.17 0.16 | Feas 0.20 1.00 | Pen 82.04 0.10
It  13500   1914 | T(s) 21.05 | Feas 60 44266.04 44307.46 | Inf 44 44236.61 44266.92 | Div 0.19 0.19 | Feas 0.20 1.00 | Pen 83.68 0.10
It  14000   2414 | T(s) 21.80 | Feas 32 44266.04 44364.39 | Inf 63 44238.28 44261.86 | Div 0.26 0.17 | Feas 0.18 1.00 | Pen 85.36 0.10
It  14500   2914 | T(s) 22.53 | Feas 27 44266.04 44349.05 | Inf 58 44226.93 44240.99 | Div 0.26 0.14 | Feas 0.43 1.00 | Pen 74.00 0.10
It  15000   3414 | T(s) 23.28 | Feas 49 44266.04 44311.69 | Inf 40 44229.92 44244.03 | Div 0.19 0.15 | Feas 0.21 1.00 | Pen 76.99 0.10
It  15500   3914 | T(s) 24.03 | Feas 25 44266.04 44413.10 | Inf 63 44233.03 44249.32 | Div 0.28 0.14 | Feas 0.31 1.00 | Pen 80.10 0.10
It  16000   4414 | T(s) 24.76 | Feas 49 44266.04 44302.40 | Inf 50 44222.38 44241.47 | Div 0.18 0.15 | Feas 0.26 1.00 | Pen 69.45 0.10
It  16500   4914 | T(s) 25.51 | Feas 42 44266.04 44291.35 | Inf 47 44252.94 44270.77 | Div 0.17 0.15 | Feas 0.14 1.00 | Pen 100.01 0.10
It  17000   5414 | T(s) 26.21 | Feas 58 44266.04 44294.81 | Inf 38 44226.63 44244.54 | Div 0.16 0.16 | Feas 0.18 1.00 | Pen 73.70 0.10
It  17500   5914 | T(s) 26.94 | Feas 58 44266.04 44287.00 | Inf 58 44244.94 44257.04 | Div 0.16 0.13 | Feas 0.13 1.00 | Pen 92.02 0.10
It  18000   6414 | T(s) 27.65 | Feas 60 44266.04 44284.12 | Inf 58 44231.14 44239.96 | Div 0.15 0.12 | Feas 0.25 1.00 | Pen 78.21 0.10
It  18500   6914 | T(s) 28.37 | Feas 44 44266.04 44285.94 | Inf 27 44234.30 44256.85 | Div 0.15 0.19 | Feas 0.39 1.00 | Pen 81.37 0.10
It  19000   7414 | T(s) 29.10 | Feas 47 44266.04 44283.78 | Inf 62 44235.93 44246.40 | Div 0.15 0.12 | Feas 0.27 1.00 | Pen 83.00 0.10
It  19500   7914 | T(s) 29.86 | Feas 29 44266.04 44300.39 | Inf 45 44237.59 44256.64 | Div 0.19 0.15 | Feas 0.20 1.00 | Pen 84.66 0.10
It  20000   8414 | T(s) 30.55 | Feas 48 44266.04 44277.00 | Inf 37 44227.79 44252.43 | Div 0.13 0.18 | Feas 0.37 1.00 | Pen 74.87 0.10
It  20500   8914 | T(s) 31.28 | Feas 28 44266.04 44289.74 | Inf 52 44246.40 44256.65 | Div 0.17 0.12 | Feas 0.15 1.00 | Pen 93.47 0.10
It  21000   9414 | T(s) 32.00 | Feas 61 44266.04 44276.44 | Inf 41 44235.59 44250.93 | Div 0.12 0.15 | Feas 0.39 1.00 | Pen 82.66 0.10
It  21500   9914 | T(s) 32.71 | Feas 38 44266.04 44283.51 | Inf 40 44256.13 44271.40 | Div 0.15 0.14 | Feas 0.12 1.00 | Pen 103.20 0.10
It  22000  10414 | T(s) 33.41 | Feas 36 44266.04 44283.13 | Inf 61 44244.19 44253.19 | Div 0.16 0.10 | Feas 0.13 1.00 | Pen 91.26 0.10
It  22500  10914 | T(s) 34.11 | Feas 55 44266.04 44275.44 | Inf 27 44233.63 44313.25 | Div 0.11 0.21 | Feas 0.36 1.00 | Pen 80.71 0.10
It  23000  11414 | T(s) 34.83 | Feas 44 44266.04 44285.15 | Inf 38 44253.69 44277.10 | Div 0.14 0.16 | Feas 0.14 1.00 | Pen 100.76 0.10
It  23500  11914 | T(s) 35.53 | Feas 25 44266.04 44312.42 | Inf 28 44227.18 44293.70 | Div 0.21 0.21 | Feas 0.40 1.00 | Pen 74.26 0.10
It  24000  12414 | T(s) 36.23 | Feas 51 44266.04 44280.28 | Inf 33 44230.18 44244.42 | Div 0.13 0.15 | Feas 0.46 1.00 | Pen 77.26 0.10
It  24500  12914 | T(s) 36.93 | Feas 58 44266.04 44272.89 | Inf 57 44233.30 44241.23 | Div 0.11 0.11 | Feas 0.34 1.00 | Pen 80.38 0.10
It  25000  13414 | T(s) 37.63 | Feas 42 44266.04 44279.40 | Inf 62 44236.55 44245.60 | Div 0.13 0.11 | Feas 0.17 1.00 | Pen 83.63 0.10
It  25500  13914 | T(s) 38.35 | Feas 38 44266.04 44281.27 | Inf 41 44255.28 44270.85 | Div 0.15 0.14 | Feas 0.13 1.00 | Pen 102.36 0.10
It  26000  14414 | T(s) 39.07 | Feas 45 44266.04 44279.22 | Inf 31 44228.36 44281.26 | Div 0.13 0.19 | Feas 0.33 1.00 | Pen 75.43 0.10
It  26500  14914 | T(s) 39.79 | Feas 56 44266.04 44280.07 | Inf 43 44231.41 44253.23 | Div 0.14 0.16 | Feas 0.39 1.00 | Pen 78.48 0.10
It  27000  15414 | T(s) 40.48 | Feas 64 44266.04 44272.45 | Inf 59 44234.58 44242.96 | Div 0.10 0.11 | Feas 0.39 1.00 | Pen 81.65 0.10
It  27500  15914 | T(s) 41.21 | Feas 61 44266.04 44283.79 | Inf 62 44252.87 44264.91 | Div 0.15 0.13 | Feas 0.12 1.00 | Pen 99.94 0.10
It  28000  16414 | T(s) 41.91 | Feas 43 44266.04 44278.57 | Inf 28 44256.90 44277.34 | Div 0.14 0.18 | Feas 0.14 1.00 | Pen 103.98 0.10
It  28500  16914 | T(s) 42.61 | Feas 32 44266.04 44296.12 | Inf 25 44244.88 44285.00 | Div 0.18 0.20 | Feas 0.11 1.00 | Pen 91.95 0.10
It  29000  17414 | T(s) 43.33 | Feas 32 44266.04 44281.76 | Inf 48 44234.24 44242.67 | Div 0.16 0.12 | Feas 0.37 1.00 | Pen 81.32 0.10
It  29500  17914 | T(s) 44.04 | Feas 28 44266.04 44291.76 | Inf 53 44237.53 44251.63 | Div 0.17 0.14 | Feas 0.41 1.00 | Pen 84.60 0.10
It  30000  18414 | T(s) 44.72 | Feas 60 44266.04 44276.59 | Inf 37 44240.95 44256.83 | Div 0.12 0.15 | Feas 0.49 1.00 | Pen 88.02 0.10
It  30500  18914 | T(s) 45.43 | Feas 29 44266.04 44298.30 | Inf 34 44229.24 44245.08 | Div 0.19 0.15 | Feas 0.17 1.00 | Pen 76.31 0.10
It  31000  19414 | T(s) 46.17 | Feas 52 44266.04 44279.27 | Inf 25 44248.20 44280.47 | Div 0.14 0.20 | Feas 0.13 1.00 | Pen 95.28 0.10
It  31500  19914 | T(s) 46.87 | Feas 64 44266.04 44277.16 | Inf 47 44250.11 44263.71 | Div 0.12 0.14 | Feas 0.12 1.00 | Pen 97.18 0.10
----- GENETIC ALGORITHM FINISHED AFTER 31588 ITERATIONS. TIME SPENT: 46.9856
----- WRITING BEST SOLUTION IN : baseline_results/cvrp_hgs/Vrp-Set-X-n195/Vrp-Set-X-n195-hgs/0.hgs1.tour
