PARAMETER_FILE = ../../results/heuristics/cvrp_lkh/Vrp-Set-A-n33/Vrp-Set-A-n33-lkh/0.lkh1.par
Reading PROBLEM_FILE: "../../results/heuristics/cvrp_lkh/Vrp-Set-A-n33/Vrp-Set-A-n33-lkh/0.lkh1.vrp" ... done
ASCENT_CANDIDATES = 32
BACKBONE_TRIALS = 0
BACKTRACKING = NO
# BWTSP =
# CANDIDATE_FILE =
CANDIDATE_SET_TYPE = ALPHA
# DISTANCE =
DEPOT = 1
# EDGE_FILE =
EXCESS = 0.030303
EXTERNAL_SALESMEN = 0
EXTRA_CANDIDATES = 0 
EXTRA_CANDIDATE_SET_TYPE = QUADRANT
GAIN23 = NO
GAIN_CRITERION = YES
INITIAL_PERIOD = 100
INITIAL_STEP_SIZE = 1
INITIAL_TOUR_ALGORITHM = WALK
# INITIAL_TOUR_FILE = 
INITIAL_TOUR_FRACTION = 1.000
# INPUT_TOUR_FILE = 
KICK_TYPE = 4
KICKS = 1
# MAX_BREADTH =
MAKESPAN = NO
MAX_CANDIDATES = 5 
MAX_SWAPS = 0
MAX_TRIALS = 10000
# MERGE_TOUR_FILE =
MOVE_TYPE = 5 SPECIAL
MTSP_MIN_SIZE = 1
MTSP_MAX_SIZE = 32
# MTSP_SOLUTION_FILE = 
# NONSEQUENTIAL_MOVE_TYPE = 5
# OPTIMUM =
OUTPUT_TOUR_FILE = ../../results/heuristics/cvrp_lkh/Vrp-Set-A-n33/Vrp-Set-A-n33-lkh/0.lkh1.tour
PATCHING_A = 1 
PATCHING_C = 0 
# PI_FILE = 
POPMUSIC_INITIAL_TOUR = NO
POPMUSIC_MAX_NEIGHBORS = 5
POPMUSIC_SAMPLE_SIZE = 10
POPMUSIC_SOLUTIONS = 50
POPMUSIC_TRIALS = 1
POPULATION_SIZE = 10
PRECISION = 100
PROBLEM_FILE = ../../results/heuristics/cvrp_lkh/Vrp-Set-A-n33/Vrp-Set-A-n33-lkh/0.lkh1.vrp
RECOMBINATION = IPT
RESTRICTED_SEARCH = YES
RUNS = 1
SALESMEN = 5
SCALE = 1
SEED = 1234
# SINTEF_SOLUTION_FILE = 
STOP_AT_OPTIMUM = YES
SUBGRADIENT = YES
# SUBPROBLEM_SIZE =
# SUBPROBLEM_TOUR_FILE = 
SUBSEQUENT_MOVE_TYPE = 5 SPECIAL
SUBSEQUENT_PATCHING = YES
# TIME_LIMIT =
# TOTAL_TIME_LIMIT =
# TOUR_FILE = 
TRACE_LEVEL = 1
VEHICLES = 5

Lower bound = 49519.0, Ascent time = 0.00 sec.
Cand.min = 5, Cand.avg = 5.0, Cand.max = 5
Preprocessing time = 0.00 sec.
* 1: Cost = 0_66319, Time = 0.00 sec. 
Writing OUTPUT_TOUR_FILE: "../../results/heuristics/cvrp_lkh/Vrp-Set-A-n33/Vrp-Set-A-n33-lkh/0.lkh1.tour" ... done
* 19: Cost = 0_66210, Time = 0.03 sec. 
Writing OUTPUT_TOUR_FILE: "../../results/heuristics/cvrp_lkh/Vrp-Set-A-n33/Vrp-Set-A-n33-lkh/0.lkh1.tour" ... done
Population:
  1: 0_66210
Run 1: Cost = 0_66210, Time = 8.90 sec. 

Successes/Runs = 0/1 
Cost.min = 66210, Cost.avg = 66210.00, Cost.max = 66210
Gap.min = 0.0000%, Gap.avg = 0.0000%, Gap.max = 0.0000%
Penalty.min = 0, Penalty.avg = 0.00, Penalty.max = 0
Trials.min = 10000, Trials.avg = 10000.0, Trials.max = 10000
Time.min = 8.90 sec., Time.avg = 8.90 sec., Time.max = 8.90 sec.
Time.total = 8.90 sec.
  Size.min = 4, Size.max = 8, Penalty = 0
  Cost.min = 4662, Cost.max = 18416, Cost.sum = 66210
Best CVRP solution:
  Cost = 0_66210

