PARAMETER_FILE = baseline_results/cvrp_lkh/Vrp-Set-CMT-n76/Vrp-Set-CMT-n76-lkh/1.lkh1.par
Reading PROBLEM_FILE: "baseline_results/cvrp_lkh/Vrp-Set-CMT-n76/Vrp-Set-CMT-n76-lkh/1.lkh1.vrp" ... done
ASCENT_CANDIDATES = 50
BACKBONE_TRIALS = 0
BACKTRACKING = NO
# BWTSP =
# CANDIDATE_FILE =
CANDIDATE_SET_TYPE = ALPHA
# DISTANCE =
DEPOT = 1
# EDGE_FILE =
EXCESS = 0.0131579
EXTERNAL_SALESMEN = 0
EXTRA_CANDIDATES = 0 
EXTRA_CANDIDATE_SET_TYPE = QUADRANT
GAIN23 = NO
GAIN_CRITERION = YES
INITIAL_PERIOD = 100
INITIAL_STEP_SIZE = 1
INITIAL_TOUR_ALGORITHM = WALK
# INITIAL_TOUR_FILE = 
INITIAL_TOUR_FRACTION = 1.000
# INPUT_TOUR_FILE = 
KICK_TYPE = 4
KICKS = 1
# MAX_BREADTH =
MAKESPAN = NO
MAX_CANDIDATES = 5 
MAX_SWAPS = 0
MAX_TRIALS = 10000
# MERGE_TOUR_FILE =
MOVE_TYPE = 5 SPECIAL
MTSP_MIN_SIZE = 1
MTSP_MAX_SIZE = 75
# MTSP_SOLUTION_FILE = 
# NONSEQUENTIAL_MOVE_TYPE = 5
# OPTIMUM =
OUTPUT_TOUR_FILE = baseline_results/cvrp_lkh/Vrp-Set-CMT-n76/Vrp-Set-CMT-n76-lkh/1.lkh1.tour
PATCHING_A = 1 
PATCHING_C = 0 
# PI_FILE = 
POPMUSIC_INITIAL_TOUR = NO
POPMUSIC_MAX_NEIGHBORS = 5
POPMUSIC_SAMPLE_SIZE = 10
POPMUSIC_SOLUTIONS = 50
POPMUSIC_TRIALS = 1
POPULATION_SIZE = 10
PRECISION = 100
PROBLEM_FILE = baseline_results/cvrp_lkh/Vrp-Set-CMT-n76/Vrp-Set-CMT-n76-lkh/1.lkh1.vrp
RECOMBINATION = IPT
RESTRICTED_SEARCH = YES
RUNS = 1
SALESMEN = 10
SCALE = 1
SEED = 1234
# SINTEF_SOLUTION_FILE = 
STOP_AT_OPTIMUM = YES
SUBGRADIENT = YES
# SUBPROBLEM_SIZE =
# SUBPROBLEM_TOUR_FILE = 
SUBSEQUENT_MOVE_TYPE = 5 SPECIAL
SUBSEQUENT_PATCHING = YES
# TIME_LIMIT =
# TOTAL_TIME_LIMIT =
# TOUR_FILE = 
TRACE_LEVEL = 1
VEHICLES = 10

Lower bound = 64151.0, Ascent time = 0.02 sec.
Cand.min = 5, Cand.avg = 5.0, Cand.max = 5
Preprocessing time = 0.02 sec.
* 1: Cost = 0_91766, Time = 0.01 sec. 
Writing OUTPUT_TOUR_FILE: "baseline_results/cvrp_lkh/Vrp-Set-CMT-n76/Vrp-Set-CMT-n76-lkh/1.lkh1.tour" ... done
* 5: Cost = 0_87071, Time = 0.06 sec. 
Writing OUTPUT_TOUR_FILE: "baseline_results/cvrp_lkh/Vrp-Set-CMT-n76/Vrp-Set-CMT-n76-lkh/1.lkh1.tour" ... done
* 42: Cost = 0_86355, Time = 0.22 sec. 
Writing OUTPUT_TOUR_FILE: "baseline_results/cvrp_lkh/Vrp-Set-CMT-n76/Vrp-Set-CMT-n76-lkh/1.lkh1.tour" ... done
* 54: Cost = 0_85771, Time = 0.25 sec. 
Writing OUTPUT_TOUR_FILE: "baseline_results/cvrp_lkh/Vrp-Set-CMT-n76/Vrp-Set-CMT-n76-lkh/1.lkh1.tour" ... done
* 64: Cost = 0_85669, Time = 0.28 sec. 
Writing OUTPUT_TOUR_FILE: "baseline_results/cvrp_lkh/Vrp-Set-CMT-n76/Vrp-Set-CMT-n76-lkh/1.lkh1.tour" ... done
* 66: Cost = 0_85368, Time = 0.29 sec. 
Writing OUTPUT_TOUR_FILE: "baseline_results/cvrp_lkh/Vrp-Set-CMT-n76/Vrp-Set-CMT-n76-lkh/1.lkh1.tour" ... done
* 69: Cost = 0_85053, Time = 0.30 sec. 
Writing OUTPUT_TOUR_FILE: "baseline_results/cvrp_lkh/Vrp-Set-CMT-n76/Vrp-Set-CMT-n76-lkh/1.lkh1.tour" ... done
* 102: Cost = 0_84593, Time = 0.39 sec. 
Writing OUTPUT_TOUR_FILE: "baseline_results/cvrp_lkh/Vrp-Set-CMT-n76/Vrp-Set-CMT-n76-lkh/1.lkh1.tour" ... done
* 141: Cost = 0_84523, Time = 0.51 sec. 
Writing OUTPUT_TOUR_FILE: "baseline_results/cvrp_lkh/Vrp-Set-CMT-n76/Vrp-Set-CMT-n76-lkh/1.lkh1.tour" ... done
* 336: Cost = 0_84441, Time = 1.10 sec. 
Writing OUTPUT_TOUR_FILE: "baseline_results/cvrp_lkh/Vrp-Set-CMT-n76/Vrp-Set-CMT-n76-lkh/1.lkh1.tour" ... done
* 1181: Cost = 0_84138, Time = 4.09 sec. 
Writing OUTPUT_TOUR_FILE: "baseline_results/cvrp_lkh/Vrp-Set-CMT-n76/Vrp-Set-CMT-n76-lkh/1.lkh1.tour" ... done
Population:
  1: 0_84138
Run 1: Cost = 0_84138, Time = 43.61 sec. 

Successes/Runs = 0/1 
Cost.min = 84138, Cost.avg = 84138.00, Cost.max = 84138
Gap.min = 0.0000%, Gap.avg = 0.0000%, Gap.max = 0.0000%
Penalty.min = 0, Penalty.avg = 0.00, Penalty.max = 0
Trials.min = 10000, Trials.avg = 10000.0, Trials.max = 10000
Time.min = 43.61 sec., Time.avg = 43.61 sec., Time.max = 43.61 sec.
Time.total = 43.62 sec.
  Size.min = 5, Size.max = 11, Penalty = 0
  Cost.min = 4190, Cost.max = 11476, Cost.sum = 84138
Best CVRP solution:
  Cost = 0_84138

