=========== Algorithm Parameters =================
---- nbGranular        is set to 20
---- mu                is set to 25
---- lambda            is set to 40
---- nbElite           is set to 4
---- nbClose           is set to 5
---- targetFeasible    is set to 0.2
---- seed              is set to 1234
---- nbIter            is set to 20000
---- timeLimit         is set to 0
---- useSwapStar       is set to 1
==================================================
----- READING INSTANCE: baseline_results/cvrp_hgs/Vrp-Set-X-n627/Vrp-Set-X-n627-hgs/0.hgs1.vrp
----- FLEET SIZE WAS NOT SPECIFIED: DEFAULT INITIALIZATION TO 59 VEHICLES
----- INSTANCE SUCCESSFULLY LOADED WITH 626 CLIENTS AND 59 VEHICLES
----- BUILDING INITIAL POPULATION
----- STARTING GENETIC ALGORITHM
It      0      2 | T(s) 3.03 | Feas 60 64591.95 65194.57 | NO-INFEASIBLE | Div 0.62 -1.00 | Feas 1.00 1.00 | Pen 119.01 0.85
It    500     96 | T(s) 11.27 | Feas 46 63452.28 63864.68 | Inf 59 63675.09 63938.29 | Div 0.59 0.58 | Feas 0.47 1.00 | Pen 52.80 0.38
It   1000     73 | T(s) 19.33 | Feas 31 63410.70 63631.92 | Inf 47 63285.75 63488.31 | Div 0.59 0.56 | Feas 0.24 1.00 | Pen 32.43 0.17
It   1500    161 | T(s) 26.92 | Feas 38 63343.94 63546.30 | Inf 32 63238.25 63453.78 | Div 0.57 0.59 | Feas 0.18 1.00 | Pen 27.56 0.10
It   2000     65 | T(s) 34.99 | Feas 48 63174.85 63407.79 | Inf 34 63110.35 63379.48 | Div 0.56 0.56 | Feas 0.18 1.00 | Pen 33.74 0.10
It   2500      7 | T(s) 42.59 | Feas 50 63094.19 63261.79 | Inf 63 63110.35 63249.38 | Div 0.47 0.51 | Feas 0.23 1.00 | Pen 33.74 0.10
It   3000    160 | T(s) 50.17 | Feas 45 63080.41 63190.35 | Inf 61 63088.11 63265.84 | Div 0.41 0.52 | Feas 0.23 1.00 | Pen 40.49 0.10
It   3500    108 | T(s) 57.81 | Feas 32 63022.44 63164.72 | Inf 29 63027.43 63263.47 | Div 0.46 0.55 | Feas 0.26 1.00 | Pen 29.84 0.10
It   4000    608 | T(s) 65.09 | Feas 49 63022.44 63128.17 | Inf 65 63027.43 63152.96 | Div 0.46 0.47 | Feas 0.20 1.00 | Pen 29.84 0.10
It   4500    168 | T(s) 72.38 | Feas 29 62996.43 63144.48 | Inf 49 63028.62 63121.85 | Div 0.52 0.45 | Feas 0.25 1.00 | Pen 30.43 0.10
It   5000    668 | T(s) 79.51 | Feas 38 62996.43 63091.59 | Inf 40 63017.61 63100.96 | Div 0.49 0.47 | Feas 0.22 1.00 | Pen 30.43 0.10
It   5500   1168 | T(s) 86.70 | Feas 45 62996.43 63077.06 | Inf 29 63011.53 63184.49 | Div 0.48 0.54 | Feas 0.13 1.00 | Pen 37.25 0.10
It   6000     43 | T(s) 93.97 | Feas 47 62974.55 63092.32 | Inf 56 63013.02 63132.18 | Div 0.50 0.51 | Feas 0.21 1.00 | Pen 38.00 0.10
It   6500    136 | T(s) 101.02 | Feas 59 62913.39 63043.53 | Inf 38 62959.04 63154.70 | Div 0.46 0.53 | Feas 0.14 1.00 | Pen 38.76 0.10
It   7000    636 | T(s) 108.21 | Feas 42 62913.39 63040.40 | Inf 52 62939.47 63054.97 | Div 0.48 0.49 | Feas 0.23 1.00 | Pen 32.94 0.10
It   7500   1136 | T(s) 115.66 | Feas 49 62913.39 63036.30 | Inf 39 62939.47 63108.52 | Div 0.49 0.53 | Feas 0.21 1.00 | Pen 32.94 0.10
It   8000     29 | T(s) 123.26 | Feas 56 62862.59 63006.65 | Inf 33 62940.13 63121.14 | Div 0.47 0.55 | Feas 0.17 1.00 | Pen 33.60 0.10
It   8500    529 | T(s) 130.76 | Feas 31 62862.59 63069.13 | Inf 25 62915.04 63299.95 | Div 0.52 0.58 | Feas 0.16 1.00 | Pen 33.60 0.10
It   9000   1029 | T(s) 137.86 | Feas 30 62862.59 62964.63 | Inf 51 62907.24 63018.48 | Div 0.45 0.51 | Feas 0.28 1.00 | Pen 28.56 0.10
It   9500    207 | T(s) 144.97 | Feas 28 62838.37 62950.64 | Inf 54 62899.88 63059.81 | Div 0.45 0.50 | Feas 0.13 1.00 | Pen 41.95 0.10
It  10000    707 | T(s) 152.21 | Feas 55 62838.37 62933.24 | Inf 29 62888.24 63118.21 | Div 0.43 0.54 | Feas 0.19 1.00 | Pen 30.31 0.10
It  10500   1207 | T(s) 159.55 | Feas 65 62838.37 62921.58 | Inf 58 62843.97 62984.02 | Div 0.40 0.48 | Feas 0.25 1.00 | Pen 37.10 0.10
It  11000    260 | T(s) 166.26 | Feas 27 62835.86 63023.13 | Inf 44 62844.71 63065.74 | Div 0.48 0.51 | Feas 0.21 1.00 | Pen 37.84 0.10
It  11500    156 | T(s) 173.50 | Feas 52 62811.53 62900.25 | Inf 26 62836.27 63048.21 | Div 0.40 0.53 | Feas 0.13 1.00 | Pen 32.81 0.10
It  12000    273 | T(s) 180.57 | Feas 37 62794.42 62888.10 | Inf 46 62831.34 62955.12 | Div 0.37 0.48 | Feas 0.27 1.00 | Pen 27.89 0.10
It  12500    773 | T(s) 187.68 | Feas 42 62794.42 62871.96 | Inf 29 62807.11 63044.68 | Div 0.37 0.53 | Feas 0.25 1.00 | Pen 28.44 0.10
It  13000    373 | T(s) 194.76 | Feas 61 62785.40 62863.57 | Inf 56 62808.25 62942.08 | Div 0.34 0.46 | Feas 0.27 1.00 | Pen 29.59 0.10
It  13500    873 | T(s) 201.71 | Feas 29 62785.40 62881.80 | Inf 50 62814.88 62953.23 | Div 0.41 0.46 | Feas 0.12 1.00 | Pen 36.22 0.10
It  14000    107 | T(s) 208.52 | Feas 36 62753.24 62911.23 | Inf 35 62759.37 62972.86 | Div 0.44 0.49 | Feas 0.26 1.00 | Pen 31.40 0.10
It  14500    113 | T(s) 215.65 | Feas 48 62742.24 62858.75 | Inf 30 62760.00 62976.34 | Div 0.42 0.49 | Feas 0.17 1.00 | Pen 32.03 0.10
It  15000    613 | T(s) 222.34 | Feas 60 62742.24 62828.00 | Inf 54 62744.30 62871.79 | Div 0.39 0.43 | Feas 0.18 1.00 | Pen 32.03 0.10
It  15500   1113 | T(s) 229.29 | Feas 59 62742.24 62846.76 | Inf 45 62744.30 62890.19 | Div 0.42 0.45 | Feas 0.16 1.00 | Pen 32.03 0.10
It  16000    464 | T(s) 236.07 | Feas 27 62724.86 62849.27 | Inf 35 62744.30 62850.08 | Div 0.44 0.42 | Feas 0.24 1.00 | Pen 32.03 0.10
It  16500    108 | T(s) 243.03 | Feas 53 62687.12 62756.64 | Inf 64 62736.76 62798.24 | Div 0.34 0.36 | Feas 0.25 1.00 | Pen 32.03 0.10
It  17000    608 | T(s) 249.67 | Feas 27 62687.12 62792.63 | Inf 49 62723.68 62830.11 | Div 0.42 0.41 | Feas 0.16 1.00 | Pen 32.67 0.10
It  17500   1108 | T(s) 256.48 | Feas 47 62687.12 62747.70 | Inf 25 62726.95 62921.67 | Div 0.34 0.49 | Feas 0.27 1.00 | Pen 33.33 0.10
It  18000    364 | T(s) 263.35 | Feas 37 62681.38 62769.70 | Inf 31 62709.65 62834.58 | Div 0.38 0.43 | Feas 0.15 1.00 | Pen 39.99 0.10
It  18500    142 | T(s) 270.14 | Feas 49 62661.13 62773.88 | Inf 61 62704.36 62848.69 | Div 0.37 0.42 | Feas 0.24 1.00 | Pen 39.99 0.10
It  19000    245 | T(s) 277.05 | Feas 38 62622.74 62791.51 | Inf 31 62669.33 62858.31 | Div 0.42 0.45 | Feas 0.30 1.00 | Pen 34.67 0.10
It  19500    745 | T(s) 283.96 | Feas 64 62622.74 62748.67 | Inf 59 62672.10 62772.19 | Div 0.39 0.38 | Feas 0.21 1.00 | Pen 35.37 0.10
It  20000   1245 | T(s) 291.06 | Feas 49 62622.74 62768.52 | Inf 39 62650.88 62775.13 | Div 0.41 0.40 | Feas 0.27 1.00 | Pen 30.06 0.10
It  20500   1745 | T(s) 297.73 | Feas 52 62622.74 62707.34 | Inf 37 62677.82 62813.88 | Div 0.36 0.41 | Feas 0.18 1.00 | Pen 36.80 0.10
It  21000   2245 | T(s) 304.63 | Feas 51 62622.74 62690.85 | Inf 55 62655.74 62740.93 | Div 0.35 0.37 | Feas 0.16 1.00 | Pen 31.28 0.10
It  21500   2745 | T(s) 311.44 | Feas 64 62622.74 62692.36 | Inf 46 62657.31 62794.40 | Div 0.36 0.40 | Feas 0.19 1.00 | Pen 31.90 0.10
It  22000    297 | T(s) 318.34 | Feas 51 62594.40 62718.22 | Inf 31 62666.54 62756.42 | Div 0.39 0.39 | Feas 0.15 1.00 | Pen 39.05 0.10
It  22500    797 | T(s) 324.95 | Feas 46 62594.40 62686.15 | Inf 46 62643.11 62731.39 | Div 0.36 0.36 | Feas 0.22 1.00 | Pen 33.19 0.10
It  23000   1297 | T(s) 331.67 | Feas 58 62594.40 62656.55 | Inf 37 62648.47 62785.05 | Div 0.31 0.41 | Feas 0.19 1.00 | Pen 34.53 0.10
It  23500   1797 | T(s) 338.44 | Feas 32 62594.40 62705.16 | Inf 61 62648.47 62734.84 | Div 0.39 0.36 | Feas 0.23 1.00 | Pen 34.53 0.10
It  24000   2297 | T(s) 345.24 | Feas 36 62594.40 62697.98 | Inf 48 62630.10 62724.47 | Div 0.37 0.35 | Feas 0.18 1.00 | Pen 29.94 0.10
It  24500    268 | T(s) 351.70 | Feas 37 62587.94 62641.18 | Inf 35 62625.95 62703.32 | Div 0.32 0.34 | Feas 0.14 1.00 | Pen 31.15 0.10
It  25000    768 | T(s) 358.08 | Feas 63 62587.94 62615.91 | Inf 57 62607.26 62718.93 | Div 0.26 0.36 | Feas 0.19 1.00 | Pen 26.48 0.10
It  25500    282 | T(s) 364.47 | Feas 44 62579.94 62611.98 | Inf 41 62609.53 62703.69 | Div 0.26 0.36 | Feas 0.28 1.00 | Pen 27.55 0.10
It  26000    782 | T(s) 371.08 | Feas 38 62579.94 62607.68 | Inf 40 62617.40 62728.71 | Div 0.24 0.36 | Feas 0.12 1.00 | Pen 33.72 0.10
It  26500     37 | T(s) 377.33 | Feas 32 62568.73 62610.07 | Inf 41 62612.35 62713.25 | Div 0.25 0.38 | Feas 0.38 1.00 | Pen 28.66 0.10
It  27000    473 | T(s) 383.47 | Feas 27 62568.52 62624.12 | Inf 39 62583.60 62695.35 | Div 0.29 0.38 | Feas 0.17 1.00 | Pen 28.66 0.10
It  27500    148 | T(s) 389.99 | Feas 49 62560.58 62593.88 | Inf 60 62584.17 62724.24 | Div 0.23 0.37 | Feas 0.23 1.00 | Pen 29.23 0.10
It  28000    648 | T(s) 396.63 | Feas 46 62560.58 62590.60 | Inf 40 62580.28 62746.05 | Div 0.23 0.41 | Feas 0.26 1.00 | Pen 25.34 0.10
It  28500   1148 | T(s) 403.29 | Feas 63 62560.58 62590.92 | Inf 31 62580.79 62775.66 | Div 0.24 0.44 | Feas 0.17 1.00 | Pen 25.85 0.10
It  29000   1648 | T(s) 409.62 | Feas 50 62560.58 62578.26 | Inf 50 62579.11 62673.30 | Div 0.18 0.37 | Feas 0.24 1.00 | Pen 26.37 0.10
It  29500   2148 | T(s) 416.25 | Feas 27 62560.58 62606.20 | Inf 44 62579.63 62725.64 | Div 0.29 0.41 | Feas 0.22 1.00 | Pen 26.89 0.10
It  30000    375 | T(s) 422.75 | Feas 42 62541.30 62587.56 | Inf 32 62580.17 62694.70 | Div 0.27 0.40 | Feas 0.23 1.00 | Pen 27.43 0.10
It  30500    362 | T(s) 429.35 | Feas 44 62537.79 62585.29 | Inf 29 62585.66 62750.03 | Div 0.28 0.42 | Feas 0.18 1.00 | Pen 32.92 0.10
It  31000     52 | T(s) 436.17 | Feas 25 62504.57 62690.31 | Inf 65 62574.76 62617.53 | Div 0.39 0.31 | Feas 0.17 1.00 | Pen 27.98 0.10
It  31500    552 | T(s) 442.28 | Feas 41 62504.57 62583.39 | Inf 51 62575.32 62631.41 | Div 0.30 0.34 | Feas 0.26 1.00 | Pen 28.54 0.10
It  32000   1052 | T(s) 448.95 | Feas 50 62504.57 62574.06 | Inf 44 62581.03 62694.13 | Div 0.30 0.39 | Feas 0.20 1.00 | Pen 34.25 0.10
It  32500   1552 | T(s) 455.32 | Feas 32 62504.57 62585.17 | Inf 25 62571.53 62860.77 | Div 0.34 0.47 | Feas 0.21 1.00 | Pen 24.75 0.10
It  33000   2052 | T(s) 462.04 | Feas 43 62504.57 62547.24 | Inf 27 62576.48 62681.46 | Div 0.27 0.41 | Feas 0.19 1.00 | Pen 29.69 0.10
It  33500   2552 | T(s) 468.52 | Feas 54 62504.57 62550.01 | Inf 58 62577.68 62683.49 | Div 0.27 0.38 | Feas 0.29 1.00 | Pen 30.89 0.10
It  34000   3052 | T(s) 475.33 | Feas 42 62504.57 62560.16 | Inf 45 62561.91 62625.72 | Div 0.29 0.35 | Feas 0.29 1.00 | Pen 26.78 0.10
It  34500   3552 | T(s) 482.01 | Feas 32 62504.57 62583.53 | Inf 64 62555.32 62615.63 | Div 0.33 0.34 | Feas 0.27 1.00 | Pen 27.32 0.10
It  35000    293 | T(s) 488.69 | Feas 60 62503.11 62532.50 | Inf 52 62555.87 62674.04 | Div 0.25 0.38 | Feas 0.20 1.00 | Pen 27.87 0.10
It  35500    224 | T(s) 495.10 | Feas 52 62500.02 62534.61 | Inf 53 62561.44 62666.88 | Div 0.26 0.37 | Feas 0.14 1.00 | Pen 33.44 0.10
It  36000    445 | T(s) 501.88 | Feas 44 62494.71 62560.59 | Inf 27 62553.27 62751.03 | Div 0.32 0.43 | Feas 0.21 1.00 | Pen 28.42 0.10
It  36500    262 | T(s) 508.29 | Feas 56 62487.66 62544.96 | Inf 59 62553.27 62643.77 | Div 0.28 0.37 | Feas 0.24 1.00 | Pen 28.42 0.10
It  37000     58 | T(s) 514.71 | Feas 39 62463.72 62551.22 | Inf 42 62540.13 62627.41 | Div 0.30 0.37 | Feas 0.28 1.00 | Pen 28.99 0.10
It  37500    558 | T(s) 521.37 | Feas 42 62463.72 62528.55 | Inf 45 62538.14 62654.07 | Div 0.28 0.38 | Feas 0.22 1.00 | Pen 34.79 0.10
It  38000   1058 | T(s) 528.18 | Feas 27 62463.72 62545.22 | Inf 30 62538.14 62745.18 | Div 0.33 0.45 | Feas 0.19 1.00 | Pen 34.79 0.10
It  38500     86 | T(s) 534.76 | Feas 52 62462.11 62507.23 | Inf 52 62518.83 62638.89 | Div 0.23 0.37 | Feas 0.16 1.00 | Pen 25.14 0.10
It  39000    200 | T(s) 541.07 | Feas 25 62452.88 62519.04 | Inf 48 62508.16 62604.10 | Div 0.29 0.36 | Feas 0.21 1.00 | Pen 25.14 0.10
It  39500    700 | T(s) 547.52 | Feas 32 62452.88 62556.56 | Inf 46 62510.17 62604.80 | Div 0.32 0.37 | Feas 0.26 1.00 | Pen 25.64 0.10
It  40000    378 | T(s) 554.22 | Feas 51 62440.06 62499.24 | Inf 43 62468.76 62601.91 | Div 0.24 0.37 | Feas 0.17 1.00 | Pen 25.64 0.10
It  40500    220 | T(s) 560.52 | Feas 65 62431.92 62474.22 | Inf 26 62469.27 62682.34 | Div 0.18 0.42 | Feas 0.27 1.00 | Pen 26.15 0.10
It  41000    275 | T(s) 566.83 | Feas 29 62427.69 62496.69 | Inf 58 62469.80 62595.79 | Div 0.29 0.35 | Feas 0.19 1.00 | Pen 26.68 0.10
It  41500    775 | T(s) 573.32 | Feas 44 62427.69 62480.65 | Inf 50 62470.22 62596.56 | Div 0.26 0.35 | Feas 0.21 1.00 | Pen 32.01 0.10
It  42000   1275 | T(s) 579.79 | Feas 63 62427.69 62468.27 | Inf 34 62465.96 62562.25 | Div 0.22 0.35 | Feas 0.28 1.00 | Pen 27.75 0.10
It  42500   1775 | T(s) 585.77 | Feas 47 62427.69 62469.88 | Inf 59 62463.45 62494.62 | Div 0.25 0.25 | Feas 0.20 1.00 | Pen 27.75 0.10
It  43000   2275 | T(s) 591.97 | Feas 30 62427.69 62490.08 | Inf 39 62462.94 62514.47 | Div 0.28 0.29 | Feas 0.20 1.00 | Pen 27.75 0.10
It  43500   2775 | T(s) 598.28 | Feas 53 62427.69 62491.75 | Inf 29 62462.94 62521.70 | Div 0.27 0.30 | Feas 0.19 1.00 | Pen 27.75 0.10
It  44000    390 | T(s) 604.27 | Feas 25 62416.11 62666.63 | Inf 63 62425.09 62498.52 | Div 0.34 0.26 | Feas 0.09 1.00 | Pen 28.31 0.10
It  44500    890 | T(s) 609.93 | Feas 42 62416.11 62451.74 | Inf 41 62410.46 62466.23 | Div 0.24 0.23 | Feas 0.28 1.00 | Pen 24.54 0.10
It  45000    331 | T(s) 616.03 | Feas 65 62378.59 62432.80 | Inf 43 62420.75 62508.41 | Div 0.20 0.27 | Feas 0.14 1.00 | Pen 35.34 0.10
It  45500    831 | T(s) 621.53 | Feas 31 62378.59 62421.57 | Inf 60 62410.94 62445.65 | Div 0.22 0.18 | Feas 0.18 1.00 | Pen 25.53 0.10
It  46000    280 | T(s) 627.25 | Feas 55 62376.40 62407.75 | Inf 42 62400.30 62485.62 | Div 0.18 0.27 | Feas 0.23 1.00 | Pen 26.05 0.10
It  46500     82 | T(s) 632.67 | Feas 44 62371.97 62406.09 | Inf 61 62391.61 62435.01 | Div 0.19 0.19 | Feas 0.22 1.00 | Pen 26.05 0.10
It  47000    348 | T(s) 638.64 | Feas 29 62359.05 62392.20 | Inf 36 62388.25 62543.67 | Div 0.18 0.32 | Feas 0.30 1.00 | Pen 22.58 0.10
It  47500    848 | T(s) 644.85 | Feas 62 62359.05 62379.06 | Inf 34 62393.30 62590.82 | Div 0.12 0.36 | Feas 0.26 1.00 | Pen 27.64 0.10
It  48000   1348 | T(s) 650.79 | Feas 27 62359.05 62395.95 | Inf 62 62393.81 62437.73 | Div 0.20 0.21 | Feas 0.20 1.00 | Pen 28.19 0.10
It  48500    148 | T(s) 656.05 | Feas 33 62353.31 62378.54 | Inf 41 62380.58 62406.27 | Div 0.16 0.16 | Feas 0.24 1.00 | Pen 28.19 0.10
It  49000    648 | T(s) 661.97 | Feas 50 62353.31 62380.79 | Inf 35 62690.46 62987.93 | Div 0.18 0.35 | Feas 0.00 1.00 | Pen 24.44 0.10
It  49500    265 | T(s) 668.08 | Feas 53 62353.02 62364.49 | Inf 54 62399.84 62517.30 | Div 0.11 0.27 | Feas 0.29 1.00 | Pen 25.43 0.10
It  50000    351 | T(s) 674.16 | Feas 45 62347.44 62357.20 | Inf 53 62381.06 62643.95 | Div 0.08 0.31 | Feas 0.16 1.00 | Pen 31.13 0.10
It  50500    851 | T(s) 679.12 | Feas 32 62347.44 62356.30 | Inf 59 62366.29 62408.10 | Div 0.07 0.14 | Feas 0.28 1.00 | Pen 22.49 0.10
It  51000   1351 | T(s) 685.80 | Feas 57 62347.44 62351.96 | Inf 63 62374.81 62703.47 | Div 0.05 0.32 | Feas 0.22 1.00 | Pen 26.99 0.10
It  51500   1851 | T(s) 691.01 | Feas 25 62347.44 62357.56 | Inf 34 61981.42 62299.18 | Div 0.09 0.20 | Feas 0.26 1.00 | Pen 19.89 0.10
It  52000   2351 | T(s) 697.87 | Feas 47 62347.44 62357.14 | Inf 56 62488.44 62872.03 | Div 0.09 0.19 | Feas 0.00 1.00 | Pen 24.34 0.10
It  52500   2851 | T(s) 703.85 | Feas 54 62347.44 62355.43 | Inf 43 62581.23 62839.78 | Div 0.09 0.18 | Feas 0.02 1.00 | Pen 25.33 0.10
It  53000   3351 | T(s) 709.78 | Feas 27 62347.44 62352.98 | Inf 31 62646.21 62977.02 | Div 0.07 0.31 | Feas 0.11 1.00 | Pen 25.83 0.10
It  53500   3851 | T(s) 715.69 | Feas 35 62347.44 62363.05 | Inf 47 62386.00 62607.93 | Div 0.09 0.29 | Feas 0.23 1.00 | Pen 26.35 0.10
It  54000   4351 | T(s) 721.40 | Feas 31 62347.44 62354.86 | Inf 28 62375.29 62485.26 | Div 0.09 0.24 | Feas 0.24 1.00 | Pen 26.35 0.10
It  54500   4851 | T(s) 726.50 | Feas 49 62347.44 62350.65 | Inf 40 62332.83 62425.48 | Div 0.07 0.25 | Feas 0.23 1.00 | Pen 22.40 0.10
It  55000    144 | T(s) 732.12 | Feas 57 62347.40 62349.47 | Inf 26 62360.67 62452.97 | Div 0.06 0.26 | Feas 0.23 1.00 | Pen 22.84 0.10
It  55500    644 | T(s) 737.92 | Feas 46 62347.40 62349.72 | Inf 56 62285.79 62391.92 | Div 0.07 0.20 | Feas 0.22 1.00 | Pen 22.84 0.10
It  56000    199 | T(s) 744.83 | Feas 36 62342.10 62370.07 | Inf 33 62436.68 62916.38 | Div 0.13 0.31 | Feas 0.12 1.00 | Pen 27.96 0.10
It  56500    294 | T(s) 750.15 | Feas 53 62341.75 62350.50 | Inf 55 62383.26 62454.57 | Div 0.08 0.21 | Feas 0.30 1.00 | Pen 24.24 0.10
It  57000    794 | T(s) 756.27 | Feas 56 62341.75 62356.72 | Inf 49 62370.01 62507.64 | Div 0.11 0.25 | Feas 0.26 1.00 | Pen 25.22 0.10
It  57500   1294 | T(s) 762.27 | Feas 65 62341.75 62353.61 | Inf 44 62375.66 62694.37 | Div 0.10 0.33 | Feas 0.15 1.00 | Pen 30.87 0.10
It  58000   1794 | T(s) 767.79 | Feas 56 62341.75 62352.55 | Inf 65 62359.23 62427.65 | Div 0.12 0.18 | Feas 0.17 1.00 | Pen 26.24 0.10
It  58500   2294 | T(s) 772.99 | Feas 30 62341.75 62385.50 | Inf 52 62359.23 62407.66 | Div 0.18 0.16 | Feas 0.17 1.00 | Pen 26.24 0.10
It  59000     25 | T(s) 778.32 | Feas 57 62332.91 62349.08 | Inf 39 62350.08 62400.69 | Div 0.12 0.18 | Feas 0.16 1.00 | Pen 22.31 0.10
It  59500     57 | T(s) 784.48 | Feas 60 62329.96 62350.76 | Inf 34 62354.54 62484.72 | Div 0.13 0.27 | Feas 0.23 1.00 | Pen 26.77 0.10
It  60000    557 | T(s) 789.52 | Feas 32 62329.96 62352.13 | Inf 55 62352.65 62394.47 | Div 0.13 0.16 | Feas 0.23 1.00 | Pen 26.77 0.10
It  60500    420 | T(s) 794.93 | Feas 35 62328.90 62347.92 | Inf 40 62349.09 62389.97 | Div 0.12 0.17 | Feas 0.16 1.00 | Pen 23.21 0.10
It  61000    920 | T(s) 800.04 | Feas 47 62328.90 62338.69 | Inf 53 62349.09 62370.64 | Div 0.08 0.14 | Feas 0.20 1.00 | Pen 23.21 0.10
It  61500     68 | T(s) 806.35 | Feas 46 62327.73 62336.09 | Inf 57 62365.54 62461.30 | Div 0.07 0.24 | Feas 0.21 1.00 | Pen 23.67 0.10
It  62000    337 | T(s) 812.83 | Feas 59 62326.34 62336.97 | Inf 61 62365.54 62455.55 | Div 0.10 0.25 | Feas 0.19 1.00 | Pen 23.67 0.10
It  62500    837 | T(s) 818.64 | Feas 28 62326.34 62346.50 | Inf 53 62354.11 62402.19 | Div 0.12 0.19 | Feas 0.22 1.00 | Pen 23.67 0.10
It  63000   1337 | T(s) 824.80 | Feas 47 62326.34 62331.10 | Inf 58 62354.44 62456.79 | Div 0.06 0.18 | Feas 0.20 1.00 | Pen 24.14 0.10
It  63500   1837 | T(s) 830.70 | Feas 51 62326.34 62339.10 | Inf 61 62380.24 62636.86 | Div 0.10 0.27 | Feas 0.23 1.00 | Pen 24.63 0.10
It  64000   2337 | T(s) 836.64 | Feas 56 62326.34 62330.34 | Inf 50 62486.16 62641.08 | Div 0.06 0.26 | Feas 0.21 1.00 | Pen 25.12 0.10
It  64500   2837 | T(s) 841.80 | Feas 53 62326.34 62331.79 | Inf 65 62371.06 62440.16 | Div 0.08 0.19 | Feas 0.23 1.00 | Pen 25.62 0.10
It  65000   3337 | T(s) 847.35 | Feas 65 62326.34 62330.96 | Inf 44 62233.82 62469.75 | Div 0.07 0.32 | Feas 0.21 1.00 | Pen 21.78 0.10
It  65500    128 | T(s) 853.80 | Feas 26 62321.21 62432.25 | Inf 46 62394.19 62555.67 | Div 0.21 0.29 | Feas 0.22 1.00 | Pen 26.66 0.10
It  66000    253 | T(s) 859.71 | Feas 50 62319.25 62372.25 | Inf 41 62355.62 62528.77 | Div 0.17 0.26 | Feas 0.24 1.00 | Pen 32.63 0.10
It  66500    753 | T(s) 865.36 | Feas 45 62319.25 62356.06 | Inf 59 62351.28 62454.66 | Div 0.16 0.22 | Feas 0.20 1.00 | Pen 28.29 0.10
It  67000   1253 | T(s) 870.69 | Feas 46 62319.25 62340.75 | Inf 26 62343.43 62446.44 | Div 0.14 0.26 | Feas 0.26 1.00 | Pen 20.44 0.10
It  67500   1753 | T(s) 877.40 | Feas 32 62319.25 62362.69 | Inf 40 62415.19 62512.20 | Div 0.18 0.29 | Feas 0.21 1.00 | Pen 25.02 0.10
It  68000   2253 | T(s) 883.20 | Feas 55 62319.25 62356.29 | Inf 34 62387.61 62501.91 | Div 0.16 0.28 | Feas 0.10 1.00 | Pen 30.62 0.10
It  68500   2753 | T(s) 888.64 | Feas 55 62319.25 62337.58 | Inf 49 62354.94 62660.23 | Div 0.12 0.29 | Feas 0.15 1.00 | Pen 26.55 0.10
It  69000   3253 | T(s) 894.26 | Feas 49 62319.25 62344.98 | Inf 45 62354.94 62448.19 | Div 0.14 0.24 | Feas 0.16 1.00 | Pen 26.55 0.10
It  69500   3753 | T(s) 899.86 | Feas 44 62319.25 62338.17 | Inf 36 62360.89 62550.78 | Div 0.14 0.27 | Feas 0.25 1.00 | Pen 32.49 0.10
It  70000   4253 | T(s) 905.44 | Feas 60 62319.25 62332.78 | Inf 52 62350.07 62403.99 | Div 0.11 0.19 | Feas 0.17 1.00 | Pen 23.48 0.10
It  70500   4753 | T(s) 911.62 | Feas 52 62319.25 62348.64 | Inf 50 62449.83 62846.61 | Div 0.16 0.26 | Feas 0.00 1.00 | Pen 24.43 0.10
It  71000   5253 | T(s) 918.23 | Feas 32 62319.25 62359.62 | Inf 43 62451.48 62832.03 | Div 0.15 0.37 | Feas 0.19 1.00 | Pen 25.41 0.10
It  71500    496 | T(s) 924.42 | Feas 34 62318.91 62336.57 | Inf 30 62394.06 63088.84 | Div 0.13 0.40 | Feas 0.10 1.00 | Pen 25.92 0.10
It  72000    996 | T(s) 930.22 | Feas 31 62318.91 62381.33 | Inf 58 62244.85 62419.06 | Div 0.18 0.24 | Feas 0.16 1.00 | Pen 22.03 0.10
It  72500   1496 | T(s) 936.62 | Feas 29 62318.91 62369.40 | Inf 61 62352.20 62566.83 | Div 0.18 0.28 | Feas 0.24 1.00 | Pen 31.73 0.10
It  73000   1996 | T(s) 942.19 | Feas 26 62318.91 62359.13 | Inf 32 62347.98 62714.53 | Div 0.18 0.32 | Feas 0.14 1.00 | Pen 27.51 0.10
It  73500   2496 | T(s) 947.67 | Feas 38 62318.91 62330.70 | Inf 38 62343.85 62391.86 | Div 0.12 0.19 | Feas 0.21 1.00 | Pen 23.38 0.10
It  74000   2996 | T(s) 954.15 | Feas 49 62318.91 62325.02 | Inf 49 62376.33 62490.79 | Div 0.09 0.25 | Feas 0.16 1.00 | Pen 23.85 0.10
It  74500   3496 | T(s) 960.01 | Feas 64 62318.91 62324.65 | Inf 44 62365.89 62632.05 | Div 0.09 0.26 | Feas 0.15 1.00 | Pen 28.62 0.10
It  75000   3996 | T(s) 965.33 | Feas 34 62318.91 62328.94 | Inf 53 62358.22 62436.42 | Div 0.10 0.22 | Feas 0.31 1.00 | Pen 24.33 0.10
It  75500   4496 | T(s) 970.55 | Feas 38 62318.91 62336.18 | Inf 31 62346.23 62423.19 | Div 0.12 0.23 | Feas 0.23 1.00 | Pen 24.33 0.10
It  76000   4996 | T(s) 975.99 | Feas 32 62318.91 62342.25 | Inf 30 62483.37 62660.48 | Div 0.12 0.31 | Feas 0.20 1.00 | Pen 24.81 0.10
It  76500   5496 | T(s) 981.93 | Feas 27 62318.91 62332.73 | Inf 30 62380.83 62538.99 | Div 0.12 0.27 | Feas 0.25 1.00 | Pen 30.37 0.10
It  77000   5996 | T(s) 987.56 | Feas 44 62318.91 62321.18 | Inf 50 62113.59 62270.50 | Div 0.07 0.22 | Feas 0.19 1.00 | Pen 21.94 0.10
It  77500   6496 | T(s) 993.99 | Feas 32 62318.91 62329.05 | Inf 54 62375.45 62831.67 | Div 0.10 0.27 | Feas 0.14 1.00 | Pen 26.86 0.10
It  78000   6996 | T(s) 1000.21 | Feas 45 62318.91 62321.33 | Inf 49 62336.84 62594.07 | Div 0.08 0.28 | Feas 0.19 1.00 | Pen 23.29 0.10
It  78500   7496 | T(s) 1005.94 | Feas 47 62318.91 62321.19 | Inf 42 62365.13 62463.32 | Div 0.08 0.23 | Feas 0.18 1.00 | Pen 23.75 0.10
It  79000   7996 | T(s) 1012.38 | Feas 28 62318.91 62350.60 | Inf 43 62366.23 62566.04 | Div 0.13 0.28 | Feas 0.23 1.00 | Pen 24.23 0.10
It  79500   8496 | T(s) 1018.94 | Feas 45 62318.91 62326.57 | Inf 47 62449.46 62584.19 | Div 0.09 0.28 | Feas 0.18 1.00 | Pen 24.71 0.10
It  80000   8996 | T(s) 1024.70 | Feas 52 62318.91 62331.95 | Inf 40 62558.61 62948.65 | Div 0.11 0.28 | Feas 0.02 1.00 | Pen 25.21 0.10
It  80500   9496 | T(s) 1030.87 | Feas 65 62318.91 62328.43 | Inf 27 62584.29 63065.27 | Div 0.10 0.35 | Feas 0.13 1.00 | Pen 25.71 0.10
It  81000   9996 | T(s) 1036.80 | Feas 42 62318.91 62327.56 | Inf 42 62353.44 62451.76 | Div 0.10 0.22 | Feas 0.25 1.00 | Pen 26.22 0.10
It  81500  10496 | T(s) 1041.87 | Feas 62 62318.91 62321.58 | Inf 54 62349.09 62750.02 | Div 0.08 0.27 | Feas 0.13 1.00 | Pen 26.75 0.10
It  82000  10996 | T(s) 1047.26 | Feas 31 62318.91 62328.79 | Inf 25 62344.94 62477.78 | Div 0.11 0.27 | Feas 0.28 1.00 | Pen 22.74 0.10
It  82500  11496 | T(s) 1053.29 | Feas 46 62318.91 62322.05 | Inf 34 62392.33 62749.15 | Div 0.08 0.31 | Feas 0.24 1.00 | Pen 27.83 0.10
It  83000    493 | T(s) 1059.28 | Feas 44 62317.52 62346.52 | Inf 36 62409.31 62703.31 | Div 0.14 0.37 | Feas 0.16 1.00 | Pen 24.13 0.10
It  83500    993 | T(s) 1064.81 | Feas 63 62317.52 62324.63 | Inf 27 62368.00 62494.92 | Div 0.09 0.26 | Feas 0.15 1.00 | Pen 29.53 0.10
It  84000   1493 | T(s) 1070.31 | Feas 27 62317.52 62340.16 | Inf 45 62468.96 62982.15 | Div 0.14 0.34 | Feas 0.10 1.00 | Pen 25.60 0.10
It  84500   1993 | T(s) 1076.30 | Feas 37 62317.52 62324.13 | Inf 34 62400.20 62626.28 | Div 0.10 0.31 | Feas 0.23 1.00 | Pen 26.12 0.10
It  85000   2493 | T(s) 1082.26 | Feas 58 62317.52 62328.01 | Inf 56 62368.69 62719.24 | Div 0.12 0.29 | Feas 0.14 1.00 | Pen 26.64 0.10
It  85500   2993 | T(s) 1087.99 | Feas 35 62317.52 62334.12 | Inf 36 62340.07 62469.80 | Div 0.13 0.25 | Feas 0.28 1.00 | Pen 22.64 0.10
It  86000    347 | T(s) 1093.71 | Feas 53 62316.21 62323.03 | Inf 63 62328.72 62383.51 | Div 0.10 0.19 | Feas 0.23 1.00 | Pen 23.10 0.10
It  86500    847 | T(s) 1099.75 | Feas 44 62316.21 62320.58 | Inf 56 62286.13 62363.87 | Div 0.08 0.20 | Feas 0.20 1.00 | Pen 23.10 0.10
It  87000   1347 | T(s) 1105.78 | Feas 64 62316.21 62324.00 | Inf 43 62347.53 62500.98 | Div 0.10 0.27 | Feas 0.25 1.00 | Pen 27.71 0.10
It  87500    167 | T(s) 1111.17 | Feas 39 62315.87 62331.55 | Inf 27 62348.09 62558.62 | Div 0.13 0.26 | Feas 0.15 1.00 | Pen 28.27 0.10
It  88000    667 | T(s) 1116.25 | Feas 60 62315.87 62318.99 | Inf 32 62269.57 62397.14 | Div 0.07 0.23 | Feas 0.26 1.00 | Pen 20.42 0.10
It  88500   1167 | T(s) 1122.35 | Feas 60 62315.87 62324.70 | Inf 39 62377.67 62496.09 | Div 0.09 0.25 | Feas 0.19 1.00 | Pen 25.00 0.10
It  89000   1667 | T(s) 1127.65 | Feas 33 62315.87 62327.70 | Inf 31 62344.55 62461.00 | Div 0.11 0.25 | Feas 0.28 1.00 | Pen 25.50 0.10
It  89500   2167 | T(s) 1133.54 | Feas 51 62315.87 62319.40 | Inf 50 62382.31 62525.25 | Div 0.08 0.26 | Feas 0.29 1.00 | Pen 22.11 0.10
It  90000   2667 | T(s) 1139.80 | Feas 64 62315.87 62318.97 | Inf 37 62325.79 62472.28 | Div 0.07 0.25 | Feas 0.18 1.00 | Pen 23.00 0.10
It  90500    395 | T(s) 1145.56 | Feas 59 62315.20 62319.17 | Inf 26 62337.28 62565.38 | Div 0.09 0.32 | Feas 0.21 1.00 | Pen 23.46 0.10
It  91000    153 | T(s) 1150.87 | Feas 55 62315.20 62321.34 | Inf 56 62341.63 62404.11 | Div 0.10 0.19 | Feas 0.24 1.00 | Pen 28.15 0.10
It  91500    107 | T(s) 1155.78 | Feas 56 62314.86 62319.00 | Inf 34 62337.41 62398.96 | Div 0.09 0.20 | Feas 0.24 1.00 | Pen 23.93 0.10
It  92000    111 | T(s) 1162.08 | Feas 56 62312.60 62326.15 | Inf 44 62345.98 62535.57 | Div 0.12 0.26 | Feas 0.12 1.00 | Pen 29.29 0.10
It  92500    611 | T(s) 1167.75 | Feas 61 62312.60 62323.47 | Inf 54 62531.94 63080.36 | Div 0.11 0.36 | Feas 0.10 1.00 | Pen 25.40 0.10
It  93000    302 | T(s) 1173.27 | Feas 55 62310.79 62317.03 | Inf 40 62380.20 62474.37 | Div 0.08 0.24 | Feas 0.25 1.00 | Pen 25.90 0.10
It  93500    802 | T(s) 1179.31 | Feas 53 62310.79 62319.04 | Inf 40 62344.97 62591.44 | Div 0.10 0.28 | Feas 0.16 1.00 | Pen 31.71 0.10
It  94000   1302 | T(s) 1184.57 | Feas 34 62310.79 62319.41 | Inf 47 62336.17 62424.28 | Div 0.10 0.22 | Feas 0.17 1.00 | Pen 22.91 0.10
It  94500   1802 | T(s) 1190.23 | Feas 41 62310.79 62315.62 | Inf 38 62337.09 62404.22 | Div 0.07 0.19 | Feas 0.31 1.00 | Pen 23.83 0.10
It  95000   2302 | T(s) 1196.30 | Feas 52 62310.79 62314.47 | Inf 33 62331.86 62496.99 | Div 0.06 0.24 | Feas 0.16 1.00 | Pen 24.31 0.10
It  95500   2802 | T(s) 1202.38 | Feas 26 62310.79 62323.43 | Inf 30 62364.03 62557.67 | Div 0.12 0.25 | Feas 0.17 1.00 | Pen 24.80 0.10
It  96000   3302 | T(s) 1208.75 | Feas 26 62310.79 62335.84 | Inf 55 62495.89 62824.75 | Div 0.12 0.29 | Feas 0.12 1.00 | Pen 25.80 0.10
It  96500   3802 | T(s) 1214.96 | Feas 33 62310.79 62316.27 | Inf 50 62340.35 62476.64 | Div 0.08 0.21 | Feas 0.25 1.00 | Pen 31.58 0.10
It  97000   4302 | T(s) 1220.82 | Feas 57 62310.79 62314.70 | Inf 31 62344.52 62621.73 | Div 0.07 0.33 | Feas 0.17 1.00 | Pen 23.27 0.10
It  97500   4802 | T(s) 1227.20 | Feas 46 62310.79 62318.99 | Inf 31 62459.35 63080.56 | Div 0.09 0.40 | Feas 0.14 1.00 | Pen 28.48 0.10
It  98000    412 | T(s) 1232.54 | Feas 62 62310.70 62313.57 | Inf 48 62338.78 62500.34 | Div 0.06 0.25 | Feas 0.25 1.00 | Pen 24.21 0.10
It  98500     30 | T(s) 1237.57 | Feas 58 62310.36 62314.21 | Inf 25 62328.67 62433.07 | Div 0.06 0.22 | Feas 0.27 1.00 | Pen 20.58 0.10
It  99000    530 | T(s) 1244.07 | Feas 52 62310.36 62318.13 | Inf 48 62350.58 62600.18 | Div 0.08 0.30 | Feas 0.17 1.00 | Pen 25.19 0.10
It  99500   1030 | T(s) 1249.69 | Feas 41 62310.36 62314.37 | Inf 30 62366.51 62879.72 | Div 0.06 0.30 | Feas 0.11 1.00 | Pen 26.21 0.10
It 100000   1530 | T(s) 1255.62 | Feas 64 62310.36 62312.28 | Inf 50 62254.24 62467.69 | Div 0.04 0.28 | Feas 0.21 1.00 | Pen 22.27 0.10
It 100500   2030 | T(s) 1262.02 | Feas 60 62310.36 62313.09 | Inf 52 62645.49 62850.59 | Div 0.06 0.26 | Feas 0.07 1.00 | Pen 26.73 0.10
It 101000   2530 | T(s) 1267.60 | Feas 59 62310.36 62312.80 | Inf 65 62351.18 62411.94 | Div 0.05 0.17 | Feas 0.24 1.00 | Pen 23.17 0.10
It 101500   3030 | T(s) 1273.36 | Feas 26 62310.36 62318.63 | Inf 29 62612.29 62900.67 | Div 0.09 0.24 | Feas 0.00 1.00 | Pen 23.64 0.10
It 102000   3530 | T(s) 1278.72 | Feas 41 62310.36 62313.03 | Inf 55 62339.57 62383.57 | Div 0.05 0.14 | Feas 0.25 1.00 | Pen 23.64 0.10
It 102500    177 | T(s) 1284.28 | Feas 62 62309.88 62313.50 | Inf 49 62347.55 62450.61 | Div 0.05 0.20 | Feas 0.20 1.00 | Pen 24.11 0.10
It 103000    677 | T(s) 1290.45 | Feas 40 62309.88 62331.74 | Inf 65 62529.75 62772.68 | Div 0.10 0.21 | Feas 0.00 1.00 | Pen 25.09 0.10
It 103500   1177 | T(s) 1296.94 | Feas 50 62309.88 62312.90 | Inf 51 62332.73 62611.04 | Div 0.06 0.25 | Feas 0.17 1.00 | Pen 26.10 0.10
It 104000   1677 | T(s) 1302.46 | Feas 63 62309.88 62311.55 | Inf 32 62162.45 62437.94 | Div 0.04 0.31 | Feas 0.21 1.00 | Pen 22.18 0.10
It 104500   2177 | T(s) 1308.66 | Feas 39 62309.88 62311.82 | Inf 31 62350.97 62663.82 | Div 0.05 0.31 | Feas 0.23 1.00 | Pen 31.94 0.10
It 105000   2677 | T(s) 1313.40 | Feas 35 62309.88 62313.11 | Inf 32 62342.11 62432.02 | Div 0.06 0.21 | Feas 0.30 1.00 | Pen 23.08 0.10
It 105500   3177 | T(s) 1319.14 | Feas 51 62309.88 62313.10 | Inf 25 62342.73 62740.26 | Div 0.06 0.38 | Feas 0.30 1.00 | Pen 23.54 0.10
It 106000   3677 | T(s) 1325.78 | Feas 27 62309.88 62319.98 | Inf 36 62435.65 62620.03 | Div 0.08 0.30 | Feas 0.16 1.00 | Pen 24.01 0.10
It 106500   4177 | T(s) 1331.71 | Feas 60 62309.88 62311.62 | Inf 40 62369.35 62539.11 | Div 0.04 0.25 | Feas 0.32 1.00 | Pen 24.98 0.10
It 107000   4677 | T(s) 1337.11 | Feas 27 62309.88 62334.18 | Inf 65 62358.54 62477.55 | Div 0.11 0.20 | Feas 0.18 1.00 | Pen 25.48 0.10
It 107500   5177 | T(s) 1342.90 | Feas 46 62309.88 62321.07 | Inf 45 62194.10 62397.19 | Div 0.09 0.24 | Feas 0.18 1.00 | Pen 22.09 0.10
It 108000   5677 | T(s) 1349.54 | Feas 42 62309.88 62314.39 | Inf 41 62268.21 62567.95 | Div 0.07 0.34 | Feas 0.20 1.00 | Pen 22.53 0.10
It 108500   6177 | T(s) 1355.76 | Feas 49 62309.88 62313.83 | Inf 27 62329.57 62499.55 | Div 0.07 0.27 | Feas 0.28 1.00 | Pen 23.45 0.10
It 109000   6677 | T(s) 1362.11 | Feas 26 62309.88 62325.28 | Inf 25 62372.70 62741.50 | Div 0.09 0.36 | Feas 0.27 1.00 | Pen 24.39 0.10
It 109500   7177 | T(s) 1368.03 | Feas 35 62309.88 62316.98 | Inf 59 62358.94 62479.93 | Div 0.08 0.19 | Feas 0.21 1.00 | Pen 24.88 0.10
It 110000   7677 | T(s) 1373.83 | Feas 58 62309.88 62313.05 | Inf 48 62386.94 62545.54 | Div 0.06 0.22 | Feas 0.17 1.00 | Pen 25.38 0.10
It 110500   8177 | T(s) 1379.92 | Feas 35 62309.88 62313.60 | Inf 32 62193.81 62552.87 | Div 0.07 0.32 | Feas 0.30 1.00 | Pen 22.00 0.10
It 111000   8677 | T(s) 1385.53 | Feas 65 62309.88 62313.32 | Inf 61 62371.20 62448.78 | Div 0.07 0.21 | Feas 0.23 1.00 | Pen 26.40 0.10
It 111500   9177 | T(s) 1391.09 | Feas 31 62309.88 62323.54 | Inf 43 62443.40 62679.20 | Div 0.10 0.21 | Feas 0.00 1.00 | Pen 22.89 0.10
It 112000    351 | T(s) 1397.54 | Feas 32 62309.52 62328.05 | Inf 37 62331.27 62658.54 | Div 0.11 0.30 | Feas 0.22 1.00 | Pen 27.47 0.10
It 112500    851 | T(s) 1402.75 | Feas 26 62309.52 62321.03 | Inf 46 62084.53 62323.09 | Div 0.10 0.20 | Feas 0.26 1.00 | Pen 19.85 0.10
It 113000     71 | T(s) 1409.06 | Feas 30 62306.34 62319.32 | Inf 56 62335.47 62428.12 | Div 0.10 0.18 | Feas 0.25 1.00 | Pen 29.15 0.10
It 113500    571 | T(s) 1414.60 | Feas 47 62306.34 62319.62 | Inf 35 62331.13 62629.92 | Div 0.10 0.31 | Feas 0.19 1.00 | Pen 25.27 0.10
It 114000     42 | T(s) 1420.88 | Feas 52 62306.00 62314.08 | Inf 25 62442.78 62984.52 | Div 0.08 0.44 | Feas 0.20 1.00 | Pen 25.78 0.10
It 114500    542 | T(s) 1427.04 | Feas 56 62306.00 62313.40 | Inf 54 62349.41 62492.93 | Div 0.08 0.24 | Feas 0.22 1.00 | Pen 25.78 0.10
It 115000   1042 | T(s) 1432.17 | Feas 50 62306.00 62318.68 | Inf 36 62341.86 62397.69 | Div 0.09 0.18 | Feas 0.21 1.00 | Pen 26.30 0.10
It 115500   1542 | T(s) 1438.08 | Feas 45 62306.00 62343.54 | Inf 60 62501.85 62641.76 | Div 0.14 0.17 | Feas 0.00 1.00 | Pen 23.25 0.10
It 116000   2042 | T(s) 1443.99 | Feas 49 62306.00 62311.32 | Inf 43 62343.01 62472.09 | Div 0.07 0.23 | Feas 0.23 1.00 | Pen 23.72 0.10
It 116500    112 | T(s) 1449.31 | Feas 37 62302.67 62310.74 | Inf 32 62329.28 62403.37 | Div 0.07 0.20 | Feas 0.20 1.00 | Pen 23.72 0.10
It 117000    201 | T(s) 1455.60 | Feas 58 62301.28 62307.69 | Inf 34 62334.20 62456.02 | Div 0.05 0.21 | Feas 0.31 1.00 | Pen 24.68 0.10
It 117500    701 | T(s) 1461.96 | Feas 26 62301.28 62324.98 | Inf 41 62351.03 62468.40 | Div 0.12 0.21 | Feas 0.18 1.00 | Pen 25.17 0.10
It 118000   1201 | T(s) 1467.66 | Feas 29 62301.28 62351.23 | Inf 30 62494.40 62984.58 | Div 0.15 0.34 | Feas 0.15 1.00 | Pen 30.81 0.10
It 118500   1701 | T(s) 1473.10 | Feas 56 62301.28 62310.11 | Inf 40 62396.85 62483.98 | Div 0.09 0.27 | Feas 0.28 1.00 | Pen 22.26 0.10
It 119000   2201 | T(s) 1478.88 | Feas 47 62301.28 62307.64 | Inf 31 62380.52 62567.34 | Div 0.08 0.32 | Feas 0.26 1.00 | Pen 22.70 0.10
It 119500     23 | T(s) 1484.74 | Feas 55 62294.39 62306.95 | Inf 45 62346.06 62451.09 | Div 0.08 0.24 | Feas 0.40 1.00 | Pen 23.62 0.10
It 120000    523 | T(s) 1490.68 | Feas 33 62294.39 62317.92 | Inf 63 62346.54 62423.18 | Div 0.13 0.21 | Feas 0.21 1.00 | Pen 24.09 0.10
It 120500    475 | T(s) 1496.26 | Feas 32 62294.04 62309.67 | Inf 63 62451.87 62696.24 | Div 0.11 0.20 | Feas 0.00 1.00 | Pen 24.58 0.10
It 121000    975 | T(s) 1502.13 | Feas 32 62294.04 62304.03 | Inf 46 62380.42 62473.18 | Div 0.09 0.25 | Feas 0.33 1.00 | Pen 25.07 0.10
It 121500   1475 | T(s) 1507.79 | Feas 64 62294.04 62302.32 | Inf 33 62026.48 62457.32 | Div 0.07 0.39 | Feas 0.17 1.00 | Pen 21.31 0.10
It 122000   1975 | T(s) 1513.73 | Feas 26 62294.04 62398.64 | Inf 64 62135.63 62414.78 | Div 0.16 0.28 | Feas 0.16 1.00 | Pen 21.73 0.10
It 122500   2475 | T(s) 1519.78 | Feas 55 62294.04 62309.62 | Inf 60 62377.16 62478.93 | Div 0.09 0.22 | Feas 0.26 1.00 | Pen 26.60 0.10
It 123000   2975 | T(s) 1524.96 | Feas 48 62294.04 62299.18 | Inf 31 62357.73 62436.20 | Div 0.05 0.23 | Feas 0.31 1.00 | Pen 23.06 0.10
It 123500   3475 | T(s) 1530.17 | Feas 55 62294.04 62296.88 | Inf 55 62326.34 62396.24 | Div 0.04 0.20 | Feas 0.24 1.00 | Pen 23.53 0.10
It 124000   3975 | T(s) 1536.27 | Feas 34 62294.04 62300.58 | Inf 59 62361.07 62583.36 | Div 0.07 0.29 | Feas 0.17 1.00 | Pen 24.00 0.10
It 124500   4475 | T(s) 1541.43 | Feas 43 62294.04 62296.37 | Inf 39 62032.90 62342.67 | Div 0.03 0.18 | Feas 0.30 1.00 | Pen 20.40 0.10
It 125000   4975 | T(s) 1546.71 | Feas 36 62294.04 62297.34 | Inf 30 62056.70 62376.96 | Div 0.05 0.19 | Feas 0.29 1.00 | Pen 20.80 0.10
It 125500   5475 | T(s) 1552.70 | Feas 38 62294.04 62297.62 | Inf 45 62329.08 62412.04 | Div 0.05 0.17 | Feas 0.21 1.00 | Pen 24.97 0.10
It 126000    104 | T(s) 1558.56 | Feas 54 62291.96 62298.02 | Inf 30 62601.29 63106.76 | Div 0.06 0.34 | Feas 0.15 1.00 | Pen 25.97 0.10
It 126500    129 | T(s) 1564.69 | Feas 33 62291.25 62311.26 | Inf 44 62222.98 62542.26 | Div 0.09 0.28 | Feas 0.28 1.00 | Pen 22.52 0.10
It 127000    629 | T(s) 1570.80 | Feas 65 62291.25 62296.49 | Inf 48 62203.95 62265.40 | Div 0.06 0.15 | Feas 0.20 1.00 | Pen 22.52 0.10
It 127500   1129 | T(s) 1576.65 | Feas 52 62291.25 62294.51 | Inf 29 62390.83 62577.98 | Div 0.05 0.32 | Feas 0.29 1.00 | Pen 23.43 0.10
It 128000   1629 | T(s) 1582.27 | Feas 62 62291.25 62304.78 | Inf 53 62435.94 62659.34 | Div 0.08 0.14 | Feas 0.00 1.00 | Pen 24.38 0.10
It 128500   2129 | T(s) 1587.27 | Feas 34 62291.25 62293.77 | Inf 64 62314.83 62361.88 | Div 0.04 0.12 | Feas 0.24 1.00 | Pen 24.86 0.10
It 129000   2629 | T(s) 1592.82 | Feas 65 62291.25 62301.53 | Inf 53 62579.60 62915.71 | Div 0.07 0.19 | Feas 0.04 1.00 | Pen 25.87 0.10
It 129500   3129 | T(s) 1598.41 | Feas 46 62291.25 62296.80 | Inf 52 61622.06 62136.10 | Div 0.06 0.21 | Feas 0.27 1.00 | Pen 19.06 0.10
It 130000   3629 | T(s) 1604.96 | Feas 50 62291.25 62293.17 | Inf 54 62326.01 62411.41 | Div 0.04 0.14 | Feas 0.28 1.00 | Pen 23.33 0.10
It 130500   4129 | T(s) 1611.35 | Feas 46 62291.25 62297.01 | Inf 59 62593.49 62804.59 | Div 0.07 0.13 | Feas 0.00 1.00 | Pen 24.28 0.10
It 131000   4629 | T(s) 1616.96 | Feas 37 62291.25 62294.05 | Inf 64 62147.98 62333.21 | Div 0.05 0.15 | Feas 0.34 1.00 | Pen 20.63 0.10
It 131500   5129 | T(s) 1623.08 | Feas 29 62291.25 62294.99 | Inf 42 62546.61 62826.92 | Div 0.06 0.17 | Feas 0.00 1.00 | Pen 25.26 0.10
It 132000   5629 | T(s) 1629.15 | Feas 39 62291.25 62293.53 | Inf 35 62361.32 62630.87 | Div 0.04 0.31 | Feas 0.19 1.00 | Pen 25.76 0.10
It 132500   6129 | T(s) 1634.59 | Feas 40 62291.25 62294.01 | Inf 52 62329.31 62440.12 | Div 0.05 0.19 | Feas 0.29 1.00 | Pen 22.34 0.10
It 133000   6629 | T(s) 1640.43 | Feas 54 62291.25 62293.93 | Inf 39 62156.37 62243.83 | Div 0.04 0.17 | Feas 0.21 1.00 | Pen 22.34 0.10
It 133500   7129 | T(s) 1646.23 | Feas 51 62291.25 62294.99 | Inf 34 62385.29 62828.74 | Div 0.06 0.28 | Feas 0.15 1.00 | Pen 27.34 0.10
It 134000   7629 | T(s) 1652.84 | Feas 29 62291.25 62295.48 | Inf 34 62388.28 62504.99 | Div 0.06 0.23 | Feas 0.16 1.00 | Pen 23.70 0.10
It 134500   8129 | T(s) 1658.60 | Feas 64 62291.25 62293.47 | Inf 47 62042.46 62246.21 | Div 0.04 0.18 | Feas 0.30 1.00 | Pen 20.96 0.10
It 135000   8629 | T(s) 1665.07 | Feas 56 62291.25 62292.73 | Inf 54 62133.63 62496.54 | Div 0.03 0.28 | Feas 0.27 1.00 | Pen 21.81 0.10
It 135500   9129 | T(s) 1671.39 | Feas 63 62291.25 62293.27 | Inf 56 62643.51 62939.96 | Div 0.04 0.17 | Feas 0.13 1.00 | Pen 26.17 0.10
It 136000   9629 | T(s) 1677.74 | Feas 29 62291.25 62299.76 | Inf 57 62358.08 62612.42 | Div 0.07 0.20 | Feas 0.00 1.00 | Pen 22.69 0.10
It 136500  10129 | T(s) 1684.22 | Feas 50 62291.25 62297.27 | Inf 52 62305.81 62395.94 | Div 0.06 0.20 | Feas 0.19 1.00 | Pen 23.14 0.10
It 137000  10629 | T(s) 1690.09 | Feas 65 62291.25 62293.44 | Inf 43 62388.82 62625.67 | Div 0.04 0.29 | Feas 0.20 1.00 | Pen 24.08 0.10
It 137500  11129 | T(s) 1696.31 | Feas 37 62291.25 62294.26 | Inf 40 62350.86 62556.79 | Div 0.05 0.25 | Feas 0.23 1.00 | Pen 24.56 0.10
It 138000  11629 | T(s) 1701.95 | Feas 44 62291.25 62296.87 | Inf 48 62531.00 62752.20 | Div 0.06 0.17 | Feas 0.03 1.00 | Pen 25.55 0.10
It 138500  12129 | T(s) 1708.01 | Feas 36 62291.25 62295.60 | Inf 25 62310.28 62509.09 | Div 0.06 0.24 | Feas 0.29 1.00 | Pen 22.15 0.10
It 139000  12629 | T(s) 1713.95 | Feas 54 62291.25 62293.29 | Inf 61 62335.31 62623.71 | Div 0.04 0.22 | Feas 0.14 1.00 | Pen 27.12 0.10
It 139500  13129 | T(s) 1720.01 | Feas 58 62291.25 62292.69 | Inf 43 61952.96 62185.03 | Div 0.04 0.23 | Feas 0.29 1.00 | Pen 19.98 0.10
It 140000  13629 | T(s) 1726.91 | Feas 40 62291.25 62293.93 | Inf 64 62385.86 62578.82 | Div 0.05 0.21 | Feas 0.23 1.00 | Pen 24.46 0.10
It 140500  14129 | T(s) 1732.95 | Feas 54 62291.25 62292.91 | Inf 61 62341.48 62433.01 | Div 0.04 0.17 | Feas 0.22 1.00 | Pen 24.95 0.10
It 141000  14629 | T(s) 1738.61 | Feas 63 62291.25 62294.66 | Inf 53 62359.28 62478.10 | Div 0.05 0.22 | Feas 0.20 1.00 | Pen 25.45 0.10
It 141500  15129 | T(s) 1744.35 | Feas 28 62291.25 62304.94 | Inf 40 62217.18 62405.34 | Div 0.08 0.23 | Feas 0.16 1.00 | Pen 22.06 0.10
It 142000  15629 | T(s) 1750.90 | Feas 50 62291.25 62293.31 | Inf 46 62361.44 62627.84 | Div 0.04 0.27 | Feas 0.23 1.00 | Pen 26.48 0.10
It 142500  16129 | T(s) 1756.27 | Feas 46 62291.25 62294.62 | Inf 30 62321.47 62544.88 | Div 0.06 0.26 | Feas 0.24 1.00 | Pen 27.00 0.10
It 143000  16629 | T(s) 1761.81 | Feas 44 62291.25 62293.41 | Inf 46 61897.40 61945.01 | Div 0.04 0.13 | Feas 0.28 1.00 | Pen 19.51 0.10
It 143500  17129 | T(s) 1768.36 | Feas 49 62291.25 62293.88 | Inf 44 62315.48 62401.41 | Div 0.05 0.18 | Feas 0.25 1.00 | Pen 23.41 0.10
It 144000  17629 | T(s) 1773.68 | Feas 48 62291.25 62305.69 | Inf 30 62654.50 62860.71 | Div 0.09 0.22 | Feas 0.00 1.00 | Pen 23.88 0.10
It 144500  18129 | T(s) 1780.48 | Feas 35 62291.25 62304.05 | Inf 46 62574.61 63027.73 | Div 0.09 0.32 | Feas 0.12 1.00 | Pen 29.23 0.10
It 145000  18629 | T(s) 1785.77 | Feas 30 62291.25 62298.03 | Inf 54 62317.26 62439.85 | Div 0.08 0.19 | Feas 0.23 1.00 | Pen 24.85 0.10
It 145500  19129 | T(s) 1791.67 | Feas 57 62291.25 62295.58 | Inf 51 62478.63 62857.81 | Div 0.07 0.19 | Feas 0.02 1.00 | Pen 25.85 0.10
It 146000  19629 | T(s) 1797.44 | Feas 58 62291.25 62292.92 | Inf 65 62219.21 62404.58 | Div 0.04 0.18 | Feas 0.32 1.00 | Pen 22.41 0.10
----- GENETIC ALGORITHM FINISHED AFTER 146373 ITERATIONS. TIME SPENT: 1801.75
----- WRITING BEST SOLUTION IN : baseline_results/cvrp_hgs/Vrp-Set-X-n627/Vrp-Set-X-n627-hgs/0.hgs1.tour
