PARAMETER_FILE = baseline_results/cvrp_lkh/Vrp-Set-X-n143/Vrp-Set-X-n143-lkh/0.lkh1.par
Reading PROBLEM_FILE: "baseline_results/cvrp_lkh/Vrp-Set-X-n143/Vrp-Set-X-n143-lkh/0.lkh1.vrp" ... done
ASCENT_CANDIDATES = 50
BACKBONE_TRIALS = 0
BACKTRACKING = NO
# BWTSP =
# CANDIDATE_FILE =
CANDIDATE_SET_TYPE = ALPHA
# DISTANCE =
DEPOT = 1
# EDGE_FILE =
EXCESS = 0.00699301
EXTERNAL_SALESMEN = 0
EXTRA_CANDIDATES = 0 
EXTRA_CANDIDATE_SET_TYPE = QUADRANT
GAIN23 = NO
GAIN_CRITERION = YES
INITIAL_PERIOD = 100
INITIAL_STEP_SIZE = 1
INITIAL_TOUR_ALGORITHM = WALK
# INITIAL_TOUR_FILE = 
INITIAL_TOUR_FRACTION = 1.000
# INPUT_TOUR_FILE = 
KICK_TYPE = 4
KICKS = 1
# MAX_BREADTH =
MAKESPAN = NO
MAX_CANDIDATES = 5 
MAX_SWAPS = 0
MAX_TRIALS = 10000
# MERGE_TOUR_FILE =
MOVE_TYPE = 5 SPECIAL
MTSP_MIN_SIZE = 1
MTSP_MAX_SIZE = 142
# MTSP_SOLUTION_FILE = 
# NONSEQUENTIAL_MOVE_TYPE = 5
# OPTIMUM =
OUTPUT_TOUR_FILE = baseline_results/cvrp_lkh/Vrp-Set-X-n143/Vrp-Set-X-n143-lkh/0.lkh1.tour
PATCHING_A = 1 
PATCHING_C = 0 
# PI_FILE = 
POPMUSIC_INITIAL_TOUR = NO
POPMUSIC_MAX_NEIGHBORS = 5
POPMUSIC_SAMPLE_SIZE = 10
POPMUSIC_SOLUTIONS = 50
POPMUSIC_TRIALS = 1
POPULATION_SIZE = 10
PRECISION = 100
PROBLEM_FILE = baseline_results/cvrp_lkh/Vrp-Set-X-n143/Vrp-Set-X-n143-lkh/0.lkh1.vrp
RECOMBINATION = IPT
RESTRICTED_SEARCH = YES
RUNS = 1
SALESMEN = 7
SCALE = 1
SEED = 1234
# SINTEF_SOLUTION_FILE = 
STOP_AT_OPTIMUM = YES
SUBGRADIENT = YES
# SUBPROBLEM_SIZE =
# SUBPROBLEM_TOUR_FILE = 
SUBSEQUENT_MOVE_TYPE = 5 SPECIAL
SUBSEQUENT_PATCHING = YES
# TIME_LIMIT =
# TOTAL_TIME_LIMIT =
# TOUR_FILE = 
TRACE_LEVEL = 1
VEHICLES = 7

Lower bound = 1067782.1, Ascent time = 0.05 sec.
Cand.min = 4, Cand.avg = 5.0, Cand.max = 5
Preprocessing time = 0.05 sec.
* 1: Cost = 0_1684333, Time = 0.02 sec. 
Writing OUTPUT_TOUR_FILE: "baseline_results/cvrp_lkh/Vrp-Set-X-n143/Vrp-Set-X-n143-lkh/0.lkh1.tour" ... done
* 3: Cost = 0_1620518, Time = 0.04 sec. 
Writing OUTPUT_TOUR_FILE: "baseline_results/cvrp_lkh/Vrp-Set-X-n143/Vrp-Set-X-n143-lkh/0.lkh1.tour" ... done
* 8: Cost = 0_1594158, Time = 0.05 sec. 
Writing OUTPUT_TOUR_FILE: "baseline_results/cvrp_lkh/Vrp-Set-X-n143/Vrp-Set-X-n143-lkh/0.lkh1.tour" ... done
* 581: Cost = 0_1589090, Time = 1.85 sec. 
Writing OUTPUT_TOUR_FILE: "baseline_results/cvrp_lkh/Vrp-Set-X-n143/Vrp-Set-X-n143-lkh/0.lkh1.tour" ... done
* 596: Cost = 0_1588854, Time = 1.91 sec. 
Writing OUTPUT_TOUR_FILE: "baseline_results/cvrp_lkh/Vrp-Set-X-n143/Vrp-Set-X-n143-lkh/0.lkh1.tour" ... done
* 1001: Cost = 0_1588848, Time = 3.14 sec. 
Writing OUTPUT_TOUR_FILE: "baseline_results/cvrp_lkh/Vrp-Set-X-n143/Vrp-Set-X-n143-lkh/0.lkh1.tour" ... done
* 1114: Cost = 0_1588278, Time = 3.56 sec. 
Writing OUTPUT_TOUR_FILE: "baseline_results/cvrp_lkh/Vrp-Set-X-n143/Vrp-Set-X-n143-lkh/0.lkh1.tour" ... done
* 1115: Cost = 0_1583250, Time = 3.56 sec. 
Writing OUTPUT_TOUR_FILE: "baseline_results/cvrp_lkh/Vrp-Set-X-n143/Vrp-Set-X-n143-lkh/0.lkh1.tour" ... done
* 1297: Cost = 0_1580829, Time = 4.10 sec. 
Writing OUTPUT_TOUR_FILE: "baseline_results/cvrp_lkh/Vrp-Set-X-n143/Vrp-Set-X-n143-lkh/0.lkh1.tour" ... done
* 5070: Cost = 0_1579890, Time = 19.57 sec. 
Writing OUTPUT_TOUR_FILE: "baseline_results/cvrp_lkh/Vrp-Set-X-n143/Vrp-Set-X-n143-lkh/0.lkh1.tour" ... done
Population:
  1: 0_1579890
Run 1: Cost = 0_1579890, Time = 39.32 sec. 

Successes/Runs = 0/1 
Cost.min = 1579890, Cost.avg = 1579890.00, Cost.max = 1579890
Gap.min = 0.0000%, Gap.avg = 0.0000%, Gap.max = 0.0000%
Penalty.min = 0, Penalty.avg = 0.00, Penalty.max = 0
Trials.min = 10000, Trials.avg = 10000.0, Trials.max = 10000
Time.min = 39.32 sec., Time.avg = 39.32 sec., Time.max = 39.32 sec.
Time.total = 39.37 sec.
  Size.min = 5, Size.max = 24, Penalty = 0
  Cost.min = 48489, Cost.max = 322285, Cost.sum = 1579890
Best CVRP solution:
  Cost = 0_1579890

