=========== Algorithm Parameters =================
---- nbGranular        is set to 20
---- mu                is set to 25
---- lambda            is set to 40
---- nbElite           is set to 4
---- nbClose           is set to 5
---- targetFeasible    is set to 0.2
---- seed              is set to 1234
---- nbIter            is set to 20000
---- timeLimit         is set to 0
---- useSwapStar       is set to 1
==================================================
----- READING INSTANCE: baseline_results/cvrp_hgs/Vrp-Set-X-n716/Vrp-Set-X-n716-hgs/0.hgs1.vrp
----- FLEET SIZE WAS NOT SPECIFIED: DEFAULT INITIALIZATION TO 48 VEHICLES
----- INSTANCE SUCCESSFULLY LOADED WITH 715 CLIENTS AND 48 VEHICLES
----- BUILDING INITIAL POPULATION
----- STARTING GENETIC ALGORITHM
It      0      2 | T(s) 3.93 | Feas 60 45333.16 45782.09 | NO-INFEASIBLE | Div 0.58 -1.00 | Feas 1.00 1.00 | Pen 9.38 0.85
It    500     66 | T(s) 13.34 | Feas 44 44618.38 44935.53 | Inf 48 44900.63 45274.25 | Div 0.51 0.50 | Feas 0.77 1.00 | Pen 4.16 0.38
It   1000     20 | T(s) 22.33 | Feas 37 44381.28 44513.90 | Inf 48 44267.80 44413.51 | Div 0.50 0.49 | Feas 0.27 1.00 | Pen 2.17 0.17
It   1500    330 | T(s) 31.52 | Feas 58 44261.39 44433.51 | Inf 42 44260.33 44355.69 | Div 0.48 0.50 | Feas 0.18 1.00 | Pen 2.26 0.10
It   2000    158 | T(s) 40.29 | Feas 27 44184.95 44422.17 | Inf 62 44144.66 44255.79 | Div 0.53 0.48 | Feas 0.29 1.00 | Pen 2.31 0.10
It   2500    658 | T(s) 48.66 | Feas 38 44184.95 44276.40 | Inf 53 44123.61 44190.55 | Div 0.49 0.46 | Feas 0.23 1.00 | Pen 2.35 0.10
It   3000     64 | T(s) 57.16 | Feas 34 44084.78 44286.48 | Inf 38 44077.84 44203.83 | Div 0.51 0.49 | Feas 0.17 1.00 | Pen 2.40 0.10
It   3500     17 | T(s) 65.54 | Feas 55 44074.34 44195.12 | Inf 53 44024.33 44163.39 | Div 0.47 0.47 | Feas 0.21 1.00 | Pen 2.45 0.10
It   4000    207 | T(s) 74.01 | Feas 31 44062.29 44216.44 | Inf 44 43974.09 44083.36 | Div 0.48 0.43 | Feas 0.20 1.00 | Pen 2.45 0.10
It   4500     52 | T(s) 82.16 | Feas 50 44036.46 44144.93 | Inf 40 43974.09 44100.04 | Div 0.46 0.47 | Feas 0.16 1.00 | Pen 2.45 0.10
It   5000    103 | T(s) 90.51 | Feas 31 44023.99 44143.96 | Inf 37 43974.09 44068.42 | Div 0.48 0.45 | Feas 0.22 1.00 | Pen 2.45 0.10
It   5500     39 | T(s) 98.34 | Feas 55 43981.94 44090.43 | Inf 60 43933.59 44028.34 | Div 0.45 0.43 | Feas 0.10 1.00 | Pen 3.06 0.10
It   6000    282 | T(s) 106.17 | Feas 43 43893.26 44081.12 | Inf 41 43891.56 44010.77 | Div 0.46 0.44 | Feas 0.21 1.00 | Pen 2.60 0.10
It   6500    782 | T(s) 114.15 | Feas 32 43893.26 44046.20 | Inf 39 43881.64 43991.37 | Div 0.47 0.44 | Feas 0.21 1.00 | Pen 2.60 0.10
It   7000   1282 | T(s) 121.78 | Feas 34 43893.26 44008.24 | Inf 57 43880.56 43952.30 | Div 0.44 0.40 | Feas 0.21 1.00 | Pen 2.60 0.10
It   7500   1782 | T(s) 129.30 | Feas 65 43893.26 43990.97 | Inf 47 43873.02 43957.08 | Div 0.41 0.42 | Feas 0.25 1.00 | Pen 2.65 0.10
It   8000   2282 | T(s) 136.70 | Feas 51 43893.26 43967.49 | Inf 26 43860.67 44084.28 | Div 0.41 0.48 | Feas 0.17 1.00 | Pen 2.65 0.10
It   8500   2782 | T(s) 144.25 | Feas 35 43893.26 43974.05 | Inf 61 43860.67 43929.46 | Div 0.43 0.39 | Feas 0.16 1.00 | Pen 2.65 0.10
It   9000   3282 | T(s) 151.78 | Feas 28 43893.26 44050.47 | Inf 44 43816.73 43915.86 | Div 0.47 0.41 | Feas 0.29 1.00 | Pen 2.30 0.10
It   9500   3782 | T(s) 159.42 | Feas 55 43893.26 43972.49 | Inf 39 43817.65 43938.42 | Div 0.43 0.43 | Feas 0.19 1.00 | Pen 2.76 0.10
It  10000    202 | T(s) 167.05 | Feas 37 43833.67 43950.88 | Inf 55 43816.83 43892.74 | Div 0.41 0.37 | Feas 0.30 1.00 | Pen 2.34 0.10
It  10500    108 | T(s) 174.30 | Feas 51 43813.81 43866.97 | Inf 46 43797.61 43861.88 | Div 0.23 0.33 | Feas 0.23 1.00 | Pen 2.39 0.10
It  11000    172 | T(s) 181.04 | Feas 47 43785.13 43852.39 | Inf 31 43772.65 43823.69 | Div 0.30 0.32 | Feas 0.13 1.00 | Pen 2.93 0.10
It  11500    232 | T(s) 187.64 | Feas 40 43776.36 43843.76 | Inf 61 43756.90 43798.20 | Div 0.31 0.26 | Feas 0.13 1.00 | Pen 2.98 0.10
It  12000    169 | T(s) 194.35 | Feas 46 43738.05 43833.74 | Inf 34 43755.29 43802.97 | Div 0.33 0.31 | Feas 0.26 1.00 | Pen 2.16 0.10
It  12500    669 | T(s) 201.21 | Feas 63 43738.05 43815.05 | Inf 34 43752.40 43809.79 | Div 0.32 0.33 | Feas 0.30 1.00 | Pen 2.20 0.10
It  13000   1169 | T(s) 208.57 | Feas 64 43738.05 43813.13 | Inf 32 43745.09 43809.40 | Div 0.32 0.34 | Feas 0.26 1.00 | Pen 2.24 0.10
It  13500   1669 | T(s) 215.84 | Feas 61 43738.05 43828.79 | Inf 36 43723.55 43838.90 | Div 0.35 0.38 | Feas 0.15 1.00 | Pen 3.29 0.10
It  14000   2169 | T(s) 222.87 | Feas 53 43738.05 43815.50 | Inf 43 43721.80 43826.17 | Div 0.35 0.37 | Feas 0.13 1.00 | Pen 2.86 0.10
It  14500   2669 | T(s) 229.95 | Feas 35 43738.05 43864.23 | Inf 64 43720.08 43788.04 | Div 0.39 0.33 | Feas 0.18 1.00 | Pen 2.43 0.10
It  15000   3169 | T(s) 237.11 | Feas 65 43738.05 43794.98 | Inf 56 43720.08 43790.22 | Div 0.34 0.34 | Feas 0.17 1.00 | Pen 2.43 0.10
It  15500   3669 | T(s) 244.21 | Feas 25 43738.05 43923.01 | Inf 27 43720.28 43844.84 | Div 0.41 0.40 | Feas 0.32 1.00 | Pen 2.48 0.10
It  16000   4169 | T(s) 251.35 | Feas 48 43738.05 43789.34 | Inf 58 43718.61 43776.80 | Div 0.35 0.34 | Feas 0.19 1.00 | Pen 2.48 0.10
It  16500     74 | T(s) 258.31 | Feas 42 43721.77 43794.92 | Inf 43 43718.61 43780.90 | Div 0.36 0.35 | Feas 0.22 1.00 | Pen 2.48 0.10
It  17000    574 | T(s) 265.16 | Feas 29 43721.77 43814.83 | Inf 33 43713.15 43779.75 | Div 0.38 0.35 | Feas 0.16 1.00 | Pen 2.48 0.10
It  17500     89 | T(s) 271.89 | Feas 53 43719.70 43765.48 | Inf 27 43713.15 43767.53 | Div 0.32 0.34 | Feas 0.22 1.00 | Pen 2.48 0.10
It  18000    431 | T(s) 278.54 | Feas 40 43713.39 43777.82 | Inf 64 43714.14 43764.79 | Div 0.34 0.32 | Feas 0.20 1.00 | Pen 2.97 0.10
It  18500    931 | T(s) 285.52 | Feas 39 43713.39 43765.03 | Inf 32 43676.54 43774.06 | Div 0.31 0.36 | Feas 0.19 1.00 | Pen 2.58 0.10
It  19000     99 | T(s) 292.49 | Feas 40 43695.65 43786.60 | Inf 54 43676.80 43773.50 | Div 0.36 0.35 | Feas 0.31 1.00 | Pen 2.63 0.10
It  19500    599 | T(s) 299.42 | Feas 46 43695.65 43782.61 | Inf 64 43675.05 43747.29 | Div 0.34 0.32 | Feas 0.28 1.00 | Pen 2.28 0.10
It  20000   1099 | T(s) 306.28 | Feas 36 43695.65 43790.22 | Inf 57 43677.60 43740.96 | Div 0.37 0.32 | Feas 0.13 1.00 | Pen 2.79 0.10
It  20500   1599 | T(s) 313.11 | Feas 25 43695.65 43835.82 | Inf 36 43672.80 43759.77 | Div 0.40 0.34 | Feas 0.22 1.00 | Pen 2.42 0.10
It  21000    101 | T(s) 319.43 | Feas 65 43671.55 43718.75 | Inf 61 43672.89 43705.98 | Div 0.24 0.28 | Feas 0.29 1.00 | Pen 2.47 0.10
It  21500    601 | T(s) 325.90 | Feas 58 43671.55 43754.38 | Inf 48 43673.05 43728.62 | Div 0.31 0.31 | Feas 0.25 1.00 | Pen 2.96 0.10
It  22000   1101 | T(s) 332.29 | Feas 58 43671.55 43717.88 | Inf 27 43672.16 43734.88 | Div 0.27 0.32 | Feas 0.19 1.00 | Pen 2.52 0.10
It  22500    130 | T(s) 338.74 | Feas 42 43662.02 43696.05 | Inf 63 43664.04 43696.42 | Div 0.23 0.24 | Feas 0.26 1.00 | Pen 2.62 0.10
It  23000    195 | T(s) 344.92 | Feas 30 43659.93 43694.82 | Inf 42 43653.59 43686.97 | Div 0.25 0.23 | Feas 0.23 1.00 | Pen 2.62 0.10
It  23500    695 | T(s) 350.90 | Feas 55 43659.93 43697.92 | Inf 29 43653.69 43737.83 | Div 0.24 0.30 | Feas 0.22 1.00 | Pen 2.67 0.10
It  24000    424 | T(s) 356.93 | Feas 44 43657.45 43685.78 | Inf 59 43651.27 43685.13 | Div 0.22 0.21 | Feas 0.12 1.00 | Pen 3.27 0.10
It  24500    924 | T(s) 363.11 | Feas 62 43657.45 43683.03 | Inf 39 43644.87 43684.16 | Div 0.21 0.24 | Feas 0.17 1.00 | Pen 2.78 0.10
It  25000    197 | T(s) 369.45 | Feas 61 43649.24 43700.13 | Inf 30 43645.10 43735.52 | Div 0.26 0.31 | Feas 0.23 1.00 | Pen 2.83 0.10
It  25500     10 | T(s) 375.28 | Feas 37 43646.01 43677.16 | Inf 45 43642.90 43673.83 | Div 0.22 0.21 | Feas 0.19 1.00 | Pen 2.89 0.10
It  26000    510 | T(s) 381.22 | Feas 42 43646.01 43673.36 | Inf 63 43642.90 43666.70 | Div 0.22 0.21 | Feas 0.23 1.00 | Pen 2.89 0.10
It  26500     19 | T(s) 387.02 | Feas 40 43644.35 43677.65 | Inf 52 43642.42 43659.95 | Div 0.24 0.19 | Feas 0.24 1.00 | Pen 2.89 0.10
It  27000    268 | T(s) 392.78 | Feas 54 43639.31 43654.61 | Inf 46 43635.57 43671.07 | Div 0.16 0.23 | Feas 0.14 1.00 | Pen 3.47 0.10
It  27500    404 | T(s) 398.68 | Feas 33 43635.93 43677.26 | Inf 31 43622.64 43662.47 | Div 0.25 0.24 | Feas 0.13 1.00 | Pen 3.01 0.10
It  28000    904 | T(s) 404.80 | Feas 48 43635.93 43672.42 | Inf 56 43621.84 43662.18 | Div 0.22 0.23 | Feas 0.26 1.00 | Pen 2.61 0.10
It  28500    133 | T(s) 410.97 | Feas 65 43623.88 43679.19 | Inf 44 43622.05 43660.06 | Div 0.25 0.24 | Feas 0.27 1.00 | Pen 2.71 0.10
It  29000    633 | T(s) 417.36 | Feas 62 43623.88 43669.63 | Inf 49 43623.27 43646.89 | Div 0.23 0.20 | Feas 0.13 1.00 | Pen 3.32 0.10
It  29500   1133 | T(s) 423.56 | Feas 38 43623.88 43675.72 | Inf 62 43622.27 43652.54 | Div 0.26 0.20 | Feas 0.21 1.00 | Pen 2.82 0.10
It  30000   1633 | T(s) 429.54 | Feas 59 43623.88 43650.67 | Inf 52 43620.25 43641.71 | Div 0.21 0.19 | Feas 0.26 1.00 | Pen 2.45 0.10
It  30500    118 | T(s) 435.47 | Feas 27 43621.15 43664.73 | Inf 42 43616.42 43639.74 | Div 0.25 0.19 | Feas 0.24 1.00 | Pen 2.94 0.10
It  31000    618 | T(s) 441.71 | Feas 45 43621.15 43660.42 | Inf 32 43610.27 43650.33 | Div 0.23 0.25 | Feas 0.24 1.00 | Pen 2.99 0.10
It  31500   1118 | T(s) 447.87 | Feas 46 43621.15 43642.33 | Inf 61 43609.36 43632.94 | Div 0.19 0.18 | Feas 0.11 1.00 | Pen 3.05 0.10
It  32000   1618 | T(s) 454.03 | Feas 30 43621.15 43663.08 | Inf 32 43608.31 43642.88 | Div 0.24 0.22 | Feas 0.29 1.00 | Pen 2.65 0.10
It  32500    143 | T(s) 460.18 | Feas 57 43615.36 43637.99 | Inf 25 43608.47 43667.45 | Div 0.19 0.26 | Feas 0.19 1.00 | Pen 2.70 0.10
It  33000    643 | T(s) 466.14 | Feas 32 43615.36 43670.22 | Inf 65 43601.15 43621.72 | Div 0.24 0.15 | Feas 0.11 1.00 | Pen 3.31 0.10
It  33500   1143 | T(s) 472.19 | Feas 45 43615.36 43646.02 | Inf 52 43601.42 43644.11 | Div 0.21 0.20 | Feas 0.23 1.00 | Pen 3.37 0.10
It  34000     92 | T(s) 478.44 | Feas 63 43614.31 43633.22 | Inf 27 43599.39 43684.23 | Div 0.20 0.28 | Feas 0.19 1.00 | Pen 2.87 0.10
It  34500    592 | T(s) 484.64 | Feas 46 43614.31 43639.85 | Inf 49 43599.62 43618.90 | Div 0.21 0.18 | Feas 0.19 1.00 | Pen 2.92 0.10
It  35000    164 | T(s) 490.87 | Feas 60 43597.55 43641.63 | Inf 33 43589.45 43631.01 | Div 0.21 0.21 | Feas 0.24 1.00 | Pen 2.98 0.10
It  35500    664 | T(s) 497.14 | Feas 34 43597.55 43629.43 | Inf 29 43590.64 43623.33 | Div 0.22 0.19 | Feas 0.15 1.00 | Pen 3.58 0.10
It  36000    172 | T(s) 502.99 | Feas 27 43590.54 43628.27 | Inf 50 43586.87 43608.51 | Div 0.22 0.15 | Feas 0.16 1.00 | Pen 3.10 0.10
It  36500    672 | T(s) 508.60 | Feas 58 43590.54 43610.06 | Inf 47 43586.15 43598.09 | Div 0.14 0.12 | Feas 0.16 1.00 | Pen 3.16 0.10
It  37000    266 | T(s) 514.04 | Feas 64 43579.28 43599.88 | Inf 40 43575.73 43588.81 | Div 0.10 0.10 | Feas 0.19 1.00 | Pen 3.23 0.10
It  37500    766 | T(s) 519.41 | Feas 65 43579.28 43596.54 | Inf 29 43574.32 43604.75 | Div 0.10 0.16 | Feas 0.18 1.00 | Pen 3.29 0.10
It  38000   1266 | T(s) 524.81 | Feas 64 43579.28 43590.06 | Inf 30 43575.00 43598.86 | Div 0.10 0.14 | Feas 0.06 1.00 | Pen 4.03 0.10
It  38500    346 | T(s) 529.79 | Feas 40 43576.33 43599.68 | Inf 62 43573.75 43580.57 | Div 0.14 0.08 | Feas 0.31 1.00 | Pen 4.19 0.10
It  39000    369 | T(s) 535.05 | Feas 34 43570.06 43588.49 | Inf 43 43566.92 43581.88 | Div 0.13 0.11 | Feas 0.13 1.00 | Pen 3.63 0.10
It  39500    391 | T(s) 539.86 | Feas 32 43567.12 43580.45 | Inf 35 43564.06 43578.55 | Div 0.11 0.10 | Feas 0.16 1.00 | Pen 3.71 0.10
It  40000    891 | T(s) 544.45 | Feas 44 43567.12 43580.27 | Inf 62 43564.06 43569.47 | Div 0.10 0.06 | Feas 0.18 1.00 | Pen 3.71 0.10
It  40500   1391 | T(s) 549.41 | Feas 51 43567.12 43578.62 | Inf 61 43564.13 43569.50 | Div 0.10 0.06 | Feas 0.17 1.00 | Pen 3.78 0.10
It  41000   1891 | T(s) 554.34 | Feas 27 43567.12 43592.65 | Inf 40 43563.56 43573.38 | Div 0.14 0.10 | Feas 0.21 1.00 | Pen 3.21 0.10
It  41500   2391 | T(s) 559.39 | Feas 45 43567.12 43578.53 | Inf 60 43561.99 43569.66 | Div 0.11 0.09 | Feas 0.23 1.00 | Pen 2.79 0.10
It  42000    388 | T(s) 564.30 | Feas 62 43565.97 43568.42 | Inf 62 43563.21 43567.61 | Div 0.06 0.07 | Feas 0.14 1.00 | Pen 4.01 0.10
It  42500    382 | T(s) 569.00 | Feas 50 43565.30 43571.50 | Inf 35 43559.86 43566.17 | Div 0.09 0.08 | Feas 0.28 1.00 | Pen 2.90 0.10
It  43000    286 | T(s) 573.33 | Feas 27 43564.88 43570.71 | Inf 65 43559.92 43563.43 | Div 0.09 0.06 | Feas 0.30 1.00 | Pen 2.96 0.10
It  43500    489 | T(s) 577.48 | Feas 61 43563.74 43567.90 | Inf 54 43560.58 43563.99 | Div 0.08 0.07 | Feas 0.30 1.00 | Pen 3.62 0.10
It  44000    989 | T(s) 581.80 | Feas 39 43563.74 43568.35 | Inf 26 43560.53 43572.06 | Div 0.08 0.11 | Feas 0.25 1.00 | Pen 3.69 0.10
It  44500    349 | T(s) 586.13 | Feas 53 43563.59 43565.16 | Inf 65 43561.33 43562.23 | Div 0.05 0.03 | Feas 0.19 1.00 | Pen 4.52 0.10
It  45000    849 | T(s) 590.05 | Feas 47 43563.59 43564.71 | Inf 58 43562.24 43562.81 | Div 0.04 0.03 | Feas 0.17 1.00 | Pen 5.42 0.10
It  45500   1349 | T(s) 593.80 | Feas 53 43563.59 43564.91 | Inf 35 43562.35 43563.46 | Div 0.05 0.05 | Feas 0.35 1.00 | Pen 5.53 0.10
It  46000   1849 | T(s) 597.85 | Feas 31 43563.59 43566.34 | Inf 51 43560.81 43561.52 | Div 0.07 0.04 | Feas 0.31 1.00 | Pen 4.00 0.10
It  46500   2349 | T(s) 601.99 | Feas 63 43563.59 43564.57 | Inf 51 43560.81 43561.35 | Div 0.05 0.03 | Feas 0.19 1.00 | Pen 4.00 0.10
It  47000   2849 | T(s) 605.96 | Feas 52 43563.59 43564.52 | Inf 46 43561.61 43562.58 | Div 0.05 0.05 | Feas 0.23 1.00 | Pen 4.80 0.10
It  47500   3349 | T(s) 610.33 | Feas 45 43563.59 43565.32 | Inf 29 43561.71 43570.43 | Div 0.07 0.10 | Feas 0.19 1.00 | Pen 4.89 0.10
It  48000   3849 | T(s) 614.42 | Feas 34 43563.59 43565.49 | Inf 50 43561.71 43563.33 | Div 0.07 0.07 | Feas 0.24 1.00 | Pen 4.89 0.10
It  48500   4349 | T(s) 618.66 | Feas 30 43563.59 43566.09 | Inf 35 43559.68 43565.67 | Div 0.08 0.09 | Feas 0.21 1.00 | Pen 4.16 0.10
It  49000   4849 | T(s) 623.12 | Feas 38 43563.59 43564.97 | Inf 29 43561.90 43563.94 | Div 0.07 0.08 | Feas 0.24 1.00 | Pen 5.09 0.10
It  49500   5349 | T(s) 627.54 | Feas 42 43563.59 43566.38 | Inf 38 43560.39 43579.13 | Div 0.08 0.11 | Feas 0.27 1.00 | Pen 4.41 0.10
It  50000    303 | T(s) 632.46 | Feas 58 43562.96 43568.75 | Inf 51 43559.16 43593.13 | Div 0.10 0.14 | Feas 0.26 1.00 | Pen 3.19 0.10
It  50500    803 | T(s) 637.61 | Feas 54 43562.96 43566.50 | Inf 41 43559.23 43574.49 | Div 0.09 0.13 | Feas 0.21 1.00 | Pen 3.25 0.10
It  51000   1303 | T(s) 642.56 | Feas 49 43562.96 43570.12 | Inf 64 43559.33 43563.40 | Div 0.11 0.09 | Feas 0.29 1.00 | Pen 3.38 0.10
It  51500   1803 | T(s) 647.35 | Feas 26 43562.96 43581.24 | Inf 49 43559.40 43561.05 | Div 0.15 0.07 | Feas 0.17 1.00 | Pen 3.45 0.10
It  52000   2303 | T(s) 652.15 | Feas 59 43562.96 43566.27 | Inf 35 43558.52 43570.72 | Div 0.09 0.13 | Feas 0.17 1.00 | Pen 2.93 0.10
It  52500   2803 | T(s) 656.96 | Feas 36 43562.96 43566.90 | Inf 38 43559.47 43565.43 | Div 0.11 0.12 | Feas 0.10 1.00 | Pen 3.52 0.10
It  53000   3303 | T(s) 661.78 | Feas 50 43562.96 43565.35 | Inf 50 43558.60 43561.91 | Div 0.09 0.10 | Feas 0.18 1.00 | Pen 3.05 0.10
It  53500   3803 | T(s) 666.71 | Feas 58 43562.96 43565.17 | Inf 50 43559.45 43564.51 | Div 0.08 0.11 | Feas 0.15 1.00 | Pen 3.74 0.10
It  54000   4303 | T(s) 671.66 | Feas 48 43562.96 43566.72 | Inf 27 43556.02 43589.16 | Div 0.10 0.17 | Feas 0.17 1.00 | Pen 3.18 0.10
It  54500    136 | T(s) 676.62 | Feas 32 43562.60 43595.25 | Inf 51 43554.95 43569.69 | Div 0.15 0.12 | Feas 0.18 1.00 | Pen 3.24 0.10
It  55000    636 | T(s) 681.45 | Feas 56 43562.60 43565.48 | Inf 53 43554.95 43560.04 | Div 0.09 0.10 | Feas 0.16 1.00 | Pen 3.24 0.10
It  55500   1136 | T(s) 685.87 | Feas 41 43562.60 43565.88 | Inf 48 43556.24 43559.19 | Div 0.10 0.08 | Feas 0.21 1.00 | Pen 3.89 0.10
It  56000     52 | T(s) 690.53 | Feas 49 43560.71 43567.10 | Inf 27 43553.97 43583.25 | Div 0.11 0.15 | Feas 0.28 1.00 | Pen 3.37 0.10
It  56500    146 | T(s) 694.89 | Feas 64 43560.60 43561.08 | Inf 37 43555.33 43556.53 | Div 0.03 0.05 | Feas 0.19 1.00 | Pen 4.85 0.10
It  57000    646 | T(s) 698.63 | Feas 32 43560.60 43561.61 | Inf 64 43556.42 43556.68 | Div 0.05 0.02 | Feas 0.43 1.00 | Pen 5.94 0.10
It  57500   1146 | T(s) 702.45 | Feas 53 43560.60 43561.54 | Inf 31 43556.53 43557.86 | Div 0.05 0.06 | Feas 0.54 1.00 | Pen 6.06 0.10
It  58000    224 | T(s) 706.38 | Feas 62 43559.84 43561.02 | Inf 52 43554.85 43556.07 | Div 0.05 0.05 | Feas 0.26 1.00 | Pen 4.38 0.10
It  58500    109 | T(s) 710.54 | Feas 53 43556.74 43559.69 | Inf 58 43553.64 43554.38 | Div 0.05 0.04 | Feas 0.21 1.00 | Pen 3.16 0.10
It  59000    427 | T(s) 714.59 | Feas 61 43556.46 43558.00 | Inf 29 43553.22 43558.54 | Div 0.04 0.09 | Feas 0.14 1.00 | Pen 2.74 0.10
It  59500     38 | T(s) 718.57 | Feas 63 43555.94 43557.46 | Inf 57 43553.77 43555.13 | Div 0.04 0.06 | Feas 0.23 1.00 | Pen 3.29 0.10
It  60000    538 | T(s) 722.64 | Feas 32 43555.94 43558.57 | Inf 28 43552.18 43558.12 | Div 0.08 0.10 | Feas 0.29 1.00 | Pen 2.80 0.10
It  60500    167 | T(s) 726.77 | Feas 54 43555.27 43556.52 | Inf 53 43552.24 43553.21 | Div 0.04 0.05 | Feas 0.25 1.00 | Pen 2.85 0.10
It  61000      5 | T(s) 730.93 | Feas 49 43554.61 43556.52 | Inf 64 43550.22 43554.14 | Div 0.06 0.07 | Feas 0.26 1.00 | Pen 2.06 0.10
It  61500    251 | T(s) 735.20 | Feas 51 43553.92 43555.47 | Inf 30 43550.30 43558.71 | Div 0.05 0.10 | Feas 0.20 1.00 | Pen 2.14 0.10
It  62000    266 | T(s) 739.15 | Feas 49 43553.89 43555.74 | Inf 31 43550.63 43555.72 | Div 0.06 0.10 | Feas 0.22 1.00 | Pen 2.57 0.10
It  62500    766 | T(s) 743.22 | Feas 41 43553.89 43556.75 | Inf 56 43550.24 43550.96 | Div 0.07 0.04 | Feas 0.18 1.00 | Pen 2.19 0.10
It  63000   1266 | T(s) 747.38 | Feas 54 43553.89 43555.36 | Inf 49 43550.29 43551.65 | Div 0.06 0.06 | Feas 0.31 1.00 | Pen 2.23 0.10
It  63500   1766 | T(s) 751.55 | Feas 25 43553.89 43566.16 | Inf 33 43549.99 43561.00 | Div 0.12 0.11 | Feas 0.16 1.00 | Pen 1.93 0.10
It  64000   2266 | T(s) 756.05 | Feas 54 43553.89 43555.60 | Inf 51 43550.84 43552.06 | Div 0.06 0.07 | Feas 0.16 1.00 | Pen 2.78 0.10
It  64500   2766 | T(s) 760.38 | Feas 56 43553.89 43556.32 | Inf 39 43551.40 43553.47 | Div 0.08 0.08 | Feas 0.25 1.00 | Pen 3.34 0.10
It  65000     38 | T(s) 764.65 | Feas 51 43553.06 43555.42 | Inf 25 43550.95 43572.77 | Div 0.07 0.13 | Feas 0.14 1.00 | Pen 2.90 0.10
It  65500    538 | T(s) 768.93 | Feas 61 43553.06 43555.12 | Inf 39 43549.68 43553.83 | Div 0.07 0.09 | Feas 0.32 1.00 | Pen 2.46 0.10
It  66000   1038 | T(s) 773.31 | Feas 49 43553.06 43557.89 | Inf 37 43550.23 43553.40 | Div 0.09 0.09 | Feas 0.13 1.00 | Pen 3.01 0.10
It  66500   1538 | T(s) 777.72 | Feas 39 43553.06 43558.99 | Inf 25 43550.29 43561.49 | Div 0.10 0.12 | Feas 0.17 1.00 | Pen 3.07 0.10
It  67000   2038 | T(s) 782.26 | Feas 60 43553.06 43555.76 | Inf 42 43549.89 43551.63 | Div 0.07 0.07 | Feas 0.27 1.00 | Pen 2.67 0.10
It  67500   2538 | T(s) 786.46 | Feas 51 43553.06 43555.20 | Inf 25 43549.49 43554.33 | Div 0.07 0.09 | Feas 0.26 1.00 | Pen 2.27 0.10
It  68000   3038 | T(s) 790.82 | Feas 59 43553.06 43558.19 | Inf 32 43550.48 43553.11 | Div 0.09 0.09 | Feas 0.14 1.00 | Pen 3.26 0.10
It  68500   3538 | T(s) 795.13 | Feas 53 43553.06 43557.60 | Inf 65 43550.55 43552.39 | Div 0.09 0.08 | Feas 0.14 1.00 | Pen 3.33 0.10
It  69000   4038 | T(s) 799.21 | Feas 47 43553.06 43555.62 | Inf 32 43549.26 43552.86 | Div 0.08 0.09 | Feas 0.29 1.00 | Pen 2.04 0.10
It  69500   4538 | T(s) 803.62 | Feas 51 43553.06 43554.69 | Inf 41 43549.67 43551.08 | Div 0.07 0.07 | Feas 0.17 1.00 | Pen 2.45 0.10
It  70000   5038 | T(s) 807.98 | Feas 45 43553.06 43554.72 | Inf 62 43549.72 43550.80 | Div 0.07 0.06 | Feas 0.21 1.00 | Pen 2.50 0.10
It  70500   5538 | T(s) 812.16 | Feas 30 43553.06 43559.87 | Inf 42 43549.39 43550.90 | Div 0.10 0.07 | Feas 0.17 1.00 | Pen 2.17 0.10
It  71000   6038 | T(s) 816.22 | Feas 44 43553.06 43554.12 | Inf 60 43549.06 43549.56 | Div 0.06 0.04 | Feas 0.28 1.00 | Pen 1.84 0.10
It  71500   6538 | T(s) 820.25 | Feas 35 43553.06 43554.22 | Inf 50 43549.14 43551.77 | Div 0.06 0.07 | Feas 0.27 1.00 | Pen 1.92 0.10
It  72000   7038 | T(s) 824.65 | Feas 59 43553.06 43553.72 | Inf 39 43547.06 43549.92 | Div 0.04 0.07 | Feas 0.19 1.00 | Pen 1.96 0.10
It  72500   7538 | T(s) 828.93 | Feas 59 43553.06 43553.65 | Inf 29 43545.89 43552.50 | Div 0.04 0.08 | Feas 0.17 1.00 | Pen 1.66 0.10
It  73000   8038 | T(s) 833.17 | Feas 55 43553.06 43554.54 | Inf 27 43547.22 43559.60 | Div 0.06 0.09 | Feas 0.16 1.00 | Pen 2.00 0.10
It  73500   8538 | T(s) 837.44 | Feas 33 43553.06 43554.27 | Inf 62 43547.38 43549.76 | Div 0.08 0.07 | Feas 0.14 1.00 | Pen 2.04 0.10
It  74000    114 | T(s) 842.12 | Feas 32 43552.61 43573.21 | Inf 65 43548.66 43550.82 | Div 0.13 0.08 | Feas 0.09 1.00 | Pen 2.49 0.10
It  74500    614 | T(s) 846.98 | Feas 43 43552.61 43554.72 | Inf 52 43548.65 43553.59 | Div 0.08 0.09 | Feas 0.26 1.00 | Pen 2.54 0.10
It  75000   1114 | T(s) 851.83 | Feas 37 43552.61 43566.68 | Inf 33 43549.90 43592.10 | Div 0.11 0.17 | Feas 0.32 1.00 | Pen 3.11 0.10
It  75500   1614 | T(s) 856.92 | Feas 52 43552.61 43554.80 | Inf 59 43548.13 43553.08 | Div 0.08 0.09 | Feas 0.18 1.00 | Pen 2.64 0.10
It  76000   2114 | T(s) 861.46 | Feas 40 43552.61 43554.52 | Inf 32 43548.13 43567.21 | Div 0.08 0.13 | Feas 0.22 1.00 | Pen 2.64 0.10
It  76500   2614 | T(s) 865.96 | Feas 28 43552.61 43559.12 | Inf 55 43546.87 43550.91 | Div 0.11 0.08 | Feas 0.28 1.00 | Pen 2.75 0.10
It  77000    379 | T(s) 870.68 | Feas 51 43551.84 43556.04 | Inf 45 43547.04 43550.75 | Div 0.09 0.09 | Feas 0.25 1.00 | Pen 2.81 0.10
It  77500    218 | T(s) 875.75 | Feas 31 43549.81 43583.61 | Inf 41 43548.05 43560.60 | Div 0.17 0.12 | Feas 0.23 1.00 | Pen 3.37 0.10
It  78000    247 | T(s) 880.54 | Feas 45 43548.70 43565.20 | Inf 58 43547.38 43555.57 | Div 0.13 0.11 | Feas 0.32 1.00 | Pen 2.92 0.10
It  78500    747 | T(s) 885.25 | Feas 31 43548.70 43570.36 | Inf 55 43547.47 43552.09 | Div 0.15 0.09 | Feas 0.21 1.00 | Pen 2.98 0.10
It  79000   1247 | T(s) 889.93 | Feas 28 43548.70 43579.66 | Inf 47 43548.33 43562.40 | Div 0.16 0.12 | Feas 0.32 1.00 | Pen 3.64 0.10
It  79500   1747 | T(s) 894.95 | Feas 30 43548.70 43573.02 | Inf 33 43547.48 43558.93 | Div 0.16 0.13 | Feas 0.14 1.00 | Pen 3.16 0.10
It  80000   2247 | T(s) 899.68 | Feas 29 43548.70 43569.50 | Inf 55 43546.64 43553.97 | Div 0.15 0.11 | Feas 0.22 1.00 | Pen 2.74 0.10
It  80500   2747 | T(s) 904.19 | Feas 32 43548.70 43556.90 | Inf 42 43546.58 43551.31 | Div 0.11 0.10 | Feas 0.22 1.00 | Pen 2.79 0.10
It  81000   3247 | T(s) 908.65 | Feas 34 43548.70 43558.78 | Inf 31 43546.58 43552.67 | Div 0.12 0.10 | Feas 0.17 1.00 | Pen 2.79 0.10
It  81500    397 | T(s) 912.74 | Feas 41 43548.52 43551.16 | Inf 51 43545.74 43547.84 | Div 0.06 0.06 | Feas 0.18 1.00 | Pen 2.38 0.10
It  82000    897 | T(s) 917.00 | Feas 28 43548.52 43555.92 | Inf 45 43545.83 43547.42 | Div 0.10 0.05 | Feas 0.12 1.00 | Pen 2.42 0.10
It  82500   1397 | T(s) 920.94 | Feas 57 43548.52 43550.59 | Inf 33 43546.80 43548.91 | Div 0.05 0.06 | Feas 0.25 1.00 | Pen 2.91 0.10
It  83000   1897 | T(s) 925.00 | Feas 56 43548.52 43551.02 | Inf 47 43546.80 43549.48 | Div 0.06 0.07 | Feas 0.25 1.00 | Pen 2.91 0.10
It  83500   2397 | T(s) 929.19 | Feas 51 43548.52 43550.85 | Inf 26 43545.93 43553.48 | Div 0.06 0.11 | Feas 0.21 1.00 | Pen 2.47 0.10
It  84000   2897 | T(s) 933.37 | Feas 61 43548.52 43550.59 | Inf 64 43546.92 43548.74 | Div 0.05 0.06 | Feas 0.15 1.00 | Pen 2.97 0.10
It  84500   3397 | T(s) 937.45 | Feas 47 43548.52 43550.30 | Inf 40 43546.01 43547.76 | Div 0.05 0.07 | Feas 0.21 1.00 | Pen 2.52 0.10
It  85000   3897 | T(s) 941.27 | Feas 29 43548.52 43551.84 | Inf 33 43545.00 43547.48 | Div 0.08 0.07 | Feas 0.02 1.00 | Pen 2.19 0.10
It  85500   4397 | T(s) 945.27 | Feas 41 43548.52 43549.46 | Inf 65 43544.24 43545.19 | Div 0.03 0.04 | Feas 0.26 1.00 | Pen 1.93 0.10
It  86000   4897 | T(s) 949.04 | Feas 45 43548.52 43549.51 | Inf 57 43544.36 43545.50 | Div 0.03 0.04 | Feas 0.26 1.00 | Pen 1.97 0.10
It  86500    497 | T(s) 952.94 | Feas 52 43547.83 43550.54 | Inf 44 43545.03 43548.15 | Div 0.06 0.07 | Feas 0.25 1.00 | Pen 2.37 0.10
It  87000    997 | T(s) 956.62 | Feas 46 43547.83 43549.84 | Inf 60 43544.32 43545.80 | Div 0.05 0.05 | Feas 0.26 1.00 | Pen 2.01 0.10
It  87500   1497 | T(s) 960.31 | Feas 49 43547.83 43548.42 | Inf 55 43544.48 43545.83 | Div 0.02 0.05 | Feas 0.05 1.00 | Pen 2.09 0.10
It  88000   1997 | T(s) 964.13 | Feas 65 43547.83 43548.29 | Inf 33 43543.66 43545.67 | Div 0.02 0.06 | Feas 0.26 1.00 | Pen 1.78 0.10
It  88500   2497 | T(s) 968.06 | Feas 28 43547.83 43549.04 | Inf 30 43544.65 43554.57 | Div 0.05 0.09 | Feas 0.20 1.00 | Pen 2.18 0.10
It  89000   2997 | T(s) 971.90 | Feas 51 43547.83 43548.31 | Inf 59 43544.83 43545.86 | Div 0.03 0.04 | Feas 0.25 1.00 | Pen 2.26 0.10
It  89500   3497 | T(s) 975.42 | Feas 61 43547.83 43548.25 | Inf 35 43544.15 43545.43 | Div 0.02 0.05 | Feas 0.22 1.00 | Pen 1.92 0.10
It  90000    288 | T(s) 979.29 | Feas 49 43547.82 43549.07 | Inf 35 43544.92 43546.37 | Div 0.04 0.05 | Feas 0.22 1.00 | Pen 2.31 0.10
It  90500    343 | T(s) 983.29 | Feas 56 43546.26 43547.43 | Inf 49 43544.22 43545.45 | Div 0.03 0.05 | Feas 0.22 1.00 | Pen 1.96 0.10
It  91000    843 | T(s) 987.45 | Feas 37 43546.26 43549.34 | Inf 47 43545.01 43546.27 | Div 0.05 0.05 | Feas 0.22 1.00 | Pen 2.36 0.10
It  91500   1343 | T(s) 991.20 | Feas 36 43546.26 43547.38 | Inf 33 43545.01 43547.77 | Div 0.04 0.07 | Feas 0.17 1.00 | Pen 2.36 0.10
It  92000   1843 | T(s) 994.99 | Feas 61 43546.26 43546.77 | Inf 55 43544.30 43545.39 | Div 0.02 0.04 | Feas 0.17 1.00 | Pen 2.00 0.10
It  92500   2343 | T(s) 999.13 | Feas 34 43546.26 43547.75 | Inf 48 43544.65 43545.97 | Div 0.04 0.05 | Feas 0.09 1.00 | Pen 2.08 0.10
It  93000   2843 | T(s) 1002.91 | Feas 31 43546.26 43549.08 | Inf 26 43544.78 43547.26 | Div 0.05 0.08 | Feas 0.14 1.00 | Pen 2.13 0.10
It  93500   3343 | T(s) 1006.95 | Feas 33 43546.26 43547.83 | Inf 63 43545.50 43547.48 | Div 0.05 0.06 | Feas 0.20 1.00 | Pen 2.60 0.10
It  94000   3843 | T(s) 1010.78 | Feas 58 43546.26 43546.71 | Inf 36 43544.04 43545.88 | Div 0.02 0.07 | Feas 0.26 1.00 | Pen 1.88 0.10
It  94500   4343 | T(s) 1014.71 | Feas 43 43546.26 43546.81 | Inf 61 43544.13 43545.90 | Div 0.03 0.06 | Feas 0.31 1.00 | Pen 1.92 0.10
It  95000   4843 | T(s) 1018.53 | Feas 46 43546.26 43546.65 | Inf 52 43543.19 43544.73 | Div 0.02 0.05 | Feas 0.28 1.00 | Pen 1.66 0.10
It  95500   5343 | T(s) 1022.68 | Feas 48 43546.26 43546.85 | Inf 55 43544.37 43545.53 | Div 0.03 0.05 | Feas 0.18 1.00 | Pen 2.03 0.10
It  96000   5843 | T(s) 1026.92 | Feas 44 43546.26 43546.79 | Inf 52 43545.28 43548.53 | Div 0.03 0.07 | Feas 0.20 1.00 | Pen 2.49 0.10
It  96500   6343 | T(s) 1030.68 | Feas 58 43546.26 43546.48 | Inf 41 43544.62 43546.48 | Div 0.01 0.07 | Feas 0.21 1.00 | Pen 2.16 0.10
It  97000   6843 | T(s) 1034.30 | Feas 27 43546.26 43548.73 | Inf 52 43544.01 43546.71 | Div 0.06 0.07 | Feas 0.26 1.00 | Pen 1.87 0.10
It  97500   7343 | T(s) 1038.35 | Feas 44 43546.26 43546.99 | Inf 44 43544.79 43546.58 | Div 0.04 0.06 | Feas 0.22 1.00 | Pen 2.25 0.10
It  98000   7843 | T(s) 1042.05 | Feas 28 43546.26 43547.15 | Inf 61 43544.12 43545.61 | Div 0.04 0.06 | Feas 0.23 1.00 | Pen 1.91 0.10
It  98500   8343 | T(s) 1045.88 | Feas 62 43546.26 43546.60 | Inf 42 43544.12 43545.41 | Div 0.02 0.05 | Feas 0.24 1.00 | Pen 1.91 0.10
It  99000   8843 | T(s) 1049.72 | Feas 46 43546.26 43546.71 | Inf 29 43544.12 43550.57 | Div 0.02 0.08 | Feas 0.19 1.00 | Pen 1.91 0.10
It  99500   9343 | T(s) 1053.73 | Feas 60 43546.26 43546.76 | Inf 26 43544.19 43548.24 | Div 0.03 0.08 | Feas 0.20 1.00 | Pen 1.95 0.10
It 100000   9843 | T(s) 1057.62 | Feas 51 43546.26 43547.02 | Inf 50 43544.27 43545.16 | Div 0.03 0.05 | Feas 0.18 1.00 | Pen 1.99 0.10
It 100500  10343 | T(s) 1061.50 | Feas 39 43546.26 43547.84 | Inf 42 43545.06 43546.25 | Div 0.05 0.05 | Feas 0.25 1.00 | Pen 2.38 0.10
It 101000  10843 | T(s) 1065.51 | Feas 60 43546.26 43547.25 | Inf 34 43545.16 43547.41 | Div 0.04 0.07 | Feas 0.19 1.00 | Pen 2.43 0.10
It 101500  11343 | T(s) 1069.29 | Feas 27 43546.26 43548.03 | Inf 30 43543.67 43546.05 | Div 0.05 0.07 | Feas 0.34 1.00 | Pen 1.76 0.10
It 102000  11843 | T(s) 1073.27 | Feas 63 43546.26 43546.71 | Inf 27 43544.51 43548.84 | Div 0.02 0.08 | Feas 0.25 1.00 | Pen 2.11 0.10
It 102500  12343 | T(s) 1076.95 | Feas 36 43546.26 43546.77 | Inf 53 43544.60 43545.29 | Div 0.03 0.04 | Feas 0.25 1.00 | Pen 2.15 0.10
It 103000  12843 | T(s) 1081.32 | Feas 50 43546.26 43547.04 | Inf 44 43543.99 43546.17 | Div 0.04 0.07 | Feas 0.26 1.00 | Pen 1.86 0.10
It 103500  13343 | T(s) 1085.13 | Feas 35 43546.26 43547.25 | Inf 25 43544.10 43546.87 | Div 0.04 0.07 | Feas 0.23 1.00 | Pen 1.90 0.10
It 104000  13843 | T(s) 1088.97 | Feas 48 43546.26 43546.67 | Inf 52 43544.10 43544.98 | Div 0.02 0.05 | Feas 0.19 1.00 | Pen 1.90 0.10
It 104500  14343 | T(s) 1092.75 | Feas 60 43546.26 43546.54 | Inf 33 43544.10 43545.23 | Div 0.01 0.06 | Feas 0.24 1.00 | Pen 1.90 0.10
It 105000    285 | T(s) 1096.84 | Feas 29 43544.90 43551.50 | Inf 34 43545.77 43551.10 | Div 0.06 0.07 | Feas 0.15 1.00 | Pen 2.74 0.10
It 105500    422 | T(s) 1101.51 | Feas 55 43544.74 43553.60 | Inf 65 43545.88 43565.95 | Div 0.08 0.12 | Feas 0.21 1.00 | Pen 2.79 0.10
It 106000     67 | T(s) 1106.38 | Feas 64 43544.36 43550.00 | Inf 49 43543.17 43563.37 | Div 0.08 0.13 | Feas 0.23 1.00 | Pen 2.37 0.10
It 106500    567 | T(s) 1110.92 | Feas 37 43544.36 43547.03 | Inf 35 43543.24 43553.10 | Div 0.06 0.11 | Feas 0.20 1.00 | Pen 2.42 0.10
It 107000   1067 | T(s) 1115.25 | Feas 33 43544.36 43548.53 | Inf 26 43541.80 43552.76 | Div 0.08 0.11 | Feas 0.14 1.00 | Pen 2.47 0.10
It 107500    472 | T(s) 1119.59 | Feas 43 43542.80 43545.05 | Inf 39 43540.47 43548.59 | Div 0.04 0.10 | Feas 0.27 1.00 | Pen 1.82 0.10
It 108000     33 | T(s) 1123.84 | Feas 41 43542.80 43545.50 | Inf 28 43540.55 43547.85 | Div 0.05 0.09 | Feas 0.30 1.00 | Pen 1.86 0.10
It 108500    166 | T(s) 1128.64 | Feas 49 43542.34 43543.98 | Inf 56 43540.26 43542.55 | Div 0.04 0.05 | Feas 0.15 1.00 | Pen 1.93 0.10
It 109000    666 | T(s) 1132.87 | Feas 65 43542.34 43543.16 | Inf 32 43539.75 43542.48 | Div 0.02 0.06 | Feas 0.16 1.00 | Pen 1.67 0.10
It 109500   1166 | T(s) 1138.19 | Feas 61 43542.34 43542.89 | Inf 65 43549.05 43589.05 | Div 0.02 0.13 | Feas 0.20 1.00 | Pen 2.05 0.10
It 110000   1666 | T(s) 1143.31 | Feas 57 43542.34 43542.91 | Inf 34 43486.72 43634.66 | Div 0.02 0.29 | Feas 0.21 1.00 | Pen 1.48 0.10
It 110500   2166 | T(s) 1148.48 | Feas 53 43542.34 43542.63 | Inf 58 43545.54 43550.82 | Div 0.01 0.08 | Feas 0.28 1.00 | Pen 1.54 0.10
It 111000   2666 | T(s) 1153.82 | Feas 60 43542.34 43542.64 | Inf 55 43540.99 43553.46 | Div 0.01 0.11 | Feas 0.19 1.00 | Pen 1.54 0.10
It 111500   3166 | T(s) 1159.00 | Feas 64 43542.34 43542.93 | Inf 58 43541.60 43546.99 | Div 0.02 0.08 | Feas 0.11 1.00 | Pen 1.85 0.10
It 112000   3666 | T(s) 1163.14 | Feas 33 43542.34 43542.96 | Inf 51 43541.60 43545.04 | Div 0.02 0.08 | Feas 0.23 1.00 | Pen 1.85 0.10
It 112500   4166 | T(s) 1167.21 | Feas 60 43542.34 43542.78 | Inf 64 43539.54 43543.33 | Div 0.02 0.07 | Feas 0.22 1.00 | Pen 1.57 0.10
It 113000   4666 | T(s) 1173.22 | Feas 27 43542.34 43544.91 | Inf 29 43750.99 44077.59 | Div 0.07 0.31 | Feas 0.01 1.00 | Pen 1.60 0.10
It 113500   5166 | T(s) 1179.22 | Feas 49 43542.34 43542.75 | Inf 30 43542.13 43572.25 | Div 0.02 0.14 | Feas 0.22 1.00 | Pen 1.92 0.10
It 114000   5666 | T(s) 1183.60 | Feas 34 43542.34 43542.91 | Inf 47 43541.55 43549.72 | Div 0.02 0.09 | Feas 0.24 1.00 | Pen 1.63 0.10
It 114500   6166 | T(s) 1188.82 | Feas 28 43542.34 43543.18 | Inf 35 43542.53 43578.78 | Div 0.03 0.13 | Feas 0.23 1.00 | Pen 1.67 0.10
It 115000   6666 | T(s) 1194.61 | Feas 60 43542.34 43542.77 | Inf 38 43549.39 43603.02 | Div 0.02 0.17 | Feas 0.11 1.00 | Pen 2.45 0.10
It 115500   7166 | T(s) 1198.78 | Feas 58 43542.34 43542.75 | Inf 28 43544.30 43553.73 | Div 0.01 0.10 | Feas 0.22 1.00 | Pen 1.50 0.10
It 116000   7666 | T(s) 1205.37 | Feas 55 43542.34 43542.97 | Inf 29 43559.65 43954.44 | Div 0.03 0.28 | Feas 0.10 1.00 | Pen 1.81 0.10
It 116500   8166 | T(s) 1212.59 | Feas 64 43542.34 43551.47 | Inf 63 43686.65 43898.67 | Div 0.06 0.28 | Feas 0.00 1.00 | Pen 1.56 0.10
It 117000   8666 | T(s) 1218.38 | Feas 35 43542.34 43543.83 | Inf 62 43542.53 43571.56 | Div 0.04 0.11 | Feas 0.28 1.00 | Pen 1.92 0.10
It 117500   9166 | T(s) 1222.74 | Feas 29 43542.34 43543.17 | Inf 28 43541.96 43556.18 | Div 0.03 0.11 | Feas 0.24 1.00 | Pen 1.63 0.10
It 118000   9666 | T(s) 1227.49 | Feas 45 43542.34 43542.74 | Inf 27 43542.58 43561.88 | Div 0.01 0.14 | Feas 0.22 1.00 | Pen 1.95 0.10
It 118500  10166 | T(s) 1232.00 | Feas 33 43542.34 43543.08 | Inf 57 43541.90 43547.07 | Div 0.03 0.09 | Feas 0.19 1.00 | Pen 1.95 0.10
It 119000  10666 | T(s) 1237.47 | Feas 42 43542.34 43543.04 | Inf 38 43550.02 43866.03 | Div 0.03 0.26 | Feas 0.11 1.00 | Pen 1.69 0.10
It 119500  11166 | T(s) 1242.56 | Feas 33 43542.34 43542.91 | Inf 58 43543.56 43548.15 | Div 0.02 0.07 | Feas 0.33 1.00 | Pen 1.73 0.10
It 120000  11666 | T(s) 1246.88 | Feas 37 43542.34 43542.92 | Inf 40 43541.28 43547.68 | Div 0.02 0.08 | Feas 0.19 1.00 | Pen 1.73 0.10
It 120500  12166 | T(s) 1253.60 | Feas 43 43542.34 43542.85 | Inf 34 43545.85 43630.72 | Div 0.02 0.19 | Feas 0.18 1.00 | Pen 1.76 0.10
It 121000  12666 | T(s) 1258.39 | Feas 41 43542.34 43542.89 | Inf 55 43543.14 43548.94 | Div 0.02 0.07 | Feas 0.19 1.00 | Pen 1.50 0.10
It 121500  13166 | T(s) 1265.95 | Feas 53 43542.34 43542.90 | Inf 30 43544.20 43572.08 | Div 0.02 0.11 | Feas 0.12 1.00 | Pen 2.20 0.10
It 122000  13666 | T(s) 1270.48 | Feas 55 43542.34 43542.58 | Inf 38 43543.62 43551.87 | Div 0.01 0.08 | Feas 0.21 1.00 | Pen 1.62 0.10
It 122500  14166 | T(s) 1275.18 | Feas 64 43542.34 43542.72 | Inf 60 43541.74 43546.16 | Div 0.01 0.07 | Feas 0.25 1.00 | Pen 1.62 0.10
It 123000  14666 | T(s) 1279.73 | Feas 29 43542.34 43543.37 | Inf 49 43540.59 43545.96 | Div 0.04 0.07 | Feas 0.17 1.00 | Pen 1.62 0.10
It 123500  15166 | T(s) 1285.82 | Feas 41 43542.34 43542.99 | Inf 44 43540.88 43584.43 | Div 0.03 0.12 | Feas 0.28 1.00 | Pen 1.69 0.10
It 124000  15666 | T(s) 1291.23 | Feas 48 43542.34 43542.75 | Inf 30 43543.39 43584.53 | Div 0.01 0.14 | Feas 0.26 1.00 | Pen 1.46 0.10
It 124500  16166 | T(s) 1298.07 | Feas 31 43542.34 43543.56 | Inf 47 43544.38 43584.52 | Div 0.03 0.12 | Feas 0.20 1.00 | Pen 2.11 0.10
It 125000  16666 | T(s) 1302.37 | Feas 47 43542.34 43542.76 | Inf 43 43543.26 43554.15 | Div 0.02 0.10 | Feas 0.43 1.00 | Pen 1.83 0.10
It 125500  17166 | T(s) 1306.61 | Feas 51 43542.34 43542.75 | Inf 28 43541.27 43553.76 | Div 0.02 0.12 | Feas 0.23 1.00 | Pen 1.55 0.10
It 126000  17666 | T(s) 1313.52 | Feas 65 43542.34 43542.75 | Inf 31 43543.26 43573.50 | Div 0.02 0.12 | Feas 0.29 1.00 | Pen 1.61 0.10
It 126500  18166 | T(s) 1318.95 | Feas 30 43542.34 43543.27 | Inf 63 43543.62 43587.56 | Div 0.03 0.11 | Feas 0.12 1.00 | Pen 1.98 0.10
It 127000  18666 | T(s) 1323.12 | Feas 63 43542.34 43542.53 | Inf 64 43543.36 43546.46 | Div 0.01 0.05 | Feas 0.22 1.00 | Pen 1.71 0.10
It 127500  19166 | T(s) 1329.38 | Feas 62 43542.34 43542.71 | Inf 60 43544.05 43658.56 | Div 0.01 0.17 | Feas 0.11 1.00 | Pen 2.10 0.10
It 128000  19666 | T(s) 1336.50 | Feas 51 43542.34 43542.74 | Inf 53 43546.07 43662.60 | Div 0.01 0.22 | Feas 0.17 1.00 | Pen 1.55 0.10
----- GENETIC ALGORITHM FINISHED AFTER 128336 ITERATIONS. TIME SPENT: 1340.69
----- WRITING BEST SOLUTION IN : baseline_results/cvrp_hgs/Vrp-Set-X-n716/Vrp-Set-X-n716-hgs/0.hgs1.tour
