=========== Algorithm Parameters =================
---- nbGranular        is set to 20
---- mu                is set to 25
---- lambda            is set to 40
---- nbElite           is set to 4
---- nbClose           is set to 5
---- targetFeasible    is set to 0.2
---- seed              is set to 1234
---- nbIter            is set to 20000
---- timeLimit         is set to 0
---- useSwapStar       is set to 1
==================================================
----- READING INSTANCE: baseline_results/cvrp_hgs/Vrp-Set-X-n783/Vrp-Set-X-n783-hgs/0.hgs1.vrp
----- FLEET SIZE WAS NOT SPECIFIED: DEFAULT INITIALIZATION TO 65 VEHICLES
----- INSTANCE SUCCESSFULLY LOADED WITH 782 CLIENTS AND 65 VEHICLES
----- BUILDING INITIAL POPULATION
----- STARTING GENETIC ALGORITHM
It      0      2 | T(s) 3.88 | Feas 57 75719.24 76524.35 | Inf 5 76238.61 77098.27 | Div 0.61 0.63 | Feas 0.96 1.00 | Pen 11.47 0.85
It    500      6 | T(s) 12.88 | Feas 26 74922.52 75582.77 | Inf 34 74985.03 75288.95 | Div 0.60 0.56 | Feas 0.16 1.00 | Pen 5.99 0.38
It   1000     24 | T(s) 21.28 | Feas 45 74483.64 74931.05 | Inf 59 74473.15 74887.54 | Div 0.51 0.52 | Feas 0.24 1.00 | Pen 7.19 0.17
It   1500     50 | T(s) 29.04 | Feas 49 74311.32 74621.68 | Inf 32 74309.19 74718.27 | Div 0.48 0.52 | Feas 0.16 1.00 | Pen 6.11 0.10
It   2000    148 | T(s) 36.94 | Feas 48 74150.68 74522.72 | Inf 62 74133.77 74492.06 | Div 0.49 0.48 | Feas 0.27 1.00 | Pen 6.23 0.10
It   2500     24 | T(s) 44.68 | Feas 56 74078.32 74373.12 | Inf 57 74107.04 74295.26 | Div 0.46 0.44 | Feas 0.13 1.00 | Pen 7.63 0.10
It   3000      5 | T(s) 52.15 | Feas 43 74041.85 74366.17 | Inf 28 74022.38 74457.03 | Div 0.44 0.51 | Feas 0.20 1.00 | Pen 6.48 0.10
It   3500     12 | T(s) 59.66 | Feas 42 73994.65 74283.39 | Inf 62 73984.70 74166.78 | Div 0.47 0.44 | Feas 0.21 1.00 | Pen 6.48 0.10
It   4000    512 | T(s) 67.12 | Feas 55 73994.65 74178.22 | Inf 59 73989.06 74172.41 | Div 0.41 0.44 | Feas 0.14 1.00 | Pen 7.94 0.10
It   4500     47 | T(s) 74.33 | Feas 53 73949.22 74122.29 | Inf 34 73979.61 74115.42 | Div 0.39 0.45 | Feas 0.29 1.00 | Pen 5.85 0.10
It   5000    547 | T(s) 81.48 | Feas 30 73949.22 74161.73 | Inf 45 73933.09 74104.44 | Div 0.43 0.44 | Feas 0.13 1.00 | Pen 8.59 0.10
It   5500   1047 | T(s) 88.80 | Feas 37 73949.22 74073.60 | Inf 59 73853.37 74038.93 | Div 0.40 0.41 | Feas 0.07 1.00 | Pen 7.45 0.10
It   6000    186 | T(s) 96.15 | Feas 33 73910.73 74115.42 | Inf 51 73876.72 74089.48 | Div 0.43 0.44 | Feas 0.15 1.00 | Pen 9.12 0.10
It   6500    153 | T(s) 103.35 | Feas 44 73900.98 74071.56 | Inf 30 73861.96 74230.56 | Div 0.43 0.50 | Feas 0.11 1.00 | Pen 8.06 0.10
It   7000    653 | T(s) 110.68 | Feas 44 73900.98 74136.01 | Inf 64 73866.52 74084.50 | Div 0.45 0.44 | Feas 0.16 1.00 | Pen 8.39 0.10
It   7500   1153 | T(s) 117.87 | Feas 51 73900.98 74159.64 | Inf 29 73850.91 74128.11 | Div 0.45 0.48 | Feas 0.25 1.00 | Pen 7.27 0.10
It   8000    301 | T(s) 124.83 | Feas 45 73803.31 74047.81 | Inf 61 73761.92 73957.38 | Div 0.44 0.41 | Feas 0.23 1.00 | Pen 8.90 0.10
It   8500    801 | T(s) 131.92 | Feas 57 73803.31 73992.50 | Inf 38 73760.58 73956.94 | Div 0.43 0.43 | Feas 0.17 1.00 | Pen 7.57 0.10
It   9000   1301 | T(s) 139.24 | Feas 57 73803.31 74096.65 | Inf 27 73760.58 74005.68 | Div 0.46 0.47 | Feas 0.22 1.00 | Pen 7.57 0.10
It   9500   1801 | T(s) 146.59 | Feas 63 73803.31 74033.57 | Inf 51 73718.01 73884.10 | Div 0.44 0.40 | Feas 0.12 1.00 | Pen 7.72 0.10
It  10000      5 | T(s) 153.62 | Feas 44 73791.21 73976.03 | Inf 43 73713.95 73802.75 | Div 0.44 0.31 | Feas 0.23 1.00 | Pen 7.72 0.10
It  10500     41 | T(s) 160.53 | Feas 49 73661.01 73887.83 | Inf 32 73687.05 73832.30 | Div 0.40 0.40 | Feas 0.27 1.00 | Pen 8.03 0.10
It  11000    541 | T(s) 167.47 | Feas 65 73661.01 73851.49 | Inf 58 73654.05 73784.81 | Div 0.37 0.35 | Feas 0.23 1.00 | Pen 8.03 0.10
It  11500    442 | T(s) 174.34 | Feas 40 73617.03 73827.90 | Inf 49 73603.43 73763.35 | Div 0.36 0.33 | Feas 0.20 1.00 | Pen 8.19 0.10
It  12000    942 | T(s) 180.95 | Feas 27 73617.03 73793.04 | Inf 59 73602.35 73693.61 | Div 0.38 0.28 | Feas 0.20 1.00 | Pen 7.10 0.10
It  12500   1442 | T(s) 187.45 | Feas 38 73617.03 73735.29 | Inf 34 73569.03 73714.35 | Div 0.33 0.34 | Feas 0.17 1.00 | Pen 7.39 0.10
It  13000    402 | T(s) 193.99 | Feas 49 73589.83 73750.39 | Inf 50 73485.06 73705.10 | Div 0.36 0.35 | Feas 0.24 1.00 | Pen 7.53 0.10
It  13500     94 | T(s) 200.38 | Feas 62 73500.24 73654.79 | Inf 37 73479.41 73697.91 | Div 0.30 0.37 | Feas 0.20 1.00 | Pen 6.40 0.10
It  14000    372 | T(s) 206.62 | Feas 65 73446.14 73617.19 | Inf 43 73485.81 73635.54 | Div 0.30 0.35 | Feas 0.21 1.00 | Pen 7.68 0.10
It  14500    872 | T(s) 213.18 | Feas 56 73446.14 73624.53 | Inf 65 73467.35 73588.92 | Div 0.33 0.32 | Feas 0.24 1.00 | Pen 7.84 0.10
It  15000   1372 | T(s) 219.53 | Feas 27 73446.14 73566.81 | Inf 53 73450.31 73574.62 | Div 0.33 0.32 | Feas 0.13 1.00 | Pen 8.00 0.10
It  15500    309 | T(s) 225.80 | Feas 26 73393.23 73556.36 | Inf 42 73449.25 73611.48 | Div 0.33 0.35 | Feas 0.17 1.00 | Pen 6.93 0.10
It  16000    809 | T(s) 232.19 | Feas 63 73393.23 73543.57 | Inf 28 73402.03 73613.66 | Div 0.29 0.38 | Feas 0.21 1.00 | Pen 7.07 0.10
It  16500   1309 | T(s) 238.48 | Feas 47 73393.23 73521.38 | Inf 63 73402.03 73514.58 | Div 0.30 0.29 | Feas 0.18 1.00 | Pen 7.07 0.10
It  17000    451 | T(s) 244.89 | Feas 64 73384.18 73516.05 | Inf 47 73406.60 73596.12 | Div 0.29 0.34 | Feas 0.15 1.00 | Pen 7.36 0.10
It  17500    951 | T(s) 251.35 | Feas 38 73384.18 73517.62 | Inf 30 73400.31 73579.33 | Div 0.31 0.34 | Feas 0.20 1.00 | Pen 7.36 0.10
It  18000   1451 | T(s) 257.95 | Feas 39 73384.18 73498.88 | Inf 46 73400.31 73632.19 | Div 0.29 0.35 | Feas 0.22 1.00 | Pen 7.36 0.10
It  18500   1951 | T(s) 264.44 | Feas 65 73384.18 73449.61 | Inf 65 73400.31 73489.44 | Div 0.23 0.28 | Feas 0.25 1.00 | Pen 7.36 0.10
It  19000   2451 | T(s) 270.73 | Feas 27 73384.18 73524.20 | Inf 48 73388.85 73495.04 | Div 0.32 0.31 | Feas 0.20 1.00 | Pen 7.36 0.10
It  19500   2951 | T(s) 277.01 | Feas 36 73384.18 73497.14 | Inf 45 73375.76 73514.23 | Div 0.29 0.32 | Feas 0.08 1.00 | Pen 7.65 0.10
It  20000   3451 | T(s) 283.62 | Feas 50 73384.18 73487.06 | Inf 32 73365.85 73530.20 | Div 0.29 0.33 | Feas 0.19 1.00 | Pen 6.64 0.10
It  20500    425 | T(s) 290.28 | Feas 42 73342.98 73471.04 | Inf 34 73345.89 73582.57 | Div 0.29 0.37 | Feas 0.14 1.00 | Pen 9.75 0.10
It  21000    925 | T(s) 296.66 | Feas 38 73342.98 73444.87 | Inf 48 73326.96 73500.12 | Div 0.29 0.35 | Feas 0.18 1.00 | Pen 7.04 0.10
It  21500   1425 | T(s) 303.11 | Feas 64 73342.98 73487.10 | Inf 40 73326.96 73522.68 | Div 0.28 0.36 | Feas 0.20 1.00 | Pen 7.04 0.10
It  22000   1925 | T(s) 309.53 | Feas 37 73342.98 73451.94 | Inf 35 73336.82 73508.23 | Div 0.30 0.35 | Feas 0.24 1.00 | Pen 8.45 0.10
It  22500     67 | T(s) 315.85 | Feas 39 73327.15 73439.85 | Inf 49 73327.94 73504.24 | Div 0.30 0.35 | Feas 0.28 1.00 | Pen 7.18 0.10
It  23000    409 | T(s) 322.19 | Feas 28 73316.07 73491.09 | Inf 29 73321.26 73578.28 | Div 0.32 0.38 | Feas 0.26 1.00 | Pen 6.23 0.10
It  23500    909 | T(s) 328.76 | Feas 41 73316.07 73459.00 | Inf 34 73329.98 73542.56 | Div 0.31 0.38 | Feas 0.19 1.00 | Pen 7.47 0.10
It  24000     46 | T(s) 335.33 | Feas 35 73313.12 73470.15 | Inf 63 73322.13 73485.22 | Div 0.32 0.34 | Feas 0.26 1.00 | Pen 6.35 0.10
It  24500    546 | T(s) 342.00 | Feas 60 73313.12 73417.73 | Inf 55 73332.09 73541.50 | Div 0.29 0.37 | Feas 0.22 1.00 | Pen 7.77 0.10
It  25000   1046 | T(s) 348.60 | Feas 65 73313.12 73377.16 | Inf 47 73323.93 73492.34 | Div 0.24 0.36 | Feas 0.16 1.00 | Pen 6.61 0.10
It  25500   1546 | T(s) 355.22 | Feas 35 73313.12 73381.51 | Inf 43 73334.29 73525.19 | Div 0.29 0.36 | Feas 0.20 1.00 | Pen 8.09 0.10
It  26000    141 | T(s) 361.85 | Feas 63 73251.52 73351.63 | Inf 59 73290.84 73489.90 | Div 0.24 0.35 | Feas 0.22 1.00 | Pen 6.88 0.10
It  26500    641 | T(s) 368.27 | Feas 39 73251.52 73412.62 | Inf 51 73241.57 73478.31 | Div 0.34 0.36 | Feas 0.26 1.00 | Pen 7.15 0.10
It  27000   1141 | T(s) 375.02 | Feas 33 73251.52 73453.17 | Inf 36 73242.14 73471.31 | Div 0.34 0.36 | Feas 0.25 1.00 | Pen 7.30 0.10
It  27500   1641 | T(s) 381.73 | Feas 39 73251.52 73375.37 | Inf 65 73241.45 73366.95 | Div 0.31 0.30 | Feas 0.30 1.00 | Pen 7.44 0.10
It  28000    313 | T(s) 387.92 | Feas 65 73241.29 73307.95 | Inf 54 73223.36 73362.80 | Div 0.24 0.32 | Feas 0.18 1.00 | Pen 7.44 0.10
It  28500    156 | T(s) 394.28 | Feas 53 73195.38 73307.13 | Inf 41 73178.91 73295.84 | Div 0.28 0.29 | Feas 0.30 1.00 | Pen 7.59 0.10
It  29000    656 | T(s) 400.66 | Feas 46 73195.38 73322.36 | Inf 65 73170.28 73292.42 | Div 0.29 0.26 | Feas 0.23 1.00 | Pen 7.74 0.10
It  29500    299 | T(s) 406.89 | Feas 65 73193.01 73277.46 | Inf 41 73167.19 73318.59 | Div 0.25 0.30 | Feas 0.26 1.00 | Pen 6.71 0.10
It  30000    243 | T(s) 413.14 | Feas 28 73183.93 73327.95 | Inf 32 73164.97 73237.04 | Div 0.28 0.23 | Feas 0.26 1.00 | Pen 6.98 0.10
It  30500    431 | T(s) 419.06 | Feas 53 73174.42 73232.07 | Inf 25 73130.13 73448.64 | Div 0.21 0.33 | Feas 0.19 1.00 | Pen 7.12 0.10
It  31000     28 | T(s) 425.24 | Feas 34 73143.32 73277.74 | Inf 48 73131.28 73257.62 | Div 0.28 0.25 | Feas 0.35 1.00 | Pen 7.41 0.10
It  31500    528 | T(s) 431.37 | Feas 41 73143.32 73231.20 | Inf 34 73131.87 73265.68 | Div 0.25 0.26 | Feas 0.20 1.00 | Pen 7.56 0.10
It  32000   1028 | T(s) 437.60 | Feas 42 73143.32 73225.53 | Inf 61 73120.83 73184.83 | Div 0.25 0.19 | Feas 0.18 1.00 | Pen 7.71 0.10
It  32500    124 | T(s) 443.48 | Feas 58 73127.01 73214.14 | Inf 50 73106.54 73267.60 | Div 0.22 0.25 | Feas 0.23 1.00 | Pen 7.87 0.10
It  33000    624 | T(s) 449.51 | Feas 49 73127.01 73191.82 | Inf 40 73097.72 73218.92 | Div 0.21 0.23 | Feas 0.11 1.00 | Pen 8.02 0.10
It  33500   1124 | T(s) 455.44 | Feas 40 73127.01 73210.33 | Inf 30 73096.24 73265.22 | Div 0.24 0.28 | Feas 0.12 1.00 | Pen 8.18 0.10
It  34000    287 | T(s) 461.29 | Feas 64 73112.62 73152.74 | Inf 50 73091.16 73178.14 | Div 0.18 0.22 | Feas 0.14 1.00 | Pen 8.51 0.10
It  34500    417 | T(s) 467.44 | Feas 30 73098.01 73265.49 | Inf 28 73087.14 73365.32 | Div 0.28 0.33 | Feas 0.27 1.00 | Pen 7.38 0.10
It  35000    917 | T(s) 473.32 | Feas 52 73098.01 73184.14 | Inf 25 73087.14 73273.53 | Div 0.23 0.30 | Feas 0.23 1.00 | Pen 7.38 0.10
It  35500   1417 | T(s) 479.54 | Feas 46 73098.01 73207.08 | Inf 59 73087.14 73196.39 | Div 0.24 0.24 | Feas 0.17 1.00 | Pen 7.38 0.10
It  36000    381 | T(s) 485.59 | Feas 52 73076.21 73155.71 | Inf 32 73087.44 73257.74 | Div 0.21 0.27 | Feas 0.21 1.00 | Pen 7.68 0.10
It  36500     33 | T(s) 491.48 | Feas 45 73064.11 73144.08 | Inf 32 73062.79 73192.62 | Div 0.21 0.24 | Feas 0.21 1.00 | Pen 7.68 0.10
It  37000    533 | T(s) 497.34 | Feas 31 73064.11 73153.52 | Inf 58 73062.79 73117.05 | Div 0.22 0.18 | Feas 0.24 1.00 | Pen 7.68 0.10
It  37500   1033 | T(s) 503.04 | Feas 34 73064.11 73193.14 | Inf 38 73063.25 73103.95 | Div 0.24 0.18 | Feas 0.18 1.00 | Pen 7.83 0.10
It  38000   1533 | T(s) 508.78 | Feas 57 73064.11 73122.51 | Inf 25 73063.25 73227.87 | Div 0.18 0.26 | Feas 0.19 1.00 | Pen 7.83 0.10
It  38500    298 | T(s) 514.50 | Feas 60 73051.99 73110.74 | Inf 50 73051.60 73112.46 | Div 0.17 0.18 | Feas 0.24 1.00 | Pen 7.99 0.10
It  39000    458 | T(s) 520.18 | Feas 27 73038.71 73164.17 | Inf 35 73052.08 73143.77 | Div 0.24 0.22 | Feas 0.24 1.00 | Pen 8.15 0.10
It  39500    958 | T(s) 526.10 | Feas 62 73038.71 73111.95 | Inf 54 73049.25 73131.29 | Div 0.20 0.21 | Feas 0.32 1.00 | Pen 7.21 0.10
It  40000   1458 | T(s) 531.74 | Feas 54 73038.71 73138.03 | Inf 38 73044.18 73129.60 | Div 0.23 0.21 | Feas 0.35 1.00 | Pen 7.35 0.10
It  40500    171 | T(s) 537.27 | Feas 41 73038.13 73098.27 | Inf 27 73044.18 73161.91 | Div 0.19 0.23 | Feas 0.23 1.00 | Pen 7.35 0.10
It  41000    436 | T(s) 542.88 | Feas 46 73027.67 73088.39 | Inf 61 73028.27 73075.08 | Div 0.18 0.16 | Feas 0.17 1.00 | Pen 7.50 0.10
It  41500    936 | T(s) 548.27 | Feas 47 73027.67 73079.33 | Inf 43 73025.66 73092.82 | Div 0.19 0.20 | Feas 0.29 1.00 | Pen 6.63 0.10
It  42000   1436 | T(s) 553.96 | Feas 61 73027.67 73072.58 | Inf 37 73029.64 73254.98 | Div 0.17 0.28 | Feas 0.20 1.00 | Pen 7.96 0.10
It  42500   1936 | T(s) 559.65 | Feas 31 73027.67 73082.16 | Inf 61 73029.64 73129.64 | Div 0.21 0.21 | Feas 0.22 1.00 | Pen 7.96 0.10
It  43000   2436 | T(s) 565.31 | Feas 25 73027.67 73102.66 | Inf 46 73030.12 73090.50 | Div 0.23 0.21 | Feas 0.19 1.00 | Pen 8.12 0.10
It  43500    465 | T(s) 570.78 | Feas 51 73022.02 73057.52 | Inf 35 73025.43 73082.76 | Div 0.17 0.22 | Feas 0.23 1.00 | Pen 8.12 0.10
It  44000    361 | T(s) 576.33 | Feas 60 72994.07 73045.64 | Inf 44 73003.86 73116.33 | Div 0.16 0.23 | Feas 0.24 1.00 | Pen 8.28 0.10
It  44500    861 | T(s) 582.10 | Feas 53 72994.07 73036.92 | Inf 27 73002.62 73214.47 | Div 0.15 0.29 | Feas 0.16 1.00 | Pen 7.04 0.10
It  45000   1361 | T(s) 587.35 | Feas 43 72994.07 73061.19 | Inf 40 72999.60 73062.61 | Div 0.18 0.20 | Feas 0.34 1.00 | Pen 7.32 0.10
It  45500   1861 | T(s) 592.60 | Feas 60 72994.07 73049.29 | Inf 31 72999.60 73119.72 | Div 0.16 0.25 | Feas 0.16 1.00 | Pen 7.32 0.10
It  46000    292 | T(s) 598.06 | Feas 57 72983.72 73017.27 | Inf 49 72999.75 73042.44 | Div 0.11 0.17 | Feas 0.22 1.00 | Pen 7.47 0.10
It  46500    792 | T(s) 603.26 | Feas 44 72983.72 73018.53 | Inf 34 72999.90 73120.11 | Div 0.14 0.24 | Feas 0.22 1.00 | Pen 7.62 0.10
It  47000   1292 | T(s) 608.45 | Feas 46 72983.72 73041.96 | Inf 65 72999.32 73069.25 | Div 0.16 0.21 | Feas 0.19 1.00 | Pen 7.62 0.10
It  47500      7 | T(s) 613.98 | Feas 45 72980.41 73036.72 | Inf 54 73001.02 73077.55 | Div 0.16 0.20 | Feas 0.25 1.00 | Pen 9.32 0.10
It  48000    507 | T(s) 619.81 | Feas 52 72980.41 73017.41 | Inf 43 73001.21 73102.09 | Div 0.14 0.22 | Feas 0.23 1.00 | Pen 9.51 0.10
It  48500    108 | T(s) 625.18 | Feas 64 72979.84 73019.15 | Inf 63 72999.95 73063.58 | Div 0.15 0.20 | Feas 0.21 1.00 | Pen 8.24 0.10
It  49000    608 | T(s) 630.62 | Feas 33 72979.84 73002.40 | Inf 49 73000.11 73027.55 | Div 0.12 0.17 | Feas 0.18 1.00 | Pen 8.41 0.10
It  49500    268 | T(s) 635.62 | Feas 63 72977.02 72996.80 | Inf 46 72997.46 73044.40 | Div 0.12 0.19 | Feas 0.14 1.00 | Pen 8.58 0.10
It  50000    768 | T(s) 640.70 | Feas 65 72977.02 72999.05 | Inf 29 72996.32 73093.46 | Div 0.11 0.22 | Feas 0.16 1.00 | Pen 7.44 0.10
It  50500   1268 | T(s) 646.14 | Feas 61 72977.02 73014.81 | Inf 59 72997.61 73165.75 | Div 0.16 0.25 | Feas 0.21 1.00 | Pen 9.10 0.10
It  51000   1768 | T(s) 651.49 | Feas 33 72977.02 73093.61 | Inf 26 72996.40 73234.36 | Div 0.22 0.30 | Feas 0.38 1.00 | Pen 7.89 0.10
It  51500   2268 | T(s) 657.16 | Feas 45 72977.02 73024.92 | Inf 55 72996.56 73066.37 | Div 0.18 0.21 | Feas 0.23 1.00 | Pen 8.05 0.10
It  52000   2768 | T(s) 662.69 | Feas 59 72977.02 73011.45 | Inf 49 72996.46 73056.33 | Div 0.16 0.20 | Feas 0.18 1.00 | Pen 8.05 0.10
It  52500   3268 | T(s) 668.20 | Feas 25 72977.02 73124.73 | Inf 39 72987.47 73064.90 | Div 0.22 0.21 | Feas 0.25 1.00 | Pen 8.21 0.10
It  53000    277 | T(s) 673.68 | Feas 42 72965.09 73050.74 | Inf 61 72987.80 73050.76 | Div 0.17 0.18 | Feas 0.25 1.00 | Pen 8.38 0.10
It  53500     91 | T(s) 679.11 | Feas 27 72953.96 73050.90 | Inf 51 72970.46 73054.75 | Div 0.20 0.21 | Feas 0.18 1.00 | Pen 7.12 0.10
It  54000    591 | T(s) 684.51 | Feas 53 72953.96 73034.75 | Inf 48 72974.02 73037.00 | Div 0.17 0.18 | Feas 0.18 1.00 | Pen 8.71 0.10
It  54500     34 | T(s) 690.00 | Feas 39 72952.94 73011.96 | Inf 29 72964.42 73063.45 | Div 0.16 0.22 | Feas 0.20 1.00 | Pen 7.41 0.10
It  55000    534 | T(s) 695.34 | Feas 28 72952.94 73034.88 | Inf 62 72948.35 73010.64 | Div 0.21 0.17 | Feas 0.18 1.00 | Pen 7.41 0.10
It  55500     73 | T(s) 700.57 | Feas 45 72947.56 72992.00 | Inf 45 72948.07 72976.77 | Div 0.16 0.12 | Feas 0.17 1.00 | Pen 7.55 0.10
It  56000     52 | T(s) 705.85 | Feas 58 72946.71 72960.91 | Inf 29 72947.42 73032.70 | Div 0.11 0.18 | Feas 0.22 1.00 | Pen 7.71 0.10
It  56500     86 | T(s) 711.28 | Feas 30 72945.11 73011.89 | Inf 57 72947.42 73000.48 | Div 0.17 0.16 | Feas 0.18 1.00 | Pen 7.71 0.10
It  57000    251 | T(s) 716.57 | Feas 59 72935.00 72959.40 | Inf 44 72947.42 73006.56 | Div 0.11 0.18 | Feas 0.21 1.00 | Pen 7.71 0.10
It  57500    751 | T(s) 721.61 | Feas 60 72935.00 72950.11 | Inf 31 72947.42 73003.29 | Div 0.08 0.19 | Feas 0.20 1.00 | Pen 7.71 0.10
It  58000    439 | T(s) 726.72 | Feas 39 72932.17 72957.41 | Inf 43 72946.06 72962.38 | Div 0.11 0.13 | Feas 0.17 1.00 | Pen 6.55 0.10
It  58500    939 | T(s) 731.61 | Feas 30 72932.17 72962.52 | Inf 38 72943.31 72966.87 | Div 0.13 0.14 | Feas 0.18 1.00 | Pen 6.55 0.10
It  59000   1439 | T(s) 736.74 | Feas 54 72932.17 72957.82 | Inf 32 72944.78 73051.82 | Div 0.10 0.20 | Feas 0.14 1.00 | Pen 8.02 0.10
It  59500   1939 | T(s) 741.68 | Feas 39 72932.17 72996.05 | Inf 53 72934.24 72968.85 | Div 0.15 0.14 | Feas 0.14 1.00 | Pen 8.34 0.10
It  60000    218 | T(s) 746.65 | Feas 34 72926.53 72953.16 | Inf 33 72922.69 72976.16 | Div 0.13 0.14 | Feas 0.15 1.00 | Pen 7.23 0.10
It  60500    455 | T(s) 751.56 | Feas 40 72921.73 72944.85 | Inf 59 72921.73 72949.10 | Div 0.11 0.10 | Feas 0.29 1.00 | Pen 6.27 0.10
It  61000    146 | T(s) 756.06 | Feas 28 72919.97 72952.53 | Inf 30 72920.90 72958.77 | Div 0.14 0.14 | Feas 0.16 1.00 | Pen 5.44 0.10
It  61500    646 | T(s) 760.89 | Feas 49 72919.97 72934.19 | Inf 61 72918.78 72937.05 | Div 0.09 0.09 | Feas 0.17 1.00 | Pen 5.54 0.10
It  62000    167 | T(s) 765.88 | Feas 64 72918.86 72928.16 | Inf 57 72919.38 72937.97 | Div 0.06 0.09 | Feas 0.13 1.00 | Pen 6.79 0.10
It  62500    667 | T(s) 770.65 | Feas 45 72918.86 72936.04 | Inf 40 72919.65 72937.80 | Div 0.09 0.08 | Feas 0.13 1.00 | Pen 7.06 0.10
It  63000   1167 | T(s) 775.16 | Feas 40 72918.86 72931.65 | Inf 62 72918.59 72925.48 | Div 0.08 0.04 | Feas 0.17 1.00 | Pen 6.00 0.10
It  63500   1667 | T(s) 779.44 | Feas 40 72918.86 72925.24 | Inf 47 72918.71 72929.63 | Div 0.06 0.07 | Feas 0.24 1.00 | Pen 6.12 0.10
It  64000   2167 | T(s) 783.77 | Feas 28 72918.86 72932.07 | Inf 45 72920.08 72926.04 | Div 0.10 0.04 | Feas 0.14 1.00 | Pen 7.49 0.10
It  64500   2667 | T(s) 787.98 | Feas 37 72918.86 72923.41 | Inf 57 72918.11 72922.94 | Div 0.06 0.04 | Feas 0.21 1.00 | Pen 5.52 0.10
It  65000    292 | T(s) 792.35 | Feas 63 72915.19 72925.05 | Inf 46 72915.97 72935.43 | Div 0.06 0.09 | Feas 0.18 1.00 | Pen 5.52 0.10
It  65500    792 | T(s) 797.28 | Feas 39 72915.19 72927.27 | Inf 43 72916.08 72956.58 | Div 0.08 0.12 | Feas 0.16 1.00 | Pen 5.63 0.10
It  66000   1292 | T(s) 801.85 | Feas 35 72915.19 72925.98 | Inf 51 72914.04 72930.36 | Div 0.08 0.09 | Feas 0.30 1.00 | Pen 4.88 0.10
It  66500   1792 | T(s) 806.39 | Feas 30 72915.19 72927.14 | Inf 50 72914.04 72928.53 | Div 0.09 0.09 | Feas 0.18 1.00 | Pen 4.88 0.10
It  67000     80 | T(s) 810.64 | Feas 25 72898.43 72973.40 | Inf 38 72913.56 72921.21 | Div 0.12 0.06 | Feas 0.25 1.00 | Pen 4.98 0.10
It  67500    457 | T(s) 814.85 | Feas 41 72895.78 72915.65 | Inf 25 72906.86 72974.76 | Div 0.07 0.12 | Feas 0.29 1.00 | Pen 4.32 0.10
It  68000     71 | T(s) 819.43 | Feas 52 72893.20 72902.15 | Inf 53 72901.25 72924.12 | Div 0.04 0.10 | Feas 0.26 1.00 | Pen 4.49 0.10
It  68500     35 | T(s) 823.98 | Feas 62 72891.28 72898.48 | Inf 41 72904.85 72924.89 | Div 0.03 0.11 | Feas 0.18 1.00 | Pen 5.39 0.10
It  69000    535 | T(s) 828.34 | Feas 41 72891.28 72907.35 | Inf 56 72895.71 72921.65 | Div 0.06 0.10 | Feas 0.17 1.00 | Pen 4.58 0.10
It  69500   1035 | T(s) 832.62 | Feas 57 72891.28 72900.15 | Inf 38 72893.70 72931.38 | Div 0.05 0.10 | Feas 0.25 1.00 | Pen 5.50 0.10
It  70000   1535 | T(s) 837.19 | Feas 41 72891.28 72897.58 | Inf 59 72892.62 72904.32 | Div 0.05 0.07 | Feas 0.21 1.00 | Pen 4.77 0.10
It  70500   2035 | T(s) 841.16 | Feas 48 72891.28 72895.18 | Inf 34 72890.09 72903.63 | Div 0.04 0.08 | Feas 0.29 1.00 | Pen 3.44 0.10
It  71000    240 | T(s) 845.22 | Feas 42 72890.45 72900.15 | Inf 29 72891.52 72899.81 | Div 0.06 0.08 | Feas 0.21 1.00 | Pen 4.13 0.10
It  71500    740 | T(s) 849.31 | Feas 58 72890.45 72892.43 | Inf 42 72891.60 72903.41 | Div 0.03 0.08 | Feas 0.24 1.00 | Pen 4.22 0.10
It  72000   1240 | T(s) 853.48 | Feas 63 72890.45 72892.18 | Inf 28 72891.15 72906.43 | Div 0.03 0.10 | Feas 0.23 1.00 | Pen 4.30 0.10
It  72500   1740 | T(s) 857.72 | Feas 50 72890.45 72893.22 | Inf 40 72888.31 72900.33 | Div 0.04 0.09 | Feas 0.31 1.00 | Pen 3.11 0.10
It  73000    107 | T(s) 862.01 | Feas 33 72879.61 72896.47 | Inf 42 72886.03 72911.32 | Div 0.08 0.12 | Feas 0.22 1.00 | Pen 4.47 0.10
It  73500    607 | T(s) 866.22 | Feas 39 72879.61 72901.26 | Inf 35 72882.53 72901.46 | Div 0.09 0.09 | Feas 0.19 1.00 | Pen 4.56 0.10
It  74000   1107 | T(s) 870.60 | Feas 59 72879.61 72892.27 | Inf 64 72882.53 72894.44 | Div 0.05 0.07 | Feas 0.22 1.00 | Pen 4.56 0.10
It  74500   1607 | T(s) 874.85 | Feas 31 72879.61 72909.06 | Inf 53 72882.91 72903.29 | Div 0.10 0.09 | Feas 0.15 1.00 | Pen 5.48 0.10
It  75000   2107 | T(s) 879.13 | Feas 57 72879.61 72888.64 | Inf 62 72881.45 72894.03 | Div 0.05 0.07 | Feas 0.25 1.00 | Pen 4.75 0.10
It  75500   2607 | T(s) 883.53 | Feas 33 72879.61 72893.52 | Inf 44 72881.43 72902.31 | Div 0.08 0.09 | Feas 0.23 1.00 | Pen 5.70 0.10
It  76000   3107 | T(s) 887.71 | Feas 31 72879.61 72895.73 | Inf 28 72878.26 72913.64 | Div 0.09 0.12 | Feas 0.19 1.00 | Pen 4.12 0.10
It  76500    234 | T(s) 892.05 | Feas 45 72862.75 72887.79 | Inf 29 72858.56 72908.29 | Div 0.06 0.12 | Feas 0.15 1.00 | Pen 5.04 0.10
It  77000    734 | T(s) 896.16 | Feas 34 72862.75 72880.59 | Inf 48 72857.80 72889.84 | Div 0.05 0.10 | Feas 0.18 1.00 | Pen 4.28 0.10
It  77500   1234 | T(s) 900.61 | Feas 27 72862.75 72879.96 | Inf 37 72857.98 72897.74 | Div 0.07 0.10 | Feas 0.13 1.00 | Pen 4.46 0.10
It  78000   1734 | T(s) 904.71 | Feas 29 72862.75 72877.07 | Inf 62 72856.47 72861.94 | Div 0.06 0.04 | Feas 0.15 1.00 | Pen 3.94 0.10
It  78500    285 | T(s) 908.63 | Feas 51 72859.97 72866.55 | Inf 25 72856.08 72896.69 | Div 0.03 0.11 | Feas 0.15 1.00 | Pen 4.92 0.10
It  79000    414 | T(s) 912.50 | Feas 25 72855.90 72992.54 | Inf 41 72853.43 72862.36 | Div 0.11 0.07 | Feas 0.17 1.00 | Pen 3.55 0.10
It  79500    914 | T(s) 916.42 | Feas 48 72855.90 72862.81 | Inf 38 72853.38 72857.04 | Div 0.03 0.04 | Feas 0.09 1.00 | Pen 3.70 0.10
It  80000   1414 | T(s) 920.36 | Feas 59 72855.90 72860.24 | Inf 26 72853.83 72885.06 | Div 0.02 0.10 | Feas 0.14 1.00 | Pen 3.85 0.10
It  80500   1914 | T(s) 924.66 | Feas 48 72855.90 72860.61 | Inf 55 72854.30 72859.76 | Div 0.02 0.05 | Feas 0.27 1.00 | Pen 4.00 0.10
It  81000   2414 | T(s) 928.83 | Feas 59 72855.90 72859.84 | Inf 50 72854.48 72859.91 | Div 0.02 0.05 | Feas 0.16 1.00 | Pen 4.08 0.10
It  81500   2914 | T(s) 932.78 | Feas 63 72855.90 72860.48 | Inf 42 72854.48 72864.37 | Div 0.03 0.07 | Feas 0.19 1.00 | Pen 4.08 0.10
It  82000    177 | T(s) 936.91 | Feas 56 72853.54 72857.82 | Inf 34 72853.92 72881.20 | Div 0.02 0.09 | Feas 0.18 1.00 | Pen 4.90 0.10
It  82500    677 | T(s) 940.81 | Feas 28 72853.54 72860.30 | Inf 54 72852.89 72863.53 | Div 0.03 0.06 | Feas 0.15 1.00 | Pen 4.25 0.10
It  83000   1177 | T(s) 944.59 | Feas 48 72853.54 72857.64 | Inf 38 72854.12 72872.76 | Div 0.02 0.08 | Feas 0.20 1.00 | Pen 5.10 0.10
It  83500   1677 | T(s) 948.74 | Feas 34 72853.54 72857.96 | Inf 34 72854.12 72876.76 | Div 0.02 0.09 | Feas 0.22 1.00 | Pen 5.10 0.10
It  84000   2177 | T(s) 952.71 | Feas 49 72853.54 72857.04 | Inf 44 72851.32 72888.62 | Div 0.02 0.10 | Feas 0.21 1.00 | Pen 3.68 0.10
It  84500   2677 | T(s) 956.73 | Feas 31 72853.54 72859.96 | Inf 41 72851.32 72856.59 | Div 0.04 0.06 | Feas 0.18 1.00 | Pen 3.68 0.10
It  85000   3177 | T(s) 960.96 | Feas 56 72853.54 72856.30 | Inf 34 72852.35 72863.94 | Div 0.02 0.08 | Feas 0.14 1.00 | Pen 4.42 0.10
It  85500   3677 | T(s) 965.16 | Feas 64 72853.54 72856.42 | Inf 30 72852.35 72869.83 | Div 0.02 0.10 | Feas 0.21 1.00 | Pen 4.42 0.10
It  86000   4177 | T(s) 969.05 | Feas 52 72853.54 72855.22 | Inf 47 72849.78 72853.52 | Div 0.02 0.06 | Feas 0.21 1.00 | Pen 3.76 0.10
It  86500   4677 | T(s) 973.34 | Feas 40 72853.54 72857.23 | Inf 52 72852.04 72856.13 | Div 0.03 0.06 | Feas 0.18 1.00 | Pen 4.51 0.10
It  87000    331 | T(s) 977.51 | Feas 27 72849.24 72886.54 | Inf 45 72852.78 72865.60 | Div 0.10 0.08 | Feas 0.24 1.00 | Pen 5.41 0.10
It  87500    831 | T(s) 982.31 | Feas 46 72849.24 72864.09 | Inf 56 72855.84 72877.18 | Div 0.06 0.10 | Feas 0.12 1.00 | Pen 7.79 0.10
It  88000   1331 | T(s) 987.14 | Feas 47 72849.24 72862.41 | Inf 34 72849.73 72897.75 | Div 0.06 0.12 | Feas 0.24 1.00 | Pen 6.62 0.10
It  88500   1831 | T(s) 991.96 | Feas 35 72849.24 72883.40 | Inf 32 72837.21 72872.80 | Div 0.10 0.10 | Feas 0.19 1.00 | Pen 6.62 0.10
It  89000    319 | T(s) 996.71 | Feas 64 72832.35 72864.82 | Inf 58 72837.34 72870.64 | Div 0.08 0.10 | Feas 0.33 1.00 | Pen 6.75 0.10
It  89500    819 | T(s) 1001.46 | Feas 62 72832.35 72863.64 | Inf 40 72835.76 72873.05 | Div 0.08 0.11 | Feas 0.20 1.00 | Pen 8.11 0.10
It  90000   1319 | T(s) 1006.41 | Feas 49 72832.35 72852.59 | Inf 28 72833.25 72956.85 | Div 0.07 0.16 | Feas 0.17 1.00 | Pen 7.03 0.10
It  90500   1819 | T(s) 1010.99 | Feas 56 72832.35 72843.05 | Inf 51 72832.20 72840.32 | Div 0.05 0.07 | Feas 0.17 1.00 | Pen 5.97 0.10
It  91000   2319 | T(s) 1015.36 | Feas 46 72832.35 72837.86 | Inf 31 72831.40 72855.53 | Div 0.03 0.09 | Feas 0.27 1.00 | Pen 5.18 0.10
It  91500    119 | T(s) 1019.63 | Feas 38 72830.48 72839.92 | Inf 56 72829.42 72843.30 | Div 0.05 0.06 | Feas 0.25 1.00 | Pen 6.21 0.10
It  92000    441 | T(s) 1023.86 | Feas 53 72829.34 72833.78 | Inf 35 72828.49 72839.69 | Div 0.03 0.07 | Feas 0.24 1.00 | Pen 5.28 0.10
It  92500    941 | T(s) 1028.33 | Feas 62 72829.34 72831.40 | Inf 61 72828.59 72836.45 | Div 0.02 0.06 | Feas 0.24 1.00 | Pen 5.39 0.10
It  93000   1441 | T(s) 1032.66 | Feas 65 72829.34 72831.87 | Inf 54 72825.66 72836.90 | Div 0.02 0.06 | Feas 0.17 1.00 | Pen 5.39 0.10
It  93500   1941 | T(s) 1036.57 | Feas 47 72829.34 72832.83 | Inf 25 72824.16 72836.89 | Div 0.03 0.07 | Feas 0.23 1.00 | Pen 3.89 0.10
It  94000   2441 | T(s) 1040.44 | Feas 25 72829.34 72841.96 | Inf 60 72824.94 72831.91 | Div 0.06 0.05 | Feas 0.22 1.00 | Pen 4.67 0.10
It  94500   2941 | T(s) 1044.30 | Feas 28 72829.34 72836.02 | Inf 39 72824.24 72828.76 | Div 0.04 0.04 | Feas 0.19 1.00 | Pen 3.97 0.10
It  95000   3441 | T(s) 1048.23 | Feas 63 72829.34 72830.32 | Inf 55 72823.65 72826.84 | Div 0.01 0.04 | Feas 0.28 1.00 | Pen 3.37 0.10
It  95500   3941 | T(s) 1052.70 | Feas 34 72829.34 72834.31 | Inf 47 72907.67 73088.16 | Div 0.04 0.12 | Feas 0.02 1.00 | Pen 2.93 0.10
It  96000   4441 | T(s) 1057.60 | Feas 57 72829.34 72830.65 | Inf 37 72831.18 72859.89 | Div 0.02 0.09 | Feas 0.23 1.00 | Pen 2.98 0.10
It  96500   4941 | T(s) 1061.63 | Feas 51 72829.34 72831.44 | Inf 58 72638.09 72821.39 | Div 0.02 0.08 | Feas 0.27 1.00 | Pen 2.54 0.10
It  97000   5441 | T(s) 1066.53 | Feas 57 72829.34 72830.99 | Inf 55 72831.84 72849.38 | Div 0.02 0.06 | Feas 0.21 1.00 | Pen 3.65 0.10
It  97500   5941 | T(s) 1070.29 | Feas 60 72829.34 72831.11 | Inf 35 72831.30 72837.28 | Div 0.02 0.05 | Feas 0.26 1.00 | Pen 3.11 0.10
It  98000   6441 | T(s) 1075.18 | Feas 57 72829.34 72831.57 | Inf 65 72829.11 72895.24 | Div 0.02 0.09 | Feas 0.18 1.00 | Pen 3.17 0.10
It  98500   6941 | T(s) 1079.18 | Feas 29 72829.34 72833.82 | Inf 51 72829.63 72839.70 | Div 0.04 0.05 | Feas 0.30 1.00 | Pen 3.30 0.10
It  99000   7441 | T(s) 1083.38 | Feas 45 72829.34 72833.45 | Inf 50 72829.63 72838.36 | Div 0.03 0.05 | Feas 0.20 1.00 | Pen 3.30 0.10
It  99500   7941 | T(s) 1087.35 | Feas 31 72829.34 72835.79 | Inf 38 72826.77 72835.94 | Div 0.04 0.07 | Feas 0.16 1.00 | Pen 3.30 0.10
It 100000   8441 | T(s) 1091.92 | Feas 62 72829.34 72831.41 | Inf 36 72828.53 72876.24 | Div 0.02 0.11 | Feas 0.09 1.00 | Pen 4.03 0.10
It 100500   8941 | T(s) 1096.10 | Feas 59 72829.34 72831.11 | Inf 59 72828.47 72834.74 | Div 0.02 0.06 | Feas 0.17 1.00 | Pen 4.11 0.10
It 101000   9441 | T(s) 1100.30 | Feas 32 72829.34 72832.68 | Inf 35 72824.83 72845.88 | Div 0.03 0.09 | Feas 0.20 1.00 | Pen 2.97 0.10
It 101500   9941 | T(s) 1104.39 | Feas 31 72829.34 72833.12 | Inf 56 72802.40 72830.71 | Div 0.04 0.08 | Feas 0.26 1.00 | Pen 2.53 0.10
It 102000  10441 | T(s) 1110.10 | Feas 26 72829.34 72834.34 | Inf 55 72831.55 72874.68 | Div 0.05 0.09 | Feas 0.30 1.00 | Pen 3.09 0.10
It 102500  10941 | T(s) 1115.43 | Feas 51 72829.34 72831.64 | Inf 59 72832.55 72914.08 | Div 0.02 0.11 | Feas 0.14 1.00 | Pen 3.79 0.10
It 103000  11441 | T(s) 1119.41 | Feas 48 72829.34 72831.77 | Inf 38 72827.85 72852.51 | Div 0.02 0.08 | Feas 0.23 1.00 | Pen 3.22 0.10
It 103500  11941 | T(s) 1123.40 | Feas 34 72829.34 72832.99 | Inf 26 72824.34 72847.81 | Div 0.03 0.08 | Feas 0.22 1.00 | Pen 3.22 0.10
It 104000  12441 | T(s) 1127.21 | Feas 45 72829.34 72830.92 | Inf 41 72823.01 72829.71 | Div 0.02 0.05 | Feas 0.26 1.00 | Pen 2.73 0.10
It 104500  12941 | T(s) 1132.82 | Feas 32 72829.34 72835.65 | Inf 49 72865.92 73057.61 | Div 0.04 0.15 | Feas 0.15 1.00 | Pen 3.94 0.10
It 105000  13441 | T(s) 1137.32 | Feas 59 72829.34 72831.67 | Inf 65 72831.54 72879.22 | Div 0.03 0.10 | Feas 0.21 1.00 | Pen 3.35 0.10
It 105500  13941 | T(s) 1141.50 | Feas 40 72829.34 72832.34 | Inf 52 72831.01 72841.57 | Div 0.03 0.07 | Feas 0.18 1.00 | Pen 2.85 0.10
It 106000  14441 | T(s) 1146.55 | Feas 41 72829.34 72832.47 | Inf 56 72823.68 73078.95 | Div 0.03 0.13 | Feas 0.12 1.00 | Pen 3.41 0.10
It 106500  14941 | T(s) 1151.06 | Feas 36 72829.34 72832.65 | Inf 32 72823.23 72851.96 | Div 0.03 0.07 | Feas 0.24 1.00 | Pen 2.96 0.10
It 107000  15441 | T(s) 1156.24 | Feas 34 72829.34 72838.53 | Inf 62 72877.65 72973.67 | Div 0.05 0.14 | Feas 0.15 1.00 | Pen 3.62 0.10
It 107500  15941 | T(s) 1160.55 | Feas 32 72829.34 72832.75 | Inf 31 72831.33 72858.08 | Div 0.03 0.08 | Feas 0.33 1.00 | Pen 3.14 0.10
It 108000  16441 | T(s) 1165.71 | Feas 55 72829.34 72831.50 | Inf 25 72831.40 73110.71 | Div 0.02 0.22 | Feas 0.17 1.00 | Pen 3.20 0.10
It 108500  16941 | T(s) 1169.91 | Feas 31 72829.34 72835.02 | Inf 40 72831.46 72858.71 | Div 0.04 0.09 | Feas 0.21 1.00 | Pen 3.27 0.10
It 109000  17441 | T(s) 1174.25 | Feas 50 72829.34 72831.77 | Inf 26 72718.19 72934.73 | Div 0.03 0.19 | Feas 0.19 1.00 | Pen 2.78 0.10
It 109500  17941 | T(s) 1178.73 | Feas 34 72829.34 72834.21 | Inf 59 72826.81 72840.03 | Div 0.04 0.08 | Feas 0.19 1.00 | Pen 3.33 0.10
It 110000  18441 | T(s) 1182.86 | Feas 29 72829.34 72835.13 | Inf 53 72826.24 72853.82 | Div 0.05 0.10 | Feas 0.21 1.00 | Pen 3.40 0.10
It 110500  18941 | T(s) 1187.20 | Feas 25 72829.34 72844.07 | Inf 58 72827.70 72848.60 | Div 0.06 0.08 | Feas 0.21 1.00 | Pen 4.90 0.10
It 111000  19441 | T(s) 1191.55 | Feas 41 72829.34 72835.25 | Inf 55 72824.78 72850.73 | Div 0.05 0.09 | Feas 0.18 1.00 | Pen 4.99 0.10
It 111500  19941 | T(s) 1195.73 | Feas 58 72829.34 72831.24 | Inf 28 72818.60 72852.89 | Div 0.03 0.12 | Feas 0.20 1.00 | Pen 3.61 0.10
----- GENETIC ALGORITHM FINISHED AFTER 111561 ITERATIONS. TIME SPENT: 1196.33
----- WRITING BEST SOLUTION IN : baseline_results/cvrp_hgs/Vrp-Set-X-n783/Vrp-Set-X-n783-hgs/0.hgs1.tour
