=========== Algorithm Parameters =================
---- nbGranular        is set to 20
---- mu                is set to 25
---- lambda            is set to 40
---- nbElite           is set to 4
---- nbClose           is set to 5
---- targetFeasible    is set to 0.2
---- seed              is set to 1234
---- nbIter            is set to 20000
---- timeLimit         is set to 0
---- useSwapStar       is set to 1
==================================================
----- READING INSTANCE: baseline_results/cvrp_hgs/Vrp-Set-Golden-n484/Vrp-Set-Golden-n484-hgs/0.hgs1.vrp
----- FLEET SIZE WAS NOT SPECIFIED: DEFAULT INITIALIZATION TO 28 VEHICLES
----- INSTANCE SUCCESSFULLY LOADED WITH 483 CLIENTS AND 28 VEHICLES
----- BUILDING INITIAL POPULATION
----- STARTING GENETIC ALGORITHM
It      0      2 | T(s) 1.82 | Feas 38 1156.11 1165.58 | Inf 40 1160.83 1170.12 | Div 0.60 0.60 | Feas 0.60 1.00 | Pen 0.12 0.85
It    500    300 | T(s) 6.79 | Feas 64 1136.57 1144.70 | Inf 39 1137.08 1144.03 | Div 0.52 0.53 | Feas 0.29 1.00 | Pen 0.10 0.38
It   1000    332 | T(s) 11.52 | Feas 38 1129.39 1137.05 | Inf 51 1129.50 1135.47 | Div 0.50 0.47 | Feas 0.26 1.00 | Pen 0.10 0.17
It   1500    221 | T(s) 16.09 | Feas 49 1126.03 1131.72 | Inf 45 1125.16 1130.94 | Div 0.42 0.44 | Feas 0.23 1.00 | Pen 0.12 0.10
It   2000    464 | T(s) 20.64 | Feas 61 1125.12 1130.22 | Inf 30 1125.26 1130.20 | Div 0.39 0.45 | Feas 0.13 1.00 | Pen 0.12 0.10
It   2500    186 | T(s) 25.14 | Feas 60 1124.36 1129.05 | Inf 40 1123.25 1129.59 | Div 0.38 0.44 | Feas 0.26 1.00 | Pen 0.10 0.10
It   3000    686 | T(s) 29.75 | Feas 47 1124.36 1127.72 | Inf 36 1123.25 1127.45 | Div 0.40 0.42 | Feas 0.19 1.00 | Pen 0.10 0.10
It   3500    199 | T(s) 34.16 | Feas 27 1122.75 1128.95 | Inf 32 1122.12 1126.11 | Div 0.47 0.41 | Feas 0.26 1.00 | Pen 0.10 0.10
It   4000    699 | T(s) 38.72 | Feas 65 1122.75 1125.63 | Inf 62 1122.16 1124.68 | Div 0.34 0.35 | Feas 0.28 1.00 | Pen 0.10 0.10
It   4500    488 | T(s) 43.02 | Feas 47 1121.20 1124.74 | Inf 63 1120.27 1123.65 | Div 0.35 0.34 | Feas 0.17 1.00 | Pen 0.10 0.10
It   5000    350 | T(s) 47.51 | Feas 48 1120.76 1124.24 | Inf 58 1120.36 1123.58 | Div 0.40 0.38 | Feas 0.15 1.00 | Pen 0.12 0.10
It   5500    850 | T(s) 52.06 | Feas 64 1120.76 1124.20 | Inf 30 1118.61 1127.20 | Div 0.38 0.46 | Feas 0.16 1.00 | Pen 0.10 0.10
It   6000    196 | T(s) 56.62 | Feas 48 1120.03 1123.33 | Inf 33 1118.65 1122.55 | Div 0.39 0.41 | Feas 0.24 1.00 | Pen 0.12 0.10
It   6500     22 | T(s) 61.06 | Feas 30 1119.22 1122.25 | Inf 54 1118.69 1119.73 | Div 0.39 0.25 | Feas 0.14 1.00 | Pen 0.12 0.10
It   7000    345 | T(s) 65.25 | Feas 49 1118.22 1121.01 | Inf 34 1118.00 1120.85 | Div 0.31 0.32 | Feas 0.22 1.00 | Pen 0.12 0.10
It   7500    845 | T(s) 69.65 | Feas 29 1118.22 1123.26 | Inf 56 1117.19 1119.86 | Div 0.40 0.30 | Feas 0.20 1.00 | Pen 0.11 0.10
It   8000   1345 | T(s) 73.75 | Feas 34 1118.22 1120.89 | Inf 57 1116.62 1118.84 | Div 0.36 0.26 | Feas 0.18 1.00 | Pen 0.11 0.10
It   8500    318 | T(s) 78.21 | Feas 34 1117.53 1121.74 | Inf 65 1116.61 1119.02 | Div 0.40 0.27 | Feas 0.21 1.00 | Pen 0.10 0.10
It   9000    818 | T(s) 83.03 | Feas 25 1117.53 1126.15 | Inf 49 1116.61 1119.12 | Div 0.44 0.30 | Feas 0.23 1.00 | Pen 0.10 0.10
It   9500   1318 | T(s) 88.29 | Feas 45 1117.53 1121.10 | Inf 55 1116.65 1118.27 | Div 0.38 0.25 | Feas 0.12 1.00 | Pen 0.12 0.10
It  10000    168 | T(s) 93.27 | Feas 29 1117.30 1122.82 | Inf 44 1116.60 1118.59 | Div 0.41 0.26 | Feas 0.15 1.00 | Pen 0.15 0.10
It  10500    110 | T(s) 98.36 | Feas 35 1116.93 1122.59 | Inf 59 1115.59 1118.80 | Div 0.42 0.32 | Feas 0.21 1.00 | Pen 0.11 0.10
It  11000    610 | T(s) 103.38 | Feas 59 1116.93 1120.14 | Inf 48 1115.59 1118.60 | Div 0.35 0.32 | Feas 0.20 1.00 | Pen 0.11 0.10
It  11500   1110 | T(s) 108.58 | Feas 26 1116.93 1123.15 | Inf 31 1115.61 1119.71 | Div 0.43 0.37 | Feas 0.21 1.00 | Pen 0.11 0.10
It  12000   1610 | T(s) 113.64 | Feas 30 1116.93 1121.74 | Inf 48 1115.64 1118.75 | Div 0.40 0.32 | Feas 0.19 1.00 | Pen 0.11 0.10
It  12500   2110 | T(s) 118.94 | Feas 65 1116.93 1119.96 | Inf 36 1115.40 1119.98 | Div 0.35 0.38 | Feas 0.23 1.00 | Pen 0.10 0.10
It  13000    312 | T(s) 124.16 | Feas 27 1116.86 1122.04 | Inf 29 1115.41 1119.33 | Div 0.42 0.37 | Feas 0.18 1.00 | Pen 0.10 0.10
It  13500    150 | T(s) 129.47 | Feas 49 1116.29 1121.06 | Inf 30 1115.32 1118.32 | Div 0.38 0.36 | Feas 0.27 1.00 | Pen 0.10 0.10
It  14000    650 | T(s) 134.55 | Feas 30 1116.29 1121.77 | Inf 65 1115.26 1116.20 | Div 0.43 0.21 | Feas 0.27 1.00 | Pen 0.11 0.10
It  14500   1150 | T(s) 139.87 | Feas 60 1116.29 1120.87 | Inf 62 1115.28 1118.65 | Div 0.39 0.31 | Feas 0.26 1.00 | Pen 0.11 0.10
It  15000   1650 | T(s) 145.11 | Feas 60 1116.29 1120.71 | Inf 59 1115.19 1118.51 | Div 0.41 0.35 | Feas 0.24 1.00 | Pen 0.13 0.10
It  15500   2150 | T(s) 150.18 | Feas 40 1116.29 1120.93 | Inf 28 1115.22 1119.62 | Div 0.43 0.40 | Feas 0.19 1.00 | Pen 0.14 0.10
It  16000   2650 | T(s) 155.16 | Feas 33 1116.29 1120.75 | Inf 51 1115.03 1118.19 | Div 0.43 0.35 | Feas 0.18 1.00 | Pen 0.11 0.10
It  16500   3150 | T(s) 160.40 | Feas 35 1116.29 1120.50 | Inf 27 1115.08 1120.62 | Div 0.42 0.42 | Feas 0.15 1.00 | Pen 0.12 0.10
It  17000   3650 | T(s) 165.66 | Feas 60 1116.29 1120.55 | Inf 49 1115.12 1119.04 | Div 0.39 0.38 | Feas 0.23 1.00 | Pen 0.12 0.10
It  17500   4150 | T(s) 170.83 | Feas 52 1116.29 1122.15 | Inf 59 1114.95 1117.92 | Div 0.41 0.36 | Feas 0.24 1.00 | Pen 0.11 0.10
It  18000   4650 | T(s) 176.18 | Feas 30 1116.29 1124.52 | Inf 47 1115.15 1119.38 | Div 0.46 0.40 | Feas 0.20 1.00 | Pen 0.13 0.10
It  18500   5150 | T(s) 181.41 | Feas 37 1116.29 1121.20 | Inf 28 1114.86 1119.29 | Div 0.43 0.41 | Feas 0.30 1.00 | Pen 0.11 0.10
It  19000   5650 | T(s) 186.66 | Feas 62 1116.29 1119.43 | Inf 25 1114.86 1122.74 | Div 0.39 0.45 | Feas 0.20 1.00 | Pen 0.11 0.10
It  19500   6150 | T(s) 191.18 | Feas 58 1116.29 1119.27 | Inf 53 1114.88 1117.77 | Div 0.37 0.34 | Feas 0.23 1.00 | Pen 0.11 0.10
It  20000   6650 | T(s) 195.55 | Feas 35 1116.29 1119.65 | Inf 43 1114.88 1117.57 | Div 0.39 0.35 | Feas 0.24 1.00 | Pen 0.11 0.10
It  20500   7150 | T(s) 199.80 | Feas 26 1116.29 1120.10 | Inf 28 1114.88 1117.82 | Div 0.42 0.38 | Feas 0.22 1.00 | Pen 0.11 0.10
It  21000   7650 | T(s) 204.01 | Feas 50 1116.29 1117.84 | Inf 60 1115.11 1116.89 | Div 0.35 0.33 | Feas 0.15 1.00 | Pen 0.14 0.10
It  21500   8150 | T(s) 208.19 | Feas 60 1116.29 1118.54 | Inf 28 1114.92 1117.88 | Div 0.35 0.38 | Feas 0.20 1.00 | Pen 0.12 0.10
It  22000   8650 | T(s) 212.50 | Feas 50 1116.29 1119.43 | Inf 60 1114.95 1116.89 | Div 0.37 0.32 | Feas 0.13 1.00 | Pen 0.12 0.10
It  22500    463 | T(s) 216.78 | Feas 44 1115.63 1118.52 | Inf 51 1114.69 1116.03 | Div 0.36 0.30 | Feas 0.18 1.00 | Pen 0.10 0.10
It  23000    963 | T(s) 221.00 | Feas 35 1115.63 1121.33 | Inf 35 1114.70 1117.47 | Div 0.42 0.37 | Feas 0.28 1.00 | Pen 0.10 0.10
It  23500   1463 | T(s) 225.43 | Feas 35 1115.63 1119.13 | Inf 64 1112.73 1116.32 | Div 0.38 0.31 | Feas 0.15 1.00 | Pen 0.13 0.10
It  24000    419 | T(s) 229.70 | Feas 61 1114.91 1118.78 | Inf 35 1112.67 1119.81 | Div 0.37 0.41 | Feas 0.29 1.00 | Pen 0.10 0.10
It  24500    194 | T(s) 234.02 | Feas 38 1114.53 1122.18 | Inf 39 1112.76 1117.42 | Div 0.41 0.36 | Feas 0.14 1.00 | Pen 0.14 0.10
It  25000    212 | T(s) 238.39 | Feas 29 1113.77 1120.53 | Inf 48 1112.71 1118.55 | Div 0.42 0.37 | Feas 0.13 1.00 | Pen 0.12 0.10
It  25500     96 | T(s) 242.50 | Feas 32 1111.99 1116.59 | Inf 64 1111.93 1116.16 | Div 0.34 0.32 | Feas 0.23 1.00 | Pen 0.10 0.10
It  26000    596 | T(s) 246.69 | Feas 28 1111.99 1118.33 | Inf 44 1111.47 1114.94 | Div 0.39 0.32 | Feas 0.22 1.00 | Pen 0.10 0.10
It  26500   1096 | T(s) 250.90 | Feas 58 1111.99 1114.51 | Inf 36 1111.48 1114.77 | Div 0.25 0.30 | Feas 0.20 1.00 | Pen 0.10 0.10
It  27000   1596 | T(s) 254.96 | Feas 36 1111.99 1114.49 | Inf 39 1111.48 1113.84 | Div 0.28 0.26 | Feas 0.16 1.00 | Pen 0.10 0.10
It  27500    166 | T(s) 258.87 | Feas 40 1111.70 1113.51 | Inf 26 1111.49 1114.07 | Div 0.23 0.29 | Feas 0.25 1.00 | Pen 0.10 0.10
It  28000    666 | T(s) 262.78 | Feas 43 1111.70 1114.11 | Inf 48 1111.50 1117.26 | Div 0.27 0.34 | Feas 0.20 1.00 | Pen 0.11 0.10
It  28500    319 | T(s) 266.85 | Feas 49 1111.61 1113.40 | Inf 37 1111.47 1115.87 | Div 0.24 0.35 | Feas 0.27 1.00 | Pen 0.10 0.10
It  29000    115 | T(s) 270.89 | Feas 54 1111.61 1112.99 | Inf 27 1111.47 1118.51 | Div 0.23 0.40 | Feas 0.26 1.00 | Pen 0.10 0.10
It  29500    615 | T(s) 274.66 | Feas 61 1111.61 1111.87 | Inf 46 1111.47 1112.61 | Div 0.10 0.25 | Feas 0.24 1.00 | Pen 0.10 0.10
It  30000     12 | T(s) 278.34 | Feas 25 1111.28 1115.87 | Inf 27 1110.93 1115.92 | Div 0.30 0.35 | Feas 0.18 1.00 | Pen 0.10 0.10
It  30500    512 | T(s) 282.50 | Feas 45 1111.28 1112.73 | Inf 34 1111.03 1116.35 | Div 0.24 0.35 | Feas 0.13 1.00 | Pen 0.12 0.10
It  31000   1012 | T(s) 286.74 | Feas 49 1111.28 1113.89 | Inf 61 1110.94 1112.81 | Div 0.27 0.27 | Feas 0.16 1.00 | Pen 0.10 0.10
It  31500   1512 | T(s) 290.71 | Feas 44 1111.28 1112.78 | Inf 41 1110.95 1114.34 | Div 0.25 0.31 | Feas 0.23 1.00 | Pen 0.10 0.10
It  32000   2012 | T(s) 294.57 | Feas 41 1111.28 1113.73 | Inf 64 1110.89 1112.09 | Div 0.27 0.22 | Feas 0.26 1.00 | Pen 0.10 0.10
It  32500   2512 | T(s) 298.70 | Feas 29 1111.28 1115.51 | Inf 49 1111.01 1112.74 | Div 0.31 0.26 | Feas 0.23 1.00 | Pen 0.12 0.10
It  33000    261 | T(s) 302.50 | Feas 42 1111.20 1112.53 | Inf 35 1110.91 1111.33 | Div 0.23 0.17 | Feas 0.20 1.00 | Pen 0.11 0.10
It  33500    761 | T(s) 306.26 | Feas 64 1111.20 1111.65 | Inf 64 1110.90 1111.33 | Div 0.20 0.19 | Feas 0.18 1.00 | Pen 0.11 0.10
It  34000    188 | T(s) 310.27 | Feas 59 1111.00 1113.61 | Inf 33 1110.67 1112.60 | Div 0.28 0.27 | Feas 0.16 1.00 | Pen 0.10 0.10
It  34500    150 | T(s) 314.45 | Feas 34 1110.94 1113.89 | Inf 58 1110.68 1114.51 | Div 0.32 0.32 | Feas 0.28 1.00 | Pen 0.10 0.10
It  35000    650 | T(s) 318.56 | Feas 42 1110.94 1114.28 | Inf 44 1110.69 1114.98 | Div 0.31 0.34 | Feas 0.16 1.00 | Pen 0.10 0.10
It  35500   1150 | T(s) 322.72 | Feas 49 1110.94 1112.89 | Inf 26 1110.70 1119.06 | Div 0.30 0.40 | Feas 0.30 1.00 | Pen 0.11 0.10
It  36000   1650 | T(s) 326.71 | Feas 64 1110.94 1112.23 | Inf 56 1110.70 1112.54 | Div 0.25 0.27 | Feas 0.16 1.00 | Pen 0.11 0.10
It  36500   2150 | T(s) 330.68 | Feas 59 1110.94 1113.34 | Inf 38 1110.71 1114.73 | Div 0.28 0.33 | Feas 0.21 1.00 | Pen 0.11 0.10
It  37000   2650 | T(s) 334.67 | Feas 43 1110.94 1112.35 | Inf 61 1110.71 1113.59 | Div 0.26 0.28 | Feas 0.25 1.00 | Pen 0.11 0.10
It  37500    154 | T(s) 338.68 | Feas 43 1110.86 1111.47 | Inf 45 1110.67 1111.33 | Div 0.21 0.21 | Feas 0.17 1.00 | Pen 0.10 0.10
It  38000    500 | T(s) 342.52 | Feas 32 1110.46 1112.42 | Inf 41 1109.14 1111.73 | Div 0.27 0.25 | Feas 0.14 1.00 | Pen 0.12 0.10
It  38500   1000 | T(s) 346.28 | Feas 34 1110.46 1112.09 | Inf 26 1109.06 1111.28 | Div 0.25 0.25 | Feas 0.16 1.00 | Pen 0.11 0.10
It  39000   1500 | T(s) 350.10 | Feas 42 1110.46 1111.02 | Inf 47 1109.03 1110.07 | Div 0.17 0.13 | Feas 0.19 1.00 | Pen 0.10 0.10
It  39500   2000 | T(s) 353.61 | Feas 39 1110.46 1112.25 | Inf 54 1109.13 1109.32 | Div 0.24 0.06 | Feas 0.18 1.00 | Pen 0.12 0.10
It  40000    107 | T(s) 357.11 | Feas 43 1110.46 1110.82 | Inf 38 1109.04 1109.27 | Div 0.14 0.07 | Feas 0.19 1.00 | Pen 0.10 0.10
It  40500    607 | T(s) 360.74 | Feas 46 1110.46 1111.02 | Inf 36 1109.00 1109.98 | Div 0.18 0.17 | Feas 0.16 1.00 | Pen 0.10 0.10
It  41000   1107 | T(s) 364.50 | Feas 55 1110.46 1110.77 | Inf 62 1108.99 1109.87 | Div 0.17 0.14 | Feas 0.17 1.00 | Pen 0.10 0.10
It  41500   1607 | T(s) 368.11 | Feas 58 1110.46 1110.79 | Inf 42 1109.00 1110.09 | Div 0.17 0.19 | Feas 0.22 1.00 | Pen 0.10 0.10
It  42000   2107 | T(s) 371.67 | Feas 63 1110.46 1110.68 | Inf 25 1109.00 1111.73 | Div 0.15 0.23 | Feas 0.21 1.00 | Pen 0.10 0.10
It  42500    155 | T(s) 375.51 | Feas 33 1110.10 1111.45 | Inf 48 1108.73 1109.35 | Div 0.23 0.12 | Feas 0.21 1.00 | Pen 0.10 0.10
It  43000    655 | T(s) 379.90 | Feas 33 1110.10 1111.66 | Inf 28 1108.74 1111.18 | Div 0.24 0.23 | Feas 0.23 1.00 | Pen 0.10 0.10
It  43500   1155 | T(s) 384.24 | Feas 40 1110.10 1110.82 | Inf 51 1108.69 1109.51 | Div 0.20 0.14 | Feas 0.26 1.00 | Pen 0.10 0.10
It  44000   1655 | T(s) 388.42 | Feas 36 1110.10 1112.94 | Inf 40 1108.83 1109.48 | Div 0.26 0.14 | Feas 0.22 1.00 | Pen 0.12 0.10
It  44500    127 | T(s) 392.80 | Feas 45 1109.46 1111.36 | Inf 62 1108.72 1109.17 | Div 0.23 0.12 | Feas 0.21 1.00 | Pen 0.10 0.10
It  45000    627 | T(s) 397.06 | Feas 63 1109.46 1110.68 | Inf 53 1108.17 1109.26 | Div 0.20 0.15 | Feas 0.20 1.00 | Pen 0.10 0.10
It  45500   1127 | T(s) 401.61 | Feas 64 1109.46 1111.74 | Inf 42 1108.19 1110.57 | Div 0.23 0.21 | Feas 0.31 1.00 | Pen 0.10 0.10
It  46000   1627 | T(s) 406.01 | Feas 33 1109.46 1112.23 | Inf 28 1108.19 1111.23 | Div 0.27 0.26 | Feas 0.25 1.00 | Pen 0.10 0.10
It  46500     47 | T(s) 410.55 | Feas 51 1109.35 1111.45 | Inf 64 1108.23 1109.16 | Div 0.23 0.15 | Feas 0.13 1.00 | Pen 0.12 0.10
It  47000     13 | T(s) 415.11 | Feas 38 1109.20 1111.48 | Inf 47 1108.13 1110.32 | Div 0.24 0.22 | Feas 0.28 1.00 | Pen 0.11 0.10
It  47500    513 | T(s) 419.58 | Feas 28 1109.20 1113.66 | Inf 45 1108.14 1109.35 | Div 0.31 0.18 | Feas 0.22 1.00 | Pen 0.11 0.10
It  48000   1013 | T(s) 424.17 | Feas 35 1109.20 1112.75 | Inf 26 1108.29 1114.75 | Div 0.27 0.32 | Feas 0.21 1.00 | Pen 0.14 0.10
It  48500   1513 | T(s) 428.67 | Feas 43 1109.20 1110.87 | Inf 42 1108.08 1110.33 | Div 0.23 0.23 | Feas 0.18 1.00 | Pen 0.10 0.10
It  49000   2013 | T(s) 433.32 | Feas 39 1109.20 1111.29 | Inf 38 1108.20 1110.76 | Div 0.25 0.25 | Feas 0.16 1.00 | Pen 0.12 0.10
It  49500   2513 | T(s) 437.73 | Feas 45 1109.20 1109.85 | Inf 65 1108.09 1109.17 | Div 0.16 0.17 | Feas 0.18 1.00 | Pen 0.10 0.10
It  50000   3013 | T(s) 441.91 | Feas 28 1109.20 1110.94 | Inf 27 1108.21 1109.66 | Div 0.24 0.23 | Feas 0.25 1.00 | Pen 0.12 0.10
It  50500   3513 | T(s) 445.65 | Feas 32 1109.20 1110.91 | Inf 62 1108.23 1108.72 | Div 0.22 0.14 | Feas 0.21 1.00 | Pen 0.12 0.10
It  51000   4013 | T(s) 449.51 | Feas 62 1109.20 1110.70 | Inf 33 1108.13 1110.79 | Div 0.21 0.23 | Feas 0.31 1.00 | Pen 0.11 0.10
It  51500   4513 | T(s) 453.23 | Feas 55 1109.20 1110.37 | Inf 31 1108.26 1110.57 | Div 0.20 0.22 | Feas 0.21 1.00 | Pen 0.13 0.10
It  52000   5013 | T(s) 457.14 | Feas 43 1109.20 1110.71 | Inf 61 1108.27 1108.94 | Div 0.22 0.14 | Feas 0.12 1.00 | Pen 0.13 0.10
It  52500   5513 | T(s) 460.92 | Feas 58 1109.20 1110.01 | Inf 42 1108.27 1109.02 | Div 0.16 0.15 | Feas 0.20 1.00 | Pen 0.13 0.10
It  53000   6013 | T(s) 464.58 | Feas 27 1109.20 1112.91 | Inf 60 1108.08 1109.18 | Div 0.28 0.18 | Feas 0.26 1.00 | Pen 0.10 0.10
It  53500   6513 | T(s) 468.27 | Feas 60 1109.20 1110.47 | Inf 55 1108.20 1109.79 | Div 0.21 0.20 | Feas 0.23 1.00 | Pen 0.12 0.10
It  54000    105 | T(s) 471.99 | Feas 29 1108.96 1111.87 | Inf 47 1107.87 1110.23 | Div 0.28 0.22 | Feas 0.14 1.00 | Pen 0.12 0.10
It  54500    605 | T(s) 475.69 | Feas 57 1108.96 1110.31 | Inf 40 1107.90 1110.20 | Div 0.22 0.24 | Feas 0.11 1.00 | Pen 0.13 0.10
It  55000    268 | T(s) 479.40 | Feas 51 1108.82 1111.15 | Inf 58 1107.92 1109.34 | Div 0.23 0.19 | Feas 0.23 1.00 | Pen 0.13 0.10
It  55500    410 | T(s) 483.07 | Feas 28 1108.82 1111.80 | Inf 34 1107.92 1109.55 | Div 0.27 0.21 | Feas 0.21 1.00 | Pen 0.13 0.10
It  56000    910 | T(s) 486.84 | Feas 57 1108.82 1109.80 | Inf 58 1107.80 1108.89 | Div 0.17 0.17 | Feas 0.22 1.00 | Pen 0.11 0.10
It  56500   1410 | T(s) 490.36 | Feas 63 1108.82 1109.57 | Inf 45 1107.96 1109.01 | Div 0.16 0.17 | Feas 0.24 1.00 | Pen 0.14 0.10
It  57000   1910 | T(s) 494.23 | Feas 48 1108.82 1109.75 | Inf 64 1107.81 1108.36 | Div 0.19 0.13 | Feas 0.17 1.00 | Pen 0.11 0.10
It  57500   2410 | T(s) 497.67 | Feas 45 1108.82 1109.19 | Inf 51 1107.71 1108.18 | Div 0.12 0.11 | Feas 0.17 1.00 | Pen 0.12 0.10
It  58000   2910 | T(s) 501.09 | Feas 62 1108.82 1109.20 | Inf 36 1107.89 1108.93 | Div 0.12 0.17 | Feas 0.22 1.00 | Pen 0.14 0.10
It  58500   3410 | T(s) 504.75 | Feas 39 1108.82 1109.19 | Inf 30 1107.89 1109.14 | Div 0.13 0.18 | Feas 0.16 1.00 | Pen 0.14 0.10
It  59000   3910 | T(s) 508.05 | Feas 40 1108.82 1109.06 | Inf 54 1107.74 1108.04 | Div 0.12 0.10 | Feas 0.16 1.00 | Pen 0.12 0.10
It  59500   4410 | T(s) 511.39 | Feas 42 1108.82 1109.03 | Inf 39 1107.76 1108.01 | Div 0.11 0.10 | Feas 0.26 1.00 | Pen 0.12 0.10
It  60000   4910 | T(s) 514.83 | Feas 27 1108.82 1111.52 | Inf 33 1107.93 1110.39 | Div 0.23 0.20 | Feas 0.14 1.00 | Pen 0.15 0.10
It  60500   5410 | T(s) 519.32 | Feas 46 1108.82 1109.35 | Inf 34 1107.77 1111.44 | Div 0.15 0.25 | Feas 0.25 1.00 | Pen 0.13 0.10
It  61000   5910 | T(s) 523.54 | Feas 53 1108.82 1109.71 | Inf 59 1107.77 1108.52 | Div 0.16 0.16 | Feas 0.25 1.00 | Pen 0.13 0.10
It  61500   6410 | T(s) 527.76 | Feas 25 1108.82 1115.61 | Inf 38 1107.94 1109.46 | Div 0.28 0.18 | Feas 0.25 1.00 | Pen 0.15 0.10
It  62000   6910 | T(s) 531.98 | Feas 46 1108.82 1109.57 | Inf 52 1107.64 1109.82 | Div 0.18 0.20 | Feas 0.25 1.00 | Pen 0.11 0.10
It  62500   7410 | T(s) 536.45 | Feas 63 1108.82 1109.27 | Inf 48 1107.81 1109.38 | Div 0.15 0.20 | Feas 0.29 1.00 | Pen 0.13 0.10
It  63000   7910 | T(s) 540.82 | Feas 58 1108.82 1109.47 | Inf 31 1107.67 1110.45 | Div 0.14 0.24 | Feas 0.23 1.00 | Pen 0.11 0.10
It  63500   8410 | T(s) 544.92 | Feas 47 1108.82 1109.31 | Inf 60 1107.83 1108.85 | Div 0.14 0.16 | Feas 0.13 1.00 | Pen 0.14 0.10
It  64000     59 | T(s) 549.40 | Feas 48 1108.36 1109.77 | Inf 44 1107.57 1109.93 | Div 0.19 0.23 | Feas 0.16 1.00 | Pen 0.10 0.10
It  64500    559 | T(s) 554.13 | Feas 35 1108.36 1117.16 | Inf 28 1107.72 1112.35 | Div 0.33 0.28 | Feas 0.31 1.00 | Pen 0.12 0.10
It  65000   1059 | T(s) 558.66 | Feas 61 1108.36 1113.40 | Inf 42 1107.61 1112.40 | Div 0.29 0.26 | Feas 0.27 1.00 | Pen 0.11 0.10
It  65500     89 | T(s) 562.80 | Feas 43 1108.19 1112.74 | Inf 41 1107.38 1110.34 | Div 0.28 0.24 | Feas 0.17 1.00 | Pen 0.11 0.10
It  66000    589 | T(s) 566.62 | Feas 35 1108.19 1110.33 | Inf 39 1107.38 1108.41 | Div 0.23 0.18 | Feas 0.17 1.00 | Pen 0.11 0.10
It  66500   1089 | T(s) 570.34 | Feas 32 1108.19 1113.34 | Inf 30 1107.53 1109.10 | Div 0.30 0.20 | Feas 0.24 1.00 | Pen 0.13 0.10
It  67000   1589 | T(s) 573.99 | Feas 50 1108.19 1109.92 | Inf 47 1107.54 1108.15 | Div 0.21 0.14 | Feas 0.25 1.00 | Pen 0.13 0.10
It  67500   2089 | T(s) 577.42 | Feas 25 1108.19 1110.62 | Inf 32 1107.56 1107.89 | Div 0.24 0.12 | Feas 0.27 1.00 | Pen 0.14 0.10
It  68000    276 | T(s) 580.86 | Feas 29 1108.13 1108.94 | Inf 65 1107.56 1107.64 | Div 0.19 0.06 | Feas 0.22 1.00 | Pen 0.14 0.10
It  68500    776 | T(s) 584.30 | Feas 50 1108.13 1108.95 | Inf 52 1107.57 1107.79 | Div 0.16 0.11 | Feas 0.27 1.00 | Pen 0.14 0.10
It  69000   1276 | T(s) 587.79 | Feas 61 1108.13 1109.24 | Inf 38 1107.57 1108.44 | Div 0.17 0.15 | Feas 0.23 1.00 | Pen 0.14 0.10
It  69500   1776 | T(s) 591.04 | Feas 47 1108.13 1108.43 | Inf 25 1107.57 1109.56 | Div 0.12 0.18 | Feas 0.23 1.00 | Pen 0.14 0.10
It  70000   2276 | T(s) 594.44 | Feas 61 1108.13 1108.45 | Inf 54 1107.59 1107.92 | Div 0.12 0.14 | Feas 0.22 1.00 | Pen 0.14 0.10
It  70500   2776 | T(s) 597.85 | Feas 38 1108.13 1108.97 | Inf 35 1107.46 1107.97 | Div 0.17 0.13 | Feas 0.26 1.00 | Pen 0.12 0.10
It  71000   3276 | T(s) 601.32 | Feas 50 1108.13 1108.96 | Inf 34 1107.60 1108.11 | Div 0.17 0.15 | Feas 0.25 1.00 | Pen 0.14 0.10
It  71500    383 | T(s) 604.72 | Feas 32 1108.11 1111.79 | Inf 28 1107.60 1107.80 | Div 0.24 0.12 | Feas 0.16 1.00 | Pen 0.14 0.10
It  72000    883 | T(s) 608.22 | Feas 52 1108.11 1108.41 | Inf 52 1107.47 1107.56 | Div 0.13 0.08 | Feas 0.16 1.00 | Pen 0.12 0.10
It  72500   1383 | T(s) 611.91 | Feas 57 1108.11 1109.01 | Inf 55 1107.40 1108.68 | Div 0.17 0.16 | Feas 0.16 1.00 | Pen 0.12 0.10
It  73000    397 | T(s) 615.53 | Feas 27 1107.88 1111.86 | Inf 43 1107.40 1108.05 | Div 0.26 0.14 | Feas 0.21 1.00 | Pen 0.12 0.10
It  73500    897 | T(s) 619.78 | Feas 25 1107.88 1111.45 | Inf 37 1107.54 1109.34 | Div 0.24 0.17 | Feas 0.13 1.00 | Pen 0.15 0.10
It  74000   1397 | T(s) 624.07 | Feas 44 1107.88 1110.69 | Inf 53 1107.31 1107.87 | Div 0.22 0.14 | Feas 0.26 1.00 | Pen 0.11 0.10
It  74500   1897 | T(s) 628.26 | Feas 41 1107.88 1110.04 | Inf 48 1107.32 1108.55 | Div 0.21 0.17 | Feas 0.29 1.00 | Pen 0.11 0.10
It  75000   2397 | T(s) 632.37 | Feas 34 1107.88 1109.41 | Inf 38 1107.46 1108.00 | Div 0.21 0.13 | Feas 0.23 1.00 | Pen 0.13 0.10
It  75500   2897 | T(s) 636.48 | Feas 59 1107.88 1108.92 | Inf 55 1107.35 1108.19 | Div 0.17 0.15 | Feas 0.24 1.00 | Pen 0.11 0.10
It  76000   3397 | T(s) 640.65 | Feas 38 1107.88 1109.79 | Inf 43 1107.36 1108.73 | Div 0.21 0.17 | Feas 0.20 1.00 | Pen 0.12 0.10
It  76500   3897 | T(s) 644.87 | Feas 38 1107.88 1109.96 | Inf 26 1107.28 1109.54 | Div 0.22 0.23 | Feas 0.27 1.00 | Pen 0.10 0.10
It  77000   4397 | T(s) 649.03 | Feas 34 1107.88 1110.15 | Inf 55 1107.26 1108.09 | Div 0.22 0.16 | Feas 0.21 1.00 | Pen 0.10 0.10
It  77500   4897 | T(s) 653.30 | Feas 30 1107.88 1109.95 | Inf 54 1107.38 1108.41 | Div 0.21 0.16 | Feas 0.18 1.00 | Pen 0.12 0.10
It  78000   5397 | T(s) 657.37 | Feas 40 1107.88 1108.48 | Inf 40 1107.28 1107.82 | Div 0.14 0.14 | Feas 0.18 1.00 | Pen 0.10 0.10
It  78500   5897 | T(s) 661.67 | Feas 32 1107.88 1109.32 | Inf 29 1107.29 1108.54 | Div 0.19 0.17 | Feas 0.17 1.00 | Pen 0.10 0.10
It  79000   6397 | T(s) 665.92 | Feas 59 1107.88 1108.38 | Inf 58 1107.41 1108.40 | Div 0.14 0.14 | Feas 0.22 1.00 | Pen 0.12 0.10
It  79500   6897 | T(s) 670.07 | Feas 25 1107.88 1112.32 | Inf 31 1107.30 1107.79 | Div 0.24 0.12 | Feas 0.27 1.00 | Pen 0.11 0.10
It  80000   7397 | T(s) 674.01 | Feas 60 1107.88 1108.85 | Inf 28 1107.44 1109.49 | Div 0.13 0.17 | Feas 0.20 1.00 | Pen 0.13 0.10
It  80500   7897 | T(s) 678.10 | Feas 35 1107.88 1108.78 | Inf 43 1107.34 1107.74 | Div 0.16 0.13 | Feas 0.32 1.00 | Pen 0.11 0.10
It  81000   8397 | T(s) 682.30 | Feas 30 1107.88 1111.52 | Inf 25 1107.26 1108.84 | Div 0.23 0.17 | Feas 0.23 1.00 | Pen 0.10 0.10
It  81500   8897 | T(s) 686.74 | Feas 26 1107.88 1111.33 | Inf 63 1107.38 1107.55 | Div 0.24 0.10 | Feas 0.16 1.00 | Pen 0.12 0.10
It  82000   9397 | T(s) 690.80 | Feas 46 1107.88 1108.50 | Inf 51 1107.40 1107.51 | Div 0.14 0.09 | Feas 0.13 1.00 | Pen 0.12 0.10
It  82500   9897 | T(s) 694.96 | Feas 51 1107.88 1108.21 | Inf 30 1107.41 1108.06 | Div 0.11 0.14 | Feas 0.15 1.00 | Pen 0.12 0.10
It  83000  10397 | T(s) 698.83 | Feas 62 1107.88 1107.96 | Inf 49 1107.26 1107.61 | Div 0.06 0.13 | Feas 0.26 1.00 | Pen 0.10 0.10
It  83500  10897 | T(s) 702.51 | Feas 49 1107.88 1108.52 | Inf 43 1107.38 1107.70 | Div 0.13 0.13 | Feas 0.14 1.00 | Pen 0.12 0.10
It  84000  11397 | T(s) 706.14 | Feas 28 1107.88 1108.47 | Inf 57 1107.29 1107.87 | Div 0.14 0.14 | Feas 0.22 1.00 | Pen 0.10 0.10
It  84500  11897 | T(s) 709.78 | Feas 26 1107.88 1109.45 | Inf 46 1107.11 1111.50 | Div 0.19 0.24 | Feas 0.14 1.00 | Pen 0.12 0.10
It  85000  12397 | T(s) 713.60 | Feas 26 1107.88 1109.56 | Inf 30 1106.96 1111.10 | Div 0.18 0.25 | Feas 0.19 1.00 | Pen 0.10 0.10
It  85500  12897 | T(s) 717.35 | Feas 65 1107.88 1108.24 | Inf 63 1106.96 1110.08 | Div 0.12 0.22 | Feas 0.17 1.00 | Pen 0.10 0.10
It  86000  13397 | T(s) 721.18 | Feas 36 1107.88 1109.96 | Inf 39 1107.01 1112.24 | Div 0.17 0.26 | Feas 0.28 1.00 | Pen 0.10 0.10
It  86500  13897 | T(s) 725.10 | Feas 60 1107.88 1108.43 | Inf 57 1107.02 1109.60 | Div 0.14 0.21 | Feas 0.24 1.00 | Pen 0.11 0.10
It  87000  14397 | T(s) 728.81 | Feas 65 1107.88 1108.45 | Inf 38 1106.99 1111.92 | Div 0.13 0.27 | Feas 0.19 1.00 | Pen 0.10 0.10
It  87500  14897 | T(s) 732.66 | Feas 65 1107.88 1110.53 | Inf 25 1107.01 1112.70 | Div 0.20 0.29 | Feas 0.21 1.00 | Pen 0.10 0.10
It  88000  15397 | T(s) 736.50 | Feas 34 1107.88 1109.95 | Inf 42 1107.02 1111.00 | Div 0.19 0.24 | Feas 0.30 1.00 | Pen 0.11 0.10
It  88500  15897 | T(s) 740.35 | Feas 61 1107.88 1109.79 | Inf 38 1107.02 1109.99 | Div 0.17 0.22 | Feas 0.17 1.00 | Pen 0.11 0.10
It  89000  16397 | T(s) 743.87 | Feas 28 1107.88 1112.76 | Inf 61 1107.02 1108.30 | Div 0.25 0.16 | Feas 0.25 1.00 | Pen 0.11 0.10
It  89500  16897 | T(s) 747.70 | Feas 57 1107.88 1108.95 | Inf 53 1107.02 1108.61 | Div 0.16 0.18 | Feas 0.21 1.00 | Pen 0.11 0.10
It  90000  17397 | T(s) 751.32 | Feas 40 1107.88 1108.36 | Inf 30 1106.96 1109.89 | Div 0.14 0.22 | Feas 0.26 1.00 | Pen 0.10 0.10
It  90500  17897 | T(s) 755.13 | Feas 36 1107.88 1109.51 | Inf 55 1106.99 1109.22 | Div 0.18 0.21 | Feas 0.19 1.00 | Pen 0.10 0.10
It  91000    260 | T(s) 758.86 | Feas 40 1107.87 1108.73 | Inf 50 1107.11 1108.01 | Div 0.16 0.17 | Feas 0.21 1.00 | Pen 0.12 0.10
It  91500    760 | T(s) 762.54 | Feas 56 1107.87 1109.52 | Inf 39 1107.12 1109.40 | Div 0.19 0.21 | Feas 0.20 1.00 | Pen 0.12 0.10
It  92000   1260 | T(s) 766.30 | Feas 58 1107.87 1108.79 | Inf 29 1107.01 1109.49 | Div 0.17 0.22 | Feas 0.17 1.00 | Pen 0.10 0.10
It  92500   1760 | T(s) 770.29 | Feas 53 1107.87 1109.78 | Inf 61 1107.02 1108.28 | Div 0.20 0.18 | Feas 0.18 1.00 | Pen 0.11 0.10
It  93000   2260 | T(s) 774.09 | Feas 34 1107.87 1109.95 | Inf 56 1107.04 1107.64 | Div 0.22 0.15 | Feas 0.19 1.00 | Pen 0.11 0.10
It  93500   2760 | T(s) 777.97 | Feas 40 1107.87 1111.00 | Inf 49 1107.05 1107.83 | Div 0.22 0.16 | Feas 0.19 1.00 | Pen 0.11 0.10
It  94000   3260 | T(s) 781.81 | Feas 35 1107.87 1111.40 | Inf 44 1107.05 1109.73 | Div 0.24 0.23 | Feas 0.21 1.00 | Pen 0.11 0.10
It  94500   3760 | T(s) 785.77 | Feas 27 1107.87 1114.60 | Inf 49 1107.34 1109.74 | Div 0.31 0.21 | Feas 0.14 1.00 | Pen 0.16 0.10
It  95000   4260 | T(s) 789.76 | Feas 43 1107.87 1110.48 | Inf 54 1107.08 1108.38 | Div 0.23 0.18 | Feas 0.17 1.00 | Pen 0.11 0.10
It  95500   4760 | T(s) 793.62 | Feas 54 1107.87 1109.31 | Inf 40 1107.08 1109.01 | Div 0.20 0.21 | Feas 0.19 1.00 | Pen 0.11 0.10
It  96000   5260 | T(s) 797.43 | Feas 29 1107.87 1111.40 | Inf 57 1106.96 1109.17 | Div 0.26 0.21 | Feas 0.26 1.00 | Pen 0.10 0.10
It  96500   5760 | T(s) 801.36 | Feas 30 1107.87 1110.05 | Inf 36 1107.01 1111.59 | Div 0.22 0.26 | Feas 0.28 1.00 | Pen 0.10 0.10
It  97000   6260 | T(s) 805.21 | Feas 30 1107.87 1109.14 | Inf 29 1107.02 1108.77 | Div 0.21 0.20 | Feas 0.16 1.00 | Pen 0.11 0.10
It  97500   6760 | T(s) 808.95 | Feas 64 1107.87 1108.90 | Inf 63 1107.17 1108.32 | Div 0.18 0.17 | Feas 0.23 1.00 | Pen 0.13 0.10
It  98000   7260 | T(s) 812.50 | Feas 26 1107.87 1110.99 | Inf 39 1106.96 1110.61 | Div 0.25 0.23 | Feas 0.17 1.00 | Pen 0.10 0.10
It  98500   7760 | T(s) 816.29 | Feas 43 1107.87 1109.13 | Inf 32 1107.11 1111.40 | Div 0.19 0.24 | Feas 0.22 1.00 | Pen 0.12 0.10
It  99000   8260 | T(s) 820.05 | Feas 52 1107.87 1108.29 | Inf 46 1107.11 1108.51 | Div 0.16 0.20 | Feas 0.24 1.00 | Pen 0.12 0.10
It  99500   8760 | T(s) 823.77 | Feas 62 1107.87 1109.77 | Inf 25 1106.99 1113.48 | Div 0.21 0.27 | Feas 0.23 1.00 | Pen 0.10 0.10
It 100000   9260 | T(s) 827.70 | Feas 29 1107.87 1111.68 | Inf 53 1107.12 1110.47 | Div 0.26 0.23 | Feas 0.25 1.00 | Pen 0.12 0.10
It 100500   9760 | T(s) 831.46 | Feas 42 1107.87 1109.36 | Inf 32 1107.01 1110.21 | Div 0.21 0.25 | Feas 0.16 1.00 | Pen 0.10 0.10
It 101000     64 | T(s) 835.20 | Feas 56 1107.85 1108.92 | Inf 61 1107.01 1108.00 | Div 0.19 0.18 | Feas 0.19 1.00 | Pen 0.10 0.10
It 101500    357 | T(s) 839.20 | Feas 60 1107.64 1110.85 | Inf 40 1107.11 1109.87 | Div 0.23 0.23 | Feas 0.21 1.00 | Pen 0.12 0.10
It 102000    857 | T(s) 843.02 | Feas 59 1107.64 1109.88 | Inf 58 1106.99 1108.23 | Div 0.23 0.18 | Feas 0.19 1.00 | Pen 0.10 0.10
It 102500   1357 | T(s) 846.82 | Feas 52 1107.64 1109.28 | Inf 41 1107.11 1108.92 | Div 0.21 0.21 | Feas 0.23 1.00 | Pen 0.12 0.10
It 103000   1857 | T(s) 850.38 | Feas 42 1107.64 1109.16 | Inf 28 1107.01 1109.24 | Div 0.21 0.23 | Feas 0.20 1.00 | Pen 0.10 0.10
It 103500   2357 | T(s) 854.02 | Feas 38 1107.64 1109.53 | Inf 47 1107.02 1108.52 | Div 0.22 0.20 | Feas 0.21 1.00 | Pen 0.11 0.10
It 104000   2857 | T(s) 857.77 | Feas 64 1107.64 1109.04 | Inf 39 1107.02 1108.84 | Div 0.20 0.20 | Feas 0.21 1.00 | Pen 0.11 0.10
It 104500   3357 | T(s) 861.72 | Feas 32 1107.64 1112.59 | Inf 44 1107.15 1108.60 | Div 0.28 0.19 | Feas 0.22 1.00 | Pen 0.13 0.10
It 105000   3857 | T(s) 865.60 | Feas 29 1107.64 1112.34 | Inf 65 1107.04 1107.91 | Div 0.29 0.18 | Feas 0.16 1.00 | Pen 0.11 0.10
It 105500    270 | T(s) 869.58 | Feas 44 1107.31 1110.46 | Inf 39 1106.99 1111.41 | Div 0.25 0.25 | Feas 0.20 1.00 | Pen 0.11 0.10
It 106000    770 | T(s) 873.50 | Feas 54 1107.31 1109.68 | Inf 28 1107.01 1113.01 | Div 0.23 0.30 | Feas 0.20 1.00 | Pen 0.11 0.10
It 106500   1270 | T(s) 877.51 | Feas 49 1107.31 1110.32 | Inf 63 1107.21 1109.96 | Div 0.23 0.23 | Feas 0.14 1.00 | Pen 0.14 0.10
It 107000   1770 | T(s) 881.65 | Feas 64 1107.31 1109.03 | Inf 36 1106.90 1110.76 | Div 0.21 0.26 | Feas 0.17 1.00 | Pen 0.10 0.10
It 107500   2270 | T(s) 885.62 | Feas 43 1107.31 1108.63 | Inf 34 1106.92 1109.30 | Div 0.19 0.22 | Feas 0.17 1.00 | Pen 0.10 0.10
It 108000   2770 | T(s) 889.68 | Feas 44 1107.31 1108.97 | Inf 62 1106.93 1110.19 | Div 0.20 0.23 | Feas 0.27 1.00 | Pen 0.10 0.10
It 108500   3270 | T(s) 893.66 | Feas 38 1107.31 1108.55 | Inf 48 1107.14 1108.52 | Div 0.19 0.20 | Feas 0.22 1.00 | Pen 0.13 0.10
It 109000   3770 | T(s) 897.53 | Feas 45 1107.31 1108.91 | Inf 61 1106.97 1108.92 | Div 0.21 0.22 | Feas 0.19 1.00 | Pen 0.11 0.10
It 109500   4270 | T(s) 901.51 | Feas 40 1107.31 1109.09 | Inf 44 1106.99 1110.07 | Div 0.21 0.23 | Feas 0.18 1.00 | Pen 0.11 0.10
It 110000   4770 | T(s) 905.57 | Feas 38 1107.31 1109.09 | Inf 26 1106.92 1110.51 | Div 0.20 0.27 | Feas 0.22 1.00 | Pen 0.10 0.10
It 110500   5270 | T(s) 909.38 | Feas 43 1107.31 1108.74 | Inf 28 1106.92 1109.31 | Div 0.21 0.24 | Feas 0.17 1.00 | Pen 0.10 0.10
It 111000   5770 | T(s) 913.48 | Feas 65 1107.31 1108.25 | Inf 63 1106.93 1109.48 | Div 0.18 0.23 | Feas 0.19 1.00 | Pen 0.10 0.10
It 111500   6270 | T(s) 917.32 | Feas 54 1107.31 1108.38 | Inf 56 1107.12 1108.46 | Div 0.19 0.20 | Feas 0.20 1.00 | Pen 0.12 0.10
It 112000   6770 | T(s) 921.26 | Feas 51 1107.31 1107.96 | Inf 36 1106.95 1109.82 | Div 0.17 0.23 | Feas 0.23 1.00 | Pen 0.11 0.10
It 112500   7270 | T(s) 925.57 | Feas 56 1107.31 1108.10 | Inf 63 1107.14 1108.74 | Div 0.16 0.20 | Feas 0.23 1.00 | Pen 0.13 0.10
It 113000   7770 | T(s) 929.92 | Feas 62 1107.31 1108.03 | Inf 37 1107.08 1110.98 | Div 0.15 0.25 | Feas 0.13 1.00 | Pen 0.12 0.10
It 113500   8270 | T(s) 934.49 | Feas 27 1107.31 1109.48 | Inf 52 1107.08 1109.36 | Div 0.23 0.21 | Feas 0.24 1.00 | Pen 0.12 0.10
It 114000   8770 | T(s) 938.89 | Feas 63 1107.31 1107.84 | Inf 33 1106.92 1109.04 | Div 0.13 0.22 | Feas 0.17 1.00 | Pen 0.10 0.10
It 114500   9270 | T(s) 943.31 | Feas 47 1107.31 1107.94 | Inf 59 1106.83 1108.64 | Div 0.16 0.20 | Feas 0.31 1.00 | Pen 0.10 0.10
It 115000   9770 | T(s) 947.80 | Feas 28 1107.31 1108.74 | Inf 44 1106.86 1108.64 | Div 0.20 0.22 | Feas 0.31 1.00 | Pen 0.11 0.10
It 115500  10270 | T(s) 952.21 | Feas 35 1107.31 1108.17 | Inf 31 1106.96 1110.63 | Div 0.17 0.24 | Feas 0.12 1.00 | Pen 0.12 0.10
It 116000  10770 | T(s) 956.59 | Feas 48 1107.31 1109.92 | Inf 55 1106.96 1107.46 | Div 0.21 0.15 | Feas 0.19 1.00 | Pen 0.12 0.10
It 116500  11270 | T(s) 960.80 | Feas 58 1107.31 1107.99 | Inf 33 1106.88 1107.49 | Div 0.16 0.16 | Feas 0.24 1.00 | Pen 0.12 0.10
It 117000  11770 | T(s) 965.01 | Feas 52 1107.31 1108.38 | Inf 62 1106.88 1107.20 | Div 0.17 0.13 | Feas 0.18 1.00 | Pen 0.12 0.10
It 117500  12270 | T(s) 969.39 | Feas 40 1107.31 1109.29 | Inf 46 1106.79 1107.72 | Div 0.17 0.16 | Feas 0.27 1.00 | Pen 0.10 0.10
It 118000  12770 | T(s) 973.61 | Feas 40 1107.31 1108.62 | Inf 31 1106.80 1108.13 | Div 0.17 0.17 | Feas 0.19 1.00 | Pen 0.11 0.10
It 118500  13270 | T(s) 977.70 | Feas 46 1107.31 1107.65 | Inf 60 1106.81 1107.25 | Div 0.14 0.13 | Feas 0.24 1.00 | Pen 0.11 0.10
It 119000  13770 | T(s) 981.91 | Feas 53 1107.31 1109.15 | Inf 46 1106.83 1108.30 | Div 0.18 0.16 | Feas 0.31 1.00 | Pen 0.11 0.10
It 119500  14270 | T(s) 985.82 | Feas 46 1107.31 1108.36 | Inf 44 1106.83 1107.02 | Div 0.17 0.10 | Feas 0.20 1.00 | Pen 0.11 0.10
It 120000  14770 | T(s) 989.54 | Feas 55 1107.31 1108.66 | Inf 31 1106.77 1109.34 | Div 0.17 0.22 | Feas 0.30 1.00 | Pen 0.11 0.10
It 120500     31 | T(s) 993.33 | Feas 65 1107.14 1108.35 | Inf 54 1106.79 1109.46 | Div 0.17 0.20 | Feas 0.38 1.00 | Pen 0.11 0.10
It 121000    531 | T(s) 997.18 | Feas 62 1107.14 1108.15 | Inf 47 1106.66 1108.01 | Div 0.15 0.17 | Feas 0.21 1.00 | Pen 0.11 0.10
It 121500   1031 | T(s) 1000.90 | Feas 53 1107.14 1108.00 | Inf 41 1106.57 1107.56 | Div 0.17 0.17 | Feas 0.20 1.00 | Pen 0.10 0.10
It 122000   1531 | T(s) 1004.63 | Feas 42 1107.14 1110.10 | Inf 52 1106.69 1107.43 | Div 0.22 0.14 | Feas 0.18 1.00 | Pen 0.12 0.10
It 122500   2031 | T(s) 1008.48 | Feas 41 1107.14 1108.25 | Inf 36 1106.60 1108.30 | Div 0.17 0.18 | Feas 0.30 1.00 | Pen 0.10 0.10
It 123000   2531 | T(s) 1012.36 | Feas 28 1107.14 1111.05 | Inf 30 1106.74 1110.14 | Div 0.25 0.20 | Feas 0.20 1.00 | Pen 0.13 0.10
It 123500   3031 | T(s) 1016.00 | Feas 52 1107.14 1109.30 | Inf 58 1106.64 1107.44 | Div 0.20 0.13 | Feas 0.26 1.00 | Pen 0.11 0.10
It 124000   3531 | T(s) 1019.90 | Feas 52 1107.14 1108.18 | Inf 62 1106.77 1107.15 | Div 0.17 0.11 | Feas 0.11 1.00 | Pen 0.13 0.10
It 124500   4031 | T(s) 1023.59 | Feas 46 1107.14 1108.80 | Inf 36 1106.66 1108.81 | Div 0.19 0.19 | Feas 0.28 1.00 | Pen 0.11 0.10
It 125000   4531 | T(s) 1027.35 | Feas 30 1107.14 1110.27 | Inf 28 1106.66 1111.93 | Div 0.24 0.25 | Feas 0.16 1.00 | Pen 0.11 0.10
It 125500   5031 | T(s) 1031.36 | Feas 42 1107.14 1109.47 | Inf 54 1106.71 1109.32 | Div 0.22 0.20 | Feas 0.29 1.00 | Pen 0.12 0.10
It 126000   5531 | T(s) 1035.22 | Feas 39 1107.14 1109.17 | Inf 38 1106.54 1109.31 | Div 0.20 0.22 | Feas 0.27 1.00 | Pen 0.11 0.10
It 126500   6031 | T(s) 1039.21 | Feas 52 1107.14 1108.02 | Inf 54 1106.46 1107.66 | Div 0.17 0.17 | Feas 0.27 1.00 | Pen 0.10 0.10
It 127000   6531 | T(s) 1042.92 | Feas 47 1107.14 1108.10 | Inf 54 1106.69 1107.40 | Div 0.17 0.15 | Feas 0.19 1.00 | Pen 0.12 0.10
It 127500   7031 | T(s) 1046.77 | Feas 37 1107.14 1108.21 | Inf 45 1106.71 1108.33 | Div 0.17 0.19 | Feas 0.23 1.00 | Pen 0.12 0.10
It 128000   7531 | T(s) 1050.59 | Feas 49 1107.14 1108.39 | Inf 27 1106.51 1110.07 | Div 0.16 0.25 | Feas 0.19 1.00 | Pen 0.10 0.10
It 128500   8031 | T(s) 1054.41 | Feas 32 1107.14 1109.08 | Inf 46 1106.57 1108.47 | Div 0.22 0.21 | Feas 0.34 1.00 | Pen 0.11 0.10
It 129000   8531 | T(s) 1058.18 | Feas 31 1107.14 1108.46 | Inf 54 1106.75 1109.49 | Div 0.18 0.21 | Feas 0.19 1.00 | Pen 0.13 0.10
It 129500   9031 | T(s) 1061.93 | Feas 41 1107.14 1109.28 | Inf 43 1106.71 1109.20 | Div 0.19 0.21 | Feas 0.10 1.00 | Pen 0.12 0.10
It 130000   9531 | T(s) 1065.67 | Feas 39 1107.14 1108.71 | Inf 29 1106.72 1111.12 | Div 0.19 0.24 | Feas 0.25 1.00 | Pen 0.12 0.10
It 130500  10031 | T(s) 1069.55 | Feas 48 1107.14 1108.84 | Inf 46 1106.74 1108.57 | Div 0.18 0.19 | Feas 0.21 1.00 | Pen 0.13 0.10
It 131000  10531 | T(s) 1073.38 | Feas 44 1107.14 1108.97 | Inf 34 1106.57 1110.41 | Div 0.20 0.22 | Feas 0.19 1.00 | Pen 0.11 0.10
It 131500  11031 | T(s) 1077.32 | Feas 36 1107.14 1109.37 | Inf 30 1106.57 1109.39 | Div 0.21 0.22 | Feas 0.18 1.00 | Pen 0.11 0.10
It 132000  11531 | T(s) 1081.26 | Feas 63 1107.14 1107.92 | Inf 65 1106.69 1109.40 | Div 0.15 0.21 | Feas 0.15 1.00 | Pen 0.12 0.10
It 132500  12031 | T(s) 1085.14 | Feas 47 1107.14 1108.14 | Inf 33 1106.49 1109.12 | Div 0.17 0.22 | Feas 0.18 1.00 | Pen 0.10 0.10
It 133000  12531 | T(s) 1088.98 | Feas 52 1107.14 1109.14 | Inf 45 1106.51 1109.84 | Div 0.18 0.22 | Feas 0.39 1.00 | Pen 0.10 0.10
It 133500  13031 | T(s) 1092.83 | Feas 47 1107.14 1109.08 | Inf 46 1106.51 1108.13 | Div 0.19 0.19 | Feas 0.16 1.00 | Pen 0.10 0.10
It 134000  13531 | T(s) 1096.62 | Feas 28 1107.14 1109.72 | Inf 44 1106.51 1107.94 | Div 0.23 0.18 | Feas 0.19 1.00 | Pen 0.10 0.10
It 134500  14031 | T(s) 1100.35 | Feas 53 1107.14 1109.10 | Inf 31 1106.54 1109.98 | Div 0.20 0.22 | Feas 0.23 1.00 | Pen 0.11 0.10
It 135000  14531 | T(s) 1104.25 | Feas 49 1107.14 1109.29 | Inf 60 1106.57 1108.73 | Div 0.20 0.21 | Feas 0.19 1.00 | Pen 0.11 0.10
It 135500  15031 | T(s) 1107.96 | Feas 65 1107.14 1108.43 | Inf 49 1106.69 1109.02 | Div 0.16 0.21 | Feas 0.20 1.00 | Pen 0.12 0.10
It 136000  15531 | T(s) 1111.82 | Feas 32 1107.14 1109.38 | Inf 62 1106.51 1108.87 | Div 0.22 0.19 | Feas 0.32 1.00 | Pen 0.10 0.10
It 136500  16031 | T(s) 1115.54 | Feas 62 1107.14 1107.74 | Inf 52 1106.69 1107.98 | Div 0.14 0.17 | Feas 0.12 1.00 | Pen 0.12 0.10
It 137000  16531 | T(s) 1119.75 | Feas 56 1107.14 1107.76 | Inf 34 1106.71 1108.82 | Div 0.13 0.22 | Feas 0.24 1.00 | Pen 0.12 0.10
It 137500  17031 | T(s) 1124.03 | Feas 30 1107.14 1110.24 | Inf 51 1106.66 1107.98 | Div 0.20 0.19 | Feas 0.24 1.00 | Pen 0.12 0.10
It 138000  17531 | T(s) 1128.55 | Feas 54 1107.14 1107.96 | Inf 65 1106.53 1107.74 | Div 0.14 0.17 | Feas 0.23 1.00 | Pen 0.11 0.10
It 138500  18031 | T(s) 1132.79 | Feas 41 1107.14 1107.78 | Inf 59 1106.70 1108.51 | Div 0.12 0.19 | Feas 0.24 1.00 | Pen 0.13 0.10
It 139000  18531 | T(s) 1137.31 | Feas 54 1107.14 1108.21 | Inf 37 1106.46 1110.24 | Div 0.14 0.25 | Feas 0.17 1.00 | Pen 0.10 0.10
It 139500  19031 | T(s) 1141.72 | Feas 55 1107.14 1108.64 | Inf 63 1106.64 1108.44 | Div 0.16 0.18 | Feas 0.23 1.00 | Pen 0.12 0.10
It 140000  19531 | T(s) 1146.22 | Feas 57 1107.14 1108.29 | Inf 52 1106.85 1109.41 | Div 0.15 0.22 | Feas 0.15 1.00 | Pen 0.15 0.10
----- GENETIC ALGORITHM FINISHED AFTER 140471 ITERATIONS. TIME SPENT: 1150.46
----- WRITING BEST SOLUTION IN : baseline_results/cvrp_hgs/Vrp-Set-Golden-n484/Vrp-Set-Golden-n484-hgs/0.hgs1.tour
