=========== Algorithm Parameters =================
---- nbGranular        is set to 20
---- mu                is set to 25
---- lambda            is set to 40
---- nbElite           is set to 4
---- nbClose           is set to 5
---- targetFeasible    is set to 0.2
---- seed              is set to 1234
---- nbIter            is set to 20000
---- timeLimit         is set to 0
---- useSwapStar       is set to 1
==================================================
----- READING INSTANCE: baseline_results/cvrp_hgs/Vrp-Set-X-n766/Vrp-Set-X-n766-hgs/0.hgs1.vrp
----- FLEET SIZE WAS NOT SPECIFIED: DEFAULT INITIALIZATION TO 95 VEHICLES
----- INSTANCE SUCCESSFULLY LOADED WITH 765 CLIENTS AND 95 VEHICLES
----- BUILDING INITIAL POPULATION
----- STARTING GENETIC ALGORITHM
It      0      2 | T(s) 5.33 | Feas 10 118650.51 119935.17 | Inf 60 117721.90 118344.86 | Div 0.70 0.70 | Feas 0.00 1.00 | Pen 16.64 0.85
It    500    138 | T(s) 17.22 | Feas 34 117430.30 118135.12 | Inf 36 116845.02 117485.00 | Div 0.64 0.63 | Feas 0.11 1.00 | Pen 41.41 0.38
It   1000    255 | T(s) 28.24 | Feas 39 116883.04 117151.86 | Inf 48 116685.59 117071.76 | Div 0.55 0.62 | Feas 0.24 1.00 | Pen 35.90 0.17
It   1500    249 | T(s) 38.10 | Feas 51 116453.78 116818.86 | Inf 25 116507.15 117068.60 | Div 0.56 0.62 | Feas 0.17 1.00 | Pen 30.52 0.10
It   2000     98 | T(s) 47.83 | Feas 39 116257.94 116579.20 | Inf 47 116193.22 116436.40 | Div 0.58 0.53 | Feas 0.29 1.00 | Pen 31.13 0.10
It   2500    261 | T(s) 56.97 | Feas 48 116052.07 116424.48 | Inf 26 116079.92 116676.98 | Div 0.56 0.63 | Feas 0.23 1.00 | Pen 26.46 0.10
It   3000    761 | T(s) 65.76 | Feas 26 116052.07 116360.29 | Inf 57 115924.70 116217.65 | Div 0.56 0.55 | Feas 0.20 1.00 | Pen 26.46 0.10
It   3500    132 | T(s) 74.28 | Feas 49 115869.82 116046.13 | Inf 39 115855.83 116019.72 | Div 0.49 0.52 | Feas 0.18 1.00 | Pen 22.49 0.10
It   4000    140 | T(s) 82.79 | Feas 65 115804.88 115981.65 | Inf 29 115736.66 116114.43 | Div 0.48 0.58 | Feas 0.21 1.00 | Pen 26.99 0.10
It   4500    640 | T(s) 91.16 | Feas 44 115804.88 115914.16 | Inf 59 115736.66 115868.48 | Div 0.49 0.51 | Feas 0.21 1.00 | Pen 26.99 0.10
It   5000     10 | T(s) 99.17 | Feas 41 115610.62 115825.16 | Inf 35 115707.08 115820.14 | Div 0.51 0.52 | Feas 0.24 1.00 | Pen 26.99 0.10
It   5500     71 | T(s) 107.37 | Feas 40 115569.66 115766.65 | Inf 61 115650.99 115759.76 | Div 0.48 0.50 | Feas 0.21 1.00 | Pen 27.53 0.10
It   6000    571 | T(s) 115.35 | Feas 31 115569.66 115837.98 | Inf 48 115422.03 115617.25 | Div 0.53 0.45 | Feas 0.16 1.00 | Pen 23.87 0.10
It   6500     56 | T(s) 122.73 | Feas 40 115456.93 115596.56 | Inf 43 115354.72 115461.75 | Div 0.45 0.36 | Feas 0.26 1.00 | Pen 29.21 0.10
It   7000     57 | T(s) 129.66 | Feas 39 115405.88 115520.26 | Inf 30 115314.14 115437.51 | Div 0.43 0.41 | Feas 0.23 1.00 | Pen 29.80 0.10
It   7500     72 | T(s) 136.81 | Feas 33 115384.15 115522.30 | Inf 64 115315.34 115401.72 | Div 0.45 0.37 | Feas 0.17 1.00 | Pen 30.39 0.10
It   8000     69 | T(s) 143.50 | Feas 39 115336.07 115429.30 | Inf 55 115283.04 115344.11 | Div 0.38 0.34 | Feas 0.17 1.00 | Pen 30.39 0.10
It   8500    102 | T(s) 150.09 | Feas 61 115299.58 115395.60 | Inf 56 115246.21 115309.55 | Div 0.35 0.31 | Feas 0.33 1.00 | Pen 26.35 0.10
It   9000    286 | T(s) 156.65 | Feas 60 115293.55 115353.30 | Inf 30 115206.48 115332.30 | Div 0.32 0.38 | Feas 0.29 1.00 | Pen 19.04 0.10
It   9500    262 | T(s) 163.20 | Feas 64 115276.21 115370.92 | Inf 32 115231.61 115329.58 | Div 0.36 0.40 | Feas 0.16 1.00 | Pen 27.41 0.10
It  10000    762 | T(s) 169.80 | Feas 40 115276.21 115347.87 | Inf 64 115181.34 115286.26 | Div 0.36 0.37 | Feas 0.17 1.00 | Pen 23.77 0.10
It  10500   1262 | T(s) 176.18 | Feas 59 115276.21 115305.28 | Inf 44 115170.15 115341.13 | Div 0.30 0.42 | Feas 0.17 1.00 | Pen 24.24 0.10
It  11000    462 | T(s) 182.66 | Feas 41 115250.15 115327.04 | Inf 38 115172.08 115259.82 | Div 0.38 0.40 | Feas 0.21 1.00 | Pen 24.73 0.10
It  11500    204 | T(s) 189.40 | Feas 51 115187.65 115329.60 | Inf 46 115196.94 115300.00 | Div 0.41 0.40 | Feas 0.16 1.00 | Pen 35.61 0.10
It  12000    704 | T(s) 195.94 | Feas 41 115187.65 115320.55 | Inf 32 115146.17 115287.21 | Div 0.42 0.43 | Feas 0.17 1.00 | Pen 30.27 0.10
It  12500   1204 | T(s) 202.72 | Feas 46 115187.65 115342.52 | Inf 65 115114.92 115227.69 | Div 0.42 0.39 | Feas 0.29 1.00 | Pen 31.49 0.10
It  13000   1704 | T(s) 209.13 | Feas 47 115187.65 115304.31 | Inf 51 115074.55 115145.82 | Div 0.42 0.34 | Feas 0.20 1.00 | Pen 27.30 0.10
It  13500    464 | T(s) 215.91 | Feas 28 115155.72 115425.88 | Inf 38 115076.19 115197.20 | Div 0.46 0.39 | Feas 0.21 1.00 | Pen 27.85 0.10
It  14000    964 | T(s) 222.54 | Feas 39 115155.72 115277.68 | Inf 29 115059.58 115216.58 | Div 0.40 0.40 | Feas 0.19 1.00 | Pen 28.40 0.10
It  14500    114 | T(s) 229.01 | Feas 58 115139.98 115206.48 | Inf 58 115053.38 115123.12 | Div 0.34 0.32 | Feas 0.22 1.00 | Pen 28.40 0.10
It  15000    342 | T(s) 235.35 | Feas 52 115120.21 115208.93 | Inf 34 115035.37 115110.63 | Div 0.37 0.33 | Feas 0.28 1.00 | Pen 24.63 0.10
It  15500    469 | T(s) 241.78 | Feas 31 115108.70 115190.46 | Inf 62 115017.85 115090.51 | Div 0.38 0.31 | Feas 0.11 1.00 | Pen 25.62 0.10
It  16000    969 | T(s) 248.01 | Feas 43 115108.70 115167.64 | Inf 50 114974.01 115103.15 | Div 0.37 0.35 | Feas 0.20 1.00 | Pen 21.78 0.10
It  16500   1469 | T(s) 254.42 | Feas 51 115108.70 115203.77 | Inf 50 114986.33 115059.17 | Div 0.39 0.31 | Feas 0.14 1.00 | Pen 26.13 0.10
It  17000     74 | T(s) 261.22 | Feas 31 115043.31 115246.72 | Inf 37 114986.33 115079.16 | Div 0.42 0.36 | Feas 0.22 1.00 | Pen 26.13 0.10
It  17500    574 | T(s) 267.75 | Feas 46 115043.31 115165.75 | Inf 39 114996.82 115082.76 | Div 0.39 0.37 | Feas 0.20 1.00 | Pen 31.36 0.10
It  18000   1074 | T(s) 273.99 | Feas 47 115043.31 115137.82 | Inf 59 114978.01 115041.60 | Div 0.37 0.32 | Feas 0.20 1.00 | Pen 26.66 0.10
It  18500     17 | T(s) 280.23 | Feas 42 115021.74 115118.96 | Inf 42 114950.07 115041.33 | Div 0.36 0.34 | Feas 0.23 1.00 | Pen 26.66 0.10
It  19000    433 | T(s) 286.44 | Feas 40 115006.53 115090.65 | Inf 56 114938.07 115016.44 | Div 0.34 0.32 | Feas 0.29 1.00 | Pen 22.66 0.10
It  19500    933 | T(s) 292.63 | Feas 58 115006.53 115111.70 | Inf 41 114942.78 115040.29 | Div 0.35 0.34 | Feas 0.38 1.00 | Pen 27.73 0.10
It  20000    119 | T(s) 298.72 | Feas 25 115000.78 115253.34 | Inf 29 114942.78 115070.21 | Div 0.43 0.38 | Feas 0.25 1.00 | Pen 27.73 0.10
It  20500    619 | T(s) 304.83 | Feas 43 115000.78 115065.79 | Inf 53 114931.04 115003.64 | Div 0.33 0.32 | Feas 0.30 1.00 | Pen 24.05 0.10
It  21000   1119 | T(s) 310.97 | Feas 44 115000.78 115073.85 | Inf 45 114945.02 115037.30 | Div 0.34 0.34 | Feas 0.17 1.00 | Pen 28.85 0.10
It  21500    221 | T(s) 316.98 | Feas 25 114988.80 115189.13 | Inf 51 114934.89 115050.91 | Div 0.40 0.37 | Feas 0.22 1.00 | Pen 24.53 0.10
It  22000    721 | T(s) 323.03 | Feas 56 114988.80 115034.35 | Inf 41 114935.30 114995.98 | Div 0.30 0.32 | Feas 0.14 1.00 | Pen 25.52 0.10
It  22500   1221 | T(s) 329.22 | Feas 44 114988.80 115048.83 | Inf 37 114936.32 115022.48 | Div 0.33 0.35 | Feas 0.09 1.00 | Pen 26.03 0.10
It  23000     10 | T(s) 335.22 | Feas 32 114983.02 115038.76 | Inf 65 114901.78 114992.87 | Div 0.33 0.33 | Feas 0.22 1.00 | Pen 22.12 0.10
It  23500    436 | T(s) 341.44 | Feas 63 114978.71 115022.22 | Inf 62 114940.71 115022.47 | Div 0.30 0.32 | Feas 0.25 1.00 | Pen 31.86 0.10
It  24000    324 | T(s) 347.80 | Feas 40 114971.95 115040.90 | Inf 40 114913.36 115029.01 | Div 0.33 0.36 | Feas 0.23 1.00 | Pen 27.08 0.10
It  24500    824 | T(s) 353.89 | Feas 52 114971.95 115034.14 | Inf 62 114899.27 114972.51 | Div 0.31 0.31 | Feas 0.30 1.00 | Pen 23.02 0.10
It  25000   1324 | T(s) 360.08 | Feas 48 114971.95 115046.59 | Inf 27 114902.76 115060.33 | Div 0.33 0.38 | Feas 0.17 1.00 | Pen 27.62 0.10
It  25500   1824 | T(s) 366.02 | Feas 39 114971.95 115031.20 | Inf 53 114894.47 114937.21 | Div 0.32 0.29 | Feas 0.19 1.00 | Pen 23.48 0.10
It  26000    399 | T(s) 371.83 | Feas 49 114967.55 115027.95 | Inf 56 114894.47 114948.79 | Div 0.32 0.30 | Feas 0.20 1.00 | Pen 23.48 0.10
It  26500    899 | T(s) 378.05 | Feas 47 114967.55 115042.70 | Inf 62 114915.13 114959.77 | Div 0.32 0.28 | Feas 0.15 1.00 | Pen 33.81 0.10
It  27000   1399 | T(s) 384.11 | Feas 52 114967.55 115043.16 | Inf 35 114906.14 115031.32 | Div 0.32 0.36 | Feas 0.15 1.00 | Pen 29.31 0.10
It  27500     86 | T(s) 390.07 | Feas 53 114941.22 115012.36 | Inf 53 114893.46 115014.07 | Div 0.31 0.33 | Feas 0.15 1.00 | Pen 30.50 0.10
It  28000    586 | T(s) 396.28 | Feas 51 114941.22 115043.52 | Inf 43 114913.95 115059.57 | Div 0.33 0.35 | Feas 0.20 1.00 | Pen 37.33 0.10
It  28500   1086 | T(s) 402.80 | Feas 39 114941.22 115079.06 | Inf 65 114895.76 115007.55 | Div 0.36 0.33 | Feas 0.22 1.00 | Pen 31.73 0.10
It  29000   1586 | T(s) 409.15 | Feas 58 114941.22 115017.95 | Inf 41 114884.49 114995.35 | Div 0.31 0.33 | Feas 0.20 1.00 | Pen 27.51 0.10
It  29500   2086 | T(s) 415.19 | Feas 58 114941.22 114988.05 | Inf 55 114872.11 114963.46 | Div 0.28 0.31 | Feas 0.24 1.00 | Pen 23.38 0.10
It  30000   2586 | T(s) 421.04 | Feas 34 114941.22 115007.38 | Inf 44 114873.52 114932.90 | Div 0.31 0.28 | Feas 0.20 1.00 | Pen 23.85 0.10
It  30500    384 | T(s) 426.85 | Feas 64 114938.44 114984.90 | Inf 42 114887.83 114938.59 | Div 0.27 0.28 | Feas 0.19 1.00 | Pen 28.62 0.10
It  31000    884 | T(s) 432.37 | Feas 40 114938.44 114980.63 | Inf 48 114856.75 114884.16 | Div 0.24 0.25 | Feas 0.18 1.00 | Pen 20.68 0.10
It  31500     85 | T(s) 438.14 | Feas 45 114933.77 114979.19 | Inf 43 114891.30 114978.64 | Div 0.25 0.32 | Feas 0.22 1.00 | Pen 29.77 0.10
It  32000    585 | T(s) 443.90 | Feas 45 114933.77 114965.15 | Inf 61 114869.88 114932.17 | Div 0.23 0.29 | Feas 0.19 1.00 | Pen 25.31 0.10
It  32500    406 | T(s) 449.96 | Feas 59 114932.60 114964.52 | Inf 50 114890.12 114962.91 | Div 0.24 0.30 | Feas 0.25 1.00 | Pen 30.37 0.10
It  33000    192 | T(s) 455.65 | Feas 35 114924.96 114950.19 | Inf 29 114871.90 114958.89 | Div 0.21 0.32 | Feas 0.18 1.00 | Pen 25.81 0.10
It  33500    283 | T(s) 461.51 | Feas 35 114920.33 114972.24 | Inf 27 114873.84 114963.13 | Div 0.27 0.33 | Feas 0.18 1.00 | Pen 31.60 0.10
It  34000    180 | T(s) 467.04 | Feas 25 114910.98 114986.28 | Inf 42 114854.88 114923.93 | Div 0.28 0.26 | Feas 0.21 1.00 | Pen 26.86 0.10
It  34500    680 | T(s) 472.58 | Feas 48 114910.98 114959.08 | Inf 58 114840.60 114889.25 | Div 0.24 0.25 | Feas 0.28 1.00 | Pen 23.29 0.10
It  35000    139 | T(s) 478.11 | Feas 58 114910.58 114941.05 | Inf 42 114840.60 114871.00 | Div 0.20 0.23 | Feas 0.24 1.00 | Pen 23.29 0.10
It  35500    639 | T(s) 483.51 | Feas 47 114910.58 114933.01 | Inf 26 114821.85 114919.11 | Div 0.19 0.31 | Feas 0.21 1.00 | Pen 19.79 0.10
It  36000     77 | T(s) 488.79 | Feas 41 114908.69 114945.98 | Inf 56 114823.44 114857.22 | Div 0.21 0.23 | Feas 0.29 1.00 | Pen 20.19 0.10
It  36500    577 | T(s) 494.01 | Feas 47 114908.69 114929.29 | Inf 55 114847.63 114895.85 | Div 0.19 0.23 | Feas 0.21 1.00 | Pen 29.07 0.10
It  37000    100 | T(s) 500.01 | Feas 38 114905.23 114940.32 | Inf 41 114845.39 114886.06 | Div 0.21 0.22 | Feas 0.27 1.00 | Pen 29.65 0.10
It  37500    384 | T(s) 505.23 | Feas 58 114902.43 114915.90 | Inf 53 114810.15 114842.94 | Div 0.13 0.19 | Feas 0.18 1.00 | Pen 21.42 0.10
It  38000    328 | T(s) 510.21 | Feas 62 114899.64 114907.61 | Inf 35 114808.32 114848.26 | Div 0.08 0.22 | Feas 0.24 1.00 | Pen 21.42 0.10
It  38500    330 | T(s) 515.28 | Feas 42 114894.84 114917.61 | Inf 25 114770.55 114866.30 | Div 0.15 0.26 | Feas 0.20 1.00 | Pen 21.42 0.10
It  39000    830 | T(s) 520.54 | Feas 48 114894.84 114911.11 | Inf 62 114844.77 114900.11 | Div 0.13 0.20 | Feas 0.14 1.00 | Pen 30.85 0.10
It  39500     44 | T(s) 525.64 | Feas 51 114894.00 114905.94 | Inf 49 114758.79 114828.89 | Div 0.11 0.20 | Feas 0.41 1.00 | Pen 18.95 0.10
It  40000     14 | T(s) 530.70 | Feas 34 114892.45 114912.30 | Inf 45 114751.66 114803.77 | Div 0.15 0.19 | Feas 0.11 1.00 | Pen 19.33 0.10
It  40500    514 | T(s) 535.54 | Feas 50 114892.45 114911.32 | Inf 31 114754.75 114791.07 | Div 0.15 0.18 | Feas 0.16 1.00 | Pen 19.71 0.10
It  41000    217 | T(s) 540.39 | Feas 30 114891.45 114908.39 | Inf 36 114790.23 114809.06 | Div 0.14 0.13 | Feas 0.09 1.00 | Pen 23.65 0.10
It  41500     54 | T(s) 545.06 | Feas 56 114888.19 114896.51 | Inf 40 114731.16 114741.19 | Div 0.10 0.13 | Feas 0.34 1.00 | Pen 17.09 0.10
It  42000    200 | T(s) 549.82 | Feas 26 114885.06 114950.35 | Inf 60 114728.47 114736.69 | Div 0.19 0.11 | Feas 0.20 1.00 | Pen 17.09 0.10
It  42500     59 | T(s) 554.35 | Feas 53 114882.38 114888.65 | Inf 45 114724.47 114731.98 | Div 0.08 0.09 | Feas 0.24 1.00 | Pen 17.09 0.10
It  43000    559 | T(s) 558.99 | Feas 63 114882.38 114886.58 | Inf 63 114609.38 114715.95 | Div 0.09 0.12 | Feas 0.25 1.00 | Pen 14.82 0.10
It  43500   1059 | T(s) 564.35 | Feas 54 114882.38 114889.99 | Inf 36 114760.50 114921.45 | Div 0.11 0.28 | Feas 0.16 1.00 | Pen 17.78 0.10
It  44000    173 | T(s) 569.51 | Feas 64 114881.95 114890.33 | Inf 25 114713.73 114877.56 | Div 0.11 0.29 | Feas 0.26 1.00 | Pen 15.11 0.10
It  44500     50 | T(s) 574.88 | Feas 29 114879.19 114905.80 | Inf 27 114735.13 114815.58 | Div 0.16 0.24 | Feas 0.27 1.00 | Pen 18.50 0.10
It  45000    550 | T(s) 579.39 | Feas 40 114879.19 114898.76 | Inf 50 114736.07 114755.77 | Div 0.14 0.13 | Feas 0.22 1.00 | Pen 18.87 0.10
It  45500    339 | T(s) 583.89 | Feas 31 114877.57 114897.96 | Inf 35 114742.36 114766.16 | Div 0.15 0.15 | Feas 0.13 1.00 | Pen 19.63 0.10
It  46000    363 | T(s) 588.48 | Feas 47 114876.92 114883.37 | Inf 65 114745.54 114756.17 | Div 0.09 0.10 | Feas 0.22 1.00 | Pen 20.02 0.10
It  46500    863 | T(s) 592.92 | Feas 50 114876.92 114881.05 | Inf 39 114696.71 114708.12 | Div 0.08 0.11 | Feas 0.32 1.00 | Pen 14.76 0.10
It  47000   1363 | T(s) 597.59 | Feas 65 114876.92 114882.06 | Inf 40 114702.07 114717.76 | Div 0.08 0.12 | Feas 0.17 1.00 | Pen 15.35 0.10
It  47500    167 | T(s) 602.10 | Feas 42 114876.82 114886.40 | Inf 32 114698.15 114738.63 | Div 0.11 0.14 | Feas 0.26 1.00 | Pen 15.66 0.10
It  48000    233 | T(s) 606.65 | Feas 61 114876.17 114885.37 | Inf 33 114726.34 114751.89 | Div 0.10 0.13 | Feas 0.25 1.00 | Pen 18.79 0.10
It  48500    196 | T(s) 611.43 | Feas 38 114873.37 114905.46 | Inf 25 114760.16 114790.72 | Div 0.17 0.15 | Feas 0.14 1.00 | Pen 22.55 0.10
It  49000    696 | T(s) 616.15 | Feas 38 114873.37 114896.63 | Inf 43 114706.77 114714.99 | Div 0.15 0.09 | Feas 0.21 1.00 | Pen 16.62 0.10
It  49500   1196 | T(s) 620.85 | Feas 45 114873.37 114884.63 | Inf 26 114709.77 114731.61 | Div 0.13 0.14 | Feas 0.27 1.00 | Pen 16.95 0.10
It  50000    101 | T(s) 625.66 | Feas 36 114872.32 114887.75 | Inf 57 114743.55 114750.45 | Div 0.13 0.08 | Feas 0.24 1.00 | Pen 20.75 0.10
It  50500    220 | T(s) 630.24 | Feas 42 114871.95 114879.60 | Inf 43 114743.50 114749.73 | Div 0.12 0.08 | Feas 0.23 1.00 | Pen 20.75 0.10
It  51000     19 | T(s) 634.86 | Feas 34 114870.53 114902.43 | Inf 30 114718.67 114731.32 | Div 0.16 0.10 | Feas 0.07 1.00 | Pen 17.99 0.10
It  51500    361 | T(s) 639.21 | Feas 51 114868.81 114873.77 | Inf 50 114721.90 114730.82 | Div 0.08 0.09 | Feas 0.24 1.00 | Pen 18.35 0.10
It  52000     16 | T(s) 643.62 | Feas 32 114868.26 114875.28 | Inf 36 114725.21 114727.57 | Div 0.09 0.06 | Feas 0.12 1.00 | Pen 18.71 0.10
It  52500    516 | T(s) 647.94 | Feas 29 114868.26 114877.33 | Inf 32 114727.92 114730.85 | Div 0.11 0.06 | Feas 0.20 1.00 | Pen 19.09 0.10
It  53000   1016 | T(s) 652.38 | Feas 34 114868.26 114882.45 | Inf 52 114704.25 114711.70 | Div 0.11 0.07 | Feas 0.16 1.00 | Pen 16.55 0.10
It  53500    193 | T(s) 656.89 | Feas 58 114867.62 114871.37 | Inf 51 114707.23 114710.04 | Div 0.07 0.05 | Feas 0.31 1.00 | Pen 16.88 0.10
It  54000    137 | T(s) 661.16 | Feas 48 114866.92 114870.89 | Inf 44 114710.27 114716.34 | Div 0.08 0.07 | Feas 0.16 1.00 | Pen 17.22 0.10
It  54500    122 | T(s) 665.55 | Feas 32 114866.70 114871.64 | Inf 62 114713.37 114720.07 | Div 0.08 0.06 | Feas 0.25 1.00 | Pen 17.56 0.10
It  55000    622 | T(s) 669.80 | Feas 25 114866.70 114888.78 | Inf 43 114713.37 114718.92 | Div 0.12 0.07 | Feas 0.23 1.00 | Pen 17.56 0.10
It  55500   1122 | T(s) 674.16 | Feas 27 114866.70 114874.07 | Inf 28 114561.35 114780.25 | Div 0.10 0.17 | Feas 0.17 1.00 | Pen 14.93 0.10
It  56000   1622 | T(s) 679.16 | Feas 48 114866.70 114868.70 | Inf 32 114719.75 114751.70 | Div 0.06 0.12 | Feas 0.21 1.00 | Pen 18.27 0.10
It  56500    319 | T(s) 683.44 | Feas 63 114866.10 114867.64 | Inf 53 114719.75 114726.65 | Div 0.05 0.07 | Feas 0.23 1.00 | Pen 18.27 0.10
It  57000    819 | T(s) 687.87 | Feas 58 114866.10 114869.53 | Inf 40 114726.20 114732.73 | Div 0.06 0.07 | Feas 0.13 1.00 | Pen 19.01 0.10
It  57500   1319 | T(s) 692.13 | Feas 65 114866.10 114868.35 | Inf 58 114729.41 114732.46 | Div 0.06 0.05 | Feas 0.24 1.00 | Pen 19.39 0.10
It  58000    187 | T(s) 696.37 | Feas 25 114865.28 114878.69 | Inf 45 114702.82 114717.20 | Div 0.10 0.09 | Feas 0.18 1.00 | Pen 16.48 0.10
It  58500    687 | T(s) 700.53 | Feas 28 114865.28 114869.75 | Inf 26 114705.29 114739.59 | Div 0.08 0.11 | Feas 0.33 1.00 | Pen 16.81 0.10
It  59000    296 | T(s) 704.70 | Feas 53 114865.20 114866.94 | Inf 57 114705.13 114708.72 | Div 0.05 0.06 | Feas 0.24 1.00 | Pen 16.81 0.10
It  59500    365 | T(s) 709.05 | Feas 55 114865.10 114866.56 | Inf 46 114754.93 115038.00 | Div 0.05 0.24 | Feas 0.12 1.00 | Pen 17.15 0.10
It  60000    455 | T(s) 714.22 | Feas 51 114865.03 114867.65 | Inf 56 114764.69 114862.21 | Div 0.06 0.22 | Feas 0.12 1.00 | Pen 20.58 0.10
It  60500     15 | T(s) 719.24 | Feas 54 114864.95 114866.52 | Inf 64 114733.11 114763.99 | Div 0.05 0.15 | Feas 0.26 1.00 | Pen 17.84 0.10
It  61000    132 | T(s) 724.02 | Feas 51 114864.53 114870.46 | Inf 46 114717.78 114750.13 | Div 0.08 0.14 | Feas 0.20 1.00 | Pen 18.20 0.10
It  61500    632 | T(s) 728.52 | Feas 54 114864.53 114867.47 | Inf 25 114695.74 114714.32 | Div 0.06 0.12 | Feas 0.26 1.00 | Pen 15.78 0.10
It  62000   1132 | T(s) 732.87 | Feas 48 114864.53 114867.14 | Inf 51 114698.58 114705.37 | Div 0.06 0.07 | Feas 0.26 1.00 | Pen 16.09 0.10
It  62500   1632 | T(s) 737.09 | Feas 52 114864.53 114865.88 | Inf 27 114679.32 114684.78 | Div 0.05 0.08 | Feas 0.26 1.00 | Pen 13.95 0.10
It  63000   2132 | T(s) 742.57 | Feas 65 114864.53 114866.35 | Inf 34 114751.13 114992.76 | Div 0.06 0.26 | Feas 0.22 1.00 | Pen 20.09 0.10
It  63500   2632 | T(s) 747.41 | Feas 57 114864.53 114868.69 | Inf 60 114726.61 114763.50 | Div 0.07 0.12 | Feas 0.18 1.00 | Pen 17.42 0.10
It  64000   3132 | T(s) 752.10 | Feas 52 114864.53 114866.27 | Inf 52 114723.86 114751.82 | Div 0.06 0.13 | Feas 0.19 1.00 | Pen 17.77 0.10
It  64500   3632 | T(s) 756.80 | Feas 65 114864.53 114866.66 | Inf 35 114693.20 114716.16 | Div 0.06 0.12 | Feas 0.27 1.00 | Pen 15.41 0.10
It  65000   4132 | T(s) 761.38 | Feas 61 114864.53 114866.79 | Inf 63 114698.55 114713.24 | Div 0.06 0.10 | Feas 0.30 1.00 | Pen 16.03 0.10
It  65500   4632 | T(s) 765.53 | Feas 54 114864.53 114865.80 | Inf 55 114727.40 114733.84 | Div 0.05 0.08 | Feas 0.20 1.00 | Pen 19.23 0.10
It  66000   5132 | T(s) 769.83 | Feas 52 114864.53 114865.49 | Inf 33 114704.37 114721.53 | Div 0.05 0.10 | Feas 0.19 1.00 | Pen 16.68 0.10
It  66500   5632 | T(s) 774.14 | Feas 63 114864.53 114865.25 | Inf 52 114707.38 114713.84 | Div 0.05 0.08 | Feas 0.18 1.00 | Pen 17.01 0.10
It  67000   6132 | T(s) 778.34 | Feas 56 114864.53 114865.56 | Inf 48 114737.42 114741.99 | Div 0.05 0.06 | Feas 0.21 1.00 | Pen 20.41 0.10
It  67500   6632 | T(s) 782.54 | Feas 59 114864.53 114868.32 | Inf 63 114709.87 114715.84 | Div 0.06 0.07 | Feas 0.25 1.00 | Pen 17.35 0.10
It  68000    241 | T(s) 786.68 | Feas 56 114864.15 114867.73 | Inf 32 114688.73 114697.39 | Div 0.07 0.09 | Feas 0.23 1.00 | Pen 15.04 0.10
It  68500    741 | T(s) 790.95 | Feas 39 114864.15 114868.20 | Inf 28 114715.80 114729.18 | Div 0.07 0.09 | Feas 0.25 1.00 | Pen 18.05 0.10
It  69000     41 | T(s) 795.03 | Feas 59 114864.08 114865.28 | Inf 44 114694.20 114698.80 | Div 0.05 0.07 | Feas 0.27 1.00 | Pen 15.65 0.10
It  69500    541 | T(s) 799.26 | Feas 26 114864.08 114869.38 | Inf 28 114697.01 114719.61 | Div 0.08 0.10 | Feas 0.22 1.00 | Pen 15.96 0.10
It  70000   1041 | T(s) 803.20 | Feas 58 114864.08 114864.89 | Inf 40 114699.89 114703.80 | Div 0.04 0.06 | Feas 0.40 1.00 | Pen 16.28 0.10
It  70500     39 | T(s) 808.51 | Feas 33 114863.31 114870.58 | Inf 37 114893.54 114988.24 | Div 0.07 0.23 | Feas 0.15 1.00 | Pen 23.91 0.10
It  71000    539 | T(s) 813.55 | Feas 37 114863.31 114880.41 | Inf 57 114735.55 114822.68 | Div 0.11 0.18 | Feas 0.17 1.00 | Pen 20.33 0.10
It  71500      5 | T(s) 818.34 | Feas 53 114861.22 114869.85 | Inf 47 114739.21 114769.18 | Div 0.08 0.13 | Feas 0.28 1.00 | Pen 20.73 0.10
It  72000    505 | T(s) 823.05 | Feas 38 114861.22 114873.56 | Inf 30 114742.94 114773.06 | Div 0.10 0.14 | Feas 0.23 1.00 | Pen 21.15 0.10
It  72500   1005 | T(s) 827.55 | Feas 27 114861.22 114872.32 | Inf 44 114714.33 114732.11 | Div 0.10 0.12 | Feas 0.21 1.00 | Pen 17.98 0.10
It  73000   1505 | T(s) 832.04 | Feas 54 114861.22 114864.42 | Inf 26 114713.78 114743.54 | Div 0.07 0.16 | Feas 0.24 1.00 | Pen 17.98 0.10
It  73500   2005 | T(s) 836.45 | Feas 50 114861.22 114870.65 | Inf 55 114716.43 114735.67 | Div 0.10 0.12 | Feas 0.24 1.00 | Pen 18.34 0.10
It  74000   2505 | T(s) 840.85 | Feas 33 114861.22 114863.85 | Inf 34 114691.34 114700.93 | Div 0.07 0.10 | Feas 0.26 1.00 | Pen 15.59 0.10
It  74500   3005 | T(s) 845.19 | Feas 28 114861.22 114880.20 | Inf 61 114696.37 114698.67 | Div 0.12 0.06 | Feas 0.27 1.00 | Pen 16.21 0.10
It  75000   3505 | T(s) 849.61 | Feas 52 114861.22 114863.83 | Inf 45 114676.96 114681.46 | Div 0.07 0.08 | Feas 0.28 1.00 | Pen 14.06 0.10
It  75500   4005 | T(s) 854.48 | Feas 41 114861.22 114864.67 | Inf 64 114731.06 114861.31 | Div 0.08 0.17 | Feas 0.09 1.00 | Pen 20.24 0.10
It  76000    319 | T(s) 859.10 | Feas 28 114861.06 114879.17 | Inf 40 114706.83 114767.51 | Div 0.13 0.15 | Feas 0.13 1.00 | Pen 17.55 0.10
It  76500    819 | T(s) 863.54 | Feas 35 114861.06 114866.24 | Inf 60 114709.99 114720.33 | Div 0.09 0.07 | Feas 0.25 1.00 | Pen 17.90 0.10
It  77000    303 | T(s) 867.95 | Feas 29 114860.64 114866.97 | Inf 41 114716.50 114726.11 | Div 0.10 0.07 | Feas 0.09 1.00 | Pen 18.63 0.10
It  77500    495 | T(s) 872.13 | Feas 65 114856.13 114864.27 | Inf 57 114723.27 114731.99 | Div 0.08 0.07 | Feas 0.15 1.00 | Pen 19.38 0.10
It  78000    400 | T(s) 875.96 | Feas 65 114855.52 114860.02 | Inf 25 114674.87 114686.57 | Div 0.07 0.07 | Feas 0.26 1.00 | Pen 14.00 0.10
It  78500    900 | T(s) 880.29 | Feas 38 114855.52 114861.35 | Inf 26 114733.92 114752.72 | Div 0.09 0.09 | Feas 0.15 1.00 | Pen 20.56 0.10
It  79000    373 | T(s) 884.47 | Feas 48 114853.83 114859.33 | Inf 36 114709.28 114712.89 | Div 0.07 0.05 | Feas 0.25 1.00 | Pen 17.83 0.10
It  79500    124 | T(s) 888.37 | Feas 43 114851.82 114857.15 | Inf 51 114687.71 114690.43 | Div 0.07 0.04 | Feas 0.30 1.00 | Pen 15.46 0.10
It  80000    624 | T(s) 892.38 | Feas 53 114851.82 114854.62 | Inf 34 114690.49 114693.90 | Div 0.06 0.05 | Feas 0.27 1.00 | Pen 15.77 0.10
It  80500   1124 | T(s) 896.38 | Feas 48 114851.82 114854.14 | Inf 25 114688.42 114725.71 | Div 0.05 0.13 | Feas 0.21 1.00 | Pen 15.77 0.10
It  81000    364 | T(s) 900.51 | Feas 26 114851.72 114855.35 | Inf 55 114691.14 114694.87 | Div 0.07 0.06 | Feas 0.09 1.00 | Pen 16.08 0.10
It  81500    864 | T(s) 905.07 | Feas 47 114851.72 114852.97 | Inf 46 114512.08 114778.58 | Div 0.05 0.25 | Feas 0.00 1.00 | Pen 13.94 0.10
It  82000    145 | T(s) 910.75 | Feas 30 114851.68 114860.15 | Inf 31 114821.96 114901.58 | Div 0.07 0.17 | Feas 0.25 1.00 | Pen 17.07 0.10
It  82500    384 | T(s) 915.48 | Feas 60 114850.64 114858.46 | Inf 65 114783.70 114860.42 | Div 0.08 0.17 | Feas 0.21 1.00 | Pen 20.48 0.10
It  83000    243 | T(s) 919.98 | Feas 47 114849.22 114856.33 | Inf 44 114739.17 114784.50 | Div 0.07 0.15 | Feas 0.18 1.00 | Pen 17.41 0.10
It  83500    743 | T(s) 924.46 | Feas 28 114849.22 114858.16 | Inf 39 114728.64 114762.61 | Div 0.09 0.13 | Feas 0.10 1.00 | Pen 17.76 0.10
It  84000   1243 | T(s) 929.01 | Feas 37 114849.22 114852.87 | Inf 50 114704.67 114747.00 | Div 0.06 0.16 | Feas 0.30 1.00 | Pen 15.09 0.10
It  84500   1743 | T(s) 933.41 | Feas 44 114849.22 114857.70 | Inf 37 114727.60 114749.09 | Div 0.08 0.12 | Feas 0.23 1.00 | Pen 18.11 0.10
It  85000     15 | T(s) 937.89 | Feas 44 114849.02 114851.42 | Inf 26 114726.90 114773.33 | Div 0.05 0.17 | Feas 0.22 1.00 | Pen 18.11 0.10
It  85500    185 | T(s) 942.21 | Feas 52 114840.96 114851.85 | Inf 57 114733.49 114749.48 | Div 0.06 0.11 | Feas 0.12 1.00 | Pen 18.84 0.10
It  86000    416 | T(s) 946.54 | Feas 46 114840.75 114848.98 | Inf 51 114740.14 114754.73 | Div 0.06 0.10 | Feas 0.30 1.00 | Pen 19.60 0.10
It  86500    916 | T(s) 950.87 | Feas 65 114840.75 114847.20 | Inf 41 114747.26 114763.50 | Div 0.06 0.11 | Feas 0.23 1.00 | Pen 20.40 0.10
It  87000   1416 | T(s) 955.11 | Feas 59 114840.75 114843.04 | Inf 56 114695.37 114711.76 | Div 0.04 0.09 | Feas 0.28 1.00 | Pen 15.03 0.10
It  87500   1916 | T(s) 959.48 | Feas 56 114840.75 114845.17 | Inf 61 114725.67 114729.65 | Div 0.05 0.06 | Feas 0.22 1.00 | Pen 18.40 0.10
It  88000     24 | T(s) 963.68 | Feas 48 114840.62 114845.77 | Inf 63 114727.97 114735.99 | Div 0.06 0.06 | Feas 0.04 1.00 | Pen 19.14 0.10
It  88500    524 | T(s) 967.91 | Feas 60 114840.62 114842.29 | Inf 48 114734.93 114749.78 | Div 0.04 0.09 | Feas 0.20 1.00 | Pen 19.91 0.10
It  89000   1024 | T(s) 972.00 | Feas 29 114840.62 114842.07 | Inf 31 114714.20 114741.65 | Div 0.04 0.12 | Feas 0.08 1.00 | Pen 17.61 0.10
It  89500   1524 | T(s) 976.13 | Feas 64 114840.62 114841.20 | Inf 64 114715.47 114728.44 | Div 0.02 0.08 | Feas 0.23 1.00 | Pen 18.32 0.10
It  90000   2024 | T(s) 980.39 | Feas 57 114840.62 114841.59 | Inf 48 114718.77 114732.03 | Div 0.03 0.09 | Feas 0.25 1.00 | Pen 18.69 0.10
It  90500   2524 | T(s) 984.20 | Feas 43 114840.62 114841.59 | Inf 34 114721.13 114726.81 | Div 0.03 0.06 | Feas 0.09 1.00 | Pen 19.44 0.10
It  91000   3024 | T(s) 988.15 | Feas 51 114840.62 114841.47 | Inf 30 114728.14 114731.41 | Div 0.03 0.05 | Feas 0.13 1.00 | Pen 20.23 0.10
It  91500   3524 | T(s) 991.79 | Feas 37 114840.62 114841.25 | Inf 35 114707.09 114708.50 | Div 0.03 0.04 | Feas 0.10 1.00 | Pen 17.89 0.10
It  92000   4024 | T(s) 995.29 | Feas 30 114840.62 114841.33 | Inf 33 114688.46 114689.60 | Div 0.03 0.03 | Feas 0.42 1.00 | Pen 15.82 0.10
It  92500   4524 | T(s) 999.05 | Feas 51 114840.62 114841.20 | Inf 32 114694.22 114696.22 | Div 0.03 0.04 | Feas 0.17 1.00 | Pen 16.46 0.10
It  93000   5024 | T(s) 1002.61 | Feas 37 114840.62 114841.10 | Inf 57 114731.03 114731.19 | Div 0.03 0.02 | Feas 0.15 1.00 | Pen 20.55 0.10
It  93500   5524 | T(s) 1006.29 | Feas 36 114840.62 114841.32 | Inf 58 114682.38 114682.78 | Div 0.03 0.02 | Feas 0.29 1.00 | Pen 15.14 0.10
It  94000   6024 | T(s) 1009.99 | Feas 54 114840.62 114840.86 | Inf 50 114687.88 114688.09 | Div 0.02 0.02 | Feas 0.29 1.00 | Pen 15.76 0.10
It  94500   6524 | T(s) 1013.61 | Feas 41 114840.62 114841.27 | Inf 26 114693.61 114718.39 | Div 0.03 0.07 | Feas 0.33 1.00 | Pen 16.39 0.10
It  95000   7024 | T(s) 1017.35 | Feas 40 114840.62 114842.04 | Inf 31 114730.27 114730.90 | Div 0.04 0.03 | Feas 0.10 1.00 | Pen 20.47 0.10
It  95500   7524 | T(s) 1021.03 | Feas 61 114840.62 114841.20 | Inf 37 114708.97 114710.23 | Div 0.03 0.03 | Feas 0.08 1.00 | Pen 18.10 0.10
It  96000   8024 | T(s) 1024.71 | Feas 42 114840.62 114841.36 | Inf 52 114690.13 114690.35 | Div 0.03 0.02 | Feas 0.30 1.00 | Pen 16.01 0.10
It  96500   8524 | T(s) 1028.56 | Feas 59 114840.62 114841.32 | Inf 52 114725.92 114726.81 | Div 0.03 0.03 | Feas 0.11 1.00 | Pen 19.98 0.10
It  97000   9024 | T(s) 1032.11 | Feas 28 114840.62 114841.49 | Inf 32 114705.12 114705.69 | Div 0.04 0.03 | Feas 0.09 1.00 | Pen 17.67 0.10
It  97500   9524 | T(s) 1035.85 | Feas 38 114840.62 114841.70 | Inf 53 114686.72 114687.04 | Div 0.03 0.02 | Feas 0.32 1.00 | Pen 15.63 0.10
It  98000  10024 | T(s) 1039.59 | Feas 57 114840.62 114840.81 | Inf 32 114692.41 114692.81 | Div 0.02 0.03 | Feas 0.33 1.00 | Pen 16.26 0.10
It  98500  10524 | T(s) 1043.45 | Feas 32 114840.62 114841.41 | Inf 63 114728.77 114729.09 | Div 0.03 0.02 | Feas 0.11 1.00 | Pen 20.30 0.10
It  99000  11024 | T(s) 1047.16 | Feas 45 114840.62 114841.12 | Inf 36 114680.71 114681.19 | Div 0.03 0.03 | Feas 0.28 1.00 | Pen 14.96 0.10
It  99500  11524 | T(s) 1050.90 | Feas 27 114840.62 114841.49 | Inf 32 114714.16 114714.75 | Div 0.04 0.03 | Feas 0.11 1.00 | Pen 18.68 0.10
It 100000  12024 | T(s) 1054.48 | Feas 64 114840.62 114840.80 | Inf 52 114694.72 114694.95 | Div 0.02 0.02 | Feas 0.34 1.00 | Pen 16.52 0.10
It 100500  12524 | T(s) 1058.03 | Feas 49 114840.62 114840.86 | Inf 25 114677.53 114681.10 | Div 0.02 0.04 | Feas 0.34 1.00 | Pen 14.61 0.10
It 101000  13024 | T(s) 1061.71 | Feas 61 114840.62 114840.91 | Inf 31 114710.19 114710.79 | Div 0.02 0.03 | Feas 0.04 1.00 | Pen 18.24 0.10
It 101500  13524 | T(s) 1065.22 | Feas 52 114840.62 114840.85 | Inf 49 114691.21 114691.34 | Div 0.02 0.02 | Feas 0.33 1.00 | Pen 16.13 0.10
It 102000  14024 | T(s) 1068.82 | Feas 26 114840.62 114841.16 | Inf 48 114727.28 114727.52 | Div 0.03 0.02 | Feas 0.04 1.00 | Pen 20.13 0.10
It 102500  14524 | T(s) 1072.35 | Feas 60 114840.62 114840.89 | Inf 27 114706.32 114706.65 | Div 0.02 0.03 | Feas 0.07 1.00 | Pen 17.80 0.10
It 103000  15024 | T(s) 1075.92 | Feas 36 114840.62 114841.10 | Inf 51 114687.78 114687.88 | Div 0.03 0.02 | Feas 0.36 1.00 | Pen 15.75 0.10
It 103500  15524 | T(s) 1079.51 | Feas 44 114840.62 114841.95 | Inf 57 114723.00 114723.15 | Div 0.03 0.02 | Feas 0.05 1.00 | Pen 19.66 0.10
It 104000  16024 | T(s) 1082.97 | Feas 29 114840.62 114841.94 | Inf 42 114702.53 114702.71 | Div 0.04 0.02 | Feas 0.32 1.00 | Pen 17.38 0.10
It 104500  16524 | T(s) 1086.49 | Feas 56 114840.62 114840.88 | Inf 56 114681.72 114681.88 | Div 0.02 0.02 | Feas 0.27 1.00 | Pen 15.07 0.10
It 105000  17024 | T(s) 1090.05 | Feas 28 114840.62 114841.69 | Inf 51 114715.43 114715.62 | Div 0.04 0.02 | Feas 0.10 1.00 | Pen 18.82 0.10
It 105500  17524 | T(s) 1093.54 | Feas 45 114840.62 114840.91 | Inf 27 114695.84 114696.81 | Div 0.02 0.03 | Feas 0.33 1.00 | Pen 16.64 0.10
It 106000  18024 | T(s) 1097.19 | Feas 36 114840.62 114841.18 | Inf 30 114678.52 114678.84 | Div 0.03 0.03 | Feas 0.36 1.00 | Pen 14.72 0.10
It 106500  18524 | T(s) 1100.78 | Feas 32 114840.62 114841.19 | Inf 61 114683.87 114683.98 | Div 0.03 0.02 | Feas 0.28 1.00 | Pen 15.31 0.10
It 107000  19024 | T(s) 1104.43 | Feas 33 114840.62 114841.76 | Inf 34 114718.11 114718.35 | Div 0.04 0.02 | Feas 0.04 1.00 | Pen 19.12 0.10
It 107500  19524 | T(s) 1108.11 | Feas 60 114840.62 114841.25 | Inf 25 114725.06 114730.64 | Div 0.03 0.04 | Feas 0.06 1.00 | Pen 19.89 0.10
----- GENETIC ALGORITHM FINISHED AFTER 107978 ITERATIONS. TIME SPENT: 1111.52
----- WRITING BEST SOLUTION IN : baseline_results/cvrp_hgs/Vrp-Set-X-n766/Vrp-Set-X-n766-hgs/0.hgs1.tour
