=========== Algorithm Parameters =================
---- nbGranular        is set to 20
---- mu                is set to 25
---- lambda            is set to 40
---- nbElite           is set to 4
---- nbClose           is set to 5
---- targetFeasible    is set to 0.2
---- seed              is set to 1234
---- nbIter            is set to 20000
---- timeLimit         is set to 0
---- useSwapStar       is set to 1
==================================================
----- READING INSTANCE: baseline_results/cvrp_hgs/Vrp-Set-X-n190/Vrp-Set-X-n190-hgs/0.hgs1.vrp
----- FLEET SIZE WAS NOT SPECIFIED: DEFAULT INITIALIZATION TO 13 VEHICLES
----- INSTANCE SUCCESSFULLY LOADED WITH 189 CLIENTS AND 13 VEHICLES
----- BUILDING INITIAL POPULATION
----- STARTING GENETIC ALGORITHM
It      0      2 | T(s) 0.61 | Feas 60 17451.98 17544.11 | NO-INFEASIBLE | Div 0.49 -1.00 | Feas 1.00 1.00 | Pen 102.65 0.85
It    500     63 | T(s) 2.51 | Feas 27 17337.37 17420.75 | NO-INFEASIBLE | Div 0.48 -1.00 | Feas 1.00 1.00 | Pen 45.55 0.38
It   1000      1 | T(s) 4.29 | Feas 27 17241.72 17365.79 | Inf 18 17241.17 17444.88 | Div 0.47 0.38 | Feas 0.83 1.00 | Pen 20.21 0.17
It   1500    390 | T(s) 6.56 | Feas 57 17048.78 17324.31 | Inf 59 16339.23 16598.96 | Div 0.46 0.40 | Feas 0.41 1.00 | Pen 12.66 0.10
It   2000    890 | T(s) 8.93 | Feas 27 17048.78 17312.97 | Inf 35 16404.21 16634.52 | Div 0.49 0.41 | Feas 0.23 1.00 | Pen 13.17 0.10
It   2500   1390 | T(s) 11.21 | Feas 53 17048.78 17238.93 | Inf 48 16523.57 16623.10 | Div 0.44 0.37 | Feas 0.23 1.00 | Pen 13.70 0.10
It   3000   1890 | T(s) 13.49 | Feas 65 17048.78 17159.96 | Inf 29 16078.53 16189.41 | Div 0.40 0.37 | Feas 0.26 1.00 | Pen 11.65 0.10
It   3500   2390 | T(s) 15.80 | Feas 65 17048.78 17126.25 | Inf 37 16616.35 16688.20 | Div 0.37 0.37 | Feas 0.20 1.00 | Pen 14.26 0.10
It   4000   2890 | T(s) 18.08 | Feas 43 17048.78 17112.81 | Inf 56 16197.31 16441.77 | Div 0.36 0.37 | Feas 0.32 1.00 | Pen 12.36 0.10
It   4500     47 | T(s) 20.40 | Feas 62 17042.41 17109.68 | Inf 44 16297.65 16426.70 | Div 0.37 0.36 | Feas 0.16 1.00 | Pen 12.86 0.10
It   5000    183 | T(s) 22.64 | Feas 54 17031.65 17128.46 | Inf 46 16586.31 16687.10 | Div 0.38 0.41 | Feas 0.20 1.00 | Pen 13.38 0.10
It   5500    683 | T(s) 24.85 | Feas 37 17031.65 17111.52 | Inf 50 16566.15 16654.74 | Div 0.38 0.38 | Feas 0.20 1.00 | Pen 13.65 0.10
It   6000   1183 | T(s) 27.14 | Feas 56 17031.65 17107.80 | Inf 35 16512.55 16591.95 | Div 0.38 0.37 | Feas 0.20 1.00 | Pen 13.65 0.10
It   6500    247 | T(s) 29.37 | Feas 49 17028.75 17131.87 | Inf 33 16534.99 16629.08 | Div 0.40 0.36 | Feas 0.17 1.00 | Pen 13.92 0.10
It   7000    747 | T(s) 31.69 | Feas 50 17028.75 17146.23 | Inf 35 16188.83 16401.63 | Div 0.42 0.39 | Feas 0.27 1.00 | Pen 12.31 0.10
It   7500   1247 | T(s) 34.02 | Feas 47 17028.75 17138.96 | Inf 31 16803.80 16973.80 | Div 0.40 0.42 | Feas 0.06 1.00 | Pen 15.37 0.10
It   8000   1747 | T(s) 36.23 | Feas 40 17028.75 17114.20 | Inf 63 16795.55 16914.92 | Div 0.40 0.38 | Feas 0.15 1.00 | Pen 15.99 0.10
It   8500   2247 | T(s) 38.45 | Feas 36 17028.75 17117.96 | Inf 36 16249.22 16534.21 | Div 0.40 0.41 | Feas 0.26 1.00 | Pen 11.78 0.10
It   9000   2747 | T(s) 40.83 | Feas 40 17028.75 17136.52 | Inf 47 16716.92 16843.51 | Div 0.41 0.39 | Feas 0.08 1.00 | Pen 14.71 0.10
It   9500     26 | T(s) 43.11 | Feas 55 17028.57 17084.02 | Inf 25 16339.44 16731.69 | Div 0.35 0.44 | Feas 0.32 1.00 | Pen 13.01 0.10
It  10000    526 | T(s) 45.36 | Feas 44 17028.57 17083.65 | Inf 33 16624.46 16743.16 | Div 0.36 0.44 | Feas 0.47 1.00 | Pen 13.54 0.10
It  10500   1026 | T(s) 47.63 | Feas 34 17028.57 17083.70 | Inf 38 16881.74 17038.73 | Div 0.34 0.40 | Feas 0.15 1.00 | Pen 16.57 0.10
It  11000   1526 | T(s) 49.88 | Feas 56 17028.57 17066.91 | Inf 49 16676.46 16814.88 | Div 0.34 0.37 | Feas 0.10 1.00 | Pen 14.65 0.10
It  11500   2026 | T(s) 52.11 | Feas 65 17028.57 17052.21 | Inf 63 16312.12 16552.23 | Div 0.29 0.37 | Feas 0.36 1.00 | Pen 12.96 0.10
It  12000   2526 | T(s) 54.26 | Feas 34 17028.57 17073.12 | Inf 33 16524.61 16642.98 | Div 0.32 0.40 | Feas 0.18 1.00 | Pen 13.48 0.10
It  12500   3026 | T(s) 56.43 | Feas 42 17028.57 17051.21 | Inf 47 16508.48 16635.22 | Div 0.29 0.37 | Feas 0.20 1.00 | Pen 13.75 0.10
It  13000    409 | T(s) 58.69 | Feas 49 17023.35 17051.95 | Inf 46 16508.48 16587.98 | Div 0.30 0.35 | Feas 0.18 1.00 | Pen 13.75 0.10
It  13500    909 | T(s) 60.99 | Feas 46 17023.35 17068.75 | Inf 53 16854.71 16998.41 | Div 0.33 0.35 | Feas 0.10 1.00 | Pen 16.50 0.10
It  14000   1409 | T(s) 63.08 | Feas 39 17023.35 17074.02 | Inf 61 16699.09 16756.83 | Div 0.34 0.37 | Feas 0.05 1.00 | Pen 14.31 0.10
It  14500   1909 | T(s) 65.40 | Feas 43 17023.35 17131.78 | Inf 54 16755.08 16832.24 | Div 0.38 0.35 | Feas 0.05 1.00 | Pen 14.88 0.10
It  15000   2409 | T(s) 67.68 | Feas 28 17023.35 17156.18 | Inf 26 16628.51 16725.09 | Div 0.43 0.46 | Feas 0.36 1.00 | Pen 13.16 0.10
It  15500   2909 | T(s) 70.09 | Feas 41 17023.35 17146.53 | Inf 28 16886.86 17059.04 | Div 0.41 0.42 | Feas 0.15 1.00 | Pen 15.79 0.10
It  16000   3409 | T(s) 72.38 | Feas 64 17023.35 17094.31 | Inf 27 16635.13 16734.23 | Div 0.37 0.44 | Feas 0.39 1.00 | Pen 13.69 0.10
It  16500   3909 | T(s) 74.68 | Feas 26 17023.35 17120.22 | Inf 61 16536.48 16698.01 | Div 0.41 0.36 | Feas 0.04 1.00 | Pen 13.97 0.10
It  17000   4409 | T(s) 76.85 | Feas 38 17023.35 17097.81 | Inf 39 16536.48 16617.99 | Div 0.38 0.33 | Feas 0.20 1.00 | Pen 13.97 0.10
It  17500   4909 | T(s) 79.15 | Feas 52 17023.35 17088.59 | Inf 29 16594.38 16693.81 | Div 0.36 0.38 | Feas 0.24 1.00 | Pen 14.25 0.10
It  18000   5409 | T(s) 81.41 | Feas 25 17023.35 17119.18 | Inf 46 16168.17 16328.98 | Div 0.41 0.31 | Feas 0.36 1.00 | Pen 12.35 0.10
It  18500   5909 | T(s) 83.68 | Feas 32 17023.35 17124.76 | Inf 43 16760.02 16879.02 | Div 0.40 0.33 | Feas 0.12 1.00 | Pen 15.42 0.10
It  19000   6409 | T(s) 85.95 | Feas 31 17023.35 17128.05 | Inf 45 16387.09 16527.43 | Div 0.41 0.34 | Feas 0.16 1.00 | Pen 13.37 0.10
It  19500    159 | T(s) 88.24 | Feas 50 17022.59 17095.17 | Inf 29 16649.91 16777.97 | Div 0.37 0.44 | Feas 0.40 1.00 | Pen 13.64 0.10
It  20000    659 | T(s) 90.51 | Feas 26 17022.59 17124.52 | Inf 33 16202.42 16536.31 | Div 0.42 0.43 | Feas 0.26 1.00 | Pen 11.82 0.10
It  20500   1159 | T(s) 92.82 | Feas 29 17022.59 17100.16 | Inf 34 16242.57 16488.11 | Div 0.39 0.39 | Feas 0.32 1.00 | Pen 12.30 0.10
It  21000   1659 | T(s) 95.13 | Feas 29 17022.59 17121.42 | Inf 32 16766.39 16968.65 | Div 0.41 0.40 | Feas 0.13 1.00 | Pen 15.36 0.10
It  21500   2159 | T(s) 97.49 | Feas 56 17022.59 17112.07 | Inf 46 16846.68 16978.35 | Div 0.39 0.40 | Feas 0.13 1.00 | Pen 15.98 0.10
It  22000    232 | T(s) 99.69 | Feas 49 17016.64 17085.49 | Inf 35 15860.65 16237.57 | Div 0.37 0.37 | Feas 0.32 1.00 | Pen 11.54 0.10
It  22500    732 | T(s) 102.09 | Feas 37 17016.64 17138.49 | Inf 48 16592.96 16685.15 | Div 0.41 0.37 | Feas 0.22 1.00 | Pen 14.13 0.10
It  23000   1232 | T(s) 104.55 | Feas 26 17016.64 17143.33 | Inf 44 16700.71 16818.50 | Div 0.43 0.36 | Feas 0.07 1.00 | Pen 14.70 0.10
It  23500   1732 | T(s) 106.89 | Feas 29 17016.64 17154.58 | Inf 30 16390.99 16657.84 | Div 0.43 0.42 | Feas 0.31 1.00 | Pen 13.00 0.10
It  24000   2232 | T(s) 109.23 | Feas 57 17016.64 17096.63 | Inf 40 16518.62 16684.04 | Div 0.38 0.42 | Feas 0.16 1.00 | Pen 13.53 0.10
It  24500    115 | T(s) 111.47 | Feas 30 17014.97 17099.43 | Inf 54 16658.06 16714.46 | Div 0.39 0.38 | Feas 0.46 1.00 | Pen 13.80 0.10
It  25000    615 | T(s) 113.78 | Feas 51 17014.97 17083.84 | Inf 36 16576.74 16652.53 | Div 0.37 0.40 | Feas 0.22 1.00 | Pen 13.80 0.10
It  25500   1115 | T(s) 116.07 | Feas 25 17014.97 17124.53 | Inf 51 16671.30 16748.86 | Div 0.41 0.38 | Feas 0.24 1.00 | Pen 14.35 0.10
It  26000   1615 | T(s) 118.36 | Feas 42 17014.97 17064.13 | Inf 35 16252.95 16582.91 | Div 0.35 0.42 | Feas 0.28 1.00 | Pen 12.45 0.10
It  26500   2115 | T(s) 120.74 | Feas 35 17014.97 17095.88 | Inf 49 16778.92 16942.39 | Div 0.38 0.39 | Feas 0.04 1.00 | Pen 15.54 0.10
It  27000   2615 | T(s) 123.03 | Feas 51 17014.97 17084.68 | Inf 33 16540.27 16654.67 | Div 0.37 0.41 | Feas 0.18 1.00 | Pen 13.47 0.10
It  27500   3115 | T(s) 125.36 | Feas 64 17014.97 17069.86 | Inf 26 16460.69 16609.56 | Div 0.35 0.40 | Feas 0.18 1.00 | Pen 13.47 0.10
It  28000   3615 | T(s) 127.51 | Feas 49 17014.97 17123.47 | Inf 65 16580.86 16650.39 | Div 0.40 0.38 | Feas 0.22 1.00 | Pen 13.74 0.10
It  28500   4115 | T(s) 129.73 | Feas 27 17014.97 17164.57 | Inf 30 16568.46 16693.34 | Div 0.44 0.40 | Feas 0.22 1.00 | Pen 14.02 0.10
It  29000   4615 | T(s) 132.07 | Feas 36 17014.97 17127.12 | Inf 64 16122.52 16268.92 | Div 0.41 0.33 | Feas 0.28 1.00 | Pen 12.15 0.10
It  29500   5115 | T(s) 134.36 | Feas 35 17014.97 17110.54 | Inf 54 16286.32 16497.90 | Div 0.40 0.38 | Feas 0.29 1.00 | Pen 12.64 0.10
It  30000   5615 | T(s) 136.58 | Feas 43 17014.97 17121.82 | Inf 64 16432.00 16561.00 | Div 0.40 0.36 | Feas 0.21 1.00 | Pen 13.15 0.10
It  30500   6115 | T(s) 138.91 | Feas 52 17014.97 17108.24 | Inf 51 16655.77 16714.80 | Div 0.38 0.38 | Feas 0.37 1.00 | Pen 13.42 0.10
It  31000   6615 | T(s) 141.14 | Feas 65 17014.97 17086.66 | Inf 61 16524.27 16655.32 | Div 0.37 0.38 | Feas 0.25 1.00 | Pen 13.68 0.10
It  31500   7115 | T(s) 143.43 | Feas 29 17014.97 17147.19 | Inf 55 16524.27 16566.74 | Div 0.42 0.33 | Feas 0.23 1.00 | Pen 13.68 0.10
It  32000   7615 | T(s) 145.71 | Feas 38 17014.97 17135.38 | Inf 54 16889.74 17040.70 | Div 0.41 0.36 | Feas 0.11 1.00 | Pen 16.42 0.10
It  32500   8115 | T(s) 147.92 | Feas 27 17014.97 17097.35 | Inf 51 16577.96 16691.69 | Div 0.39 0.39 | Feas 0.24 1.00 | Pen 13.96 0.10
It  33000   8615 | T(s) 150.19 | Feas 25 17014.97 17123.81 | Inf 44 16137.04 16399.12 | Div 0.40 0.38 | Feas 0.27 1.00 | Pen 12.10 0.10
It  33500   9115 | T(s) 152.60 | Feas 45 17014.97 17077.87 | Inf 51 16780.40 16855.04 | Div 0.36 0.38 | Feas 0.10 1.00 | Pen 15.11 0.10
It  34000   9615 | T(s) 154.88 | Feas 26 17014.97 17076.46 | Inf 32 16767.31 17000.27 | Div 0.37 0.39 | Feas 0.11 1.00 | Pen 15.72 0.10
It  34500  10115 | T(s) 157.01 | Feas 55 17014.97 17033.16 | Inf 39 16518.38 16653.76 | Div 0.29 0.38 | Feas 0.22 1.00 | Pen 13.63 0.10
It  35000  10615 | T(s) 159.25 | Feas 30 17014.97 17056.17 | Inf 62 16602.87 16693.35 | Div 0.35 0.37 | Feas 0.35 1.00 | Pen 13.90 0.10
It  35500  11115 | T(s) 161.48 | Feas 36 17014.97 17053.22 | Inf 53 16610.53 16688.20 | Div 0.34 0.36 | Feas 0.20 1.00 | Pen 14.18 0.10
It  36000  11615 | T(s) 163.70 | Feas 49 17014.97 17077.97 | Inf 43 16712.53 16818.25 | Div 0.35 0.39 | Feas 0.04 1.00 | Pen 14.46 0.10
It  36500    262 | T(s) 166.01 | Feas 29 17013.50 17064.23 | Inf 63 16312.24 16574.94 | Div 0.34 0.39 | Feas 0.32 1.00 | Pen 12.79 0.10
It  37000    762 | T(s) 168.27 | Feas 34 17013.50 17057.10 | Inf 48 16816.01 16936.95 | Div 0.32 0.40 | Feas 0.14 1.00 | Pen 15.97 0.10
It  37500   1262 | T(s) 170.50 | Feas 50 17013.50 17041.58 | Inf 58 16436.00 16566.80 | Div 0.30 0.33 | Feas 0.17 1.00 | Pen 13.57 0.10
It  38000   1762 | T(s) 172.72 | Feas 26 17013.50 17085.59 | Inf 39 16556.90 16660.77 | Div 0.36 0.38 | Feas 0.17 1.00 | Pen 13.84 0.10
It  38500   2262 | T(s) 174.83 | Feas 54 17013.50 17075.00 | Inf 36 16230.94 16536.77 | Div 0.33 0.40 | Feas 0.28 1.00 | Pen 12.00 0.10
It  39000    107 | T(s) 177.12 | Feas 33 17005.45 17094.76 | Inf 58 16297.10 16596.58 | Div 0.36 0.39 | Feas 0.31 1.00 | Pen 12.49 0.10
It  39500    607 | T(s) 179.45 | Feas 49 17005.45 17118.70 | Inf 42 16730.03 16935.45 | Div 0.37 0.39 | Feas 0.09 1.00 | Pen 15.59 0.10
It  40000   1107 | T(s) 181.76 | Feas 33 17005.45 17125.65 | Inf 32 16847.71 17035.18 | Div 0.40 0.41 | Feas 0.10 1.00 | Pen 15.90 0.10
It  40500    231 | T(s) 184.00 | Feas 26 17001.67 17116.64 | Inf 26 16846.13 17074.34 | Div 0.40 0.43 | Feas 0.14 1.00 | Pen 16.55 0.10
It  41000    731 | T(s) 186.29 | Feas 53 17001.67 17103.86 | Inf 51 16697.63 16797.58 | Div 0.38 0.36 | Feas 0.04 1.00 | Pen 14.63 0.10
It  41500   1231 | T(s) 188.53 | Feas 40 17001.67 17113.09 | Inf 63 16694.96 16735.63 | Div 0.38 0.36 | Feas 0.23 1.00 | Pen 14.63 0.10
It  42000   1731 | T(s) 190.82 | Feas 49 17001.67 17096.30 | Inf 38 16299.10 16650.88 | Div 0.37 0.42 | Feas 0.33 1.00 | Pen 12.94 0.10
It  42500   2231 | T(s) 193.02 | Feas 25 17001.67 17125.77 | Inf 43 16529.38 16657.49 | Div 0.41 0.40 | Feas 0.20 1.00 | Pen 13.46 0.10
It  43000   2731 | T(s) 195.16 | Feas 28 17001.67 17115.60 | Inf 53 16551.34 16642.22 | Div 0.40 0.36 | Feas 0.25 1.00 | Pen 13.73 0.10
It  43500   3231 | T(s) 197.45 | Feas 61 17001.67 17081.47 | Inf 28 16605.48 16741.47 | Div 0.36 0.43 | Feas 0.40 1.00 | Pen 14.01 0.10
It  44000   3731 | T(s) 199.58 | Feas 55 17001.67 17072.74 | Inf 46 16653.22 16732.54 | Div 0.35 0.39 | Feas 0.22 1.00 | Pen 14.29 0.10
It  44500   4231 | T(s) 201.93 | Feas 64 17001.67 17113.84 | Inf 37 16302.31 16606.22 | Div 0.39 0.43 | Feas 0.29 1.00 | Pen 12.63 0.10
It  45000   4731 | T(s) 204.21 | Feas 37 17001.67 17096.19 | Inf 30 16432.98 16681.22 | Div 0.38 0.44 | Feas 0.16 1.00 | Pen 13.14 0.10
It  45500   5231 | T(s) 206.48 | Feas 51 17001.67 17067.11 | Inf 62 16812.20 16903.43 | Div 0.35 0.38 | Feas 0.13 1.00 | Pen 16.09 0.10
It  46000   5731 | T(s) 208.62 | Feas 57 17001.67 17083.61 | Inf 35 16477.84 16577.59 | Div 0.36 0.35 | Feas 0.18 1.00 | Pen 13.68 0.10
It  46500   6231 | T(s) 210.78 | Feas 48 17001.67 17074.40 | Inf 25 16477.84 16563.55 | Div 0.36 0.35 | Feas 0.22 1.00 | Pen 13.68 0.10
It  47000   6731 | T(s) 212.99 | Feas 38 17001.67 17056.93 | Inf 63 16057.06 16356.67 | Div 0.35 0.36 | Feas 0.34 1.00 | Pen 12.09 0.10
It  47500   7231 | T(s) 215.39 | Feas 44 17001.67 17080.62 | Inf 42 16781.69 16918.46 | Div 0.37 0.39 | Feas 0.03 1.00 | Pen 15.10 0.10
It  48000   7731 | T(s) 217.64 | Feas 28 17001.67 17102.82 | Inf 58 16570.86 16678.90 | Div 0.39 0.39 | Feas 0.37 1.00 | Pen 13.35 0.10
It  48500   8231 | T(s) 219.86 | Feas 43 17001.67 17063.32 | Inf 38 16513.63 16609.92 | Div 0.35 0.37 | Feas 0.16 1.00 | Pen 13.62 0.10
It  49000   8731 | T(s) 222.13 | Feas 46 17001.67 17085.21 | Inf 39 16852.69 17044.62 | Div 0.38 0.37 | Feas 0.13 1.00 | Pen 16.34 0.10
It  49500   9231 | T(s) 224.41 | Feas 30 17001.67 17105.94 | Inf 50 16177.92 16421.49 | Div 0.39 0.37 | Feas 0.27 1.00 | Pen 12.04 0.10
It  50000   9731 | T(s) 226.77 | Feas 27 17001.67 17102.55 | Inf 54 16730.50 16790.92 | Div 0.40 0.38 | Feas 0.18 1.00 | Pen 14.74 0.10
It  50500  10231 | T(s) 228.96 | Feas 39 17001.67 17089.52 | Inf 62 16794.08 16888.38 | Div 0.38 0.36 | Feas 0.12 1.00 | Pen 15.34 0.10
It  51000  10731 | T(s) 231.19 | Feas 37 17001.67 17076.08 | Inf 44 16607.27 16692.34 | Div 0.37 0.40 | Feas 0.50 1.00 | Pen 13.56 0.10
It  51500  11231 | T(s) 233.51 | Feas 51 17001.67 17111.68 | Inf 29 16652.95 16794.41 | Div 0.39 0.45 | Feas 0.30 1.00 | Pen 13.83 0.10
It  52000    315 | T(s) 235.79 | Feas 34 16997.60 17069.82 | Inf 37 16620.85 16730.70 | Div 0.37 0.40 | Feas 0.20 1.00 | Pen 14.11 0.10
It  52500    815 | T(s) 238.19 | Feas 49 16997.60 17058.51 | Inf 35 16258.06 16521.84 | Div 0.36 0.39 | Feas 0.31 1.00 | Pen 12.48 0.10
It  53000   1315 | T(s) 240.57 | Feas 34 16997.60 17071.60 | Inf 61 16366.45 16603.56 | Div 0.37 0.40 | Feas 0.26 1.00 | Pen 12.98 0.10
It  53500   1815 | T(s) 242.80 | Feas 42 16997.60 17042.43 | Inf 43 16811.43 16971.82 | Div 0.33 0.36 | Feas 0.13 1.00 | Pen 15.89 0.10
It  54000   2315 | T(s) 244.98 | Feas 57 16997.60 17046.40 | Inf 59 16606.07 16656.04 | Div 0.35 0.36 | Feas 0.16 1.00 | Pen 13.78 0.10
It  54500   2815 | T(s) 247.27 | Feas 42 16997.60 17052.97 | Inf 26 16643.40 16812.88 | Div 0.35 0.46 | Feas 0.43 1.00 | Pen 14.05 0.10
It  55000   3315 | T(s) 249.71 | Feas 28 16997.60 17070.15 | Inf 25 16681.63 16789.35 | Div 0.37 0.43 | Feas 0.20 1.00 | Pen 14.33 0.10
It  55500   3815 | T(s) 252.05 | Feas 52 16997.60 17040.46 | Inf 56 16310.06 16577.17 | Div 0.33 0.38 | Feas 0.29 1.00 | Pen 12.68 0.10
It  56000   4315 | T(s) 254.36 | Feas 35 16997.60 17064.88 | Inf 32 16616.86 16690.03 | Div 0.36 0.43 | Feas 0.40 1.00 | Pen 13.19 0.10
It  56500   4815 | T(s) 256.57 | Feas 39 16997.60 17032.80 | Inf 53 16797.26 16887.62 | Div 0.33 0.36 | Feas 0.13 1.00 | Pen 16.14 0.10
It  57000   5315 | T(s) 258.76 | Feas 32 16997.60 17063.27 | Inf 48 16625.28 16711.86 | Div 0.36 0.38 | Feas 0.44 1.00 | Pen 14.00 0.10
It  57500   5815 | T(s) 260.98 | Feas 37 16997.60 17045.76 | Inf 34 16168.60 16477.96 | Div 0.35 0.41 | Feas 0.28 1.00 | Pen 12.13 0.10
It  58000   6315 | T(s) 263.39 | Feas 40 16997.60 17059.17 | Inf 45 16779.48 16893.64 | Div 0.36 0.37 | Feas 0.06 1.00 | Pen 15.15 0.10
It  58500   6815 | T(s) 265.57 | Feas 60 16997.60 17054.20 | Inf 46 16617.99 16706.26 | Div 0.34 0.41 | Feas 0.38 1.00 | Pen 13.40 0.10
It  59000   7315 | T(s) 267.85 | Feas 32 16997.60 17066.73 | Inf 65 16579.72 16658.25 | Div 0.37 0.37 | Feas 0.21 1.00 | Pen 13.67 0.10
It  59500   7815 | T(s) 270.15 | Feas 43 16997.60 17067.07 | Inf 54 16539.72 16632.44 | Div 0.36 0.38 | Feas 0.20 1.00 | Pen 13.67 0.10
It  60000   8315 | T(s) 272.30 | Feas 57 16997.60 17062.32 | Inf 61 16622.95 16697.20 | Div 0.36 0.35 | Feas 0.04 1.00 | Pen 14.22 0.10
It  60500   8815 | T(s) 274.61 | Feas 56 16997.60 17035.63 | Inf 40 16164.43 16405.02 | Div 0.32 0.38 | Feas 0.29 1.00 | Pen 12.09 0.10
It  61000   9315 | T(s) 276.91 | Feas 61 16997.60 17027.03 | Inf 39 16232.91 16541.16 | Div 0.30 0.38 | Feas 0.29 1.00 | Pen 12.57 0.10
It  61500   9815 | T(s) 279.11 | Feas 64 16997.60 17034.65 | Inf 31 16841.42 16971.68 | Div 0.32 0.38 | Feas 0.11 1.00 | Pen 15.70 0.10
It  62000  10315 | T(s) 281.30 | Feas 52 16997.60 17040.01 | Inf 63 16546.74 16635.72 | Div 0.33 0.36 | Feas 0.17 1.00 | Pen 13.61 0.10
It  62500  10815 | T(s) 283.49 | Feas 36 16997.60 17031.24 | Inf 34 16630.70 16727.37 | Div 0.31 0.41 | Feas 0.40 1.00 | Pen 13.88 0.10
It  63000  11315 | T(s) 285.68 | Feas 52 16997.60 17031.91 | Inf 54 16535.69 16623.80 | Div 0.31 0.35 | Feas 0.23 1.00 | Pen 13.88 0.10
It  63500  11815 | T(s) 287.98 | Feas 44 16997.60 17038.10 | Inf 52 16217.73 16438.32 | Div 0.32 0.37 | Feas 0.30 1.00 | Pen 12.28 0.10
It  64000  12315 | T(s) 290.34 | Feas 44 16997.60 17041.91 | Inf 62 16737.49 16878.95 | Div 0.32 0.38 | Feas 0.14 1.00 | Pen 15.33 0.10
It  64500  12815 | T(s) 292.54 | Feas 37 16997.60 17034.14 | Inf 48 16596.13 16670.70 | Div 0.32 0.39 | Feas 0.40 1.00 | Pen 13.55 0.10
It  65000  13315 | T(s) 294.80 | Feas 40 16997.60 17044.97 | Inf 34 16612.62 16782.10 | Div 0.34 0.40 | Feas 0.02 1.00 | Pen 14.10 0.10
It  65500  13815 | T(s) 296.97 | Feas 25 16997.60 17077.49 | Inf 27 16230.59 16561.63 | Div 0.36 0.41 | Feas 0.29 1.00 | Pen 12.23 0.10
It  66000  14315 | T(s) 299.30 | Feas 28 16997.60 17060.15 | Inf 35 16774.64 16937.76 | Div 0.35 0.39 | Feas 0.09 1.00 | Pen 15.26 0.10
It  66500     92 | T(s) 301.51 | Feas 33 16997.34 17073.87 | Inf 53 16829.80 16940.13 | Div 0.36 0.40 | Feas 0.10 1.00 | Pen 15.88 0.10
It  67000    592 | T(s) 303.77 | Feas 51 16997.34 17073.31 | Inf 30 16535.29 16679.74 | Div 0.35 0.38 | Feas 0.06 1.00 | Pen 13.77 0.10
It  67500   1092 | T(s) 306.00 | Feas 49 16997.34 17055.06 | Inf 33 16505.48 16633.27 | Div 0.34 0.39 | Feas 0.16 1.00 | Pen 13.77 0.10
It  68000   1592 | T(s) 308.23 | Feas 43 16997.34 17067.90 | Inf 38 16639.12 16737.89 | Div 0.35 0.39 | Feas 0.22 1.00 | Pen 14.32 0.10
It  68500   2092 | T(s) 310.54 | Feas 57 16997.34 17036.51 | Inf 26 16657.07 16751.44 | Div 0.32 0.40 | Feas 0.22 1.00 | Pen 14.61 0.10
It  69000   2592 | T(s) 312.73 | Feas 50 16997.34 17038.57 | Inf 60 16293.73 16528.52 | Div 0.32 0.36 | Feas 0.28 1.00 | Pen 12.92 0.10
It  69500   3092 | T(s) 315.01 | Feas 56 16997.34 17019.96 | Inf 34 16853.55 16958.81 | Div 0.29 0.43 | Feas 0.14 1.00 | Pen 16.13 0.10
It  70000   3592 | T(s) 317.21 | Feas 25 16997.34 17055.39 | Inf 49 16517.80 16655.66 | Div 0.35 0.38 | Feas 0.23 1.00 | Pen 13.71 0.10
It  70500   4092 | T(s) 319.54 | Feas 36 16997.34 17063.80 | Inf 46 16672.93 16780.15 | Div 0.35 0.37 | Feas 0.02 1.00 | Pen 14.27 0.10
It  71000   4592 | T(s) 321.81 | Feas 40 16997.34 17051.52 | Inf 39 16685.81 16903.66 | Div 0.34 0.38 | Feas 0.04 1.00 | Pen 14.55 0.10
It  71500   5092 | T(s) 324.11 | Feas 33 16997.34 17061.97 | Inf 37 16810.64 16908.80 | Div 0.36 0.37 | Feas 0.07 1.00 | Pen 15.14 0.10
It  72000   5592 | T(s) 326.26 | Feas 56 16997.34 17055.96 | Inf 26 16628.71 16818.43 | Div 0.34 0.47 | Feas 0.42 1.00 | Pen 13.39 0.10
It  72500   6092 | T(s) 328.47 | Feas 42 16997.34 17039.14 | Inf 33 16543.12 16682.21 | Div 0.33 0.41 | Feas 0.24 1.00 | Pen 13.66 0.10
It  73000   6592 | T(s) 330.87 | Feas 26 16997.34 17082.08 | Inf 39 16602.79 16752.18 | Div 0.37 0.37 | Feas 0.08 1.00 | Pen 14.21 0.10
It  73500   7092 | T(s) 333.05 | Feas 28 16997.34 17070.32 | Inf 57 16602.79 16648.44 | Div 0.36 0.31 | Feas 0.25 1.00 | Pen 14.21 0.10
It  74000   7592 | T(s) 335.22 | Feas 26 16997.34 17068.08 | Inf 49 16657.79 16719.10 | Div 0.36 0.34 | Feas 0.18 1.00 | Pen 14.49 0.10
It  74500   8092 | T(s) 337.52 | Feas 37 16997.34 17037.75 | Inf 52 16764.05 16827.76 | Div 0.32 0.33 | Feas 0.02 1.00 | Pen 15.08 0.10
It  75000     61 | T(s) 339.73 | Feas 29 16990.65 17072.59 | Inf 45 16401.41 16662.10 | Div 0.36 0.39 | Feas 0.42 1.00 | Pen 13.33 0.10
It  75500    561 | T(s) 342.02 | Feas 52 16990.65 17028.04 | Inf 26 16581.71 16773.75 | Div 0.31 0.43 | Feas 0.17 1.00 | Pen 13.87 0.10
It  76000   1061 | T(s) 344.18 | Feas 48 16990.65 17044.53 | Inf 59 16616.12 16684.22 | Div 0.33 0.35 | Feas 0.22 1.00 | Pen 14.15 0.10
It  76500   1561 | T(s) 346.52 | Feas 62 16990.65 17052.22 | Inf 60 16715.65 16770.00 | Div 0.34 0.35 | Feas 0.23 1.00 | Pen 14.72 0.10
It  77000   2061 | T(s) 348.74 | Feas 46 16990.65 17035.52 | Inf 32 16351.91 16644.27 | Div 0.32 0.41 | Feas 0.36 1.00 | Pen 13.02 0.10
It  77500   2561 | T(s) 350.94 | Feas 57 16990.65 17028.34 | Inf 42 16636.31 16706.37 | Div 0.29 0.39 | Feas 0.36 1.00 | Pen 13.54 0.10
It  78000   3061 | T(s) 353.11 | Feas 43 16990.65 17017.66 | Inf 50 16598.10 16670.38 | Div 0.28 0.37 | Feas 0.22 1.00 | Pen 13.82 0.10
It  78500   3561 | T(s) 355.36 | Feas 54 16990.65 17023.69 | Inf 34 16083.47 16360.74 | Div 0.29 0.38 | Feas 0.26 1.00 | Pen 11.74 0.10
It  79000   4061 | T(s) 357.70 | Feas 44 16990.65 17012.57 | Inf 60 16923.58 16999.45 | Div 0.27 0.36 | Feas 0.15 1.00 | Pen 17.25 0.10
It  79500   4561 | T(s) 359.77 | Feas 52 16990.65 17015.06 | Inf 64 16309.59 16595.19 | Div 0.28 0.38 | Feas 0.28 1.00 | Pen 12.71 0.10
It  80000   5061 | T(s) 362.05 | Feas 29 16990.65 17037.12 | Inf 52 16763.89 16910.78 | Div 0.32 0.38 | Feas 0.13 1.00 | Pen 15.87 0.10
It  80500   5561 | T(s) 364.22 | Feas 25 16990.65 17053.14 | Inf 49 16601.36 16727.74 | Div 0.33 0.41 | Feas 0.40 1.00 | Pen 13.76 0.10
It  81000   6061 | T(s) 366.42 | Feas 57 16990.65 17022.46 | Inf 52 16614.98 16688.26 | Div 0.29 0.37 | Feas 0.19 1.00 | Pen 14.03 0.10
It  81500   6561 | T(s) 368.52 | Feas 59 16990.65 17013.65 | Inf 34 16579.95 16669.88 | Div 0.26 0.38 | Feas 0.24 1.00 | Pen 14.03 0.10
It  82000   7061 | T(s) 370.83 | Feas 53 16990.65 17017.95 | Inf 65 16204.67 16379.63 | Div 0.28 0.37 | Feas 0.26 1.00 | Pen 12.17 0.10
It  82500   7561 | T(s) 373.30 | Feas 46 16990.65 17021.93 | Inf 31 16261.36 16519.27 | Div 0.29 0.39 | Feas 0.26 1.00 | Pen 12.66 0.10
It  83000   8061 | T(s) 375.68 | Feas 30 16990.65 17031.92 | Inf 57 16361.91 16673.40 | Div 0.30 0.39 | Feas 0.30 1.00 | Pen 13.17 0.10
It  83500   8561 | T(s) 377.93 | Feas 30 16990.65 17036.36 | Inf 52 16563.02 16689.58 | Div 0.31 0.39 | Feas 0.35 1.00 | Pen 13.43 0.10
It  84000   9061 | T(s) 380.19 | Feas 48 16990.65 17015.83 | Inf 34 16563.58 16672.28 | Div 0.27 0.40 | Feas 0.22 1.00 | Pen 13.70 0.10
It  84500   9561 | T(s) 382.38 | Feas 62 16990.65 17014.31 | Inf 35 16640.84 16744.90 | Div 0.27 0.41 | Feas 0.25 1.00 | Pen 13.98 0.10
It  85000  10061 | T(s) 384.68 | Feas 48 16990.65 17010.72 | Inf 50 16652.62 16720.19 | Div 0.26 0.38 | Feas 0.22 1.00 | Pen 14.26 0.10
It  85500  10561 | T(s) 387.01 | Feas 62 16990.65 17017.06 | Inf 46 16696.53 16734.06 | Div 0.27 0.38 | Feas 0.20 1.00 | Pen 14.54 0.10
It  86000  11061 | T(s) 389.30 | Feas 59 16990.65 17036.96 | Inf 49 16765.50 16871.32 | Div 0.30 0.36 | Feas 0.09 1.00 | Pen 15.13 0.10
It  86500  11561 | T(s) 391.55 | Feas 46 16990.65 17013.12 | Inf 48 16575.17 16702.80 | Div 0.26 0.41 | Feas 0.45 1.00 | Pen 13.38 0.10
It  87000  12061 | T(s) 393.68 | Feas 40 16990.65 17010.62 | Inf 29 16561.09 16652.10 | Div 0.26 0.40 | Feas 0.16 1.00 | Pen 13.65 0.10
It  87500  12561 | T(s) 395.88 | Feas 55 16990.65 17011.11 | Inf 36 16634.55 16736.21 | Div 0.25 0.42 | Feas 0.42 1.00 | Pen 13.92 0.10
It  88000  13061 | T(s) 398.22 | Feas 30 16990.65 17022.84 | Inf 34 16631.10 16732.61 | Div 0.29 0.38 | Feas 0.21 1.00 | Pen 14.20 0.10
It  88500  13561 | T(s) 400.44 | Feas 49 16990.65 17011.20 | Inf 56 16616.69 16662.69 | Div 0.25 0.33 | Feas 0.20 1.00 | Pen 14.20 0.10
It  89000  14061 | T(s) 402.78 | Feas 30 16990.65 17020.56 | Inf 50 16649.87 16806.02 | Div 0.28 0.37 | Feas 0.05 1.00 | Pen 14.48 0.10
It  89500  14561 | T(s) 405.10 | Feas 30 16990.65 17030.03 | Inf 50 16750.78 16854.95 | Div 0.30 0.34 | Feas 0.07 1.00 | Pen 15.07 0.10
It  90000  15061 | T(s) 407.37 | Feas 57 16990.65 17044.69 | Inf 42 16812.00 16941.29 | Div 0.31 0.37 | Feas 0.06 1.00 | Pen 15.68 0.10
It  90500  15561 | T(s) 409.48 | Feas 26 16990.65 17042.43 | Inf 46 16520.46 16612.86 | Div 0.32 0.35 | Feas 0.20 1.00 | Pen 13.59 0.10
It  91000  16061 | T(s) 411.59 | Feas 29 16990.65 17025.59 | Inf 61 16648.67 16731.40 | Div 0.29 0.39 | Feas 0.46 1.00 | Pen 13.86 0.10
It  91500  16561 | T(s) 413.71 | Feas 28 16990.65 17046.86 | Inf 39 16175.64 16369.91 | Div 0.32 0.35 | Feas 0.29 1.00 | Pen 12.02 0.10
It  92000  17061 | T(s) 415.98 | Feas 43 16990.65 17068.82 | Inf 36 16187.52 16500.46 | Div 0.34 0.38 | Feas 0.26 1.00 | Pen 12.26 0.10
It  92500  17561 | T(s) 418.33 | Feas 35 16990.65 17046.08 | Inf 39 16800.89 16941.32 | Div 0.33 0.36 | Feas 0.08 1.00 | Pen 15.31 0.10
It  93000  18061 | T(s) 420.56 | Feas 63 16990.65 17024.38 | Inf 54 16811.87 16935.33 | Div 0.29 0.38 | Feas 0.15 1.00 | Pen 15.92 0.10
It  93500  18561 | T(s) 422.84 | Feas 32 16990.65 17055.55 | Inf 37 16597.03 16705.44 | Div 0.33 0.36 | Feas 0.03 1.00 | Pen 13.81 0.10
It  94000  19061 | T(s) 425.11 | Feas 51 16990.65 17018.29 | Inf 55 16630.12 16695.07 | Div 0.27 0.36 | Feas 0.24 1.00 | Pen 14.08 0.10
It  94500  19561 | T(s) 427.24 | Feas 65 16990.65 17013.02 | Inf 35 16130.00 16491.46 | Div 0.27 0.37 | Feas 0.28 1.00 | Pen 11.97 0.10
----- GENETIC ALGORITHM FINISHED AFTER 94941 ITERATIONS. TIME SPENT: 429.308
----- WRITING BEST SOLUTION IN : baseline_results/cvrp_hgs/Vrp-Set-X-n190/Vrp-Set-X-n190-hgs/0.hgs1.tour
