PARAMETER_FILE = baseline_results/cvrp_lkh/Vrp-Set-X-n627/Vrp-Set-X-n627-lkh/0.lkh1.par
Reading PROBLEM_FILE: "baseline_results/cvrp_lkh/Vrp-Set-X-n627/Vrp-Set-X-n627-lkh/0.lkh1.vrp" ... done
ASCENT_CANDIDATES = 50
BACKBONE_TRIALS = 0
BACKTRACKING = NO
# BWTSP =
# CANDIDATE_FILE =
CANDIDATE_SET_TYPE = ALPHA
# DISTANCE =
DEPOT = 1
# EDGE_FILE =
EXCESS = 0.0015949
EXTERNAL_SALESMEN = 0
EXTRA_CANDIDATES = 0 
EXTRA_CANDIDATE_SET_TYPE = QUADRANT
GAIN23 = NO
GAIN_CRITERION = YES
INITIAL_PERIOD = 313
INITIAL_STEP_SIZE = 1
INITIAL_TOUR_ALGORITHM = WALK
# INITIAL_TOUR_FILE = 
INITIAL_TOUR_FRACTION = 1.000
# INPUT_TOUR_FILE = 
KICK_TYPE = 4
KICKS = 1
# MAX_BREADTH =
MAKESPAN = NO
MAX_CANDIDATES = 5 
MAX_SWAPS = 0
MAX_TRIALS = 10000
# MERGE_TOUR_FILE =
MOVE_TYPE = 5 SPECIAL
MTSP_MIN_SIZE = 1
MTSP_MAX_SIZE = 626
# MTSP_SOLUTION_FILE = 
# NONSEQUENTIAL_MOVE_TYPE = 5
# OPTIMUM =
OUTPUT_TOUR_FILE = baseline_results/cvrp_lkh/Vrp-Set-X-n627/Vrp-Set-X-n627-lkh/0.lkh1.tour
PATCHING_A = 1 
PATCHING_C = 0 
# PI_FILE = 
POPMUSIC_INITIAL_TOUR = NO
POPMUSIC_MAX_NEIGHBORS = 5
POPMUSIC_SAMPLE_SIZE = 10
POPMUSIC_SOLUTIONS = 50
POPMUSIC_TRIALS = 1
POPULATION_SIZE = 10
PRECISION = 100
PROBLEM_FILE = baseline_results/cvrp_lkh/Vrp-Set-X-n627/Vrp-Set-X-n627-lkh/0.lkh1.vrp
RECOMBINATION = IPT
RESTRICTED_SEARCH = YES
RUNS = 1
SALESMEN = 43
SCALE = 1
SEED = 1234
# SINTEF_SOLUTION_FILE = 
STOP_AT_OPTIMUM = YES
SUBGRADIENT = YES
# SUBPROBLEM_SIZE =
# SUBPROBLEM_TOUR_FILE = 
SUBSEQUENT_MOVE_TYPE = 5 SPECIAL
SUBSEQUENT_PATCHING = YES
# TIME_LIMIT =
# TOTAL_TIME_LIMIT =
# TOUR_FILE = 
TRACE_LEVEL = 1
VEHICLES = 43

Lower bound = 2480623.4, Ascent time = 0.39 sec.
Cand.min = 3, Cand.avg = 5.0, Cand.max = 5
Preprocessing time = 0.40 sec.
* 1: Cost = 0_7483454, Time = 0.55 sec. 
Writing OUTPUT_TOUR_FILE: "baseline_results/cvrp_lkh/Vrp-Set-X-n627/Vrp-Set-X-n627-lkh/0.lkh1.tour" ... done
* 2: Cost = 0_7244139, Time = 0.77 sec. 
Writing OUTPUT_TOUR_FILE: "baseline_results/cvrp_lkh/Vrp-Set-X-n627/Vrp-Set-X-n627-lkh/0.lkh1.tour" ... done
* 6: Cost = 0_7243853, Time = 1.25 sec. 
Writing OUTPUT_TOUR_FILE: "baseline_results/cvrp_lkh/Vrp-Set-X-n627/Vrp-Set-X-n627-lkh/0.lkh1.tour" ... done
* 7: Cost = 0_7122756, Time = 1.30 sec. 
Writing OUTPUT_TOUR_FILE: "baseline_results/cvrp_lkh/Vrp-Set-X-n627/Vrp-Set-X-n627-lkh/0.lkh1.tour" ... done
* 9: Cost = 0_7064812, Time = 1.36 sec. 
Writing OUTPUT_TOUR_FILE: "baseline_results/cvrp_lkh/Vrp-Set-X-n627/Vrp-Set-X-n627-lkh/0.lkh1.tour" ... done
* 11: Cost = 0_7031792, Time = 1.51 sec. 
Writing OUTPUT_TOUR_FILE: "baseline_results/cvrp_lkh/Vrp-Set-X-n627/Vrp-Set-X-n627-lkh/0.lkh1.tour" ... done
* 14: Cost = 0_7010628, Time = 1.74 sec. 
Writing OUTPUT_TOUR_FILE: "baseline_results/cvrp_lkh/Vrp-Set-X-n627/Vrp-Set-X-n627-lkh/0.lkh1.tour" ... done
* 18: Cost = 0_6984421, Time = 1.97 sec. 
Writing OUTPUT_TOUR_FILE: "baseline_results/cvrp_lkh/Vrp-Set-X-n627/Vrp-Set-X-n627-lkh/0.lkh1.tour" ... done
* 19: Cost = 0_6983147, Time = 1.98 sec. 
Writing OUTPUT_TOUR_FILE: "baseline_results/cvrp_lkh/Vrp-Set-X-n627/Vrp-Set-X-n627-lkh/0.lkh1.tour" ... done
* 25: Cost = 0_6982761, Time = 2.23 sec. 
Writing OUTPUT_TOUR_FILE: "baseline_results/cvrp_lkh/Vrp-Set-X-n627/Vrp-Set-X-n627-lkh/0.lkh1.tour" ... done
* 28: Cost = 0_6938459, Time = 2.29 sec. 
Writing OUTPUT_TOUR_FILE: "baseline_results/cvrp_lkh/Vrp-Set-X-n627/Vrp-Set-X-n627-lkh/0.lkh1.tour" ... done
* 34: Cost = 0_6938325, Time = 2.67 sec. 
Writing OUTPUT_TOUR_FILE: "baseline_results/cvrp_lkh/Vrp-Set-X-n627/Vrp-Set-X-n627-lkh/0.lkh1.tour" ... done
* 36: Cost = 0_6918532, Time = 2.84 sec. 
Writing OUTPUT_TOUR_FILE: "baseline_results/cvrp_lkh/Vrp-Set-X-n627/Vrp-Set-X-n627-lkh/0.lkh1.tour" ... done
* 37: Cost = 0_6898724, Time = 2.88 sec. 
Writing OUTPUT_TOUR_FILE: "baseline_results/cvrp_lkh/Vrp-Set-X-n627/Vrp-Set-X-n627-lkh/0.lkh1.tour" ... done
* 42: Cost = 0_6897009, Time = 3.33 sec. 
Writing OUTPUT_TOUR_FILE: "baseline_results/cvrp_lkh/Vrp-Set-X-n627/Vrp-Set-X-n627-lkh/0.lkh1.tour" ... done
* 46: Cost = 0_6895206, Time = 3.48 sec. 
Writing OUTPUT_TOUR_FILE: "baseline_results/cvrp_lkh/Vrp-Set-X-n627/Vrp-Set-X-n627-lkh/0.lkh1.tour" ... done
* 48: Cost = 0_6892234, Time = 3.52 sec. 
Writing OUTPUT_TOUR_FILE: "baseline_results/cvrp_lkh/Vrp-Set-X-n627/Vrp-Set-X-n627-lkh/0.lkh1.tour" ... done
* 49: Cost = 0_6888368, Time = 3.55 sec. 
Writing OUTPUT_TOUR_FILE: "baseline_results/cvrp_lkh/Vrp-Set-X-n627/Vrp-Set-X-n627-lkh/0.lkh1.tour" ... done
* 50: Cost = 0_6878997, Time = 3.57 sec. 
Writing OUTPUT_TOUR_FILE: "baseline_results/cvrp_lkh/Vrp-Set-X-n627/Vrp-Set-X-n627-lkh/0.lkh1.tour" ... done
* 56: Cost = 0_6878718, Time = 4.16 sec. 
Writing OUTPUT_TOUR_FILE: "baseline_results/cvrp_lkh/Vrp-Set-X-n627/Vrp-Set-X-n627-lkh/0.lkh1.tour" ... done
* 61: Cost = 0_6877610, Time = 4.39 sec. 
Writing OUTPUT_TOUR_FILE: "baseline_results/cvrp_lkh/Vrp-Set-X-n627/Vrp-Set-X-n627-lkh/0.lkh1.tour" ... done
* 64: Cost = 0_6876022, Time = 4.53 sec. 
Writing OUTPUT_TOUR_FILE: "baseline_results/cvrp_lkh/Vrp-Set-X-n627/Vrp-Set-X-n627-lkh/0.lkh1.tour" ... done
* 65: Cost = 0_6863931, Time = 4.57 sec. 
Writing OUTPUT_TOUR_FILE: "baseline_results/cvrp_lkh/Vrp-Set-X-n627/Vrp-Set-X-n627-lkh/0.lkh1.tour" ... done
* 66: Cost = 0_6862670, Time = 4.57 sec. 
Writing OUTPUT_TOUR_FILE: "baseline_results/cvrp_lkh/Vrp-Set-X-n627/Vrp-Set-X-n627-lkh/0.lkh1.tour" ... done
* 67: Cost = 0_6862152, Time = 4.61 sec. 
Writing OUTPUT_TOUR_FILE: "baseline_results/cvrp_lkh/Vrp-Set-X-n627/Vrp-Set-X-n627-lkh/0.lkh1.tour" ... done
* 73: Cost = 0_6861402, Time = 4.74 sec. 
Writing OUTPUT_TOUR_FILE: "baseline_results/cvrp_lkh/Vrp-Set-X-n627/Vrp-Set-X-n627-lkh/0.lkh1.tour" ... done
* 74: Cost = 0_6857510, Time = 4.77 sec. 
Writing OUTPUT_TOUR_FILE: "baseline_results/cvrp_lkh/Vrp-Set-X-n627/Vrp-Set-X-n627-lkh/0.lkh1.tour" ... done
* 75: Cost = 0_6844811, Time = 4.82 sec. 
Writing OUTPUT_TOUR_FILE: "baseline_results/cvrp_lkh/Vrp-Set-X-n627/Vrp-Set-X-n627-lkh/0.lkh1.tour" ... done
* 77: Cost = 0_6844300, Time = 5.00 sec. 
Writing OUTPUT_TOUR_FILE: "baseline_results/cvrp_lkh/Vrp-Set-X-n627/Vrp-Set-X-n627-lkh/0.lkh1.tour" ... done
* 79: Cost = 0_6841792, Time = 5.03 sec. 
Writing OUTPUT_TOUR_FILE: "baseline_results/cvrp_lkh/Vrp-Set-X-n627/Vrp-Set-X-n627-lkh/0.lkh1.tour" ... done
* 82: Cost = 0_6840049, Time = 5.21 sec. 
Writing OUTPUT_TOUR_FILE: "baseline_results/cvrp_lkh/Vrp-Set-X-n627/Vrp-Set-X-n627-lkh/0.lkh1.tour" ... done
* 84: Cost = 0_6829339, Time = 5.36 sec. 
Writing OUTPUT_TOUR_FILE: "baseline_results/cvrp_lkh/Vrp-Set-X-n627/Vrp-Set-X-n627-lkh/0.lkh1.tour" ... done
* 91: Cost = 0_6827247, Time = 5.93 sec. 
Writing OUTPUT_TOUR_FILE: "baseline_results/cvrp_lkh/Vrp-Set-X-n627/Vrp-Set-X-n627-lkh/0.lkh1.tour" ... done
* 95: Cost = 0_6824919, Time = 6.30 sec. 
Writing OUTPUT_TOUR_FILE: "baseline_results/cvrp_lkh/Vrp-Set-X-n627/Vrp-Set-X-n627-lkh/0.lkh1.tour" ... done
* 96: Cost = 0_6785827, Time = 6.58 sec. 
Writing OUTPUT_TOUR_FILE: "baseline_results/cvrp_lkh/Vrp-Set-X-n627/Vrp-Set-X-n627-lkh/0.lkh1.tour" ... done
* 97: Cost = 0_6776438, Time = 6.68 sec. 
Writing OUTPUT_TOUR_FILE: "baseline_results/cvrp_lkh/Vrp-Set-X-n627/Vrp-Set-X-n627-lkh/0.lkh1.tour" ... done
* 99: Cost = 0_6765533, Time = 6.82 sec. 
Writing OUTPUT_TOUR_FILE: "baseline_results/cvrp_lkh/Vrp-Set-X-n627/Vrp-Set-X-n627-lkh/0.lkh1.tour" ... done
* 101: Cost = 0_6734661, Time = 7.04 sec. 
Writing OUTPUT_TOUR_FILE: "baseline_results/cvrp_lkh/Vrp-Set-X-n627/Vrp-Set-X-n627-lkh/0.lkh1.tour" ... done
* 103: Cost = 0_6728462, Time = 7.06 sec. 
Writing OUTPUT_TOUR_FILE: "baseline_results/cvrp_lkh/Vrp-Set-X-n627/Vrp-Set-X-n627-lkh/0.lkh1.tour" ... done
* 109: Cost = 0_6715649, Time = 7.38 sec. 
Writing OUTPUT_TOUR_FILE: "baseline_results/cvrp_lkh/Vrp-Set-X-n627/Vrp-Set-X-n627-lkh/0.lkh1.tour" ... done
* 110: Cost = 0_6709211, Time = 7.46 sec. 
Writing OUTPUT_TOUR_FILE: "baseline_results/cvrp_lkh/Vrp-Set-X-n627/Vrp-Set-X-n627-lkh/0.lkh1.tour" ... done
* 112: Cost = 0_6706119, Time = 7.75 sec. 
Writing OUTPUT_TOUR_FILE: "baseline_results/cvrp_lkh/Vrp-Set-X-n627/Vrp-Set-X-n627-lkh/0.lkh1.tour" ... done
* 114: Cost = 0_6697191, Time = 7.80 sec. 
Writing OUTPUT_TOUR_FILE: "baseline_results/cvrp_lkh/Vrp-Set-X-n627/Vrp-Set-X-n627-lkh/0.lkh1.tour" ... done
* 115: Cost = 0_6692236, Time = 7.82 sec. 
Writing OUTPUT_TOUR_FILE: "baseline_results/cvrp_lkh/Vrp-Set-X-n627/Vrp-Set-X-n627-lkh/0.lkh1.tour" ... done
* 119: Cost = 0_6680214, Time = 8.14 sec. 
Writing OUTPUT_TOUR_FILE: "baseline_results/cvrp_lkh/Vrp-Set-X-n627/Vrp-Set-X-n627-lkh/0.lkh1.tour" ... done
* 120: Cost = 0_6679809, Time = 8.16 sec. 
Writing OUTPUT_TOUR_FILE: "baseline_results/cvrp_lkh/Vrp-Set-X-n627/Vrp-Set-X-n627-lkh/0.lkh1.tour" ... done
* 123: Cost = 0_6673726, Time = 8.37 sec. 
Writing OUTPUT_TOUR_FILE: "baseline_results/cvrp_lkh/Vrp-Set-X-n627/Vrp-Set-X-n627-lkh/0.lkh1.tour" ... done
* 130: Cost = 0_6659509, Time = 8.88 sec. 
Writing OUTPUT_TOUR_FILE: "baseline_results/cvrp_lkh/Vrp-Set-X-n627/Vrp-Set-X-n627-lkh/0.lkh1.tour" ... done
* 131: Cost = 0_6656581, Time = 8.91 sec. 
Writing OUTPUT_TOUR_FILE: "baseline_results/cvrp_lkh/Vrp-Set-X-n627/Vrp-Set-X-n627-lkh/0.lkh1.tour" ... done
* 133: Cost = 0_6656504, Time = 8.94 sec. 
Writing OUTPUT_TOUR_FILE: "baseline_results/cvrp_lkh/Vrp-Set-X-n627/Vrp-Set-X-n627-lkh/0.lkh1.tour" ... done
* 134: Cost = 0_6651640, Time = 8.97 sec. 
Writing OUTPUT_TOUR_FILE: "baseline_results/cvrp_lkh/Vrp-Set-X-n627/Vrp-Set-X-n627-lkh/0.lkh1.tour" ... done
* 138: Cost = 0_6650326, Time = 9.34 sec. 
Writing OUTPUT_TOUR_FILE: "baseline_results/cvrp_lkh/Vrp-Set-X-n627/Vrp-Set-X-n627-lkh/0.lkh1.tour" ... done
* 139: Cost = 0_6643970, Time = 9.38 sec. 
Writing OUTPUT_TOUR_FILE: "baseline_results/cvrp_lkh/Vrp-Set-X-n627/Vrp-Set-X-n627-lkh/0.lkh1.tour" ... done
* 143: Cost = 0_6643446, Time = 9.68 sec. 
Writing OUTPUT_TOUR_FILE: "baseline_results/cvrp_lkh/Vrp-Set-X-n627/Vrp-Set-X-n627-lkh/0.lkh1.tour" ... done
* 145: Cost = 0_6639274, Time = 9.84 sec. 
Writing OUTPUT_TOUR_FILE: "baseline_results/cvrp_lkh/Vrp-Set-X-n627/Vrp-Set-X-n627-lkh/0.lkh1.tour" ... done
* 146: Cost = 0_6637461, Time = 9.85 sec. 
Writing OUTPUT_TOUR_FILE: "baseline_results/cvrp_lkh/Vrp-Set-X-n627/Vrp-Set-X-n627-lkh/0.lkh1.tour" ... done
* 151: Cost = 0_6593856, Time = 10.14 sec. 
Writing OUTPUT_TOUR_FILE: "baseline_results/cvrp_lkh/Vrp-Set-X-n627/Vrp-Set-X-n627-lkh/0.lkh1.tour" ... done
* 154: Cost = 0_6590281, Time = 10.32 sec. 
Writing OUTPUT_TOUR_FILE: "baseline_results/cvrp_lkh/Vrp-Set-X-n627/Vrp-Set-X-n627-lkh/0.lkh1.tour" ... done
* 155: Cost = 0_6582512, Time = 10.37 sec. 
Writing OUTPUT_TOUR_FILE: "baseline_results/cvrp_lkh/Vrp-Set-X-n627/Vrp-Set-X-n627-lkh/0.lkh1.tour" ... done
* 158: Cost = 0_6575670, Time = 10.46 sec. 
Writing OUTPUT_TOUR_FILE: "baseline_results/cvrp_lkh/Vrp-Set-X-n627/Vrp-Set-X-n627-lkh/0.lkh1.tour" ... done
* 161: Cost = 0_6571090, Time = 10.54 sec. 
Writing OUTPUT_TOUR_FILE: "baseline_results/cvrp_lkh/Vrp-Set-X-n627/Vrp-Set-X-n627-lkh/0.lkh1.tour" ... done
* 163: Cost = 0_6569458, Time = 10.67 sec. 
Writing OUTPUT_TOUR_FILE: "baseline_results/cvrp_lkh/Vrp-Set-X-n627/Vrp-Set-X-n627-lkh/0.lkh1.tour" ... done
* 175: Cost = 0_6566352, Time = 11.37 sec. 
Writing OUTPUT_TOUR_FILE: "baseline_results/cvrp_lkh/Vrp-Set-X-n627/Vrp-Set-X-n627-lkh/0.lkh1.tour" ... done
* 180: Cost = 0_6564708, Time = 11.93 sec. 
Writing OUTPUT_TOUR_FILE: "baseline_results/cvrp_lkh/Vrp-Set-X-n627/Vrp-Set-X-n627-lkh/0.lkh1.tour" ... done
* 185: Cost = 0_6564416, Time = 12.29 sec. 
Writing OUTPUT_TOUR_FILE: "baseline_results/cvrp_lkh/Vrp-Set-X-n627/Vrp-Set-X-n627-lkh/0.lkh1.tour" ... done
* 198: Cost = 0_6562181, Time = 13.50 sec. 
Writing OUTPUT_TOUR_FILE: "baseline_results/cvrp_lkh/Vrp-Set-X-n627/Vrp-Set-X-n627-lkh/0.lkh1.tour" ... done
* 206: Cost = 0_6561347, Time = 13.94 sec. 
Writing OUTPUT_TOUR_FILE: "baseline_results/cvrp_lkh/Vrp-Set-X-n627/Vrp-Set-X-n627-lkh/0.lkh1.tour" ... done
* 209: Cost = 0_6559860, Time = 14.01 sec. 
Writing OUTPUT_TOUR_FILE: "baseline_results/cvrp_lkh/Vrp-Set-X-n627/Vrp-Set-X-n627-lkh/0.lkh1.tour" ... done
* 215: Cost = 0_6559343, Time = 14.25 sec. 
Writing OUTPUT_TOUR_FILE: "baseline_results/cvrp_lkh/Vrp-Set-X-n627/Vrp-Set-X-n627-lkh/0.lkh1.tour" ... done
* 218: Cost = 0_6558424, Time = 14.54 sec. 
Writing OUTPUT_TOUR_FILE: "baseline_results/cvrp_lkh/Vrp-Set-X-n627/Vrp-Set-X-n627-lkh/0.lkh1.tour" ... done
* 219: Cost = 0_6558141, Time = 14.56 sec. 
Writing OUTPUT_TOUR_FILE: "baseline_results/cvrp_lkh/Vrp-Set-X-n627/Vrp-Set-X-n627-lkh/0.lkh1.tour" ... done
* 220: Cost = 0_6552914, Time = 14.61 sec. 
Writing OUTPUT_TOUR_FILE: "baseline_results/cvrp_lkh/Vrp-Set-X-n627/Vrp-Set-X-n627-lkh/0.lkh1.tour" ... done
* 231: Cost = 0_6550665, Time = 15.43 sec. 
Writing OUTPUT_TOUR_FILE: "baseline_results/cvrp_lkh/Vrp-Set-X-n627/Vrp-Set-X-n627-lkh/0.lkh1.tour" ... done
* 239: Cost = 0_6550655, Time = 15.84 sec. 
Writing OUTPUT_TOUR_FILE: "baseline_results/cvrp_lkh/Vrp-Set-X-n627/Vrp-Set-X-n627-lkh/0.lkh1.tour" ... done
* 242: Cost = 0_6550125, Time = 15.88 sec. 
Writing OUTPUT_TOUR_FILE: "baseline_results/cvrp_lkh/Vrp-Set-X-n627/Vrp-Set-X-n627-lkh/0.lkh1.tour" ... done
* 248: Cost = 0_6549172, Time = 16.10 sec. 
Writing OUTPUT_TOUR_FILE: "baseline_results/cvrp_lkh/Vrp-Set-X-n627/Vrp-Set-X-n627-lkh/0.lkh1.tour" ... done
* 249: Cost = 0_6549110, Time = 16.19 sec. 
Writing OUTPUT_TOUR_FILE: "baseline_results/cvrp_lkh/Vrp-Set-X-n627/Vrp-Set-X-n627-lkh/0.lkh1.tour" ... done
* 254: Cost = 0_6548134, Time = 16.74 sec. 
Writing OUTPUT_TOUR_FILE: "baseline_results/cvrp_lkh/Vrp-Set-X-n627/Vrp-Set-X-n627-lkh/0.lkh1.tour" ... done
* 265: Cost = 0_6545837, Time = 17.32 sec. 
Writing OUTPUT_TOUR_FILE: "baseline_results/cvrp_lkh/Vrp-Set-X-n627/Vrp-Set-X-n627-lkh/0.lkh1.tour" ... done
* 267: Cost = 0_6545345, Time = 17.45 sec. 
Writing OUTPUT_TOUR_FILE: "baseline_results/cvrp_lkh/Vrp-Set-X-n627/Vrp-Set-X-n627-lkh/0.lkh1.tour" ... done
* 285: Cost = 0_6545321, Time = 19.26 sec. 
Writing OUTPUT_TOUR_FILE: "baseline_results/cvrp_lkh/Vrp-Set-X-n627/Vrp-Set-X-n627-lkh/0.lkh1.tour" ... done
* 288: Cost = 0_6544058, Time = 19.45 sec. 
Writing OUTPUT_TOUR_FILE: "baseline_results/cvrp_lkh/Vrp-Set-X-n627/Vrp-Set-X-n627-lkh/0.lkh1.tour" ... done
* 290: Cost = 0_6544022, Time = 19.59 sec. 
Writing OUTPUT_TOUR_FILE: "baseline_results/cvrp_lkh/Vrp-Set-X-n627/Vrp-Set-X-n627-lkh/0.lkh1.tour" ... done
* 297: Cost = 0_6543972, Time = 20.14 sec. 
Writing OUTPUT_TOUR_FILE: "baseline_results/cvrp_lkh/Vrp-Set-X-n627/Vrp-Set-X-n627-lkh/0.lkh1.tour" ... done
* 298: Cost = 0_6541456, Time = 20.15 sec. 
Writing OUTPUT_TOUR_FILE: "baseline_results/cvrp_lkh/Vrp-Set-X-n627/Vrp-Set-X-n627-lkh/0.lkh1.tour" ... done
* 299: Cost = 0_6540963, Time = 20.17 sec. 
Writing OUTPUT_TOUR_FILE: "baseline_results/cvrp_lkh/Vrp-Set-X-n627/Vrp-Set-X-n627-lkh/0.lkh1.tour" ... done
* 300: Cost = 0_6534843, Time = 20.22 sec. 
Writing OUTPUT_TOUR_FILE: "baseline_results/cvrp_lkh/Vrp-Set-X-n627/Vrp-Set-X-n627-lkh/0.lkh1.tour" ... done
* 308: Cost = 0_6534790, Time = 20.66 sec. 
Writing OUTPUT_TOUR_FILE: "baseline_results/cvrp_lkh/Vrp-Set-X-n627/Vrp-Set-X-n627-lkh/0.lkh1.tour" ... done
* 316: Cost = 0_6534004, Time = 20.87 sec. 
Writing OUTPUT_TOUR_FILE: "baseline_results/cvrp_lkh/Vrp-Set-X-n627/Vrp-Set-X-n627-lkh/0.lkh1.tour" ... done
* 339: Cost = 0_6531271, Time = 22.78 sec. 
Writing OUTPUT_TOUR_FILE: "baseline_results/cvrp_lkh/Vrp-Set-X-n627/Vrp-Set-X-n627-lkh/0.lkh1.tour" ... done
* 348: Cost = 0_6529730, Time = 23.26 sec. 
Writing OUTPUT_TOUR_FILE: "baseline_results/cvrp_lkh/Vrp-Set-X-n627/Vrp-Set-X-n627-lkh/0.lkh1.tour" ... done
* 353: Cost = 0_6529502, Time = 23.53 sec. 
Writing OUTPUT_TOUR_FILE: "baseline_results/cvrp_lkh/Vrp-Set-X-n627/Vrp-Set-X-n627-lkh/0.lkh1.tour" ... done
* 358: Cost = 0_6528670, Time = 23.74 sec. 
Writing OUTPUT_TOUR_FILE: "baseline_results/cvrp_lkh/Vrp-Set-X-n627/Vrp-Set-X-n627-lkh/0.lkh1.tour" ... done
* 359: Cost = 0_6525839, Time = 23.74 sec. 
Writing OUTPUT_TOUR_FILE: "baseline_results/cvrp_lkh/Vrp-Set-X-n627/Vrp-Set-X-n627-lkh/0.lkh1.tour" ... done
* 385: Cost = 0_6524624, Time = 25.63 sec. 
Writing OUTPUT_TOUR_FILE: "baseline_results/cvrp_lkh/Vrp-Set-X-n627/Vrp-Set-X-n627-lkh/0.lkh1.tour" ... done
* 387: Cost = 0_6524460, Time = 25.91 sec. 
Writing OUTPUT_TOUR_FILE: "baseline_results/cvrp_lkh/Vrp-Set-X-n627/Vrp-Set-X-n627-lkh/0.lkh1.tour" ... done
* 394: Cost = 0_6520618, Time = 26.08 sec. 
Writing OUTPUT_TOUR_FILE: "baseline_results/cvrp_lkh/Vrp-Set-X-n627/Vrp-Set-X-n627-lkh/0.lkh1.tour" ... done
* 401: Cost = 0_6517837, Time = 26.76 sec. 
Writing OUTPUT_TOUR_FILE: "baseline_results/cvrp_lkh/Vrp-Set-X-n627/Vrp-Set-X-n627-lkh/0.lkh1.tour" ... done
* 409: Cost = 0_6516853, Time = 27.41 sec. 
Writing OUTPUT_TOUR_FILE: "baseline_results/cvrp_lkh/Vrp-Set-X-n627/Vrp-Set-X-n627-lkh/0.lkh1.tour" ... done
* 421: Cost = 0_6516195, Time = 28.32 sec. 
Writing OUTPUT_TOUR_FILE: "baseline_results/cvrp_lkh/Vrp-Set-X-n627/Vrp-Set-X-n627-lkh/0.lkh1.tour" ... done
* 441: Cost = 0_6512646, Time = 30.07 sec. 
Writing OUTPUT_TOUR_FILE: "baseline_results/cvrp_lkh/Vrp-Set-X-n627/Vrp-Set-X-n627-lkh/0.lkh1.tour" ... done
* 444: Cost = 0_6511716, Time = 30.17 sec. 
Writing OUTPUT_TOUR_FILE: "baseline_results/cvrp_lkh/Vrp-Set-X-n627/Vrp-Set-X-n627-lkh/0.lkh1.tour" ... done
* 446: Cost = 0_6509436, Time = 30.25 sec. 
Writing OUTPUT_TOUR_FILE: "baseline_results/cvrp_lkh/Vrp-Set-X-n627/Vrp-Set-X-n627-lkh/0.lkh1.tour" ... done
* 457: Cost = 0_6509226, Time = 31.23 sec. 
Writing OUTPUT_TOUR_FILE: "baseline_results/cvrp_lkh/Vrp-Set-X-n627/Vrp-Set-X-n627-lkh/0.lkh1.tour" ... done
* 476: Cost = 0_6508619, Time = 32.96 sec. 
Writing OUTPUT_TOUR_FILE: "baseline_results/cvrp_lkh/Vrp-Set-X-n627/Vrp-Set-X-n627-lkh/0.lkh1.tour" ... done
* 479: Cost = 0_6507086, Time = 33.36 sec. 
Writing OUTPUT_TOUR_FILE: "baseline_results/cvrp_lkh/Vrp-Set-X-n627/Vrp-Set-X-n627-lkh/0.lkh1.tour" ... done
* 480: Cost = 0_6506212, Time = 33.36 sec. 
Writing OUTPUT_TOUR_FILE: "baseline_results/cvrp_lkh/Vrp-Set-X-n627/Vrp-Set-X-n627-lkh/0.lkh1.tour" ... done
* 481: Cost = 0_6504416, Time = 33.44 sec. 
Writing OUTPUT_TOUR_FILE: "baseline_results/cvrp_lkh/Vrp-Set-X-n627/Vrp-Set-X-n627-lkh/0.lkh1.tour" ... done
* 482: Cost = 0_6503390, Time = 33.50 sec. 
Writing OUTPUT_TOUR_FILE: "baseline_results/cvrp_lkh/Vrp-Set-X-n627/Vrp-Set-X-n627-lkh/0.lkh1.tour" ... done
* 484: Cost = 0_6502843, Time = 33.59 sec. 
Writing OUTPUT_TOUR_FILE: "baseline_results/cvrp_lkh/Vrp-Set-X-n627/Vrp-Set-X-n627-lkh/0.lkh1.tour" ... done
* 491: Cost = 0_6501468, Time = 33.87 sec. 
Writing OUTPUT_TOUR_FILE: "baseline_results/cvrp_lkh/Vrp-Set-X-n627/Vrp-Set-X-n627-lkh/0.lkh1.tour" ... done
* 499: Cost = 0_6501150, Time = 34.98 sec. 
Writing OUTPUT_TOUR_FILE: "baseline_results/cvrp_lkh/Vrp-Set-X-n627/Vrp-Set-X-n627-lkh/0.lkh1.tour" ... done
* 500: Cost = 0_6500908, Time = 35.00 sec. 
Writing OUTPUT_TOUR_FILE: "baseline_results/cvrp_lkh/Vrp-Set-X-n627/Vrp-Set-X-n627-lkh/0.lkh1.tour" ... done
* 510: Cost = 0_6495969, Time = 35.49 sec. 
Writing OUTPUT_TOUR_FILE: "baseline_results/cvrp_lkh/Vrp-Set-X-n627/Vrp-Set-X-n627-lkh/0.lkh1.tour" ... done
* 532: Cost = 0_6493623, Time = 36.36 sec. 
Writing OUTPUT_TOUR_FILE: "baseline_results/cvrp_lkh/Vrp-Set-X-n627/Vrp-Set-X-n627-lkh/0.lkh1.tour" ... done
* 539: Cost = 0_6493479, Time = 37.34 sec. 
Writing OUTPUT_TOUR_FILE: "baseline_results/cvrp_lkh/Vrp-Set-X-n627/Vrp-Set-X-n627-lkh/0.lkh1.tour" ... done
* 544: Cost = 0_6486004, Time = 37.43 sec. 
Writing OUTPUT_TOUR_FILE: "baseline_results/cvrp_lkh/Vrp-Set-X-n627/Vrp-Set-X-n627-lkh/0.lkh1.tour" ... done
* 558: Cost = 0_6483179, Time = 38.53 sec. 
Writing OUTPUT_TOUR_FILE: "baseline_results/cvrp_lkh/Vrp-Set-X-n627/Vrp-Set-X-n627-lkh/0.lkh1.tour" ... done
* 564: Cost = 0_6482636, Time = 38.99 sec. 
Writing OUTPUT_TOUR_FILE: "baseline_results/cvrp_lkh/Vrp-Set-X-n627/Vrp-Set-X-n627-lkh/0.lkh1.tour" ... done
* 569: Cost = 0_6480738, Time = 39.24 sec. 
Writing OUTPUT_TOUR_FILE: "baseline_results/cvrp_lkh/Vrp-Set-X-n627/Vrp-Set-X-n627-lkh/0.lkh1.tour" ... done
* 573: Cost = 0_6479457, Time = 39.46 sec. 
Writing OUTPUT_TOUR_FILE: "baseline_results/cvrp_lkh/Vrp-Set-X-n627/Vrp-Set-X-n627-lkh/0.lkh1.tour" ... done
* 587: Cost = 0_6478594, Time = 40.38 sec. 
Writing OUTPUT_TOUR_FILE: "baseline_results/cvrp_lkh/Vrp-Set-X-n627/Vrp-Set-X-n627-lkh/0.lkh1.tour" ... done
* 588: Cost = 0_6477208, Time = 40.39 sec. 
Writing OUTPUT_TOUR_FILE: "baseline_results/cvrp_lkh/Vrp-Set-X-n627/Vrp-Set-X-n627-lkh/0.lkh1.tour" ... done
* 589: Cost = 0_6477060, Time = 40.43 sec. 
Writing OUTPUT_TOUR_FILE: "baseline_results/cvrp_lkh/Vrp-Set-X-n627/Vrp-Set-X-n627-lkh/0.lkh1.tour" ... done
* 593: Cost = 0_6475020, Time = 40.72 sec. 
Writing OUTPUT_TOUR_FILE: "baseline_results/cvrp_lkh/Vrp-Set-X-n627/Vrp-Set-X-n627-lkh/0.lkh1.tour" ... done
* 601: Cost = 0_6474393, Time = 41.03 sec. 
Writing OUTPUT_TOUR_FILE: "baseline_results/cvrp_lkh/Vrp-Set-X-n627/Vrp-Set-X-n627-lkh/0.lkh1.tour" ... done
* 603: Cost = 0_6474009, Time = 41.19 sec. 
Writing OUTPUT_TOUR_FILE: "baseline_results/cvrp_lkh/Vrp-Set-X-n627/Vrp-Set-X-n627-lkh/0.lkh1.tour" ... done
* 613: Cost = 0_6471078, Time = 41.97 sec. 
Writing OUTPUT_TOUR_FILE: "baseline_results/cvrp_lkh/Vrp-Set-X-n627/Vrp-Set-X-n627-lkh/0.lkh1.tour" ... done
* 631: Cost = 0_6470374, Time = 42.95 sec. 
Writing OUTPUT_TOUR_FILE: "baseline_results/cvrp_lkh/Vrp-Set-X-n627/Vrp-Set-X-n627-lkh/0.lkh1.tour" ... done
* 647: Cost = 0_6470285, Time = 43.43 sec. 
Writing OUTPUT_TOUR_FILE: "baseline_results/cvrp_lkh/Vrp-Set-X-n627/Vrp-Set-X-n627-lkh/0.lkh1.tour" ... done
* 649: Cost = 0_6470032, Time = 43.63 sec. 
Writing OUTPUT_TOUR_FILE: "baseline_results/cvrp_lkh/Vrp-Set-X-n627/Vrp-Set-X-n627-lkh/0.lkh1.tour" ... done
* 691: Cost = 0_6469346, Time = 46.46 sec. 
Writing OUTPUT_TOUR_FILE: "baseline_results/cvrp_lkh/Vrp-Set-X-n627/Vrp-Set-X-n627-lkh/0.lkh1.tour" ... done
* 706: Cost = 0_6468055, Time = 47.40 sec. 
Writing OUTPUT_TOUR_FILE: "baseline_results/cvrp_lkh/Vrp-Set-X-n627/Vrp-Set-X-n627-lkh/0.lkh1.tour" ... done
* 721: Cost = 0_6467359, Time = 47.84 sec. 
Writing OUTPUT_TOUR_FILE: "baseline_results/cvrp_lkh/Vrp-Set-X-n627/Vrp-Set-X-n627-lkh/0.lkh1.tour" ... done
* 731: Cost = 0_6466060, Time = 48.29 sec. 
Writing OUTPUT_TOUR_FILE: "baseline_results/cvrp_lkh/Vrp-Set-X-n627/Vrp-Set-X-n627-lkh/0.lkh1.tour" ... done
* 736: Cost = 0_6465911, Time = 48.42 sec. 
Writing OUTPUT_TOUR_FILE: "baseline_results/cvrp_lkh/Vrp-Set-X-n627/Vrp-Set-X-n627-lkh/0.lkh1.tour" ... done
* 754: Cost = 0_6465452, Time = 49.43 sec. 
Writing OUTPUT_TOUR_FILE: "baseline_results/cvrp_lkh/Vrp-Set-X-n627/Vrp-Set-X-n627-lkh/0.lkh1.tour" ... done
* 916: Cost = 0_6461760, Time = 58.48 sec. 
Writing OUTPUT_TOUR_FILE: "baseline_results/cvrp_lkh/Vrp-Set-X-n627/Vrp-Set-X-n627-lkh/0.lkh1.tour" ... done
* 920: Cost = 0_6461745, Time = 58.84 sec. 
Writing OUTPUT_TOUR_FILE: "baseline_results/cvrp_lkh/Vrp-Set-X-n627/Vrp-Set-X-n627-lkh/0.lkh1.tour" ... done
* 933: Cost = 0_6461702, Time = 59.84 sec. 
Writing OUTPUT_TOUR_FILE: "baseline_results/cvrp_lkh/Vrp-Set-X-n627/Vrp-Set-X-n627-lkh/0.lkh1.tour" ... done
* 934: Cost = 0_6461693, Time = 59.92 sec. 
Writing OUTPUT_TOUR_FILE: "baseline_results/cvrp_lkh/Vrp-Set-X-n627/Vrp-Set-X-n627-lkh/0.lkh1.tour" ... done
* 937: Cost = 0_6451316, Time = 59.96 sec. 
Writing OUTPUT_TOUR_FILE: "baseline_results/cvrp_lkh/Vrp-Set-X-n627/Vrp-Set-X-n627-lkh/0.lkh1.tour" ... done
* 950: Cost = 0_6451279, Time = 60.73 sec. 
Writing OUTPUT_TOUR_FILE: "baseline_results/cvrp_lkh/Vrp-Set-X-n627/Vrp-Set-X-n627-lkh/0.lkh1.tour" ... done
* 954: Cost = 0_6451048, Time = 60.85 sec. 
Writing OUTPUT_TOUR_FILE: "baseline_results/cvrp_lkh/Vrp-Set-X-n627/Vrp-Set-X-n627-lkh/0.lkh1.tour" ... done
* 971: Cost = 0_6450246, Time = 61.70 sec. 
Writing OUTPUT_TOUR_FILE: "baseline_results/cvrp_lkh/Vrp-Set-X-n627/Vrp-Set-X-n627-lkh/0.lkh1.tour" ... done
* 988: Cost = 0_6446856, Time = 62.48 sec. 
Writing OUTPUT_TOUR_FILE: "baseline_results/cvrp_lkh/Vrp-Set-X-n627/Vrp-Set-X-n627-lkh/0.lkh1.tour" ... done
* 999: Cost = 0_6446523, Time = 63.37 sec. 
Writing OUTPUT_TOUR_FILE: "baseline_results/cvrp_lkh/Vrp-Set-X-n627/Vrp-Set-X-n627-lkh/0.lkh1.tour" ... done
* 1007: Cost = 0_6445616, Time = 63.86 sec. 
Writing OUTPUT_TOUR_FILE: "baseline_results/cvrp_lkh/Vrp-Set-X-n627/Vrp-Set-X-n627-lkh/0.lkh1.tour" ... done
* 1010: Cost = 0_6444326, Time = 63.96 sec. 
Writing OUTPUT_TOUR_FILE: "baseline_results/cvrp_lkh/Vrp-Set-X-n627/Vrp-Set-X-n627-lkh/0.lkh1.tour" ... done
* 1020: Cost = 0_6444278, Time = 64.44 sec. 
Writing OUTPUT_TOUR_FILE: "baseline_results/cvrp_lkh/Vrp-Set-X-n627/Vrp-Set-X-n627-lkh/0.lkh1.tour" ... done
* 1024: Cost = 0_6444262, Time = 64.74 sec. 
Writing OUTPUT_TOUR_FILE: "baseline_results/cvrp_lkh/Vrp-Set-X-n627/Vrp-Set-X-n627-lkh/0.lkh1.tour" ... done
* 1026: Cost = 0_6443090, Time = 64.80 sec. 
Writing OUTPUT_TOUR_FILE: "baseline_results/cvrp_lkh/Vrp-Set-X-n627/Vrp-Set-X-n627-lkh/0.lkh1.tour" ... done
* 1045: Cost = 0_6441143, Time = 65.75 sec. 
Writing OUTPUT_TOUR_FILE: "baseline_results/cvrp_lkh/Vrp-Set-X-n627/Vrp-Set-X-n627-lkh/0.lkh1.tour" ... done
* 1053: Cost = 0_6440043, Time = 66.16 sec. 
Writing OUTPUT_TOUR_FILE: "baseline_results/cvrp_lkh/Vrp-Set-X-n627/Vrp-Set-X-n627-lkh/0.lkh1.tour" ... done
* 1066: Cost = 0_6439848, Time = 66.60 sec. 
Writing OUTPUT_TOUR_FILE: "baseline_results/cvrp_lkh/Vrp-Set-X-n627/Vrp-Set-X-n627-lkh/0.lkh1.tour" ... done
* 1067: Cost = 0_6439626, Time = 66.61 sec. 
Writing OUTPUT_TOUR_FILE: "baseline_results/cvrp_lkh/Vrp-Set-X-n627/Vrp-Set-X-n627-lkh/0.lkh1.tour" ... done
* 1074: Cost = 0_6439535, Time = 67.12 sec. 
Writing OUTPUT_TOUR_FILE: "baseline_results/cvrp_lkh/Vrp-Set-X-n627/Vrp-Set-X-n627-lkh/0.lkh1.tour" ... done
* 1084: Cost = 0_6438536, Time = 67.37 sec. 
Writing OUTPUT_TOUR_FILE: "baseline_results/cvrp_lkh/Vrp-Set-X-n627/Vrp-Set-X-n627-lkh/0.lkh1.tour" ... done
* 1106: Cost = 0_6438039, Time = 68.45 sec. 
Writing OUTPUT_TOUR_FILE: "baseline_results/cvrp_lkh/Vrp-Set-X-n627/Vrp-Set-X-n627-lkh/0.lkh1.tour" ... done
* 1130: Cost = 0_6437759, Time = 70.02 sec. 
Writing OUTPUT_TOUR_FILE: "baseline_results/cvrp_lkh/Vrp-Set-X-n627/Vrp-Set-X-n627-lkh/0.lkh1.tour" ... done
* 1177: Cost = 0_6437485, Time = 73.34 sec. 
Writing OUTPUT_TOUR_FILE: "baseline_results/cvrp_lkh/Vrp-Set-X-n627/Vrp-Set-X-n627-lkh/0.lkh1.tour" ... done
* 1204: Cost = 0_6436495, Time = 75.08 sec. 
Writing OUTPUT_TOUR_FILE: "baseline_results/cvrp_lkh/Vrp-Set-X-n627/Vrp-Set-X-n627-lkh/0.lkh1.tour" ... done
* 1229: Cost = 0_6436469, Time = 76.82 sec. 
Writing OUTPUT_TOUR_FILE: "baseline_results/cvrp_lkh/Vrp-Set-X-n627/Vrp-Set-X-n627-lkh/0.lkh1.tour" ... done
* 1230: Cost = 0_6436445, Time = 76.83 sec. 
Writing OUTPUT_TOUR_FILE: "baseline_results/cvrp_lkh/Vrp-Set-X-n627/Vrp-Set-X-n627-lkh/0.lkh1.tour" ... done
* 1259: Cost = 0_6433152, Time = 78.60 sec. 
Writing OUTPUT_TOUR_FILE: "baseline_results/cvrp_lkh/Vrp-Set-X-n627/Vrp-Set-X-n627-lkh/0.lkh1.tour" ... done
* 1282: Cost = 0_6432233, Time = 79.55 sec. 
Writing OUTPUT_TOUR_FILE: "baseline_results/cvrp_lkh/Vrp-Set-X-n627/Vrp-Set-X-n627-lkh/0.lkh1.tour" ... done
* 1289: Cost = 0_6432155, Time = 79.80 sec. 
Writing OUTPUT_TOUR_FILE: "baseline_results/cvrp_lkh/Vrp-Set-X-n627/Vrp-Set-X-n627-lkh/0.lkh1.tour" ... done
* 1315: Cost = 0_6431568, Time = 80.97 sec. 
Writing OUTPUT_TOUR_FILE: "baseline_results/cvrp_lkh/Vrp-Set-X-n627/Vrp-Set-X-n627-lkh/0.lkh1.tour" ... done
* 1344: Cost = 0_6431525, Time = 82.53 sec. 
Writing OUTPUT_TOUR_FILE: "baseline_results/cvrp_lkh/Vrp-Set-X-n627/Vrp-Set-X-n627-lkh/0.lkh1.tour" ... done
* 1346: Cost = 0_6431206, Time = 82.57 sec. 
Writing OUTPUT_TOUR_FILE: "baseline_results/cvrp_lkh/Vrp-Set-X-n627/Vrp-Set-X-n627-lkh/0.lkh1.tour" ... done
* 1354: Cost = 0_6431129, Time = 82.66 sec. 
Writing OUTPUT_TOUR_FILE: "baseline_results/cvrp_lkh/Vrp-Set-X-n627/Vrp-Set-X-n627-lkh/0.lkh1.tour" ... done
* 1359: Cost = 0_6430843, Time = 82.91 sec. 
Writing OUTPUT_TOUR_FILE: "baseline_results/cvrp_lkh/Vrp-Set-X-n627/Vrp-Set-X-n627-lkh/0.lkh1.tour" ... done
* 1373: Cost = 0_6430794, Time = 83.46 sec. 
Writing OUTPUT_TOUR_FILE: "baseline_results/cvrp_lkh/Vrp-Set-X-n627/Vrp-Set-X-n627-lkh/0.lkh1.tour" ... done
* 1381: Cost = 0_6429962, Time = 83.81 sec. 
Writing OUTPUT_TOUR_FILE: "baseline_results/cvrp_lkh/Vrp-Set-X-n627/Vrp-Set-X-n627-lkh/0.lkh1.tour" ... done
* 1428: Cost = 0_6429942, Time = 86.94 sec. 
Writing OUTPUT_TOUR_FILE: "baseline_results/cvrp_lkh/Vrp-Set-X-n627/Vrp-Set-X-n627-lkh/0.lkh1.tour" ... done
* 1435: Cost = 0_6429625, Time = 87.38 sec. 
Writing OUTPUT_TOUR_FILE: "baseline_results/cvrp_lkh/Vrp-Set-X-n627/Vrp-Set-X-n627-lkh/0.lkh1.tour" ... done
* 1492: Cost = 0_6429178, Time = 90.49 sec. 
Writing OUTPUT_TOUR_FILE: "baseline_results/cvrp_lkh/Vrp-Set-X-n627/Vrp-Set-X-n627-lkh/0.lkh1.tour" ... done
* 1541: Cost = 0_6413108, Time = 93.38 sec. 
Writing OUTPUT_TOUR_FILE: "baseline_results/cvrp_lkh/Vrp-Set-X-n627/Vrp-Set-X-n627-lkh/0.lkh1.tour" ... done
* 1577: Cost = 0_6409453, Time = 96.32 sec. 
Writing OUTPUT_TOUR_FILE: "baseline_results/cvrp_lkh/Vrp-Set-X-n627/Vrp-Set-X-n627-lkh/0.lkh1.tour" ... done
* 1587: Cost = 0_6409029, Time = 97.38 sec. 
Writing OUTPUT_TOUR_FILE: "baseline_results/cvrp_lkh/Vrp-Set-X-n627/Vrp-Set-X-n627-lkh/0.lkh1.tour" ... done
* 1616: Cost = 0_6399823, Time = 99.82 sec. 
Writing OUTPUT_TOUR_FILE: "baseline_results/cvrp_lkh/Vrp-Set-X-n627/Vrp-Set-X-n627-lkh/0.lkh1.tour" ... done
* 1626: Cost = 0_6399051, Time = 100.27 sec. 
Writing OUTPUT_TOUR_FILE: "baseline_results/cvrp_lkh/Vrp-Set-X-n627/Vrp-Set-X-n627-lkh/0.lkh1.tour" ... done
* 1631: Cost = 0_6398367, Time = 100.31 sec. 
Writing OUTPUT_TOUR_FILE: "baseline_results/cvrp_lkh/Vrp-Set-X-n627/Vrp-Set-X-n627-lkh/0.lkh1.tour" ... done
* 1646: Cost = 0_6397910, Time = 101.56 sec. 
Writing OUTPUT_TOUR_FILE: "baseline_results/cvrp_lkh/Vrp-Set-X-n627/Vrp-Set-X-n627-lkh/0.lkh1.tour" ... done
* 1647: Cost = 0_6397714, Time = 101.81 sec. 
Writing OUTPUT_TOUR_FILE: "baseline_results/cvrp_lkh/Vrp-Set-X-n627/Vrp-Set-X-n627-lkh/0.lkh1.tour" ... done
* 1675: Cost = 0_6397451, Time = 103.90 sec. 
Writing OUTPUT_TOUR_FILE: "baseline_results/cvrp_lkh/Vrp-Set-X-n627/Vrp-Set-X-n627-lkh/0.lkh1.tour" ... done
* 1678: Cost = 0_6396638, Time = 104.02 sec. 
Writing OUTPUT_TOUR_FILE: "baseline_results/cvrp_lkh/Vrp-Set-X-n627/Vrp-Set-X-n627-lkh/0.lkh1.tour" ... done
* 1687: Cost = 0_6396617, Time = 104.56 sec. 
Writing OUTPUT_TOUR_FILE: "baseline_results/cvrp_lkh/Vrp-Set-X-n627/Vrp-Set-X-n627-lkh/0.lkh1.tour" ... done
* 1750: Cost = 0_6393413, Time = 108.92 sec. 
Writing OUTPUT_TOUR_FILE: "baseline_results/cvrp_lkh/Vrp-Set-X-n627/Vrp-Set-X-n627-lkh/0.lkh1.tour" ... done
* 1756: Cost = 0_6392307, Time = 109.14 sec. 
Writing OUTPUT_TOUR_FILE: "baseline_results/cvrp_lkh/Vrp-Set-X-n627/Vrp-Set-X-n627-lkh/0.lkh1.tour" ... done
* 1785: Cost = 0_6392113, Time = 111.26 sec. 
Writing OUTPUT_TOUR_FILE: "baseline_results/cvrp_lkh/Vrp-Set-X-n627/Vrp-Set-X-n627-lkh/0.lkh1.tour" ... done
* 1814: Cost = 0_6391874, Time = 114.68 sec. 
Writing OUTPUT_TOUR_FILE: "baseline_results/cvrp_lkh/Vrp-Set-X-n627/Vrp-Set-X-n627-lkh/0.lkh1.tour" ... done
* 1817: Cost = 0_6391648, Time = 114.73 sec. 
Writing OUTPUT_TOUR_FILE: "baseline_results/cvrp_lkh/Vrp-Set-X-n627/Vrp-Set-X-n627-lkh/0.lkh1.tour" ... done
* 1882: Cost = 0_6391361, Time = 119.73 sec. 
Writing OUTPUT_TOUR_FILE: "baseline_results/cvrp_lkh/Vrp-Set-X-n627/Vrp-Set-X-n627-lkh/0.lkh1.tour" ... done
* 1905: Cost = 0_6390829, Time = 121.36 sec. 
Writing OUTPUT_TOUR_FILE: "baseline_results/cvrp_lkh/Vrp-Set-X-n627/Vrp-Set-X-n627-lkh/0.lkh1.tour" ... done
* 1936: Cost = 0_6390204, Time = 123.13 sec. 
Writing OUTPUT_TOUR_FILE: "baseline_results/cvrp_lkh/Vrp-Set-X-n627/Vrp-Set-X-n627-lkh/0.lkh1.tour" ... done
* 1953: Cost = 0_6389827, Time = 123.96 sec. 
Writing OUTPUT_TOUR_FILE: "baseline_results/cvrp_lkh/Vrp-Set-X-n627/Vrp-Set-X-n627-lkh/0.lkh1.tour" ... done
* 1985: Cost = 0_6389539, Time = 125.72 sec. 
Writing OUTPUT_TOUR_FILE: "baseline_results/cvrp_lkh/Vrp-Set-X-n627/Vrp-Set-X-n627-lkh/0.lkh1.tour" ... done
* 2043: Cost = 0_6382926, Time = 130.30 sec. 
Writing OUTPUT_TOUR_FILE: "baseline_results/cvrp_lkh/Vrp-Set-X-n627/Vrp-Set-X-n627-lkh/0.lkh1.tour" ... done
* 2125: Cost = 0_6382442, Time = 135.64 sec. 
Writing OUTPUT_TOUR_FILE: "baseline_results/cvrp_lkh/Vrp-Set-X-n627/Vrp-Set-X-n627-lkh/0.lkh1.tour" ... done
* 2171: Cost = 0_6382074, Time = 137.20 sec. 
Writing OUTPUT_TOUR_FILE: "baseline_results/cvrp_lkh/Vrp-Set-X-n627/Vrp-Set-X-n627-lkh/0.lkh1.tour" ... done
* 2245: Cost = 0_6381098, Time = 142.24 sec. 
Writing OUTPUT_TOUR_FILE: "baseline_results/cvrp_lkh/Vrp-Set-X-n627/Vrp-Set-X-n627-lkh/0.lkh1.tour" ... done
* 2246: Cost = 0_6379596, Time = 142.33 sec. 
Writing OUTPUT_TOUR_FILE: "baseline_results/cvrp_lkh/Vrp-Set-X-n627/Vrp-Set-X-n627-lkh/0.lkh1.tour" ... done
* 2247: Cost = 0_6378004, Time = 142.37 sec. 
Writing OUTPUT_TOUR_FILE: "baseline_results/cvrp_lkh/Vrp-Set-X-n627/Vrp-Set-X-n627-lkh/0.lkh1.tour" ... done
* 2271: Cost = 0_6377035, Time = 143.32 sec. 
Writing OUTPUT_TOUR_FILE: "baseline_results/cvrp_lkh/Vrp-Set-X-n627/Vrp-Set-X-n627-lkh/0.lkh1.tour" ... done
* 2346: Cost = 0_6375727, Time = 146.64 sec. 
Writing OUTPUT_TOUR_FILE: "baseline_results/cvrp_lkh/Vrp-Set-X-n627/Vrp-Set-X-n627-lkh/0.lkh1.tour" ... done
* 2348: Cost = 0_6375282, Time = 146.67 sec. 
Writing OUTPUT_TOUR_FILE: "baseline_results/cvrp_lkh/Vrp-Set-X-n627/Vrp-Set-X-n627-lkh/0.lkh1.tour" ... done
* 2369: Cost = 0_6375100, Time = 148.23 sec. 
Writing OUTPUT_TOUR_FILE: "baseline_results/cvrp_lkh/Vrp-Set-X-n627/Vrp-Set-X-n627-lkh/0.lkh1.tour" ... done
* 2434: Cost = 0_6375026, Time = 152.98 sec. 
Writing OUTPUT_TOUR_FILE: "baseline_results/cvrp_lkh/Vrp-Set-X-n627/Vrp-Set-X-n627-lkh/0.lkh1.tour" ... done
* 2491: Cost = 0_6373273, Time = 157.77 sec. 
Writing OUTPUT_TOUR_FILE: "baseline_results/cvrp_lkh/Vrp-Set-X-n627/Vrp-Set-X-n627-lkh/0.lkh1.tour" ... done
* 2535: Cost = 0_6373082, Time = 161.83 sec. 
Writing OUTPUT_TOUR_FILE: "baseline_results/cvrp_lkh/Vrp-Set-X-n627/Vrp-Set-X-n627-lkh/0.lkh1.tour" ... done
* 2544: Cost = 0_6372658, Time = 162.38 sec. 
Writing OUTPUT_TOUR_FILE: "baseline_results/cvrp_lkh/Vrp-Set-X-n627/Vrp-Set-X-n627-lkh/0.lkh1.tour" ... done
* 2574: Cost = 0_6372432, Time = 164.26 sec. 
Writing OUTPUT_TOUR_FILE: "baseline_results/cvrp_lkh/Vrp-Set-X-n627/Vrp-Set-X-n627-lkh/0.lkh1.tour" ... done
* 2608: Cost = 0_6370771, Time = 165.51 sec. 
Writing OUTPUT_TOUR_FILE: "baseline_results/cvrp_lkh/Vrp-Set-X-n627/Vrp-Set-X-n627-lkh/0.lkh1.tour" ... done
* 2669: Cost = 0_6369789, Time = 167.96 sec. 
Writing OUTPUT_TOUR_FILE: "baseline_results/cvrp_lkh/Vrp-Set-X-n627/Vrp-Set-X-n627-lkh/0.lkh1.tour" ... done
* 2729: Cost = 0_6369433, Time = 170.41 sec. 
Writing OUTPUT_TOUR_FILE: "baseline_results/cvrp_lkh/Vrp-Set-X-n627/Vrp-Set-X-n627-lkh/0.lkh1.tour" ... done
* 2738: Cost = 0_6369164, Time = 171.57 sec. 
Writing OUTPUT_TOUR_FILE: "baseline_results/cvrp_lkh/Vrp-Set-X-n627/Vrp-Set-X-n627-lkh/0.lkh1.tour" ... done
* 2820: Cost = 0_6368336, Time = 176.33 sec. 
Writing OUTPUT_TOUR_FILE: "baseline_results/cvrp_lkh/Vrp-Set-X-n627/Vrp-Set-X-n627-lkh/0.lkh1.tour" ... done
* 2898: Cost = 0_6368089, Time = 183.07 sec. 
Writing OUTPUT_TOUR_FILE: "baseline_results/cvrp_lkh/Vrp-Set-X-n627/Vrp-Set-X-n627-lkh/0.lkh1.tour" ... done
* 2988: Cost = 0_6367809, Time = 189.80 sec. 
Writing OUTPUT_TOUR_FILE: "baseline_results/cvrp_lkh/Vrp-Set-X-n627/Vrp-Set-X-n627-lkh/0.lkh1.tour" ... done
* 3020: Cost = 0_6367315, Time = 192.46 sec. 
Writing OUTPUT_TOUR_FILE: "baseline_results/cvrp_lkh/Vrp-Set-X-n627/Vrp-Set-X-n627-lkh/0.lkh1.tour" ... done
* 3126: Cost = 0_6366743, Time = 200.07 sec. 
Writing OUTPUT_TOUR_FILE: "baseline_results/cvrp_lkh/Vrp-Set-X-n627/Vrp-Set-X-n627-lkh/0.lkh1.tour" ... done
* 3243: Cost = 0_6366677, Time = 207.50 sec. 
Writing OUTPUT_TOUR_FILE: "baseline_results/cvrp_lkh/Vrp-Set-X-n627/Vrp-Set-X-n627-lkh/0.lkh1.tour" ... done
* 3416: Cost = 0_6361935, Time = 217.05 sec. 
Writing OUTPUT_TOUR_FILE: "baseline_results/cvrp_lkh/Vrp-Set-X-n627/Vrp-Set-X-n627-lkh/0.lkh1.tour" ... done
* 3935: Cost = 0_6361924, Time = 250.03 sec. 
Writing OUTPUT_TOUR_FILE: "baseline_results/cvrp_lkh/Vrp-Set-X-n627/Vrp-Set-X-n627-lkh/0.lkh1.tour" ... done
* 3962: Cost = 0_6361802, Time = 251.14 sec. 
Writing OUTPUT_TOUR_FILE: "baseline_results/cvrp_lkh/Vrp-Set-X-n627/Vrp-Set-X-n627-lkh/0.lkh1.tour" ... done
* 4209: Cost = 0_6360825, Time = 268.19 sec. 
Writing OUTPUT_TOUR_FILE: "baseline_results/cvrp_lkh/Vrp-Set-X-n627/Vrp-Set-X-n627-lkh/0.lkh1.tour" ... done
* 4215: Cost = 0_6360616, Time = 268.30 sec. 
Writing OUTPUT_TOUR_FILE: "baseline_results/cvrp_lkh/Vrp-Set-X-n627/Vrp-Set-X-n627-lkh/0.lkh1.tour" ... done
* 4317: Cost = 0_6360442, Time = 275.39 sec. 
Writing OUTPUT_TOUR_FILE: "baseline_results/cvrp_lkh/Vrp-Set-X-n627/Vrp-Set-X-n627-lkh/0.lkh1.tour" ... done
* 4348: Cost = 0_6360220, Time = 277.81 sec. 
Writing OUTPUT_TOUR_FILE: "baseline_results/cvrp_lkh/Vrp-Set-X-n627/Vrp-Set-X-n627-lkh/0.lkh1.tour" ... done
* 4360: Cost = 0_6359056, Time = 278.06 sec. 
Writing OUTPUT_TOUR_FILE: "baseline_results/cvrp_lkh/Vrp-Set-X-n627/Vrp-Set-X-n627-lkh/0.lkh1.tour" ... done
* 4745: Cost = 0_6358427, Time = 299.04 sec. 
Writing OUTPUT_TOUR_FILE: "baseline_results/cvrp_lkh/Vrp-Set-X-n627/Vrp-Set-X-n627-lkh/0.lkh1.tour" ... done
* 4776: Cost = 0_6357971, Time = 301.53 sec. 
Writing OUTPUT_TOUR_FILE: "baseline_results/cvrp_lkh/Vrp-Set-X-n627/Vrp-Set-X-n627-lkh/0.lkh1.tour" ... done
* 4887: Cost = 0_6357933, Time = 308.54 sec. 
Writing OUTPUT_TOUR_FILE: "baseline_results/cvrp_lkh/Vrp-Set-X-n627/Vrp-Set-X-n627-lkh/0.lkh1.tour" ... done
* 4896: Cost = 0_6357704, Time = 309.01 sec. 
Writing OUTPUT_TOUR_FILE: "baseline_results/cvrp_lkh/Vrp-Set-X-n627/Vrp-Set-X-n627-lkh/0.lkh1.tour" ... done
* 4904: Cost = 0_6357461, Time = 309.45 sec. 
Writing OUTPUT_TOUR_FILE: "baseline_results/cvrp_lkh/Vrp-Set-X-n627/Vrp-Set-X-n627-lkh/0.lkh1.tour" ... done
* 4995: Cost = 0_6356447, Time = 314.56 sec. 
Writing OUTPUT_TOUR_FILE: "baseline_results/cvrp_lkh/Vrp-Set-X-n627/Vrp-Set-X-n627-lkh/0.lkh1.tour" ... done
* 5026: Cost = 0_6356238, Time = 315.84 sec. 
Writing OUTPUT_TOUR_FILE: "baseline_results/cvrp_lkh/Vrp-Set-X-n627/Vrp-Set-X-n627-lkh/0.lkh1.tour" ... done
* 5297: Cost = 0_6353914, Time = 331.69 sec. 
Writing OUTPUT_TOUR_FILE: "baseline_results/cvrp_lkh/Vrp-Set-X-n627/Vrp-Set-X-n627-lkh/0.lkh1.tour" ... done
* 5427: Cost = 0_6353061, Time = 338.43 sec. 
Writing OUTPUT_TOUR_FILE: "baseline_results/cvrp_lkh/Vrp-Set-X-n627/Vrp-Set-X-n627-lkh/0.lkh1.tour" ... done
* 5588: Cost = 0_6350890, Time = 346.42 sec. 
Writing OUTPUT_TOUR_FILE: "baseline_results/cvrp_lkh/Vrp-Set-X-n627/Vrp-Set-X-n627-lkh/0.lkh1.tour" ... done
* 5603: Cost = 0_6350628, Time = 347.82 sec. 
Writing OUTPUT_TOUR_FILE: "baseline_results/cvrp_lkh/Vrp-Set-X-n627/Vrp-Set-X-n627-lkh/0.lkh1.tour" ... done
* 5620: Cost = 0_6348404, Time = 349.14 sec. 
Writing OUTPUT_TOUR_FILE: "baseline_results/cvrp_lkh/Vrp-Set-X-n627/Vrp-Set-X-n627-lkh/0.lkh1.tour" ... done
* 5622: Cost = 0_6348057, Time = 349.18 sec. 
Writing OUTPUT_TOUR_FILE: "baseline_results/cvrp_lkh/Vrp-Set-X-n627/Vrp-Set-X-n627-lkh/0.lkh1.tour" ... done
* 5623: Cost = 0_6347836, Time = 349.25 sec. 
Writing OUTPUT_TOUR_FILE: "baseline_results/cvrp_lkh/Vrp-Set-X-n627/Vrp-Set-X-n627-lkh/0.lkh1.tour" ... done
* 5730: Cost = 0_6347714, Time = 356.54 sec. 
Writing OUTPUT_TOUR_FILE: "baseline_results/cvrp_lkh/Vrp-Set-X-n627/Vrp-Set-X-n627-lkh/0.lkh1.tour" ... done
* 5804: Cost = 0_6347522, Time = 361.78 sec. 
Writing OUTPUT_TOUR_FILE: "baseline_results/cvrp_lkh/Vrp-Set-X-n627/Vrp-Set-X-n627-lkh/0.lkh1.tour" ... done
* 6375: Cost = 0_6347334, Time = 397.44 sec. 
Writing OUTPUT_TOUR_FILE: "baseline_results/cvrp_lkh/Vrp-Set-X-n627/Vrp-Set-X-n627-lkh/0.lkh1.tour" ... done
* 6384: Cost = 0_6347026, Time = 398.45 sec. 
Writing OUTPUT_TOUR_FILE: "baseline_results/cvrp_lkh/Vrp-Set-X-n627/Vrp-Set-X-n627-lkh/0.lkh1.tour" ... done
* 6418: Cost = 0_6345858, Time = 400.47 sec. 
Writing OUTPUT_TOUR_FILE: "baseline_results/cvrp_lkh/Vrp-Set-X-n627/Vrp-Set-X-n627-lkh/0.lkh1.tour" ... done
* 6677: Cost = 0_6345011, Time = 417.32 sec. 
Writing OUTPUT_TOUR_FILE: "baseline_results/cvrp_lkh/Vrp-Set-X-n627/Vrp-Set-X-n627-lkh/0.lkh1.tour" ... done
* 6963: Cost = 0_6344792, Time = 432.35 sec. 
Writing OUTPUT_TOUR_FILE: "baseline_results/cvrp_lkh/Vrp-Set-X-n627/Vrp-Set-X-n627-lkh/0.lkh1.tour" ... done
* 7264: Cost = 0_6343117, Time = 449.34 sec. 
Writing OUTPUT_TOUR_FILE: "baseline_results/cvrp_lkh/Vrp-Set-X-n627/Vrp-Set-X-n627-lkh/0.lkh1.tour" ... done
* 7361: Cost = 0_6342767, Time = 454.41 sec. 
Writing OUTPUT_TOUR_FILE: "baseline_results/cvrp_lkh/Vrp-Set-X-n627/Vrp-Set-X-n627-lkh/0.lkh1.tour" ... done
* 7364: Cost = 0_6342481, Time = 454.46 sec. 
Writing OUTPUT_TOUR_FILE: "baseline_results/cvrp_lkh/Vrp-Set-X-n627/Vrp-Set-X-n627-lkh/0.lkh1.tour" ... done
* 7527: Cost = 0_6341903, Time = 464.25 sec. 
Writing OUTPUT_TOUR_FILE: "baseline_results/cvrp_lkh/Vrp-Set-X-n627/Vrp-Set-X-n627-lkh/0.lkh1.tour" ... done
* 7711: Cost = 0_6341693, Time = 475.64 sec. 
Writing OUTPUT_TOUR_FILE: "baseline_results/cvrp_lkh/Vrp-Set-X-n627/Vrp-Set-X-n627-lkh/0.lkh1.tour" ... done
* 7831: Cost = 0_6339894, Time = 483.86 sec. 
Writing OUTPUT_TOUR_FILE: "baseline_results/cvrp_lkh/Vrp-Set-X-n627/Vrp-Set-X-n627-lkh/0.lkh1.tour" ... done
* 8171: Cost = 0_6339503, Time = 502.95 sec. 
Writing OUTPUT_TOUR_FILE: "baseline_results/cvrp_lkh/Vrp-Set-X-n627/Vrp-Set-X-n627-lkh/0.lkh1.tour" ... done
* 8363: Cost = 0_6339041, Time = 516.94 sec. 
Writing OUTPUT_TOUR_FILE: "baseline_results/cvrp_lkh/Vrp-Set-X-n627/Vrp-Set-X-n627-lkh/0.lkh1.tour" ... done
* 9393: Cost = 0_6339026, Time = 575.38 sec. 
Writing OUTPUT_TOUR_FILE: "baseline_results/cvrp_lkh/Vrp-Set-X-n627/Vrp-Set-X-n627-lkh/0.lkh1.tour" ... done
Population:
  1: 0_6339026
Run 1: Cost = 0_6339026, Time = 618.65 sec. 

Successes/Runs = 0/1 
Cost.min = 6339026, Cost.avg = 6339026.00, Cost.max = 6339026
Gap.min = 0.0000%, Gap.avg = 0.0000%, Gap.max = 0.0000%
Penalty.min = 0, Penalty.avg = 0.00, Penalty.max = 0
Trials.min = 10000, Trials.avg = 10000.0, Trials.max = 10000
Time.min = 618.65 sec., Time.avg = 618.65 sec., Time.max = 618.65 sec.
Time.total = 619.06 sec.
  Size.min = 13, Size.max = 16, Penalty = 0
  Cost.min = 43403, Cost.max = 312997, Cost.sum = 6339026
Best CVRP solution:
  Cost = 0_6339026

