=========== Algorithm Parameters =================
---- nbGranular        is set to 20
---- mu                is set to 25
---- lambda            is set to 40
---- nbElite           is set to 4
---- nbClose           is set to 5
---- targetFeasible    is set to 0.2
---- seed              is set to 1234
---- nbIter            is set to 20000
---- timeLimit         is set to 0
---- useSwapStar       is set to 1
==================================================
----- READING INSTANCE: baseline_results/cvrp_hgs/Vrp-Set-X-n586/Vrp-Set-X-n586-hgs/0.hgs1.vrp
----- FLEET SIZE WAS NOT SPECIFIED: DEFAULT INITIALIZATION TO 209 VEHICLES
----- INSTANCE SUCCESSFULLY LOADED WITH 585 CLIENTS AND 209 VEHICLES
----- BUILDING INITIAL POPULATION
----- STARTING GENETIC ALGORITHM
It      0      2 | T(s) 1.37 | Feas 36 194925.04 195509.44 | Inf 47 194742.43 195558.92 | Div 0.71 0.70 | Feas 0.54 1.00 | Pen 114.46 0.85
It    500     61 | T(s) 6.25 | Feas 39 192737.67 193355.32 | Inf 48 192975.44 193418.20 | Div 0.63 0.62 | Feas 0.25 1.00 | Pen 164.82 0.38
It   1000    161 | T(s) 11.27 | Feas 44 192443.72 192957.86 | Inf 48 192802.14 193167.87 | Div 0.59 0.58 | Feas 0.13 1.00 | Pen 197.78 0.17
It   1500     49 | T(s) 16.97 | Feas 54 192336.15 192685.20 | Inf 29 192602.94 192911.11 | Div 0.50 0.61 | Feas 0.17 1.00 | Pen 171.48 0.10
It   2000    549 | T(s) 24.03 | Feas 59 192336.15 192619.57 | Inf 59 192455.65 192766.50 | Div 0.54 0.56 | Feas 0.16 1.00 | Pen 178.41 0.10
It   2500    252 | T(s) 30.65 | Feas 51 192152.53 192484.55 | Inf 55 192215.70 192689.18 | Div 0.56 0.57 | Feas 0.20 1.00 | Pen 214.09 0.10
It   3000    752 | T(s) 36.59 | Feas 56 192152.53 192451.11 | Inf 47 192107.85 192486.52 | Div 0.54 0.56 | Feas 0.18 1.00 | Pen 214.09 0.10
It   3500    141 | T(s) 41.59 | Feas 36 191770.94 192549.31 | Inf 63 191963.98 192237.51 | Div 0.60 0.46 | Feas 0.27 1.00 | Pen 181.97 0.10
It   4000    641 | T(s) 46.85 | Feas 62 191770.94 192221.65 | Inf 59 192000.38 192248.85 | Div 0.51 0.47 | Feas 0.17 1.00 | Pen 218.37 0.10
It   4500   1141 | T(s) 51.75 | Feas 30 191770.94 192235.90 | Inf 41 192004.75 192300.60 | Div 0.56 0.51 | Feas 0.18 1.00 | Pen 222.74 0.10
It   5000   1641 | T(s) 56.81 | Feas 50 191770.94 192015.77 | Inf 64 191945.95 192155.54 | Div 0.44 0.48 | Feas 0.18 1.00 | Pen 189.33 0.10
It   5500     14 | T(s) 61.89 | Feas 58 191768.66 191924.91 | Inf 61 191869.05 192146.04 | Div 0.39 0.49 | Feas 0.19 1.00 | Pen 189.33 0.10
It   6000    514 | T(s) 66.95 | Feas 38 191768.66 191928.92 | Inf 44 191742.93 192073.47 | Div 0.44 0.51 | Feas 0.22 1.00 | Pen 164.14 0.10
It   6500    438 | T(s) 71.97 | Feas 49 191611.59 191913.43 | Inf 38 191779.70 192077.06 | Div 0.43 0.50 | Feas 0.28 1.00 | Pen 200.91 0.10
It   7000    938 | T(s) 77.04 | Feas 43 191611.59 192030.90 | Inf 55 191783.72 192118.97 | Div 0.50 0.49 | Feas 0.14 1.00 | Pen 204.93 0.10
It   7500   1438 | T(s) 82.09 | Feas 26 191611.59 192152.74 | Inf 47 191783.72 192105.31 | Div 0.58 0.49 | Feas 0.20 1.00 | Pen 204.93 0.10
It   8000    477 | T(s) 86.95 | Feas 28 191501.22 191971.36 | Inf 39 191824.70 192215.22 | Div 0.50 0.53 | Feas 0.15 1.00 | Pen 245.92 0.10
It   8500    977 | T(s) 91.83 | Feas 54 191501.22 191857.80 | Inf 44 191792.00 192142.22 | Div 0.43 0.51 | Feas 0.23 1.00 | Pen 213.21 0.10
It   9000   1477 | T(s) 96.83 | Feas 26 191501.22 192085.83 | Inf 33 191768.95 192250.39 | Div 0.54 0.55 | Feas 0.18 1.00 | Pen 221.82 0.10
It   9500   1977 | T(s) 101.77 | Feas 40 191501.22 191847.30 | Inf 50 191666.31 192045.48 | Div 0.49 0.51 | Feas 0.24 1.00 | Pen 221.82 0.10
It  10000   2477 | T(s) 106.80 | Feas 57 191501.22 191815.41 | Inf 44 191670.75 192272.48 | Div 0.47 0.55 | Feas 0.13 1.00 | Pen 226.26 0.10
It  10500     31 | T(s) 111.78 | Feas 47 191464.84 191758.57 | Inf 54 191636.81 191986.12 | Div 0.45 0.50 | Feas 0.20 1.00 | Pen 192.32 0.10
It  11000    531 | T(s) 116.80 | Feas 28 191464.84 191932.14 | Inf 47 191640.65 191995.40 | Div 0.53 0.51 | Feas 0.11 1.00 | Pen 196.17 0.10
It  11500   1031 | T(s) 121.92 | Feas 49 191464.84 191831.90 | Inf 48 191640.14 191975.06 | Div 0.49 0.49 | Feas 0.19 1.00 | Pen 235.40 0.10
It  12000   1531 | T(s) 126.98 | Feas 27 191464.84 191863.31 | Inf 28 191608.83 192080.34 | Div 0.52 0.54 | Feas 0.20 1.00 | Pen 204.09 0.10
It  12500    277 | T(s) 131.99 | Feas 47 191449.06 191765.71 | Inf 57 191432.05 191840.78 | Div 0.46 0.47 | Feas 0.17 1.00 | Pen 173.48 0.10
It  13000    777 | T(s) 137.08 | Feas 27 191449.06 191874.36 | Inf 55 191470.91 191846.20 | Div 0.53 0.46 | Feas 0.28 1.00 | Pen 212.34 0.10
It  13500   1277 | T(s) 142.05 | Feas 51 191449.06 191650.10 | Inf 45 191475.16 191874.56 | Div 0.44 0.47 | Feas 0.19 1.00 | Pen 216.59 0.10
It  14000    102 | T(s) 146.81 | Feas 60 191437.29 191685.49 | Inf 60 191442.67 191846.55 | Div 0.44 0.46 | Feas 0.21 1.00 | Pen 184.10 0.10
It  14500    602 | T(s) 151.69 | Feas 31 191437.29 191820.40 | Inf 51 191415.06 191778.17 | Div 0.51 0.47 | Feas 0.17 1.00 | Pen 156.48 0.10
It  15000    113 | T(s) 156.53 | Feas 55 191418.55 191554.00 | Inf 63 191483.91 191736.30 | Div 0.39 0.43 | Feas 0.15 1.00 | Pen 225.34 0.10
It  15500    410 | T(s) 161.34 | Feas 30 191415.50 191666.56 | Inf 43 191440.91 191674.50 | Div 0.45 0.43 | Feas 0.23 1.00 | Pen 191.54 0.10
It  16000    910 | T(s) 166.23 | Feas 46 191415.50 191582.92 | Inf 31 191440.91 191738.37 | Div 0.42 0.45 | Feas 0.25 1.00 | Pen 191.54 0.10
It  16500   1410 | T(s) 170.95 | Feas 61 191415.50 191577.94 | Inf 52 191389.57 191537.39 | Div 0.40 0.33 | Feas 0.23 1.00 | Pen 191.54 0.10
It  17000    205 | T(s) 175.77 | Feas 35 191415.05 191739.66 | Inf 42 191397.23 191639.06 | Div 0.48 0.43 | Feas 0.27 1.00 | Pen 195.37 0.10
It  17500    705 | T(s) 180.71 | Feas 25 191415.05 191945.23 | Inf 65 191405.05 191533.21 | Div 0.54 0.34 | Feas 0.20 1.00 | Pen 199.27 0.10
It  18000    343 | T(s) 185.53 | Feas 44 191408.31 191562.40 | Inf 50 191413.02 191596.88 | Div 0.41 0.38 | Feas 0.21 1.00 | Pen 203.26 0.10
It  18500    157 | T(s) 190.33 | Feas 55 191371.42 191560.20 | Inf 36 191413.02 191634.52 | Div 0.41 0.42 | Feas 0.16 1.00 | Pen 203.26 0.10
It  19000    657 | T(s) 195.20 | Feas 30 191371.42 191819.46 | Inf 65 191397.56 191534.77 | Div 0.50 0.34 | Feas 0.09 1.00 | Pen 207.32 0.10
It  19500   1157 | T(s) 199.91 | Feas 35 191371.42 191707.41 | Inf 46 191358.95 191552.30 | Div 0.45 0.38 | Feas 0.17 1.00 | Pen 176.23 0.10
It  20000   1657 | T(s) 204.64 | Feas 35 191371.42 191709.88 | Inf 46 191401.70 191556.12 | Div 0.48 0.36 | Feas 0.12 1.00 | Pen 211.47 0.10
It  20500    459 | T(s) 209.62 | Feas 64 191360.97 191579.73 | Inf 27 191391.20 191803.18 | Div 0.41 0.44 | Feas 0.25 1.00 | Pen 211.47 0.10
It  21000    335 | T(s) 214.50 | Feas 47 191342.07 191702.72 | Inf 50 191330.92 191500.48 | Div 0.47 0.32 | Feas 0.17 1.00 | Pen 183.35 0.10
It  21500    260 | T(s) 219.24 | Feas 58 191277.41 191559.64 | Inf 37 191334.59 191610.19 | Div 0.42 0.40 | Feas 0.26 1.00 | Pen 187.01 0.10
It  22000    760 | T(s) 224.00 | Feas 56 191277.41 191546.85 | Inf 30 191373.12 191699.99 | Div 0.41 0.45 | Feas 0.15 1.00 | Pen 228.90 0.10
It  22500   1260 | T(s) 228.90 | Feas 43 191277.41 191648.55 | Inf 54 191377.69 191669.80 | Div 0.48 0.41 | Feas 0.24 1.00 | Pen 233.48 0.10
It  23000   1760 | T(s) 233.70 | Feas 26 191277.41 191811.63 | Inf 58 191312.90 191641.54 | Div 0.55 0.44 | Feas 0.27 1.00 | Pen 168.69 0.10
It  23500   2260 | T(s) 238.41 | Feas 52 191277.41 191574.79 | Inf 49 191346.64 191542.47 | Div 0.44 0.39 | Feas 0.21 1.00 | Pen 202.43 0.10
It  24000   2760 | T(s) 243.30 | Feas 27 191277.41 191675.31 | Inf 40 191334.83 191651.21 | Div 0.51 0.45 | Feas 0.19 1.00 | Pen 202.43 0.10
It  24500   3260 | T(s) 248.15 | Feas 32 191277.41 191706.23 | Inf 61 191338.88 191649.49 | Div 0.51 0.42 | Feas 0.12 1.00 | Pen 206.48 0.10
It  25000    231 | T(s) 252.94 | Feas 54 191258.61 191542.42 | Inf 36 191307.91 191649.60 | Div 0.45 0.45 | Feas 0.23 1.00 | Pen 175.50 0.10
It  25500     99 | T(s) 257.70 | Feas 28 191231.41 191655.01 | Inf 56 191280.37 191522.68 | Div 0.50 0.40 | Feas 0.42 1.00 | Pen 214.82 0.10
It  26000    334 | T(s) 262.48 | Feas 41 191174.18 191473.35 | Inf 38 191248.15 191602.15 | Div 0.43 0.46 | Feas 0.20 1.00 | Pen 182.60 0.10
It  26500    834 | T(s) 267.31 | Feas 55 191174.18 191568.37 | Inf 65 191284.67 191632.78 | Div 0.46 0.44 | Feas 0.23 1.00 | Pen 219.11 0.10
It  27000   1334 | T(s) 272.12 | Feas 37 191174.18 191451.47 | Inf 37 191251.80 191694.81 | Div 0.43 0.48 | Feas 0.27 1.00 | Pen 186.25 0.10
It  27500   1834 | T(s) 276.84 | Feas 37 191174.18 191446.14 | Inf 63 191215.68 191449.14 | Div 0.43 0.41 | Feas 0.20 1.00 | Pen 158.31 0.10
It  28000   2334 | T(s) 281.65 | Feas 49 191174.18 191360.73 | Inf 49 191247.34 191580.22 | Div 0.41 0.46 | Feas 0.24 1.00 | Pen 189.97 0.10
It  28500   2834 | T(s) 286.33 | Feas 57 191174.18 191371.57 | Inf 26 191218.84 191784.54 | Div 0.40 0.53 | Feas 0.27 1.00 | Pen 161.48 0.10
It  29000    293 | T(s) 291.16 | Feas 50 191143.86 191343.86 | Inf 27 191188.37 191746.85 | Div 0.40 0.52 | Feas 0.18 1.00 | Pen 161.48 0.10
It  29500    205 | T(s) 295.86 | Feas 50 191143.42 191425.97 | Inf 55 191191.60 191546.97 | Div 0.43 0.43 | Feas 0.19 1.00 | Pen 164.71 0.10
It  30000    443 | T(s) 300.66 | Feas 31 191136.06 191414.59 | Inf 43 191171.80 191606.94 | Div 0.43 0.47 | Feas 0.19 1.00 | Pen 201.60 0.10
It  30500     55 | T(s) 305.35 | Feas 43 191123.77 191249.33 | Inf 26 191141.56 191682.36 | Div 0.36 0.51 | Feas 0.17 1.00 | Pen 171.36 0.10
It  31000    555 | T(s) 310.02 | Feas 45 191123.77 191231.39 | Inf 59 191144.99 191413.34 | Div 0.36 0.40 | Feas 0.21 1.00 | Pen 174.79 0.10
It  31500     63 | T(s) 314.84 | Feas 26 191068.43 191354.77 | Inf 43 191083.74 191473.48 | Div 0.42 0.44 | Feas 0.19 1.00 | Pen 148.57 0.10
It  32000     30 | T(s) 319.53 | Feas 25 191064.88 191501.36 | Inf 40 191113.46 191572.97 | Div 0.44 0.44 | Feas 0.16 1.00 | Pen 178.28 0.10
It  32500    292 | T(s) 324.14 | Feas 25 191053.46 191386.79 | Inf 30 191045.19 191491.98 | Div 0.41 0.44 | Feas 0.18 1.00 | Pen 181.85 0.10
It  33000    273 | T(s) 328.74 | Feas 38 191040.03 191234.28 | Inf 54 191048.82 191293.89 | Div 0.33 0.33 | Feas 0.16 1.00 | Pen 185.49 0.10
It  33500    773 | T(s) 333.34 | Feas 59 191040.03 191141.85 | Inf 35 191011.87 191277.07 | Div 0.27 0.36 | Feas 0.23 1.00 | Pen 185.49 0.10
It  34000   1273 | T(s) 337.97 | Feas 38 191040.03 191232.22 | Inf 56 191007.44 191187.12 | Div 0.33 0.30 | Feas 0.23 1.00 | Pen 185.49 0.10
It  34500    407 | T(s) 342.48 | Feas 32 191016.98 191221.17 | Inf 35 190882.40 191182.95 | Div 0.36 0.33 | Feas 0.25 1.00 | Pen 160.82 0.10
It  35000    907 | T(s) 346.89 | Feas 48 191016.98 191186.98 | Inf 60 190879.24 191044.87 | Div 0.29 0.23 | Feas 0.15 1.00 | Pen 167.31 0.10
It  35500    121 | T(s) 351.23 | Feas 60 190994.65 191052.37 | Inf 43 190848.52 190935.55 | Div 0.14 0.18 | Feas 0.20 1.00 | Pen 142.22 0.10
It  36000    220 | T(s) 355.65 | Feas 64 190953.25 191104.45 | Inf 35 190850.76 191058.41 | Div 0.24 0.27 | Feas 0.23 1.00 | Pen 170.66 0.10
It  36500    290 | T(s) 360.09 | Feas 53 190937.80 191057.01 | Inf 54 190824.01 190895.37 | Div 0.22 0.19 | Feas 0.19 1.00 | Pen 145.06 0.10
It  37000    132 | T(s) 364.53 | Feas 55 190935.66 190966.26 | Inf 57 190801.03 190878.24 | Div 0.12 0.19 | Feas 0.20 1.00 | Pen 147.96 0.10
It  37500    402 | T(s) 368.72 | Feas 42 190928.63 190973.04 | Inf 50 190777.59 190876.81 | Div 0.13 0.19 | Feas 0.16 1.00 | Pen 147.96 0.10
It  38000    132 | T(s) 372.99 | Feas 36 190887.31 191124.03 | Inf 28 190764.15 190903.58 | Div 0.32 0.26 | Feas 0.29 1.00 | Pen 150.92 0.10
It  38500    289 | T(s) 377.32 | Feas 51 190882.56 191009.18 | Inf 56 190764.15 190806.71 | Div 0.23 0.15 | Feas 0.21 1.00 | Pen 150.92 0.10
It  39000    789 | T(s) 381.49 | Feas 59 190882.56 190946.54 | Inf 64 190757.52 190825.30 | Div 0.16 0.18 | Feas 0.00 1.00 | Pen 153.94 0.10
It  39500   1289 | T(s) 385.70 | Feas 42 190882.56 191074.11 | Inf 44 190757.30 190800.24 | Div 0.29 0.17 | Feas 0.23 1.00 | Pen 157.02 0.10
It  40000   1789 | T(s) 389.97 | Feas 59 190882.56 191012.05 | Inf 42 190745.20 190816.44 | Div 0.24 0.20 | Feas 0.17 1.00 | Pen 157.02 0.10
It  40500    234 | T(s) 394.06 | Feas 47 190867.17 190962.78 | Inf 28 190745.20 190991.29 | Div 0.23 0.30 | Feas 0.19 1.00 | Pen 157.02 0.10
It  41000    734 | T(s) 398.43 | Feas 54 190867.17 190945.84 | Inf 28 190748.35 190929.95 | Div 0.23 0.29 | Feas 0.21 1.00 | Pen 160.16 0.10
It  41500   1234 | T(s) 402.89 | Feas 50 190867.17 190938.15 | Inf 63 190748.35 190803.87 | Div 0.21 0.19 | Feas 0.22 1.00 | Pen 160.16 0.10
It  42000     46 | T(s) 407.28 | Feas 62 190849.23 190903.96 | Inf 44 190723.69 190779.90 | Div 0.18 0.20 | Feas 0.26 1.00 | Pen 138.86 0.10
It  42500    473 | T(s) 411.62 | Feas 39 190844.47 191047.71 | Inf 47 190738.49 190824.33 | Div 0.31 0.21 | Feas 0.10 1.00 | Pen 166.63 0.10
It  43000    973 | T(s) 416.04 | Feas 26 190844.47 191078.27 | Inf 29 190731.18 190883.77 | Div 0.35 0.27 | Feas 0.25 1.00 | Pen 169.96 0.10
It  43500   1473 | T(s) 420.39 | Feas 59 190844.47 190935.79 | Inf 55 190708.58 190787.49 | Div 0.25 0.21 | Feas 0.17 1.00 | Pen 147.36 0.10
It  44000   1973 | T(s) 424.90 | Feas 48 190844.47 191050.64 | Inf 56 190737.26 190801.56 | Div 0.31 0.18 | Feas 0.17 1.00 | Pen 180.36 0.10
It  44500   2473 | T(s) 429.15 | Feas 60 190844.47 191065.71 | Inf 39 190740.86 190790.00 | Div 0.30 0.18 | Feas 0.15 1.00 | Pen 183.97 0.10
It  45000   2973 | T(s) 433.60 | Feas 28 190844.47 191146.07 | Inf 62 190713.27 190748.75 | Div 0.39 0.15 | Feas 0.24 1.00 | Pen 156.38 0.10
It  45500    485 | T(s) 437.90 | Feas 44 190840.97 191082.96 | Inf 63 190716.40 190875.30 | Div 0.33 0.24 | Feas 0.20 1.00 | Pen 159.50 0.10
It  46000    147 | T(s) 442.29 | Feas 38 190825.94 191060.28 | Inf 60 190719.59 190838.42 | Div 0.33 0.21 | Feas 0.01 1.00 | Pen 162.69 0.10
It  46500    647 | T(s) 446.64 | Feas 43 190825.94 190963.99 | Inf 39 190719.59 190808.23 | Div 0.28 0.22 | Feas 0.23 1.00 | Pen 162.69 0.10
It  47000   1147 | T(s) 450.85 | Feas 50 190825.94 190961.34 | Inf 56 190722.84 190784.26 | Div 0.26 0.19 | Feas 0.23 1.00 | Pen 165.95 0.10
It  47500   1647 | T(s) 455.30 | Feas 35 190825.94 190948.76 | Inf 37 190722.84 190792.89 | Div 0.27 0.20 | Feas 0.24 1.00 | Pen 165.95 0.10
It  48000   2147 | T(s) 459.73 | Feas 50 190825.94 190912.32 | Inf 27 190713.97 190863.29 | Div 0.26 0.26 | Feas 0.21 1.00 | Pen 165.95 0.10
It  48500     65 | T(s) 464.10 | Feas 28 190807.77 191077.49 | Inf 56 190717.29 190785.51 | Div 0.34 0.20 | Feas 0.15 1.00 | Pen 169.27 0.10
It  49000    181 | T(s) 468.49 | Feas 39 190771.25 190958.93 | Inf 37 190720.67 190770.47 | Div 0.28 0.19 | Feas 0.24 1.00 | Pen 172.65 0.10
It  49500    288 | T(s) 472.81 | Feas 26 190768.06 191001.65 | Inf 55 190719.64 190767.80 | Div 0.31 0.18 | Feas 0.20 1.00 | Pen 172.65 0.10
It  50000    244 | T(s) 476.83 | Feas 62 190760.74 190784.89 | Inf 32 190689.71 190716.36 | Div 0.13 0.16 | Feas 0.21 1.00 | Pen 146.75 0.10
It  50500     35 | T(s) 480.88 | Feas 32 190747.84 190790.52 | Inf 61 190664.35 190694.46 | Div 0.19 0.15 | Feas 0.26 1.00 | Pen 124.74 0.10
It  51000    535 | T(s) 484.98 | Feas 43 190747.84 190802.42 | Inf 57 190695.35 190735.11 | Div 0.19 0.15 | Feas 0.00 1.00 | Pen 155.74 0.10
It  51500    473 | T(s) 489.01 | Feas 28 190745.48 190797.27 | Inf 56 190677.33 190699.32 | Div 0.20 0.14 | Feas 0.29 1.00 | Pen 137.72 0.10
It  52000     18 | T(s) 493.03 | Feas 52 190729.86 190750.29 | Inf 51 190680.09 190719.21 | Div 0.11 0.16 | Feas 0.24 1.00 | Pen 140.48 0.10
It  52500    150 | T(s) 496.99 | Feas 31 190728.11 190797.77 | Inf 42 190689.19 190729.66 | Div 0.18 0.17 | Feas 0.00 1.00 | Pen 143.29 0.10
It  53000    650 | T(s) 500.81 | Feas 39 190728.11 190757.61 | Inf 48 190684.15 190721.62 | Div 0.14 0.14 | Feas 0.00 1.00 | Pen 149.08 0.10
It  53500   1150 | T(s) 504.82 | Feas 56 190728.11 190741.30 | Inf 40 190664.10 190876.56 | Div 0.11 0.24 | Feas 0.31 1.00 | Pen 131.83 0.10
It  54000   1650 | T(s) 508.82 | Feas 36 190728.11 190748.29 | Inf 28 190651.64 190814.54 | Div 0.14 0.25 | Feas 0.31 1.00 | Pen 116.59 0.10
It  54500   2150 | T(s) 512.95 | Feas 46 190728.11 190755.49 | Inf 56 190680.61 190756.43 | Div 0.15 0.18 | Feas 0.00 1.00 | Pen 145.56 0.10
It  55000    291 | T(s) 516.95 | Feas 38 190728.09 190788.53 | Inf 51 190656.14 190728.16 | Div 0.18 0.20 | Feas 0.34 1.00 | Pen 128.72 0.10
It  55500    791 | T(s) 521.14 | Feas 51 190728.09 190745.22 | Inf 40 190695.76 190864.06 | Div 0.14 0.24 | Feas 0.01 1.00 | Pen 160.71 0.10
It  56000   1291 | T(s) 525.14 | Feas 61 190728.09 190740.65 | Inf 46 190682.29 190732.57 | Div 0.12 0.18 | Feas 0.00 1.00 | Pen 142.12 0.10
It  56500    103 | T(s) 529.14 | Feas 29 190726.21 190815.76 | Inf 56 190684.29 190739.41 | Div 0.18 0.17 | Feas 0.00 1.00 | Pen 147.86 0.10
It  57000    603 | T(s) 533.28 | Feas 27 190726.21 190766.98 | Inf 55 190659.09 190793.48 | Div 0.17 0.20 | Feas 0.32 1.00 | Pen 130.76 0.10
It  57500    265 | T(s) 537.35 | Feas 31 190724.95 190743.94 | Inf 64 190694.69 190752.30 | Div 0.14 0.16 | Feas 0.00 1.00 | Pen 160.05 0.10
It  58000     54 | T(s) 541.37 | Feas 42 190722.97 190735.65 | Inf 52 190673.41 190742.80 | Div 0.12 0.18 | Feas 0.25 1.00 | Pen 138.76 0.10
It  58500    554 | T(s) 545.53 | Feas 42 190722.97 190809.66 | Inf 41 190701.16 190786.08 | Div 0.18 0.18 | Feas 0.25 1.00 | Pen 166.51 0.10
It  59000   1054 | T(s) 549.77 | Feas 51 190722.97 190772.93 | Inf 28 190699.37 190799.26 | Div 0.17 0.21 | Feas 0.11 1.00 | Pen 169.84 0.10
It  59500   1554 | T(s) 553.98 | Feas 31 190722.97 190793.37 | Inf 65 190679.73 190718.90 | Div 0.18 0.15 | Feas 0.00 1.00 | Pen 150.20 0.10
It  60000   2054 | T(s) 558.11 | Feas 48 190722.97 190773.94 | Inf 63 190662.35 190843.76 | Div 0.17 0.23 | Feas 0.30 1.00 | Pen 132.83 0.10
It  60500   2554 | T(s) 562.23 | Feas 26 190722.97 190782.06 | Inf 26 190667.72 190957.83 | Div 0.18 0.30 | Feas 0.36 1.00 | Pen 138.19 0.10
It  61000   3054 | T(s) 566.31 | Feas 45 190722.97 190739.38 | Inf 28 190673.30 190903.77 | Div 0.14 0.28 | Feas 0.00 1.00 | Pen 143.78 0.10
It  61500   3554 | T(s) 570.43 | Feas 31 190722.97 190760.76 | Inf 36 190679.11 190783.02 | Div 0.17 0.22 | Feas 0.00 1.00 | Pen 149.59 0.10
It  62000   4054 | T(s) 574.56 | Feas 27 190722.97 190741.55 | Inf 56 190657.24 190715.72 | Div 0.15 0.18 | Feas 0.32 1.00 | Pen 129.69 0.10
It  62500     87 | T(s) 578.70 | Feas 33 190720.84 190733.34 | Inf 45 190691.44 190785.22 | Div 0.12 0.20 | Feas 0.00 1.00 | Pen 161.92 0.10
It  63000    343 | T(s) 582.93 | Feas 37 190720.44 190771.97 | Inf 57 190667.15 190762.28 | Div 0.17 0.21 | Feas 0.23 1.00 | Pen 137.63 0.10
It  63500    336 | T(s) 587.06 | Feas 64 190717.30 190728.45 | Inf 55 190669.91 190793.85 | Div 0.12 0.22 | Feas 0.22 1.00 | Pen 140.38 0.10
It  64000    836 | T(s) 591.31 | Feas 27 190717.30 190865.99 | Inf 38 190698.20 190777.77 | Div 0.24 0.21 | Feas 0.15 1.00 | Pen 171.83 0.10
It  64500   1336 | T(s) 595.54 | Feas 25 190717.30 190847.29 | Inf 29 190678.50 190827.15 | Div 0.23 0.25 | Feas 0.00 1.00 | Pen 148.97 0.10
It  65000   1836 | T(s) 599.88 | Feas 59 190717.30 190748.89 | Inf 30 190650.33 190925.68 | Div 0.15 0.31 | Feas 0.29 1.00 | Pen 131.74 0.10
It  65500   2336 | T(s) 604.25 | Feas 40 190717.30 190790.94 | Inf 46 190690.78 190794.36 | Div 0.20 0.22 | Feas 0.24 1.00 | Pen 161.25 0.10
It  66000   2836 | T(s) 608.56 | Feas 31 190717.30 190795.65 | Inf 57 190666.59 190735.85 | Div 0.20 0.20 | Feas 0.27 1.00 | Pen 137.07 0.10
It  66500   3336 | T(s) 612.71 | Feas 38 190717.30 190776.07 | Inf 44 190694.01 190744.95 | Div 0.19 0.19 | Feas 0.22 1.00 | Pen 164.48 0.10
It  67000   3836 | T(s) 616.98 | Feas 62 190717.30 190745.79 | Inf 30 190669.33 190756.43 | Div 0.16 0.21 | Feas 0.20 1.00 | Pen 139.81 0.10
It  67500    495 | T(s) 621.11 | Feas 36 190717.28 190738.44 | Inf 60 190663.65 190714.60 | Div 0.15 0.17 | Feas 0.20 1.00 | Pen 139.81 0.10
It  68000    995 | T(s) 625.09 | Feas 49 190717.28 190732.59 | Inf 57 190668.97 190778.65 | Div 0.14 0.21 | Feas 0.25 1.00 | Pen 142.60 0.10
It  68500    149 | T(s) 629.21 | Feas 33 190716.18 190733.32 | Inf 50 190674.84 190716.75 | Div 0.14 0.17 | Feas 0.00 1.00 | Pen 145.46 0.10
It  69000    649 | T(s) 633.43 | Feas 41 190716.18 190729.01 | Inf 63 190675.17 190710.78 | Div 0.13 0.16 | Feas 0.00 1.00 | Pen 151.33 0.10
It  69500    382 | T(s) 637.66 | Feas 31 190714.74 190803.60 | Inf 57 190678.20 190740.05 | Div 0.20 0.17 | Feas 0.24 1.00 | Pen 154.36 0.10
It  70000    882 | T(s) 641.84 | Feas 27 190714.74 190819.44 | Inf 51 190681.28 190747.32 | Div 0.21 0.19 | Feas 0.00 1.00 | Pen 157.45 0.10
It  70500   1382 | T(s) 646.10 | Feas 32 190714.74 190747.78 | Inf 26 190685.65 190802.28 | Div 0.17 0.23 | Feas 0.01 1.00 | Pen 163.81 0.10
It  71000    183 | T(s) 650.27 | Feas 47 190699.30 190732.97 | Inf 41 190661.08 190704.24 | Div 0.13 0.18 | Feas 0.20 1.00 | Pen 139.24 0.10
It  71500    683 | T(s) 654.32 | Feas 25 190699.30 190785.07 | Inf 38 190654.74 190732.89 | Div 0.20 0.20 | Feas 0.24 1.00 | Pen 144.86 0.10
It  72000   1183 | T(s) 658.48 | Feas 34 190699.30 190768.47 | Inf 32 190657.64 190765.12 | Div 0.20 0.22 | Feas 0.22 1.00 | Pen 147.76 0.10
It  72500   1683 | T(s) 662.73 | Feas 31 190699.30 190775.51 | Inf 30 190637.98 190780.92 | Div 0.19 0.24 | Feas 0.27 1.00 | Pen 128.11 0.10
It  73000   2183 | T(s) 666.93 | Feas 55 190699.30 190743.24 | Inf 36 190635.43 190693.50 | Div 0.15 0.18 | Feas 0.28 1.00 | Pen 133.28 0.10
It  73500   2683 | T(s) 671.00 | Feas 62 190699.30 190715.50 | Inf 34 190648.54 190733.20 | Div 0.11 0.21 | Feas 0.25 1.00 | Pen 138.67 0.10
It  74000   3183 | T(s) 675.12 | Feas 57 190699.30 190722.93 | Inf 38 190654.15 190747.46 | Div 0.13 0.21 | Feas 0.00 1.00 | Pen 144.27 0.10
It  74500    123 | T(s) 679.17 | Feas 36 190691.36 190719.87 | Inf 41 190659.97 190730.95 | Div 0.13 0.19 | Feas 0.00 1.00 | Pen 150.10 0.10
It  75000    623 | T(s) 683.25 | Feas 47 190691.36 190715.22 | Inf 44 190665.86 190746.25 | Div 0.12 0.19 | Feas 0.25 1.00 | Pen 156.16 0.10
It  75500   1123 | T(s) 687.35 | Feas 48 190691.36 190711.53 | Inf 32 190647.80 190776.31 | Div 0.11 0.24 | Feas 0.33 1.00 | Pen 138.10 0.10
It  76000   1623 | T(s) 691.55 | Feas 39 190691.36 190733.52 | Inf 64 190650.56 190790.37 | Div 0.16 0.23 | Feas 0.24 1.00 | Pen 140.86 0.10
It  76500   2123 | T(s) 695.77 | Feas 32 190691.36 190772.60 | Inf 60 190653.38 190733.77 | Div 0.18 0.19 | Feas 0.23 1.00 | Pen 143.68 0.10
It  77000   2623 | T(s) 699.98 | Feas 32 190691.36 190721.53 | Inf 49 190655.85 190692.13 | Div 0.14 0.17 | Feas 0.25 1.00 | Pen 146.55 0.10
It  77500   3123 | T(s) 704.10 | Feas 38 190691.36 190710.36 | Inf 36 190626.82 190737.69 | Div 0.12 0.21 | Feas 0.29 1.00 | Pen 127.06 0.10
It  78000   3623 | T(s) 708.26 | Feas 48 190691.36 190713.24 | Inf 40 190640.39 190713.81 | Div 0.12 0.21 | Feas 0.36 1.00 | Pen 132.19 0.10
It  78500   4123 | T(s) 712.44 | Feas 33 190691.36 190721.02 | Inf 48 190620.31 190668.82 | Div 0.13 0.18 | Feas 0.28 1.00 | Pen 116.90 0.10
It  79000   4623 | T(s) 716.58 | Feas 41 190691.36 190729.60 | Inf 36 190647.06 190723.24 | Div 0.16 0.20 | Feas 0.00 1.00 | Pen 145.95 0.10
It  79500   5123 | T(s) 720.79 | Feas 60 190691.36 190703.84 | Inf 35 190620.57 190760.90 | Div 0.10 0.21 | Feas 0.28 1.00 | Pen 129.07 0.10
It  80000   5623 | T(s) 725.02 | Feas 57 190691.36 190721.59 | Inf 53 190657.00 190745.68 | Div 0.14 0.18 | Feas 0.24 1.00 | Pen 157.98 0.10
It  80500   6123 | T(s) 729.22 | Feas 26 190691.36 190763.72 | Inf 56 190663.38 190698.03 | Div 0.20 0.14 | Feas 0.00 1.00 | Pen 164.37 0.10
It  81000   6623 | T(s) 733.54 | Feas 35 190691.36 190710.13 | Inf 51 190641.52 190678.25 | Div 0.13 0.16 | Feas 0.18 1.00 | Pen 142.51 0.10
It  81500   7123 | T(s) 737.76 | Feas 65 190691.36 190716.35 | Inf 54 190644.96 190706.96 | Div 0.12 0.16 | Feas 0.17 1.00 | Pen 145.36 0.10
It  82000   7623 | T(s) 742.15 | Feas 59 190691.36 190699.39 | Inf 57 190648.78 190773.69 | Div 0.10 0.20 | Feas 0.22 1.00 | Pen 148.26 0.10
It  82500   8123 | T(s) 746.52 | Feas 58 190691.36 190699.27 | Inf 48 190623.13 190666.86 | Div 0.09 0.16 | Feas 0.28 1.00 | Pen 128.54 0.10
It  83000   8623 | T(s) 750.93 | Feas 64 190691.36 190702.10 | Inf 63 190656.36 190736.95 | Div 0.10 0.18 | Feas 0.00 1.00 | Pen 157.34 0.10
It  83500   9123 | T(s) 755.18 | Feas 59 190691.36 190696.45 | Inf 56 190659.50 190738.12 | Div 0.08 0.18 | Feas 0.24 1.00 | Pen 160.48 0.10
It  84000   9623 | T(s) 759.20 | Feas 46 190691.36 190696.28 | Inf 36 190617.29 190677.73 | Div 0.08 0.18 | Feas 0.26 1.00 | Pen 118.27 0.10
It  84500  10123 | T(s) 763.18 | Feas 38 190691.36 190698.17 | Inf 27 190618.55 190667.28 | Div 0.09 0.18 | Feas 0.28 1.00 | Pen 120.63 0.10
It  85000  10623 | T(s) 767.36 | Feas 65 190691.36 190696.25 | Inf 62 190648.53 190729.84 | Div 0.08 0.17 | Feas 0.01 1.00 | Pen 150.61 0.10
It  85500    477 | T(s) 771.67 | Feas 52 190679.84 190809.73 | Inf 65 190641.60 190726.26 | Div 0.18 0.17 | Feas 0.19 1.00 | Pen 153.62 0.10
It  86000    977 | T(s) 775.87 | Feas 62 190679.84 190692.29 | Inf 32 190647.81 190764.22 | Div 0.09 0.21 | Feas 0.00 1.00 | Pen 159.83 0.10
It  86500   1477 | T(s) 780.26 | Feas 55 190679.84 190702.23 | Inf 58 190651.00 190728.69 | Div 0.13 0.19 | Feas 0.24 1.00 | Pen 163.03 0.10
It  87000   1977 | T(s) 784.42 | Feas 56 190679.84 190706.51 | Inf 45 190629.32 190720.49 | Div 0.14 0.19 | Feas 0.23 1.00 | Pen 141.34 0.10
It  87500   2477 | T(s) 788.68 | Feas 64 190679.84 190690.44 | Inf 31 190630.57 190744.52 | Div 0.10 0.21 | Feas 0.29 1.00 | Pen 144.17 0.10
It  88000    377 | T(s) 792.73 | Feas 45 190679.82 190690.23 | Inf 25 190633.45 191095.82 | Div 0.10 0.29 | Feas 0.00 1.00 | Pen 147.05 0.10
It  88500    877 | T(s) 796.93 | Feas 61 190679.82 190689.01 | Inf 37 190639.39 190742.29 | Div 0.10 0.20 | Feas 0.00 1.00 | Pen 152.99 0.10
It  89000   1377 | T(s) 801.20 | Feas 47 190679.82 190688.24 | Inf 31 190673.64 190853.74 | Div 0.09 0.22 | Feas 0.13 1.00 | Pen 187.26 0.10
It  89500   1877 | T(s) 805.41 | Feas 27 190679.82 190698.95 | Inf 42 190603.68 190631.14 | Div 0.12 0.14 | Feas 0.26 1.00 | Pen 117.30 0.10
It  90000   2377 | T(s) 809.50 | Feas 63 190679.82 190683.43 | Inf 31 190642.28 190683.35 | Div 0.06 0.17 | Feas 0.00 1.00 | Pen 146.45 0.10
It  90500   2877 | T(s) 813.53 | Feas 52 190679.82 190686.81 | Inf 62 190603.33 190646.26 | Div 0.08 0.14 | Feas 0.26 1.00 | Pen 126.97 0.10
It  91000   3377 | T(s) 817.67 | Feas 40 190679.82 190687.83 | Inf 50 190644.92 190695.55 | Div 0.09 0.15 | Feas 0.01 1.00 | Pen 158.52 0.10
It  91500   3877 | T(s) 821.66 | Feas 38 190679.82 190686.10 | Inf 55 190588.74 190625.20 | Div 0.08 0.12 | Feas 0.31 1.00 | Pen 116.82 0.10
It  92000   4377 | T(s) 825.65 | Feas 41 190679.82 190687.68 | Inf 43 190637.37 190681.59 | Div 0.09 0.14 | Feas 0.01 1.00 | Pen 145.85 0.10
It  92500   4877 | T(s) 829.95 | Feas 26 190679.82 190697.22 | Inf 45 190666.50 190901.09 | Div 0.12 0.25 | Feas 0.25 1.00 | Pen 178.52 0.10
It  93000   5377 | T(s) 834.28 | Feas 45 190679.82 190688.43 | Inf 62 190664.92 190706.17 | Div 0.10 0.14 | Feas 0.25 1.00 | Pen 178.52 0.10
It  93500   5877 | T(s) 838.15 | Feas 32 190679.82 190684.17 | Inf 45 190645.36 190675.14 | Div 0.08 0.11 | Feas 0.00 1.00 | Pen 154.78 0.10
It  94000   6377 | T(s) 842.11 | Feas 53 190679.82 190683.33 | Inf 34 190623.28 190668.13 | Div 0.07 0.15 | Feas 0.29 1.00 | Pen 136.88 0.10
It  94500   6877 | T(s) 846.13 | Feas 51 190679.82 190682.51 | Inf 35 190591.47 190698.48 | Div 0.06 0.18 | Feas 0.35 1.00 | Pen 121.05 0.10
It  95000   7377 | T(s) 850.01 | Feas 43 190679.82 190682.73 | Inf 40 190601.28 190695.31 | Div 0.07 0.16 | Feas 0.32 1.00 | Pen 125.94 0.10
It  95500   7877 | T(s) 854.12 | Feas 43 190679.82 190683.26 | Inf 30 190653.01 190830.92 | Div 0.07 0.22 | Feas 0.00 1.00 | Pen 157.23 0.10
It  96000   8377 | T(s) 858.19 | Feas 51 190679.82 190683.52 | Inf 39 190649.96 190744.18 | Div 0.07 0.19 | Feas 0.20 1.00 | Pen 163.58 0.10
It  96500   8877 | T(s) 862.07 | Feas 34 190679.82 190682.71 | Inf 47 190590.48 190671.85 | Div 0.07 0.15 | Feas 0.39 1.00 | Pen 120.55 0.10
It  97000     57 | T(s) 866.30 | Feas 31 190669.41 190856.62 | Inf 64 190601.15 190658.55 | Div 0.19 0.14 | Feas 0.27 1.00 | Pen 125.42 0.10
It  97500    364 | T(s) 870.70 | Feas 32 190668.31 190767.24 | Inf 55 190632.56 190692.76 | Div 0.18 0.16 | Feas 0.01 1.00 | Pen 156.59 0.10
It  98000    138 | T(s) 874.70 | Feas 55 190668.29 190675.30 | Inf 51 190637.78 190670.35 | Div 0.08 0.12 | Feas 0.01 1.00 | Pen 162.91 0.10
It  98500    638 | T(s) 878.51 | Feas 56 190668.29 190676.04 | Inf 63 190577.97 190613.97 | Div 0.08 0.12 | Feas 0.31 1.00 | Pen 120.06 0.10
It  99000   1138 | T(s) 882.45 | Feas 40 190668.29 190709.18 | Inf 59 190630.79 190662.50 | Div 0.14 0.12 | Feas 0.00 1.00 | Pen 149.89 0.10
It  99500   1638 | T(s) 886.74 | Feas 59 190668.29 190675.71 | Inf 31 190634.14 190843.25 | Div 0.10 0.23 | Feas 0.00 1.00 | Pen 155.95 0.10
It 100000   2138 | T(s) 890.85 | Feas 27 190668.29 190866.94 | Inf 61 190637.26 190711.72 | Div 0.23 0.18 | Feas 0.21 1.00 | Pen 159.07 0.10
It 100500   2638 | T(s) 895.18 | Feas 26 190668.29 190830.31 | Inf 46 190640.44 190762.10 | Div 0.23 0.21 | Feas 0.22 1.00 | Pen 162.25 0.10
It 101000   3138 | T(s) 899.51 | Feas 46 190668.29 190709.11 | Inf 61 190640.38 190663.20 | Div 0.15 0.13 | Feas 0.23 1.00 | Pen 162.25 0.10
It 101500   3638 | T(s) 903.66 | Feas 61 190668.29 190676.58 | Inf 41 190617.02 190660.54 | Div 0.11 0.17 | Feas 0.25 1.00 | Pen 140.67 0.10
It 102000   4138 | T(s) 907.69 | Feas 34 190668.29 190688.68 | Inf 42 190619.93 190722.46 | Div 0.14 0.20 | Feas 0.22 1.00 | Pen 143.48 0.10
It 102500   4638 | T(s) 912.00 | Feas 56 190668.29 190675.24 | Inf 45 190624.15 190766.14 | Div 0.10 0.23 | Feas 0.23 1.00 | Pen 149.28 0.10
It 103000   5138 | T(s) 916.07 | Feas 52 190668.29 190675.03 | Inf 63 190604.29 190623.91 | Div 0.10 0.15 | Feas 0.29 1.00 | Pen 129.42 0.10
It 103500   5638 | T(s) 920.27 | Feas 44 190668.29 190732.46 | Inf 53 190636.45 190686.54 | Div 0.16 0.17 | Feas 0.01 1.00 | Pen 161.58 0.10
It 104000   6138 | T(s) 924.33 | Feas 62 190668.29 190676.11 | Inf 42 190614.96 190661.53 | Div 0.11 0.16 | Feas 0.00 1.00 | Pen 140.09 0.10
It 104500    229 | T(s) 928.25 | Feas 33 190666.94 190740.20 | Inf 44 190617.74 190709.38 | Div 0.18 0.21 | Feas 0.17 1.00 | Pen 142.89 0.10
It 105000    729 | T(s) 932.64 | Feas 45 190666.94 190733.05 | Inf 33 190617.74 190831.77 | Div 0.19 0.27 | Feas 0.17 1.00 | Pen 142.89 0.10
It 105500   1229 | T(s) 936.82 | Feas 34 190666.94 190689.20 | Inf 61 190617.74 190669.43 | Div 0.16 0.18 | Feas 0.25 1.00 | Pen 142.89 0.10
It 106000   1729 | T(s) 940.94 | Feas 28 190666.94 190774.29 | Inf 44 190593.39 190623.47 | Div 0.21 0.16 | Feas 0.27 1.00 | Pen 121.46 0.10
It 106500   2229 | T(s) 945.31 | Feas 46 190666.94 190725.33 | Inf 27 190622.16 190874.96 | Div 0.18 0.30 | Feas 0.21 1.00 | Pen 148.67 0.10
It 107000   2729 | T(s) 949.60 | Feas 27 190666.94 190731.28 | Inf 37 190628.17 190849.10 | Div 0.21 0.25 | Feas 0.01 1.00 | Pen 154.67 0.10
It 107500    403 | T(s) 954.07 | Feas 56 190666.50 190686.56 | Inf 42 190696.23 190928.76 | Div 0.16 0.26 | Feas 0.15 1.00 | Pen 222.73 0.10
It 108000    903 | T(s) 958.64 | Feas 47 190666.50 190679.19 | Inf 28 190700.68 190919.73 | Div 0.14 0.27 | Feas 0.15 1.00 | Pen 227.18 0.10
It 108500   1403 | T(s) 962.91 | Feas 36 190666.50 190707.61 | Inf 25 190637.64 190838.33 | Div 0.17 0.26 | Feas 0.24 1.00 | Pen 164.14 0.10
It 109000   1903 | T(s) 967.10 | Feas 63 190666.50 190695.46 | Inf 47 190640.92 190723.81 | Div 0.16 0.19 | Feas 0.25 1.00 | Pen 167.42 0.10
It 109500   2403 | T(s) 971.35 | Feas 57 190666.50 190676.92 | Inf 31 190644.27 190799.06 | Div 0.12 0.23 | Feas 0.19 1.00 | Pen 170.77 0.10
It 110000   2903 | T(s) 975.62 | Feas 33 190666.50 190831.98 | Inf 44 190618.21 190664.06 | Div 0.23 0.18 | Feas 0.17 1.00 | Pen 145.16 0.10
It 110500   3403 | T(s) 979.86 | Feas 53 190666.50 190760.32 | Inf 40 190647.24 190777.49 | Div 0.21 0.22 | Feas 0.21 1.00 | Pen 174.19 0.10
It 111000   3903 | T(s) 984.06 | Feas 55 190666.50 190712.31 | Inf 60 190621.11 190652.38 | Div 0.17 0.16 | Feas 0.17 1.00 | Pen 148.06 0.10
It 111500   4403 | T(s) 988.40 | Feas 56 190666.50 190689.55 | Inf 49 190650.73 190698.18 | Div 0.16 0.18 | Feas 0.15 1.00 | Pen 177.67 0.10
It 112000   4903 | T(s) 992.76 | Feas 32 190666.50 190756.41 | Inf 36 190654.28 190770.37 | Div 0.23 0.21 | Feas 0.13 1.00 | Pen 181.23 0.10
It 112500   5403 | T(s) 997.11 | Feas 31 190666.50 190809.75 | Inf 26 190630.18 190794.45 | Div 0.24 0.25 | Feas 0.00 1.00 | Pen 157.12 0.10
It 113000   5903 | T(s) 1001.37 | Feas 58 190666.50 190675.90 | Inf 64 190633.32 190670.50 | Div 0.12 0.14 | Feas 0.00 1.00 | Pen 160.26 0.10
It 113500   6403 | T(s) 1005.71 | Feas 25 190666.50 191004.10 | Inf 48 190612.00 190667.87 | Div 0.27 0.18 | Feas 0.29 1.00 | Pen 138.95 0.10
It 114000   6903 | T(s) 1009.98 | Feas 32 190666.50 190783.19 | Inf 37 190614.78 190672.80 | Div 0.21 0.19 | Feas 0.00 1.00 | Pen 141.73 0.10
It 114500   7403 | T(s) 1014.33 | Feas 31 190666.50 190688.16 | Inf 45 190620.51 190885.51 | Div 0.17 0.29 | Feas 0.24 1.00 | Pen 147.45 0.10
It 115000   7903 | T(s) 1018.72 | Feas 54 190666.50 190688.44 | Inf 45 190623.46 190806.54 | Div 0.14 0.26 | Feas 0.18 1.00 | Pen 150.40 0.10
It 115500   8403 | T(s) 1023.03 | Feas 43 190666.50 190738.40 | Inf 35 190657.15 190785.43 | Div 0.20 0.22 | Feas 0.15 1.00 | Pen 184.09 0.10
It 116000   8903 | T(s) 1027.45 | Feas 54 190666.50 190701.19 | Inf 64 190629.53 190679.70 | Div 0.18 0.17 | Feas 0.20 1.00 | Pen 156.48 0.10
It 116500   9403 | T(s) 1031.84 | Feas 43 190666.50 190695.72 | Inf 45 190606.06 190669.36 | Div 0.17 0.18 | Feas 0.26 1.00 | Pen 133.01 0.10
It 117000   9903 | T(s) 1036.34 | Feas 29 190666.50 190819.48 | Inf 60 190632.66 190744.15 | Div 0.26 0.20 | Feas 0.21 1.00 | Pen 159.61 0.10
It 117500  10403 | T(s) 1040.65 | Feas 61 190666.50 190684.02 | Inf 60 190635.86 190681.23 | Div 0.14 0.17 | Feas 0.21 1.00 | Pen 162.80 0.10
It 118000  10903 | T(s) 1045.16 | Feas 47 190666.50 190694.69 | Inf 55 190668.42 190704.07 | Div 0.17 0.16 | Feas 0.20 1.00 | Pen 195.36 0.10
It 118500  11403 | T(s) 1049.50 | Feas 43 190666.50 190732.73 | Inf 26 190639.11 190813.14 | Div 0.19 0.27 | Feas 0.19 1.00 | Pen 166.06 0.10
It 119000  11903 | T(s) 1053.66 | Feas 26 190666.50 190762.08 | Inf 52 190614.20 190634.15 | Div 0.23 0.14 | Feas 0.22 1.00 | Pen 141.15 0.10
It 119500     95 | T(s) 1057.93 | Feas 63 190656.30 190680.81 | Inf 56 190645.82 190676.81 | Div 0.14 0.16 | Feas 0.14 1.00 | Pen 172.77 0.10
It 120000     99 | T(s) 1062.27 | Feas 59 190656.17 190731.93 | Inf 44 190649.28 190696.67 | Div 0.20 0.16 | Feas 0.22 1.00 | Pen 176.22 0.10
It 120500    599 | T(s) 1066.56 | Feas 34 190656.17 190706.76 | Inf 30 190611.14 190686.25 | Div 0.19 0.19 | Feas 0.20 1.00 | Pen 149.79 0.10
It 121000    423 | T(s) 1070.67 | Feas 25 190655.90 190692.20 | Inf 25 190611.14 190658.06 | Div 0.18 0.17 | Feas 0.18 1.00 | Pen 149.79 0.10
It 121500    208 | T(s) 1074.73 | Feas 60 190654.79 190664.77 | Inf 60 190614.14 190641.92 | Div 0.10 0.14 | Feas 0.22 1.00 | Pen 152.78 0.10
It 122000    708 | T(s) 1078.90 | Feas 42 190654.79 190666.84 | Inf 29 190620.31 190664.98 | Div 0.12 0.19 | Feas 0.00 1.00 | Pen 158.96 0.10
It 122500   1208 | T(s) 1083.25 | Feas 43 190654.79 190669.41 | Inf 25 190623.49 191053.14 | Div 0.12 0.31 | Feas 0.18 1.00 | Pen 162.14 0.10
It 123000   1708 | T(s) 1087.47 | Feas 55 190654.79 190659.71 | Inf 49 190563.33 190618.74 | Div 0.06 0.14 | Feas 0.29 1.00 | Pen 119.49 0.10
It 123500   2208 | T(s) 1091.65 | Feas 49 190654.79 190665.52 | Inf 30 190607.60 190642.17 | Div 0.10 0.16 | Feas 0.17 1.00 | Pen 146.25 0.10
It 124000   2708 | T(s) 1095.72 | Feas 42 190654.79 190666.69 | Inf 54 190607.60 190616.53 | Div 0.11 0.09 | Feas 0.21 1.00 | Pen 146.25 0.10
It 124500   3208 | T(s) 1099.74 | Feas 56 190654.79 190663.02 | Inf 65 190613.51 190639.57 | Div 0.10 0.11 | Feas 0.00 1.00 | Pen 152.16 0.10
It 125000   3708 | T(s) 1104.06 | Feas 32 190654.79 190748.90 | Inf 30 190595.35 190760.85 | Div 0.17 0.25 | Feas 0.26 1.00 | Pen 134.56 0.10
It 125500   4208 | T(s) 1108.47 | Feas 44 190654.79 190668.24 | Inf 32 190598.60 190701.29 | Div 0.13 0.23 | Feas 0.19 1.00 | Pen 137.25 0.10
It 126000   4708 | T(s) 1112.69 | Feas 30 190654.79 190795.40 | Inf 59 190598.60 190626.98 | Div 0.21 0.15 | Feas 0.19 1.00 | Pen 137.25 0.10
It 126500   5208 | T(s) 1117.08 | Feas 64 190654.79 190669.21 | Inf 38 190580.35 190736.69 | Div 0.14 0.22 | Feas 0.27 1.00 | Pen 119.00 0.10
It 127000   5708 | T(s) 1121.43 | Feas 57 190654.79 190719.45 | Inf 36 190603.39 190690.01 | Div 0.18 0.22 | Feas 0.24 1.00 | Pen 142.80 0.10
It 127500     88 | T(s) 1125.82 | Feas 26 190648.23 190937.59 | Inf 33 190626.15 190700.63 | Div 0.31 0.19 | Feas 0.15 1.00 | Pen 171.36 0.10
It 128000    588 | T(s) 1130.42 | Feas 38 190648.23 190737.59 | Inf 27 190626.15 190959.33 | Div 0.23 0.31 | Feas 0.16 1.00 | Pen 171.36 0.10
It 128500   1088 | T(s) 1135.09 | Feas 36 190648.23 190774.21 | Inf 48 190629.57 190772.64 | Div 0.26 0.24 | Feas 0.27 1.00 | Pen 174.78 0.10
It 129000    315 | T(s) 1139.64 | Feas 58 190647.13 190694.20 | Inf 38 190663.43 190720.28 | Div 0.19 0.22 | Feas 0.23 1.00 | Pen 209.74 0.10
It 129500    815 | T(s) 1144.16 | Feas 43 190647.13 190715.96 | Inf 65 190663.43 190729.75 | Div 0.22 0.18 | Feas 0.24 1.00 | Pen 209.74 0.10
It 130000    145 | T(s) 1148.45 | Feas 62 190625.21 190659.87 | Inf 31 190580.97 190695.57 | Div 0.16 0.22 | Feas 0.22 1.00 | Pen 151.54 0.10
It 130500    645 | T(s) 1152.86 | Feas 46 190625.21 190678.84 | Inf 36 190647.65 190793.78 | Div 0.19 0.24 | Feas 0.18 1.00 | Pen 218.21 0.10
It 131000   1145 | T(s) 1157.46 | Feas 28 190625.21 190867.19 | Inf 60 190614.92 190672.68 | Div 0.29 0.19 | Feas 0.27 1.00 | Pen 185.48 0.10
It 131500   1645 | T(s) 1161.96 | Feas 51 190625.21 190662.75 | Inf 40 190587.09 190715.81 | Div 0.18 0.21 | Feas 0.25 1.00 | Pen 157.66 0.10
It 132000   2145 | T(s) 1166.61 | Feas 29 190625.21 190936.26 | Inf 39 190618.63 190674.11 | Div 0.31 0.20 | Feas 0.18 1.00 | Pen 189.19 0.10
It 132500   2645 | T(s) 1171.12 | Feas 47 190625.21 190866.55 | Inf 63 190590.25 190685.27 | Div 0.28 0.21 | Feas 0.17 1.00 | Pen 160.81 0.10
It 133000    318 | T(s) 1175.75 | Feas 51 190622.88 190762.31 | Inf 60 190593.46 190689.14 | Div 0.25 0.21 | Feas 0.17 1.00 | Pen 164.03 0.10
It 133500    818 | T(s) 1180.22 | Feas 55 190622.88 190677.53 | Inf 46 190595.41 190823.33 | Div 0.20 0.26 | Feas 0.17 1.00 | Pen 167.31 0.10
It 134000   1318 | T(s) 1184.89 | Feas 39 190622.88 190755.49 | Inf 43 190591.37 190794.80 | Div 0.26 0.26 | Feas 0.22 1.00 | Pen 167.31 0.10
It 134500    279 | T(s) 1189.33 | Feas 35 190619.50 190715.26 | Inf 31 190594.72 190760.35 | Div 0.25 0.25 | Feas 0.19 1.00 | Pen 170.66 0.10
It 135000    189 | T(s) 1193.76 | Feas 48 190617.56 190658.11 | Inf 62 190598.13 190650.34 | Div 0.18 0.17 | Feas 0.16 1.00 | Pen 174.07 0.10
It 135500    271 | T(s) 1198.16 | Feas 50 190617.50 190661.11 | Inf 48 190601.61 190675.35 | Div 0.14 0.19 | Feas 0.24 1.00 | Pen 177.55 0.10
It 136000    771 | T(s) 1202.50 | Feas 29 190617.50 190638.03 | Inf 62 190574.98 190602.39 | Div 0.17 0.14 | Feas 0.22 1.00 | Pen 150.92 0.10
It 136500    272 | T(s) 1207.00 | Feas 43 190617.16 190648.74 | Inf 61 190607.34 190618.28 | Div 0.14 0.09 | Feas 0.10 1.00 | Pen 184.72 0.10
It 137000    242 | T(s) 1211.15 | Feas 46 190616.06 190626.48 | Inf 38 190579.63 190636.92 | Div 0.09 0.14 | Feas 0.17 1.00 | Pen 157.01 0.10
It 137500    742 | T(s) 1215.22 | Feas 34 190616.06 190637.61 | Inf 64 190550.94 190564.54 | Div 0.12 0.09 | Feas 0.28 1.00 | Pen 136.13 0.10
It 138000   1242 | T(s) 1219.35 | Feas 45 190616.06 190622.79 | Inf 51 190553.66 190582.92 | Div 0.07 0.13 | Feas 0.23 1.00 | Pen 138.85 0.10
It 138500   1742 | T(s) 1223.67 | Feas 26 190616.06 190703.49 | Inf 25 190559.27 191077.14 | Div 0.19 0.36 | Feas 0.20 1.00 | Pen 144.46 0.10
It 139000   2242 | T(s) 1227.96 | Feas 30 190616.06 190653.86 | Inf 25 190588.16 191049.44 | Div 0.15 0.29 | Feas 0.11 1.00 | Pen 173.36 0.10
It 139500   2742 | T(s) 1232.19 | Feas 64 190616.06 190623.09 | Inf 63 190565.11 190611.62 | Div 0.08 0.16 | Feas 0.22 1.00 | Pen 150.30 0.10
It 140000   3242 | T(s) 1236.60 | Feas 61 190616.06 190630.51 | Inf 28 190598.78 190752.17 | Div 0.11 0.26 | Feas 0.15 1.00 | Pen 183.97 0.10
It 140500    270 | T(s) 1240.91 | Feas 27 190610.59 190888.89 | Inf 57 190574.31 190625.64 | Div 0.26 0.16 | Feas 0.00 1.00 | Pen 159.50 0.10
It 141000    278 | T(s) 1245.40 | Feas 65 190608.25 190636.37 | Inf 56 190576.40 190694.57 | Div 0.14 0.20 | Feas 0.20 1.00 | Pen 162.69 0.10
It 141500    778 | T(s) 1249.53 | Feas 32 190608.25 190643.97 | Inf 34 190551.99 190582.59 | Div 0.18 0.17 | Feas 0.24 1.00 | Pen 138.29 0.10
It 142000   1278 | T(s) 1253.74 | Feas 33 190608.25 190712.19 | Inf 28 190579.65 190686.47 | Div 0.20 0.21 | Feas 0.22 1.00 | Pen 165.94 0.10
It 142500   1778 | T(s) 1258.03 | Feas 43 190608.25 190638.60 | Inf 62 190582.97 190595.96 | Div 0.16 0.10 | Feas 0.19 1.00 | Pen 169.26 0.10
It 143000    110 | T(s) 1262.28 | Feas 58 190607.15 190616.92 | Inf 46 190582.97 190593.79 | Div 0.08 0.10 | Feas 0.23 1.00 | Pen 169.26 0.10
It 143500    610 | T(s) 1266.24 | Feas 43 190607.15 190622.57 | Inf 50 190570.80 190623.26 | Div 0.11 0.16 | Feas 0.00 1.00 | Pen 149.69 0.10
It 144000   1110 | T(s) 1270.42 | Feas 26 190607.15 190866.50 | Inf 55 190546.08 190630.62 | Div 0.19 0.18 | Feas 0.32 1.00 | Pen 132.37 0.10
It 144500   1610 | T(s) 1274.59 | Feas 63 190607.15 190611.61 | Inf 33 190575.73 190747.55 | Div 0.05 0.23 | Feas 0.20 1.00 | Pen 162.02 0.10
It 145000   2110 | T(s) 1278.68 | Feas 43 190607.15 190618.41 | Inf 60 190554.18 190655.71 | Div 0.09 0.18 | Feas 0.18 1.00 | Pen 140.47 0.10
It 145500   2610 | T(s) 1282.78 | Feas 57 190607.15 190612.14 | Inf 51 190560.47 190598.78 | Div 0.06 0.15 | Feas 0.01 1.00 | Pen 143.28 0.10
It 146000   3110 | T(s) 1287.04 | Feas 48 190607.15 190612.73 | Inf 27 190566.26 190728.06 | Div 0.07 0.24 | Feas 0.00 1.00 | Pen 149.07 0.10
It 146500   3610 | T(s) 1291.13 | Feas 28 190607.15 190618.25 | Inf 36 190542.92 190659.33 | Div 0.09 0.22 | Feas 0.29 1.00 | Pen 131.83 0.10
It 147000   4110 | T(s) 1295.24 | Feas 64 190607.15 190611.04 | Inf 50 190550.86 190717.98 | Div 0.04 0.22 | Feas 0.22 1.00 | Pen 137.16 0.10
It 147500   4610 | T(s) 1299.34 | Feas 40 190607.15 190610.99 | Inf 63 190558.70 190599.01 | Div 0.05 0.13 | Feas 0.00 1.00 | Pen 142.70 0.10
It 148000   5110 | T(s) 1303.23 | Feas 44 190607.15 190610.33 | Inf 42 190556.40 190565.62 | Div 0.04 0.10 | Feas 0.23 1.00 | Pen 142.70 0.10
It 148500   5610 | T(s) 1307.13 | Feas 59 190607.15 190610.84 | Inf 45 190563.27 190598.45 | Div 0.04 0.13 | Feas 0.01 1.00 | Pen 148.46 0.10
It 149000   6110 | T(s) 1311.17 | Feas 60 190607.15 190610.30 | Inf 51 190569.27 190618.01 | Div 0.04 0.15 | Feas 0.22 1.00 | Pen 154.46 0.10
It 149500   6610 | T(s) 1315.10 | Feas 59 190607.15 190609.17 | Inf 36 190547.62 190593.16 | Div 0.03 0.16 | Feas 0.29 1.00 | Pen 133.92 0.10
It 150000   7110 | T(s) 1319.21 | Feas 26 190607.15 190633.17 | Inf 44 190526.84 190551.16 | Div 0.10 0.11 | Feas 0.27 1.00 | Pen 118.43 0.10
It 150500   7610 | T(s) 1323.29 | Feas 53 190607.15 190609.67 | Inf 61 190560.11 190603.62 | Div 0.03 0.12 | Feas 0.00 1.00 | Pen 144.96 0.10
It 151000   8110 | T(s) 1327.20 | Feas 27 190607.15 190685.41 | Inf 50 190561.56 190671.47 | Div 0.13 0.18 | Feas 0.23 1.00 | Pen 147.86 0.10
It 151500   8610 | T(s) 1331.60 | Feas 34 190607.15 190640.61 | Inf 52 190567.54 190767.64 | Div 0.10 0.22 | Feas 0.29 1.00 | Pen 153.83 0.10
It 152000   9110 | T(s) 1335.78 | Feas 55 190607.15 190609.48 | Inf 62 190544.46 190610.61 | Div 0.03 0.17 | Feas 0.29 1.00 | Pen 130.76 0.10
It 152500   9610 | T(s) 1339.82 | Feas 26 190607.15 190616.05 | Inf 53 190576.95 190654.40 | Div 0.08 0.16 | Feas 0.00 1.00 | Pen 163.25 0.10
It 153000  10110 | T(s) 1343.87 | Feas 64 190607.15 190609.25 | Inf 30 190531.65 190657.28 | Div 0.03 0.20 | Feas 0.26 1.00 | Pen 117.94 0.10
It 153500  10610 | T(s) 1347.84 | Feas 33 190607.15 190610.70 | Inf 38 190555.24 190575.65 | Div 0.05 0.11 | Feas 0.21 1.00 | Pen 141.53 0.10
It 154000  11110 | T(s) 1351.73 | Feas 27 190607.15 190623.95 | Inf 41 190560.96 190750.29 | Div 0.09 0.24 | Feas 0.24 1.00 | Pen 147.25 0.10
It 154500  11610 | T(s) 1355.62 | Feas 43 190607.15 190610.79 | Inf 36 190563.90 190725.74 | Div 0.06 0.22 | Feas 0.00 1.00 | Pen 150.20 0.10
It 155000  12110 | T(s) 1359.86 | Feas 31 190607.15 190615.12 | Inf 34 190566.91 190706.69 | Div 0.09 0.22 | Feas 0.19 1.00 | Pen 153.20 0.10
It 155500  12610 | T(s) 1363.88 | Feas 33 190607.15 190611.59 | Inf 48 190573.10 190613.98 | Div 0.06 0.12 | Feas 0.00 1.00 | Pen 159.39 0.10
It 156000  13110 | T(s) 1367.83 | Feas 61 190607.15 190610.25 | Inf 37 190551.90 190579.89 | Div 0.04 0.14 | Feas 0.28 1.00 | Pen 138.19 0.10
It 156500  13610 | T(s) 1371.75 | Feas 58 190607.15 190609.16 | Inf 60 190554.66 190625.34 | Div 0.03 0.15 | Feas 0.25 1.00 | Pen 140.95 0.10
It 157000  14110 | T(s) 1375.73 | Feas 44 190607.15 190610.41 | Inf 27 190526.01 190735.07 | Div 0.05 0.26 | Feas 0.27 1.00 | Pen 124.65 0.10
It 157500  14610 | T(s) 1379.90 | Feas 41 190607.15 190610.69 | Inf 61 190532.47 190589.17 | Div 0.05 0.13 | Feas 0.26 1.00 | Pen 127.15 0.10
It 158000  15110 | T(s) 1384.15 | Feas 61 190607.15 190609.83 | Inf 32 190569.33 190780.70 | Div 0.04 0.23 | Feas 0.21 1.00 | Pen 155.63 0.10
It 158500  15610 | T(s) 1388.37 | Feas 43 190607.15 190610.52 | Inf 39 190551.33 190703.11 | Div 0.04 0.22 | Feas 0.29 1.00 | Pen 137.63 0.10
It 159000  16110 | T(s) 1392.48 | Feas 50 190607.15 190609.40 | Inf 58 190530.69 190553.56 | Div 0.04 0.13 | Feas 0.26 1.00 | Pen 116.98 0.10
It 159500  16610 | T(s) 1396.71 | Feas 41 190607.15 190615.51 | Inf 37 190557.99 190659.20 | Div 0.08 0.20 | Feas 0.20 1.00 | Pen 143.19 0.10
It 160000    351 | T(s) 1400.74 | Feas 37 190605.80 190666.34 | Inf 27 190526.44 190647.30 | Div 0.15 0.21 | Feas 0.28 1.00 | Pen 124.14 0.10
It 160500    851 | T(s) 1404.94 | Feas 54 190605.80 190618.41 | Inf 33 190561.33 190632.26 | Div 0.11 0.18 | Feas 0.25 1.00 | Pen 148.97 0.10
It 161000   1351 | T(s) 1409.08 | Feas 30 190605.80 190682.83 | Inf 51 190564.31 190620.31 | Div 0.16 0.15 | Feas 0.29 1.00 | Pen 151.95 0.10
It 161500   1851 | T(s) 1413.20 | Feas 40 190605.80 190629.55 | Inf 63 190570.45 190616.76 | Div 0.13 0.14 | Feas 0.00 1.00 | Pen 158.09 0.10
It 162000   2351 | T(s) 1417.62 | Feas 33 190605.80 190739.32 | Inf 47 190602.06 190654.20 | Div 0.18 0.15 | Feas 0.25 1.00 | Pen 189.71 0.10
It 162500   2851 | T(s) 1421.48 | Feas 29 190605.80 190617.16 | Inf 55 190528.86 190572.74 | Div 0.12 0.12 | Feas 0.30 1.00 | Pen 116.50 0.10
It 163000   3351 | T(s) 1425.57 | Feas 39 190605.80 190611.34 | Inf 40 190557.25 190620.53 | Div 0.09 0.17 | Feas 0.00 1.00 | Pen 142.60 0.10
It 163500   3851 | T(s) 1429.56 | Feas 56 190605.80 190609.77 | Inf 50 190560.72 190600.16 | Div 0.06 0.13 | Feas 0.00 1.00 | Pen 148.36 0.10
It 164000   4351 | T(s) 1433.73 | Feas 62 190605.80 190609.58 | Inf 38 190540.99 190628.03 | Div 0.06 0.19 | Feas 0.26 1.00 | Pen 128.63 0.10
It 164500   4851 | T(s) 1437.92 | Feas 63 190605.80 190609.72 | Inf 32 190574.30 190709.35 | Div 0.06 0.21 | Feas 0.00 1.00 | Pen 160.59 0.10
It 165000   5351 | T(s) 1441.93 | Feas 49 190605.80 190609.10 | Inf 53 190525.57 190556.70 | Div 0.06 0.15 | Feas 0.28 1.00 | Pen 118.35 0.10
It 165500   5851 | T(s) 1445.99 | Feas 34 190605.80 190613.16 | Inf 25 190522.97 190612.49 | Div 0.08 0.21 | Feas 0.26 1.00 | Pen 123.13 0.10
It 166000   6351 | T(s) 1450.08 | Feas 30 190605.80 190642.72 | Inf 37 190565.36 190753.25 | Div 0.12 0.23 | Feas 0.22 1.00 | Pen 150.71 0.10
It 166500   6851 | T(s) 1454.13 | Feas 45 190605.80 190638.26 | Inf 52 190570.60 190804.89 | Div 0.12 0.23 | Feas 0.17 1.00 | Pen 156.80 0.10
It 167000   7351 | T(s) 1458.21 | Feas 63 190605.80 190611.29 | Inf 49 190572.29 190614.60 | Div 0.08 0.16 | Feas 0.02 1.00 | Pen 159.93 0.10
It 167500   7851 | T(s) 1462.30 | Feas 61 190605.80 190608.68 | Inf 31 190548.30 190658.96 | Div 0.05 0.22 | Feas 0.32 1.00 | Pen 135.94 0.10
It 168000   8351 | T(s) 1466.42 | Feas 37 190605.80 190617.49 | Inf 26 190530.22 190685.55 | Div 0.11 0.22 | Feas 0.27 1.00 | Pen 117.86 0.10
It 168500   8851 | T(s) 1470.45 | Feas 54 190605.80 190634.31 | Inf 42 190566.18 190699.54 | Div 0.13 0.22 | Feas 0.00 1.00 | Pen 144.27 0.10
It 169000   9351 | T(s) 1474.61 | Feas 27 190605.80 190639.29 | Inf 59 190525.70 190570.74 | Div 0.15 0.15 | Feas 0.26 1.00 | Pen 122.63 0.10
It 169500   9851 | T(s) 1478.81 | Feas 41 190605.80 190613.40 | Inf 60 190526.62 190594.23 | Div 0.10 0.16 | Feas 0.28 1.00 | Pen 125.08 0.10
It 170000  10351 | T(s) 1483.03 | Feas 47 190605.80 190610.44 | Inf 34 190540.03 190712.04 | Div 0.08 0.23 | Feas 0.27 1.00 | Pen 130.13 0.10
It 170500  10851 | T(s) 1487.41 | Feas 33 190605.80 190626.75 | Inf 48 190571.64 190724.92 | Div 0.14 0.22 | Feas 0.22 1.00 | Pen 159.28 0.10
It 171000  11351 | T(s) 1491.71 | Feas 59 190605.80 190609.37 | Inf 30 190547.74 190680.61 | Div 0.06 0.20 | Feas 0.29 1.00 | Pen 135.39 0.10
It 171500  11851 | T(s) 1495.74 | Feas 25 190605.80 190620.08 | Inf 31 190578.07 190614.15 | Div 0.11 0.17 | Feas 0.14 1.00 | Pen 165.72 0.10
It 172000  12351 | T(s) 1499.76 | Feas 42 190605.80 190609.22 | Inf 48 190553.21 190560.35 | Div 0.06 0.10 | Feas 0.29 1.00 | Pen 140.86 0.10
It 172500  12851 | T(s) 1503.70 | Feas 49 190605.80 190610.34 | Inf 37 190534.48 190584.01 | Div 0.07 0.15 | Feas 0.31 1.00 | Pen 122.12 0.10
It 173000  13351 | T(s) 1507.70 | Feas 41 190605.80 190610.57 | Inf 38 190527.29 190621.55 | Div 0.08 0.16 | Feas 0.26 1.00 | Pen 124.57 0.10
It 173500  13851 | T(s) 1511.98 | Feas 32 190605.80 190659.36 | Inf 54 190564.83 190617.63 | Div 0.15 0.14 | Feas 0.24 1.00 | Pen 152.47 0.10
It 174000  14351 | T(s) 1516.10 | Feas 50 190605.80 190610.79 | Inf 31 190541.96 190595.90 | Div 0.08 0.15 | Feas 0.29 1.00 | Pen 129.60 0.10
It 174500  14851 | T(s) 1520.22 | Feas 59 190605.80 190611.59 | Inf 46 190547.19 190618.23 | Div 0.08 0.18 | Feas 0.28 1.00 | Pen 134.83 0.10
It 175000  15351 | T(s) 1524.27 | Feas 51 190605.80 190612.80 | Inf 58 190554.93 190613.56 | Div 0.10 0.17 | Feas 0.00 1.00 | Pen 140.28 0.10
It 175500  15851 | T(s) 1528.54 | Feas 50 190605.80 190612.90 | Inf 51 190555.44 190636.92 | Div 0.09 0.18 | Feas 0.22 1.00 | Pen 143.09 0.10
It 176000  16351 | T(s) 1532.63 | Feas 57 190605.80 190610.76 | Inf 42 190558.31 190667.95 | Div 0.07 0.19 | Feas 0.00 1.00 | Pen 145.95 0.10
It 176500  16851 | T(s) 1536.62 | Feas 41 190605.80 190611.32 | Inf 46 190565.55 190677.98 | Div 0.08 0.21 | Feas 0.23 1.00 | Pen 151.85 0.10
It 177000  17351 | T(s) 1540.76 | Feas 25 190605.80 190618.04 | Inf 59 190541.43 190570.35 | Div 0.11 0.12 | Feas 0.31 1.00 | Pen 129.07 0.10
It 177500  17851 | T(s) 1544.87 | Feas 57 190605.80 190613.52 | Inf 62 190567.24 190575.72 | Div 0.07 0.10 | Feas 0.23 1.00 | Pen 154.88 0.10
It 178000  18351 | T(s) 1548.95 | Feas 27 190605.80 190620.35 | Inf 35 190573.50 190615.37 | Div 0.11 0.14 | Feas 0.00 1.00 | Pen 161.14 0.10
It 178500  18851 | T(s) 1553.10 | Feas 50 190605.80 190614.06 | Inf 37 190576.72 190639.07 | Div 0.08 0.17 | Feas 0.19 1.00 | Pen 164.36 0.10
It 179000  19351 | T(s) 1557.27 | Feas 32 190605.80 190612.82 | Inf 52 190528.99 190548.87 | Div 0.10 0.11 | Feas 0.26 1.00 | Pen 118.75 0.10
It 179500  19851 | T(s) 1561.29 | Feas 32 190605.80 190641.01 | Inf 55 190525.28 190605.15 | Div 0.11 0.17 | Feas 0.31 1.00 | Pen 123.55 0.10
----- GENETIC ALGORITHM FINISHED AFTER 179651 ITERATIONS. TIME SPENT: 1562.5
----- WRITING BEST SOLUTION IN : baseline_results/cvrp_hgs/Vrp-Set-X-n586/Vrp-Set-X-n586-hgs/0.hgs1.tour
