PARAMETER_FILE = baseline_results/cvrp_lkh/Vrp-Set-X-n561/Vrp-Set-X-n561-lkh/0.lkh1.par
Reading PROBLEM_FILE: "baseline_results/cvrp_lkh/Vrp-Set-X-n561/Vrp-Set-X-n561-lkh/0.lkh1.vrp" ... done
ASCENT_CANDIDATES = 50
BACKBONE_TRIALS = 0
BACKTRACKING = NO
# BWTSP =
# CANDIDATE_FILE =
CANDIDATE_SET_TYPE = ALPHA
# DISTANCE =
DEPOT = 1
# EDGE_FILE =
EXCESS = 0.00178253
EXTERNAL_SALESMEN = 0
EXTRA_CANDIDATES = 0 
EXTRA_CANDIDATE_SET_TYPE = QUADRANT
GAIN23 = NO
GAIN_CRITERION = YES
INITIAL_PERIOD = 280
INITIAL_STEP_SIZE = 1
INITIAL_TOUR_ALGORITHM = WALK
# INITIAL_TOUR_FILE = 
INITIAL_TOUR_FRACTION = 1.000
# INPUT_TOUR_FILE = 
KICK_TYPE = 4
KICKS = 1
# MAX_BREADTH =
MAKESPAN = NO
MAX_CANDIDATES = 5 
MAX_SWAPS = 0
MAX_TRIALS = 10000
# MERGE_TOUR_FILE =
MOVE_TYPE = 5 SPECIAL
MTSP_MIN_SIZE = 1
MTSP_MAX_SIZE = 560
# MTSP_SOLUTION_FILE = 
# NONSEQUENTIAL_MOVE_TYPE = 5
# OPTIMUM =
OUTPUT_TOUR_FILE = baseline_results/cvrp_lkh/Vrp-Set-X-n561/Vrp-Set-X-n561-lkh/0.lkh1.tour
PATCHING_A = 1 
PATCHING_C = 0 
# PI_FILE = 
POPMUSIC_INITIAL_TOUR = NO
POPMUSIC_MAX_NEIGHBORS = 5
POPMUSIC_SAMPLE_SIZE = 10
POPMUSIC_SOLUTIONS = 50
POPMUSIC_TRIALS = 1
POPULATION_SIZE = 10
PRECISION = 100
PROBLEM_FILE = baseline_results/cvrp_lkh/Vrp-Set-X-n561/Vrp-Set-X-n561-lkh/0.lkh1.vrp
RECOMBINATION = IPT
RESTRICTED_SEARCH = YES
RUNS = 1
SALESMEN = 42
SCALE = 1
SEED = 1234
# SINTEF_SOLUTION_FILE = 
STOP_AT_OPTIMUM = YES
SUBGRADIENT = YES
# SUBPROBLEM_SIZE =
# SUBPROBLEM_TOUR_FILE = 
SUBSEQUENT_MOVE_TYPE = 5 SPECIAL
SUBSEQUENT_PATCHING = YES
# TIME_LIMIT =
# TOTAL_TIME_LIMIT =
# TOUR_FILE = 
TRACE_LEVEL = 1
VEHICLES = 42

Lower bound = 2603381.4, Ascent time = 0.35 sec.
Cand.min = 2, Cand.avg = 5.0, Cand.max = 5
Preprocessing time = 0.35 sec.
* 1: Cost = 0_4911722, Time = 0.41 sec. 
Writing OUTPUT_TOUR_FILE: "baseline_results/cvrp_lkh/Vrp-Set-X-n561/Vrp-Set-X-n561-lkh/0.lkh1.tour" ... done
* 2: Cost = 0_4854422, Time = 0.48 sec. 
Writing OUTPUT_TOUR_FILE: "baseline_results/cvrp_lkh/Vrp-Set-X-n561/Vrp-Set-X-n561-lkh/0.lkh1.tour" ... done
* 4: Cost = 0_4847646, Time = 0.49 sec. 
Writing OUTPUT_TOUR_FILE: "baseline_results/cvrp_lkh/Vrp-Set-X-n561/Vrp-Set-X-n561-lkh/0.lkh1.tour" ... done
* 5: Cost = 0_4819419, Time = 0.50 sec. 
Writing OUTPUT_TOUR_FILE: "baseline_results/cvrp_lkh/Vrp-Set-X-n561/Vrp-Set-X-n561-lkh/0.lkh1.tour" ... done
* 7: Cost = 0_4751680, Time = 0.53 sec. 
Writing OUTPUT_TOUR_FILE: "baseline_results/cvrp_lkh/Vrp-Set-X-n561/Vrp-Set-X-n561-lkh/0.lkh1.tour" ... done
* 8: Cost = 0_4741903, Time = 0.54 sec. 
Writing OUTPUT_TOUR_FILE: "baseline_results/cvrp_lkh/Vrp-Set-X-n561/Vrp-Set-X-n561-lkh/0.lkh1.tour" ... done
* 14: Cost = 0_4735376, Time = 0.56 sec. 
Writing OUTPUT_TOUR_FILE: "baseline_results/cvrp_lkh/Vrp-Set-X-n561/Vrp-Set-X-n561-lkh/0.lkh1.tour" ... done
* 17: Cost = 0_4700498, Time = 0.58 sec. 
Writing OUTPUT_TOUR_FILE: "baseline_results/cvrp_lkh/Vrp-Set-X-n561/Vrp-Set-X-n561-lkh/0.lkh1.tour" ... done
* 19: Cost = 0_4699349, Time = 0.59 sec. 
Writing OUTPUT_TOUR_FILE: "baseline_results/cvrp_lkh/Vrp-Set-X-n561/Vrp-Set-X-n561-lkh/0.lkh1.tour" ... done
* 20: Cost = 0_4699334, Time = 0.60 sec. 
Writing OUTPUT_TOUR_FILE: "baseline_results/cvrp_lkh/Vrp-Set-X-n561/Vrp-Set-X-n561-lkh/0.lkh1.tour" ... done
* 24: Cost = 0_4695789, Time = 0.65 sec. 
Writing OUTPUT_TOUR_FILE: "baseline_results/cvrp_lkh/Vrp-Set-X-n561/Vrp-Set-X-n561-lkh/0.lkh1.tour" ... done
* 25: Cost = 0_4692719, Time = 0.66 sec. 
Writing OUTPUT_TOUR_FILE: "baseline_results/cvrp_lkh/Vrp-Set-X-n561/Vrp-Set-X-n561-lkh/0.lkh1.tour" ... done
* 26: Cost = 0_4685140, Time = 0.68 sec. 
Writing OUTPUT_TOUR_FILE: "baseline_results/cvrp_lkh/Vrp-Set-X-n561/Vrp-Set-X-n561-lkh/0.lkh1.tour" ... done
* 29: Cost = 0_4683329, Time = 0.69 sec. 
Writing OUTPUT_TOUR_FILE: "baseline_results/cvrp_lkh/Vrp-Set-X-n561/Vrp-Set-X-n561-lkh/0.lkh1.tour" ... done
* 38: Cost = 0_4682449, Time = 0.73 sec. 
Writing OUTPUT_TOUR_FILE: "baseline_results/cvrp_lkh/Vrp-Set-X-n561/Vrp-Set-X-n561-lkh/0.lkh1.tour" ... done
* 45: Cost = 0_4682176, Time = 0.78 sec. 
Writing OUTPUT_TOUR_FILE: "baseline_results/cvrp_lkh/Vrp-Set-X-n561/Vrp-Set-X-n561-lkh/0.lkh1.tour" ... done
* 47: Cost = 0_4682172, Time = 0.79 sec. 
Writing OUTPUT_TOUR_FILE: "baseline_results/cvrp_lkh/Vrp-Set-X-n561/Vrp-Set-X-n561-lkh/0.lkh1.tour" ... done
* 50: Cost = 0_4681478, Time = 0.82 sec. 
Writing OUTPUT_TOUR_FILE: "baseline_results/cvrp_lkh/Vrp-Set-X-n561/Vrp-Set-X-n561-lkh/0.lkh1.tour" ... done
* 52: Cost = 0_4678762, Time = 0.83 sec. 
Writing OUTPUT_TOUR_FILE: "baseline_results/cvrp_lkh/Vrp-Set-X-n561/Vrp-Set-X-n561-lkh/0.lkh1.tour" ... done
* 54: Cost = 0_4678657, Time = 0.84 sec. 
Writing OUTPUT_TOUR_FILE: "baseline_results/cvrp_lkh/Vrp-Set-X-n561/Vrp-Set-X-n561-lkh/0.lkh1.tour" ... done
* 55: Cost = 0_4654427, Time = 0.85 sec. 
Writing OUTPUT_TOUR_FILE: "baseline_results/cvrp_lkh/Vrp-Set-X-n561/Vrp-Set-X-n561-lkh/0.lkh1.tour" ... done
* 56: Cost = 0_4629721, Time = 0.87 sec. 
Writing OUTPUT_TOUR_FILE: "baseline_results/cvrp_lkh/Vrp-Set-X-n561/Vrp-Set-X-n561-lkh/0.lkh1.tour" ... done
* 61: Cost = 0_4627038, Time = 0.95 sec. 
Writing OUTPUT_TOUR_FILE: "baseline_results/cvrp_lkh/Vrp-Set-X-n561/Vrp-Set-X-n561-lkh/0.lkh1.tour" ... done
* 63: Cost = 0_4618807, Time = 0.96 sec. 
Writing OUTPUT_TOUR_FILE: "baseline_results/cvrp_lkh/Vrp-Set-X-n561/Vrp-Set-X-n561-lkh/0.lkh1.tour" ... done
* 64: Cost = 0_4612533, Time = 0.97 sec. 
Writing OUTPUT_TOUR_FILE: "baseline_results/cvrp_lkh/Vrp-Set-X-n561/Vrp-Set-X-n561-lkh/0.lkh1.tour" ... done
* 66: Cost = 0_4612248, Time = 1.00 sec. 
Writing OUTPUT_TOUR_FILE: "baseline_results/cvrp_lkh/Vrp-Set-X-n561/Vrp-Set-X-n561-lkh/0.lkh1.tour" ... done
* 67: Cost = 0_4601687, Time = 1.02 sec. 
Writing OUTPUT_TOUR_FILE: "baseline_results/cvrp_lkh/Vrp-Set-X-n561/Vrp-Set-X-n561-lkh/0.lkh1.tour" ... done
* 69: Cost = 0_4601033, Time = 1.03 sec. 
Writing OUTPUT_TOUR_FILE: "baseline_results/cvrp_lkh/Vrp-Set-X-n561/Vrp-Set-X-n561-lkh/0.lkh1.tour" ... done
* 72: Cost = 0_4598818, Time = 1.06 sec. 
Writing OUTPUT_TOUR_FILE: "baseline_results/cvrp_lkh/Vrp-Set-X-n561/Vrp-Set-X-n561-lkh/0.lkh1.tour" ... done
* 74: Cost = 0_4595201, Time = 1.07 sec. 
Writing OUTPUT_TOUR_FILE: "baseline_results/cvrp_lkh/Vrp-Set-X-n561/Vrp-Set-X-n561-lkh/0.lkh1.tour" ... done
* 76: Cost = 0_4582459, Time = 1.08 sec. 
Writing OUTPUT_TOUR_FILE: "baseline_results/cvrp_lkh/Vrp-Set-X-n561/Vrp-Set-X-n561-lkh/0.lkh1.tour" ... done
* 80: Cost = 0_4573509, Time = 1.12 sec. 
Writing OUTPUT_TOUR_FILE: "baseline_results/cvrp_lkh/Vrp-Set-X-n561/Vrp-Set-X-n561-lkh/0.lkh1.tour" ... done
* 82: Cost = 0_4571900, Time = 1.13 sec. 
Writing OUTPUT_TOUR_FILE: "baseline_results/cvrp_lkh/Vrp-Set-X-n561/Vrp-Set-X-n561-lkh/0.lkh1.tour" ... done
* 83: Cost = 0_4569841, Time = 1.15 sec. 
Writing OUTPUT_TOUR_FILE: "baseline_results/cvrp_lkh/Vrp-Set-X-n561/Vrp-Set-X-n561-lkh/0.lkh1.tour" ... done
* 86: Cost = 0_4563780, Time = 1.18 sec. 
Writing OUTPUT_TOUR_FILE: "baseline_results/cvrp_lkh/Vrp-Set-X-n561/Vrp-Set-X-n561-lkh/0.lkh1.tour" ... done
* 90: Cost = 0_4563514, Time = 1.22 sec. 
Writing OUTPUT_TOUR_FILE: "baseline_results/cvrp_lkh/Vrp-Set-X-n561/Vrp-Set-X-n561-lkh/0.lkh1.tour" ... done
* 96: Cost = 0_4561869, Time = 1.38 sec. 
Writing OUTPUT_TOUR_FILE: "baseline_results/cvrp_lkh/Vrp-Set-X-n561/Vrp-Set-X-n561-lkh/0.lkh1.tour" ... done
* 106: Cost = 0_4558483, Time = 1.50 sec. 
Writing OUTPUT_TOUR_FILE: "baseline_results/cvrp_lkh/Vrp-Set-X-n561/Vrp-Set-X-n561-lkh/0.lkh1.tour" ... done
* 108: Cost = 0_4558434, Time = 1.53 sec. 
Writing OUTPUT_TOUR_FILE: "baseline_results/cvrp_lkh/Vrp-Set-X-n561/Vrp-Set-X-n561-lkh/0.lkh1.tour" ... done
* 112: Cost = 0_4557315, Time = 1.55 sec. 
Writing OUTPUT_TOUR_FILE: "baseline_results/cvrp_lkh/Vrp-Set-X-n561/Vrp-Set-X-n561-lkh/0.lkh1.tour" ... done
* 114: Cost = 0_4544243, Time = 1.59 sec. 
Writing OUTPUT_TOUR_FILE: "baseline_results/cvrp_lkh/Vrp-Set-X-n561/Vrp-Set-X-n561-lkh/0.lkh1.tour" ... done
* 117: Cost = 0_4538582, Time = 1.61 sec. 
Writing OUTPUT_TOUR_FILE: "baseline_results/cvrp_lkh/Vrp-Set-X-n561/Vrp-Set-X-n561-lkh/0.lkh1.tour" ... done
* 124: Cost = 0_4518583, Time = 1.70 sec. 
Writing OUTPUT_TOUR_FILE: "baseline_results/cvrp_lkh/Vrp-Set-X-n561/Vrp-Set-X-n561-lkh/0.lkh1.tour" ... done
* 127: Cost = 0_4508194, Time = 1.74 sec. 
Writing OUTPUT_TOUR_FILE: "baseline_results/cvrp_lkh/Vrp-Set-X-n561/Vrp-Set-X-n561-lkh/0.lkh1.tour" ... done
* 128: Cost = 0_4506698, Time = 1.75 sec. 
Writing OUTPUT_TOUR_FILE: "baseline_results/cvrp_lkh/Vrp-Set-X-n561/Vrp-Set-X-n561-lkh/0.lkh1.tour" ... done
* 132: Cost = 0_4503278, Time = 1.78 sec. 
Writing OUTPUT_TOUR_FILE: "baseline_results/cvrp_lkh/Vrp-Set-X-n561/Vrp-Set-X-n561-lkh/0.lkh1.tour" ... done
* 136: Cost = 0_4500991, Time = 1.81 sec. 
Writing OUTPUT_TOUR_FILE: "baseline_results/cvrp_lkh/Vrp-Set-X-n561/Vrp-Set-X-n561-lkh/0.lkh1.tour" ... done
* 144: Cost = 0_4495311, Time = 1.89 sec. 
Writing OUTPUT_TOUR_FILE: "baseline_results/cvrp_lkh/Vrp-Set-X-n561/Vrp-Set-X-n561-lkh/0.lkh1.tour" ... done
* 147: Cost = 0_4487054, Time = 1.92 sec. 
Writing OUTPUT_TOUR_FILE: "baseline_results/cvrp_lkh/Vrp-Set-X-n561/Vrp-Set-X-n561-lkh/0.lkh1.tour" ... done
* 153: Cost = 0_4486817, Time = 2.09 sec. 
Writing OUTPUT_TOUR_FILE: "baseline_results/cvrp_lkh/Vrp-Set-X-n561/Vrp-Set-X-n561-lkh/0.lkh1.tour" ... done
* 160: Cost = 0_4486390, Time = 2.15 sec. 
Writing OUTPUT_TOUR_FILE: "baseline_results/cvrp_lkh/Vrp-Set-X-n561/Vrp-Set-X-n561-lkh/0.lkh1.tour" ... done
* 163: Cost = 0_4485990, Time = 2.16 sec. 
Writing OUTPUT_TOUR_FILE: "baseline_results/cvrp_lkh/Vrp-Set-X-n561/Vrp-Set-X-n561-lkh/0.lkh1.tour" ... done
* 172: Cost = 0_4484814, Time = 2.29 sec. 
Writing OUTPUT_TOUR_FILE: "baseline_results/cvrp_lkh/Vrp-Set-X-n561/Vrp-Set-X-n561-lkh/0.lkh1.tour" ... done
* 174: Cost = 0_4479811, Time = 2.31 sec. 
Writing OUTPUT_TOUR_FILE: "baseline_results/cvrp_lkh/Vrp-Set-X-n561/Vrp-Set-X-n561-lkh/0.lkh1.tour" ... done
* 175: Cost = 0_4476032, Time = 2.31 sec. 
Writing OUTPUT_TOUR_FILE: "baseline_results/cvrp_lkh/Vrp-Set-X-n561/Vrp-Set-X-n561-lkh/0.lkh1.tour" ... done
* 188: Cost = 0_4474531, Time = 2.36 sec. 
Writing OUTPUT_TOUR_FILE: "baseline_results/cvrp_lkh/Vrp-Set-X-n561/Vrp-Set-X-n561-lkh/0.lkh1.tour" ... done
* 197: Cost = 0_4473826, Time = 2.51 sec. 
Writing OUTPUT_TOUR_FILE: "baseline_results/cvrp_lkh/Vrp-Set-X-n561/Vrp-Set-X-n561-lkh/0.lkh1.tour" ... done
* 211: Cost = 0_4473722, Time = 2.57 sec. 
Writing OUTPUT_TOUR_FILE: "baseline_results/cvrp_lkh/Vrp-Set-X-n561/Vrp-Set-X-n561-lkh/0.lkh1.tour" ... done
* 213: Cost = 0_4473442, Time = 2.60 sec. 
Writing OUTPUT_TOUR_FILE: "baseline_results/cvrp_lkh/Vrp-Set-X-n561/Vrp-Set-X-n561-lkh/0.lkh1.tour" ... done
* 220: Cost = 0_4471577, Time = 2.68 sec. 
Writing OUTPUT_TOUR_FILE: "baseline_results/cvrp_lkh/Vrp-Set-X-n561/Vrp-Set-X-n561-lkh/0.lkh1.tour" ... done
* 222: Cost = 0_4469168, Time = 2.69 sec. 
Writing OUTPUT_TOUR_FILE: "baseline_results/cvrp_lkh/Vrp-Set-X-n561/Vrp-Set-X-n561-lkh/0.lkh1.tour" ... done
* 245: Cost = 0_4468959, Time = 2.87 sec. 
Writing OUTPUT_TOUR_FILE: "baseline_results/cvrp_lkh/Vrp-Set-X-n561/Vrp-Set-X-n561-lkh/0.lkh1.tour" ... done
* 246: Cost = 0_4468874, Time = 2.88 sec. 
Writing OUTPUT_TOUR_FILE: "baseline_results/cvrp_lkh/Vrp-Set-X-n561/Vrp-Set-X-n561-lkh/0.lkh1.tour" ... done
* 251: Cost = 0_4466556, Time = 2.91 sec. 
Writing OUTPUT_TOUR_FILE: "baseline_results/cvrp_lkh/Vrp-Set-X-n561/Vrp-Set-X-n561-lkh/0.lkh1.tour" ... done
* 252: Cost = 0_4466367, Time = 2.92 sec. 
Writing OUTPUT_TOUR_FILE: "baseline_results/cvrp_lkh/Vrp-Set-X-n561/Vrp-Set-X-n561-lkh/0.lkh1.tour" ... done
* 276: Cost = 0_4463927, Time = 3.21 sec. 
Writing OUTPUT_TOUR_FILE: "baseline_results/cvrp_lkh/Vrp-Set-X-n561/Vrp-Set-X-n561-lkh/0.lkh1.tour" ... done
* 278: Cost = 0_4461980, Time = 3.21 sec. 
Writing OUTPUT_TOUR_FILE: "baseline_results/cvrp_lkh/Vrp-Set-X-n561/Vrp-Set-X-n561-lkh/0.lkh1.tour" ... done
* 282: Cost = 0_4461557, Time = 3.24 sec. 
Writing OUTPUT_TOUR_FILE: "baseline_results/cvrp_lkh/Vrp-Set-X-n561/Vrp-Set-X-n561-lkh/0.lkh1.tour" ... done
* 309: Cost = 0_4459633, Time = 3.49 sec. 
Writing OUTPUT_TOUR_FILE: "baseline_results/cvrp_lkh/Vrp-Set-X-n561/Vrp-Set-X-n561-lkh/0.lkh1.tour" ... done
* 319: Cost = 0_4459487, Time = 3.64 sec. 
Writing OUTPUT_TOUR_FILE: "baseline_results/cvrp_lkh/Vrp-Set-X-n561/Vrp-Set-X-n561-lkh/0.lkh1.tour" ... done
* 338: Cost = 0_4457385, Time = 3.77 sec. 
Writing OUTPUT_TOUR_FILE: "baseline_results/cvrp_lkh/Vrp-Set-X-n561/Vrp-Set-X-n561-lkh/0.lkh1.tour" ... done
* 348: Cost = 0_4454653, Time = 3.84 sec. 
Writing OUTPUT_TOUR_FILE: "baseline_results/cvrp_lkh/Vrp-Set-X-n561/Vrp-Set-X-n561-lkh/0.lkh1.tour" ... done
* 381: Cost = 0_4454513, Time = 4.12 sec. 
Writing OUTPUT_TOUR_FILE: "baseline_results/cvrp_lkh/Vrp-Set-X-n561/Vrp-Set-X-n561-lkh/0.lkh1.tour" ... done
* 396: Cost = 0_4454030, Time = 4.21 sec. 
Writing OUTPUT_TOUR_FILE: "baseline_results/cvrp_lkh/Vrp-Set-X-n561/Vrp-Set-X-n561-lkh/0.lkh1.tour" ... done
* 419: Cost = 0_4453096, Time = 4.33 sec. 
Writing OUTPUT_TOUR_FILE: "baseline_results/cvrp_lkh/Vrp-Set-X-n561/Vrp-Set-X-n561-lkh/0.lkh1.tour" ... done
* 454: Cost = 0_4452938, Time = 4.59 sec. 
Writing OUTPUT_TOUR_FILE: "baseline_results/cvrp_lkh/Vrp-Set-X-n561/Vrp-Set-X-n561-lkh/0.lkh1.tour" ... done
* 489: Cost = 0_4444370, Time = 4.95 sec. 
Writing OUTPUT_TOUR_FILE: "baseline_results/cvrp_lkh/Vrp-Set-X-n561/Vrp-Set-X-n561-lkh/0.lkh1.tour" ... done
* 490: Cost = 0_4444344, Time = 4.97 sec. 
Writing OUTPUT_TOUR_FILE: "baseline_results/cvrp_lkh/Vrp-Set-X-n561/Vrp-Set-X-n561-lkh/0.lkh1.tour" ... done
* 495: Cost = 0_4443962, Time = 5.03 sec. 
Writing OUTPUT_TOUR_FILE: "baseline_results/cvrp_lkh/Vrp-Set-X-n561/Vrp-Set-X-n561-lkh/0.lkh1.tour" ... done
* 503: Cost = 0_4442913, Time = 5.08 sec. 
Writing OUTPUT_TOUR_FILE: "baseline_results/cvrp_lkh/Vrp-Set-X-n561/Vrp-Set-X-n561-lkh/0.lkh1.tour" ... done
* 504: Cost = 0_4442097, Time = 5.09 sec. 
Writing OUTPUT_TOUR_FILE: "baseline_results/cvrp_lkh/Vrp-Set-X-n561/Vrp-Set-X-n561-lkh/0.lkh1.tour" ... done
* 526: Cost = 0_4441204, Time = 5.27 sec. 
Writing OUTPUT_TOUR_FILE: "baseline_results/cvrp_lkh/Vrp-Set-X-n561/Vrp-Set-X-n561-lkh/0.lkh1.tour" ... done
* 535: Cost = 0_4439981, Time = 5.46 sec. 
Writing OUTPUT_TOUR_FILE: "baseline_results/cvrp_lkh/Vrp-Set-X-n561/Vrp-Set-X-n561-lkh/0.lkh1.tour" ... done
* 542: Cost = 0_4439850, Time = 5.51 sec. 
Writing OUTPUT_TOUR_FILE: "baseline_results/cvrp_lkh/Vrp-Set-X-n561/Vrp-Set-X-n561-lkh/0.lkh1.tour" ... done
* 544: Cost = 0_4439588, Time = 5.52 sec. 
Writing OUTPUT_TOUR_FILE: "baseline_results/cvrp_lkh/Vrp-Set-X-n561/Vrp-Set-X-n561-lkh/0.lkh1.tour" ... done
* 582: Cost = 0_4439190, Time = 5.87 sec. 
Writing OUTPUT_TOUR_FILE: "baseline_results/cvrp_lkh/Vrp-Set-X-n561/Vrp-Set-X-n561-lkh/0.lkh1.tour" ... done
* 586: Cost = 0_4439158, Time = 5.89 sec. 
Writing OUTPUT_TOUR_FILE: "baseline_results/cvrp_lkh/Vrp-Set-X-n561/Vrp-Set-X-n561-lkh/0.lkh1.tour" ... done
* 587: Cost = 0_4436882, Time = 5.90 sec. 
Writing OUTPUT_TOUR_FILE: "baseline_results/cvrp_lkh/Vrp-Set-X-n561/Vrp-Set-X-n561-lkh/0.lkh1.tour" ... done
* 592: Cost = 0_4420137, Time = 6.08 sec. 
Writing OUTPUT_TOUR_FILE: "baseline_results/cvrp_lkh/Vrp-Set-X-n561/Vrp-Set-X-n561-lkh/0.lkh1.tour" ... done
* 597: Cost = 0_4420024, Time = 6.23 sec. 
Writing OUTPUT_TOUR_FILE: "baseline_results/cvrp_lkh/Vrp-Set-X-n561/Vrp-Set-X-n561-lkh/0.lkh1.tour" ... done
* 615: Cost = 0_4419852, Time = 6.53 sec. 
Writing OUTPUT_TOUR_FILE: "baseline_results/cvrp_lkh/Vrp-Set-X-n561/Vrp-Set-X-n561-lkh/0.lkh1.tour" ... done
* 621: Cost = 0_4417208, Time = 6.57 sec. 
Writing OUTPUT_TOUR_FILE: "baseline_results/cvrp_lkh/Vrp-Set-X-n561/Vrp-Set-X-n561-lkh/0.lkh1.tour" ... done
* 627: Cost = 0_4416922, Time = 6.60 sec. 
Writing OUTPUT_TOUR_FILE: "baseline_results/cvrp_lkh/Vrp-Set-X-n561/Vrp-Set-X-n561-lkh/0.lkh1.tour" ... done
* 635: Cost = 0_4414676, Time = 6.65 sec. 
Writing OUTPUT_TOUR_FILE: "baseline_results/cvrp_lkh/Vrp-Set-X-n561/Vrp-Set-X-n561-lkh/0.lkh1.tour" ... done
* 639: Cost = 0_4414244, Time = 6.72 sec. 
Writing OUTPUT_TOUR_FILE: "baseline_results/cvrp_lkh/Vrp-Set-X-n561/Vrp-Set-X-n561-lkh/0.lkh1.tour" ... done
* 645: Cost = 0_4413477, Time = 6.80 sec. 
Writing OUTPUT_TOUR_FILE: "baseline_results/cvrp_lkh/Vrp-Set-X-n561/Vrp-Set-X-n561-lkh/0.lkh1.tour" ... done
* 652: Cost = 0_4413253, Time = 6.87 sec. 
Writing OUTPUT_TOUR_FILE: "baseline_results/cvrp_lkh/Vrp-Set-X-n561/Vrp-Set-X-n561-lkh/0.lkh1.tour" ... done
* 653: Cost = 0_4412810, Time = 6.88 sec. 
Writing OUTPUT_TOUR_FILE: "baseline_results/cvrp_lkh/Vrp-Set-X-n561/Vrp-Set-X-n561-lkh/0.lkh1.tour" ... done
* 655: Cost = 0_4406656, Time = 6.92 sec. 
Writing OUTPUT_TOUR_FILE: "baseline_results/cvrp_lkh/Vrp-Set-X-n561/Vrp-Set-X-n561-lkh/0.lkh1.tour" ... done
* 661: Cost = 0_4404195, Time = 6.96 sec. 
Writing OUTPUT_TOUR_FILE: "baseline_results/cvrp_lkh/Vrp-Set-X-n561/Vrp-Set-X-n561-lkh/0.lkh1.tour" ... done
* 667: Cost = 0_4402053, Time = 7.02 sec. 
Writing OUTPUT_TOUR_FILE: "baseline_results/cvrp_lkh/Vrp-Set-X-n561/Vrp-Set-X-n561-lkh/0.lkh1.tour" ... done
* 689: Cost = 0_4399804, Time = 7.24 sec. 
Writing OUTPUT_TOUR_FILE: "baseline_results/cvrp_lkh/Vrp-Set-X-n561/Vrp-Set-X-n561-lkh/0.lkh1.tour" ... done
* 705: Cost = 0_4399707, Time = 7.39 sec. 
Writing OUTPUT_TOUR_FILE: "baseline_results/cvrp_lkh/Vrp-Set-X-n561/Vrp-Set-X-n561-lkh/0.lkh1.tour" ... done
* 709: Cost = 0_4399365, Time = 7.42 sec. 
Writing OUTPUT_TOUR_FILE: "baseline_results/cvrp_lkh/Vrp-Set-X-n561/Vrp-Set-X-n561-lkh/0.lkh1.tour" ... done
* 711: Cost = 0_4398516, Time = 7.43 sec. 
Writing OUTPUT_TOUR_FILE: "baseline_results/cvrp_lkh/Vrp-Set-X-n561/Vrp-Set-X-n561-lkh/0.lkh1.tour" ... done
* 741: Cost = 0_4398470, Time = 7.71 sec. 
Writing OUTPUT_TOUR_FILE: "baseline_results/cvrp_lkh/Vrp-Set-X-n561/Vrp-Set-X-n561-lkh/0.lkh1.tour" ... done
* 753: Cost = 0_4398166, Time = 7.79 sec. 
Writing OUTPUT_TOUR_FILE: "baseline_results/cvrp_lkh/Vrp-Set-X-n561/Vrp-Set-X-n561-lkh/0.lkh1.tour" ... done
* 756: Cost = 0_4398085, Time = 7.86 sec. 
Writing OUTPUT_TOUR_FILE: "baseline_results/cvrp_lkh/Vrp-Set-X-n561/Vrp-Set-X-n561-lkh/0.lkh1.tour" ... done
* 790: Cost = 0_4397715, Time = 8.14 sec. 
Writing OUTPUT_TOUR_FILE: "baseline_results/cvrp_lkh/Vrp-Set-X-n561/Vrp-Set-X-n561-lkh/0.lkh1.tour" ... done
* 801: Cost = 0_4397363, Time = 8.30 sec. 
Writing OUTPUT_TOUR_FILE: "baseline_results/cvrp_lkh/Vrp-Set-X-n561/Vrp-Set-X-n561-lkh/0.lkh1.tour" ... done
* 803: Cost = 0_4395576, Time = 8.33 sec. 
Writing OUTPUT_TOUR_FILE: "baseline_results/cvrp_lkh/Vrp-Set-X-n561/Vrp-Set-X-n561-lkh/0.lkh1.tour" ... done
* 805: Cost = 0_4395564, Time = 8.36 sec. 
Writing OUTPUT_TOUR_FILE: "baseline_results/cvrp_lkh/Vrp-Set-X-n561/Vrp-Set-X-n561-lkh/0.lkh1.tour" ... done
* 815: Cost = 0_4395089, Time = 8.39 sec. 
Writing OUTPUT_TOUR_FILE: "baseline_results/cvrp_lkh/Vrp-Set-X-n561/Vrp-Set-X-n561-lkh/0.lkh1.tour" ... done
* 826: Cost = 0_4393341, Time = 8.44 sec. 
Writing OUTPUT_TOUR_FILE: "baseline_results/cvrp_lkh/Vrp-Set-X-n561/Vrp-Set-X-n561-lkh/0.lkh1.tour" ... done
* 843: Cost = 0_4393150, Time = 8.57 sec. 
Writing OUTPUT_TOUR_FILE: "baseline_results/cvrp_lkh/Vrp-Set-X-n561/Vrp-Set-X-n561-lkh/0.lkh1.tour" ... done
* 857: Cost = 0_4392748, Time = 8.66 sec. 
Writing OUTPUT_TOUR_FILE: "baseline_results/cvrp_lkh/Vrp-Set-X-n561/Vrp-Set-X-n561-lkh/0.lkh1.tour" ... done
* 859: Cost = 0_4392356, Time = 8.69 sec. 
Writing OUTPUT_TOUR_FILE: "baseline_results/cvrp_lkh/Vrp-Set-X-n561/Vrp-Set-X-n561-lkh/0.lkh1.tour" ... done
* 861: Cost = 0_4392354, Time = 8.71 sec. 
Writing OUTPUT_TOUR_FILE: "baseline_results/cvrp_lkh/Vrp-Set-X-n561/Vrp-Set-X-n561-lkh/0.lkh1.tour" ... done
* 1010: Cost = 0_4391866, Time = 9.93 sec. 
Writing OUTPUT_TOUR_FILE: "baseline_results/cvrp_lkh/Vrp-Set-X-n561/Vrp-Set-X-n561-lkh/0.lkh1.tour" ... done
* 1032: Cost = 0_4391501, Time = 10.06 sec. 
Writing OUTPUT_TOUR_FILE: "baseline_results/cvrp_lkh/Vrp-Set-X-n561/Vrp-Set-X-n561-lkh/0.lkh1.tour" ... done
* 1118: Cost = 0_4390783, Time = 10.75 sec. 
Writing OUTPUT_TOUR_FILE: "baseline_results/cvrp_lkh/Vrp-Set-X-n561/Vrp-Set-X-n561-lkh/0.lkh1.tour" ... done
* 1157: Cost = 0_4390720, Time = 11.18 sec. 
Writing OUTPUT_TOUR_FILE: "baseline_results/cvrp_lkh/Vrp-Set-X-n561/Vrp-Set-X-n561-lkh/0.lkh1.tour" ... done
* 1170: Cost = 0_4390679, Time = 11.28 sec. 
Writing OUTPUT_TOUR_FILE: "baseline_results/cvrp_lkh/Vrp-Set-X-n561/Vrp-Set-X-n561-lkh/0.lkh1.tour" ... done
* 1182: Cost = 0_4390524, Time = 11.39 sec. 
Writing OUTPUT_TOUR_FILE: "baseline_results/cvrp_lkh/Vrp-Set-X-n561/Vrp-Set-X-n561-lkh/0.lkh1.tour" ... done
* 1214: Cost = 0_4390487, Time = 11.74 sec. 
Writing OUTPUT_TOUR_FILE: "baseline_results/cvrp_lkh/Vrp-Set-X-n561/Vrp-Set-X-n561-lkh/0.lkh1.tour" ... done
* 1236: Cost = 0_4390159, Time = 11.86 sec. 
Writing OUTPUT_TOUR_FILE: "baseline_results/cvrp_lkh/Vrp-Set-X-n561/Vrp-Set-X-n561-lkh/0.lkh1.tour" ... done
* 1240: Cost = 0_4389973, Time = 11.88 sec. 
Writing OUTPUT_TOUR_FILE: "baseline_results/cvrp_lkh/Vrp-Set-X-n561/Vrp-Set-X-n561-lkh/0.lkh1.tour" ... done
* 1252: Cost = 0_4388832, Time = 12.01 sec. 
Writing OUTPUT_TOUR_FILE: "baseline_results/cvrp_lkh/Vrp-Set-X-n561/Vrp-Set-X-n561-lkh/0.lkh1.tour" ... done
* 1262: Cost = 0_4388808, Time = 12.16 sec. 
Writing OUTPUT_TOUR_FILE: "baseline_results/cvrp_lkh/Vrp-Set-X-n561/Vrp-Set-X-n561-lkh/0.lkh1.tour" ... done
* 1272: Cost = 0_4388243, Time = 12.28 sec. 
Writing OUTPUT_TOUR_FILE: "baseline_results/cvrp_lkh/Vrp-Set-X-n561/Vrp-Set-X-n561-lkh/0.lkh1.tour" ... done
* 1290: Cost = 0_4388156, Time = 12.50 sec. 
Writing OUTPUT_TOUR_FILE: "baseline_results/cvrp_lkh/Vrp-Set-X-n561/Vrp-Set-X-n561-lkh/0.lkh1.tour" ... done
* 1297: Cost = 0_4388095, Time = 12.58 sec. 
Writing OUTPUT_TOUR_FILE: "baseline_results/cvrp_lkh/Vrp-Set-X-n561/Vrp-Set-X-n561-lkh/0.lkh1.tour" ... done
* 1310: Cost = 0_4387723, Time = 12.75 sec. 
Writing OUTPUT_TOUR_FILE: "baseline_results/cvrp_lkh/Vrp-Set-X-n561/Vrp-Set-X-n561-lkh/0.lkh1.tour" ... done
* 1312: Cost = 0_4387499, Time = 12.76 sec. 
Writing OUTPUT_TOUR_FILE: "baseline_results/cvrp_lkh/Vrp-Set-X-n561/Vrp-Set-X-n561-lkh/0.lkh1.tour" ... done
* 1354: Cost = 0_4387009, Time = 13.15 sec. 
Writing OUTPUT_TOUR_FILE: "baseline_results/cvrp_lkh/Vrp-Set-X-n561/Vrp-Set-X-n561-lkh/0.lkh1.tour" ... done
* 1358: Cost = 0_4382532, Time = 13.19 sec. 
Writing OUTPUT_TOUR_FILE: "baseline_results/cvrp_lkh/Vrp-Set-X-n561/Vrp-Set-X-n561-lkh/0.lkh1.tour" ... done
* 1616: Cost = 0_4381837, Time = 16.03 sec. 
Writing OUTPUT_TOUR_FILE: "baseline_results/cvrp_lkh/Vrp-Set-X-n561/Vrp-Set-X-n561-lkh/0.lkh1.tour" ... done
* 1642: Cost = 0_4377736, Time = 16.23 sec. 
Writing OUTPUT_TOUR_FILE: "baseline_results/cvrp_lkh/Vrp-Set-X-n561/Vrp-Set-X-n561-lkh/0.lkh1.tour" ... done
* 1658: Cost = 0_4376629, Time = 16.41 sec. 
Writing OUTPUT_TOUR_FILE: "baseline_results/cvrp_lkh/Vrp-Set-X-n561/Vrp-Set-X-n561-lkh/0.lkh1.tour" ... done
* 1714: Cost = 0_4376583, Time = 16.90 sec. 
Writing OUTPUT_TOUR_FILE: "baseline_results/cvrp_lkh/Vrp-Set-X-n561/Vrp-Set-X-n561-lkh/0.lkh1.tour" ... done
* 1729: Cost = 0_4376307, Time = 17.05 sec. 
Writing OUTPUT_TOUR_FILE: "baseline_results/cvrp_lkh/Vrp-Set-X-n561/Vrp-Set-X-n561-lkh/0.lkh1.tour" ... done
* 1758: Cost = 0_4376057, Time = 17.40 sec. 
Writing OUTPUT_TOUR_FILE: "baseline_results/cvrp_lkh/Vrp-Set-X-n561/Vrp-Set-X-n561-lkh/0.lkh1.tour" ... done
* 1761: Cost = 0_4375868, Time = 17.41 sec. 
Writing OUTPUT_TOUR_FILE: "baseline_results/cvrp_lkh/Vrp-Set-X-n561/Vrp-Set-X-n561-lkh/0.lkh1.tour" ... done
* 1835: Cost = 0_4375626, Time = 17.94 sec. 
Writing OUTPUT_TOUR_FILE: "baseline_results/cvrp_lkh/Vrp-Set-X-n561/Vrp-Set-X-n561-lkh/0.lkh1.tour" ... done
* 2067: Cost = 0_4375287, Time = 19.88 sec. 
Writing OUTPUT_TOUR_FILE: "baseline_results/cvrp_lkh/Vrp-Set-X-n561/Vrp-Set-X-n561-lkh/0.lkh1.tour" ... done
* 2395: Cost = 0_4374155, Time = 23.33 sec. 
Writing OUTPUT_TOUR_FILE: "baseline_results/cvrp_lkh/Vrp-Set-X-n561/Vrp-Set-X-n561-lkh/0.lkh1.tour" ... done
* 2397: Cost = 0_4372349, Time = 23.36 sec. 
Writing OUTPUT_TOUR_FILE: "baseline_results/cvrp_lkh/Vrp-Set-X-n561/Vrp-Set-X-n561-lkh/0.lkh1.tour" ... done
* 2438: Cost = 0_4372343, Time = 23.84 sec. 
Writing OUTPUT_TOUR_FILE: "baseline_results/cvrp_lkh/Vrp-Set-X-n561/Vrp-Set-X-n561-lkh/0.lkh1.tour" ... done
* 2465: Cost = 0_4371375, Time = 24.13 sec. 
Writing OUTPUT_TOUR_FILE: "baseline_results/cvrp_lkh/Vrp-Set-X-n561/Vrp-Set-X-n561-lkh/0.lkh1.tour" ... done
* 2476: Cost = 0_4370575, Time = 24.27 sec. 
Writing OUTPUT_TOUR_FILE: "baseline_results/cvrp_lkh/Vrp-Set-X-n561/Vrp-Set-X-n561-lkh/0.lkh1.tour" ... done
* 2488: Cost = 0_4370144, Time = 24.41 sec. 
Writing OUTPUT_TOUR_FILE: "baseline_results/cvrp_lkh/Vrp-Set-X-n561/Vrp-Set-X-n561-lkh/0.lkh1.tour" ... done
* 2492: Cost = 0_4370049, Time = 24.46 sec. 
Writing OUTPUT_TOUR_FILE: "baseline_results/cvrp_lkh/Vrp-Set-X-n561/Vrp-Set-X-n561-lkh/0.lkh1.tour" ... done
* 2507: Cost = 0_4369702, Time = 24.63 sec. 
Writing OUTPUT_TOUR_FILE: "baseline_results/cvrp_lkh/Vrp-Set-X-n561/Vrp-Set-X-n561-lkh/0.lkh1.tour" ... done
* 2574: Cost = 0_4369681, Time = 25.20 sec. 
Writing OUTPUT_TOUR_FILE: "baseline_results/cvrp_lkh/Vrp-Set-X-n561/Vrp-Set-X-n561-lkh/0.lkh1.tour" ... done
* 2643: Cost = 0_4369656, Time = 25.73 sec. 
Writing OUTPUT_TOUR_FILE: "baseline_results/cvrp_lkh/Vrp-Set-X-n561/Vrp-Set-X-n561-lkh/0.lkh1.tour" ... done
* 2998: Cost = 0_4368323, Time = 29.62 sec. 
Writing OUTPUT_TOUR_FILE: "baseline_results/cvrp_lkh/Vrp-Set-X-n561/Vrp-Set-X-n561-lkh/0.lkh1.tour" ... done
* 3130: Cost = 0_4368264, Time = 31.22 sec. 
Writing OUTPUT_TOUR_FILE: "baseline_results/cvrp_lkh/Vrp-Set-X-n561/Vrp-Set-X-n561-lkh/0.lkh1.tour" ... done
* 3209: Cost = 0_4366544, Time = 31.96 sec. 
Writing OUTPUT_TOUR_FILE: "baseline_results/cvrp_lkh/Vrp-Set-X-n561/Vrp-Set-X-n561-lkh/0.lkh1.tour" ... done
* 3216: Cost = 0_4365520, Time = 32.07 sec. 
Writing OUTPUT_TOUR_FILE: "baseline_results/cvrp_lkh/Vrp-Set-X-n561/Vrp-Set-X-n561-lkh/0.lkh1.tour" ... done
* 3235: Cost = 0_4365386, Time = 32.31 sec. 
Writing OUTPUT_TOUR_FILE: "baseline_results/cvrp_lkh/Vrp-Set-X-n561/Vrp-Set-X-n561-lkh/0.lkh1.tour" ... done
* 3248: Cost = 0_4365287, Time = 32.43 sec. 
Writing OUTPUT_TOUR_FILE: "baseline_results/cvrp_lkh/Vrp-Set-X-n561/Vrp-Set-X-n561-lkh/0.lkh1.tour" ... done
* 3579: Cost = 0_4364904, Time = 35.71 sec. 
Writing OUTPUT_TOUR_FILE: "baseline_results/cvrp_lkh/Vrp-Set-X-n561/Vrp-Set-X-n561-lkh/0.lkh1.tour" ... done
* 3672: Cost = 0_4364843, Time = 36.65 sec. 
Writing OUTPUT_TOUR_FILE: "baseline_results/cvrp_lkh/Vrp-Set-X-n561/Vrp-Set-X-n561-lkh/0.lkh1.tour" ... done
* 3687: Cost = 0_4364296, Time = 36.84 sec. 
Writing OUTPUT_TOUR_FILE: "baseline_results/cvrp_lkh/Vrp-Set-X-n561/Vrp-Set-X-n561-lkh/0.lkh1.tour" ... done
* 3899: Cost = 0_4363457, Time = 39.06 sec. 
Writing OUTPUT_TOUR_FILE: "baseline_results/cvrp_lkh/Vrp-Set-X-n561/Vrp-Set-X-n561-lkh/0.lkh1.tour" ... done
* 4033: Cost = 0_4362779, Time = 40.83 sec. 
Writing OUTPUT_TOUR_FILE: "baseline_results/cvrp_lkh/Vrp-Set-X-n561/Vrp-Set-X-n561-lkh/0.lkh1.tour" ... done
* 4097: Cost = 0_4362773, Time = 41.48 sec. 
Writing OUTPUT_TOUR_FILE: "baseline_results/cvrp_lkh/Vrp-Set-X-n561/Vrp-Set-X-n561-lkh/0.lkh1.tour" ... done
* 4612: Cost = 0_4361387, Time = 47.09 sec. 
Writing OUTPUT_TOUR_FILE: "baseline_results/cvrp_lkh/Vrp-Set-X-n561/Vrp-Set-X-n561-lkh/0.lkh1.tour" ... done
* 4718: Cost = 0_4361175, Time = 48.69 sec. 
Writing OUTPUT_TOUR_FILE: "baseline_results/cvrp_lkh/Vrp-Set-X-n561/Vrp-Set-X-n561-lkh/0.lkh1.tour" ... done
* 4820: Cost = 0_4361102, Time = 49.99 sec. 
Writing OUTPUT_TOUR_FILE: "baseline_results/cvrp_lkh/Vrp-Set-X-n561/Vrp-Set-X-n561-lkh/0.lkh1.tour" ... done
* 4905: Cost = 0_4360248, Time = 51.23 sec. 
Writing OUTPUT_TOUR_FILE: "baseline_results/cvrp_lkh/Vrp-Set-X-n561/Vrp-Set-X-n561-lkh/0.lkh1.tour" ... done
* 5435: Cost = 0_4360007, Time = 57.31 sec. 
Writing OUTPUT_TOUR_FILE: "baseline_results/cvrp_lkh/Vrp-Set-X-n561/Vrp-Set-X-n561-lkh/0.lkh1.tour" ... done
* 5480: Cost = 0_4359497, Time = 57.74 sec. 
Writing OUTPUT_TOUR_FILE: "baseline_results/cvrp_lkh/Vrp-Set-X-n561/Vrp-Set-X-n561-lkh/0.lkh1.tour" ... done
* 5750: Cost = 0_4359274, Time = 60.89 sec. 
Writing OUTPUT_TOUR_FILE: "baseline_results/cvrp_lkh/Vrp-Set-X-n561/Vrp-Set-X-n561-lkh/0.lkh1.tour" ... done
* 6033: Cost = 0_4358936, Time = 64.20 sec. 
Writing OUTPUT_TOUR_FILE: "baseline_results/cvrp_lkh/Vrp-Set-X-n561/Vrp-Set-X-n561-lkh/0.lkh1.tour" ... done
* 6057: Cost = 0_4358898, Time = 64.42 sec. 
Writing OUTPUT_TOUR_FILE: "baseline_results/cvrp_lkh/Vrp-Set-X-n561/Vrp-Set-X-n561-lkh/0.lkh1.tour" ... done
* 6697: Cost = 0_4358790, Time = 72.42 sec. 
Writing OUTPUT_TOUR_FILE: "baseline_results/cvrp_lkh/Vrp-Set-X-n561/Vrp-Set-X-n561-lkh/0.lkh1.tour" ... done
* 6748: Cost = 0_4357165, Time = 73.06 sec. 
Writing OUTPUT_TOUR_FILE: "baseline_results/cvrp_lkh/Vrp-Set-X-n561/Vrp-Set-X-n561-lkh/0.lkh1.tour" ... done
* 6775: Cost = 0_4357091, Time = 73.35 sec. 
Writing OUTPUT_TOUR_FILE: "baseline_results/cvrp_lkh/Vrp-Set-X-n561/Vrp-Set-X-n561-lkh/0.lkh1.tour" ... done
* 6802: Cost = 0_4355437, Time = 73.66 sec. 
Writing OUTPUT_TOUR_FILE: "baseline_results/cvrp_lkh/Vrp-Set-X-n561/Vrp-Set-X-n561-lkh/0.lkh1.tour" ... done
* 6866: Cost = 0_4352703, Time = 74.54 sec. 
Writing OUTPUT_TOUR_FILE: "baseline_results/cvrp_lkh/Vrp-Set-X-n561/Vrp-Set-X-n561-lkh/0.lkh1.tour" ... done
* 6887: Cost = 0_4351775, Time = 74.70 sec. 
Writing OUTPUT_TOUR_FILE: "baseline_results/cvrp_lkh/Vrp-Set-X-n561/Vrp-Set-X-n561-lkh/0.lkh1.tour" ... done
* 6923: Cost = 0_4350891, Time = 75.19 sec. 
Writing OUTPUT_TOUR_FILE: "baseline_results/cvrp_lkh/Vrp-Set-X-n561/Vrp-Set-X-n561-lkh/0.lkh1.tour" ... done
* 6987: Cost = 0_4350089, Time = 75.95 sec. 
Writing OUTPUT_TOUR_FILE: "baseline_results/cvrp_lkh/Vrp-Set-X-n561/Vrp-Set-X-n561-lkh/0.lkh1.tour" ... done
* 7002: Cost = 0_4349994, Time = 76.07 sec. 
Writing OUTPUT_TOUR_FILE: "baseline_results/cvrp_lkh/Vrp-Set-X-n561/Vrp-Set-X-n561-lkh/0.lkh1.tour" ... done
* 7005: Cost = 0_4349782, Time = 76.08 sec. 
Writing OUTPUT_TOUR_FILE: "baseline_results/cvrp_lkh/Vrp-Set-X-n561/Vrp-Set-X-n561-lkh/0.lkh1.tour" ... done
* 7040: Cost = 0_4349532, Time = 76.45 sec. 
Writing OUTPUT_TOUR_FILE: "baseline_results/cvrp_lkh/Vrp-Set-X-n561/Vrp-Set-X-n561-lkh/0.lkh1.tour" ... done
* 7115: Cost = 0_4349433, Time = 77.14 sec. 
Writing OUTPUT_TOUR_FILE: "baseline_results/cvrp_lkh/Vrp-Set-X-n561/Vrp-Set-X-n561-lkh/0.lkh1.tour" ... done
* 7282: Cost = 0_4347411, Time = 79.05 sec. 
Writing OUTPUT_TOUR_FILE: "baseline_results/cvrp_lkh/Vrp-Set-X-n561/Vrp-Set-X-n561-lkh/0.lkh1.tour" ... done
* 7559: Cost = 0_4345815, Time = 82.33 sec. 
Writing OUTPUT_TOUR_FILE: "baseline_results/cvrp_lkh/Vrp-Set-X-n561/Vrp-Set-X-n561-lkh/0.lkh1.tour" ... done
* 7607: Cost = 0_4345786, Time = 82.84 sec. 
Writing OUTPUT_TOUR_FILE: "baseline_results/cvrp_lkh/Vrp-Set-X-n561/Vrp-Set-X-n561-lkh/0.lkh1.tour" ... done
* 7615: Cost = 0_4345548, Time = 83.04 sec. 
Writing OUTPUT_TOUR_FILE: "baseline_results/cvrp_lkh/Vrp-Set-X-n561/Vrp-Set-X-n561-lkh/0.lkh1.tour" ... done
* 7711: Cost = 0_4345474, Time = 84.01 sec. 
Writing OUTPUT_TOUR_FILE: "baseline_results/cvrp_lkh/Vrp-Set-X-n561/Vrp-Set-X-n561-lkh/0.lkh1.tour" ... done
* 8128: Cost = 0_4345348, Time = 88.40 sec. 
Writing OUTPUT_TOUR_FILE: "baseline_results/cvrp_lkh/Vrp-Set-X-n561/Vrp-Set-X-n561-lkh/0.lkh1.tour" ... done
* 8174: Cost = 0_4345248, Time = 88.85 sec. 
Writing OUTPUT_TOUR_FILE: "baseline_results/cvrp_lkh/Vrp-Set-X-n561/Vrp-Set-X-n561-lkh/0.lkh1.tour" ... done
Population:
  1: 0_4345248
Run 1: Cost = 0_4345248, Time = 109.48 sec. 

Successes/Runs = 0/1 
Cost.min = 4345248, Cost.avg = 4345248.00, Cost.max = 4345248
Gap.min = 0.0000%, Gap.avg = 0.0000%, Gap.max = 0.0000%
Penalty.min = 0, Penalty.avg = 0.00, Penalty.max = 0
Trials.min = 10000, Trials.avg = 10000.0, Trials.max = 10000
Time.min = 109.48 sec., Time.avg = 109.48 sec., Time.max = 109.48 sec.
Time.total = 109.83 sec.
  Size.min = 8, Size.max = 17, Penalty = 0
  Cost.min = 49119, Cost.max = 171671, Cost.sum = 4345248
Best CVRP solution:
  Cost = 0_4345248

