PARAMETER_FILE = baseline_results/cvrp_lkh/Vrp-Set-X-n783/Vrp-Set-X-n783-lkh/0.lkh1.par
Reading PROBLEM_FILE: "baseline_results/cvrp_lkh/Vrp-Set-X-n783/Vrp-Set-X-n783-lkh/0.lkh1.vrp" ... done
ASCENT_CANDIDATES = 50
BACKBONE_TRIALS = 0
BACKTRACKING = NO
# BWTSP =
# CANDIDATE_FILE =
CANDIDATE_SET_TYPE = ALPHA
# DISTANCE =
DEPOT = 1
# EDGE_FILE =
EXCESS = 0.00127714
EXTERNAL_SALESMEN = 0
EXTRA_CANDIDATES = 0 
EXTRA_CANDIDATE_SET_TYPE = QUADRANT
GAIN23 = NO
GAIN_CRITERION = YES
INITIAL_PERIOD = 391
INITIAL_STEP_SIZE = 1
INITIAL_TOUR_ALGORITHM = WALK
# INITIAL_TOUR_FILE = 
INITIAL_TOUR_FRACTION = 1.000
# INPUT_TOUR_FILE = 
KICK_TYPE = 4
KICKS = 1
# MAX_BREADTH =
MAKESPAN = NO
MAX_CANDIDATES = 5 
MAX_SWAPS = 0
MAX_TRIALS = 10000
# MERGE_TOUR_FILE =
MOVE_TYPE = 5 SPECIAL
MTSP_MIN_SIZE = 1
MTSP_MAX_SIZE = 782
# MTSP_SOLUTION_FILE = 
# NONSEQUENTIAL_MOVE_TYPE = 5
# OPTIMUM =
OUTPUT_TOUR_FILE = baseline_results/cvrp_lkh/Vrp-Set-X-n783/Vrp-Set-X-n783-lkh/0.lkh1.tour
PATCHING_A = 1 
PATCHING_C = 0 
# PI_FILE = 
POPMUSIC_INITIAL_TOUR = NO
POPMUSIC_MAX_NEIGHBORS = 5
POPMUSIC_SAMPLE_SIZE = 10
POPMUSIC_SOLUTIONS = 50
POPMUSIC_TRIALS = 1
POPULATION_SIZE = 10
PRECISION = 100
PROBLEM_FILE = baseline_results/cvrp_lkh/Vrp-Set-X-n783/Vrp-Set-X-n783-lkh/0.lkh1.vrp
RECOMBINATION = IPT
RESTRICTED_SEARCH = YES
RUNS = 1
SALESMEN = 48
SCALE = 1
SEED = 1234
# SINTEF_SOLUTION_FILE = 
STOP_AT_OPTIMUM = YES
SUBGRADIENT = YES
# SUBPROBLEM_SIZE =
# SUBPROBLEM_TOUR_FILE = 
SUBSEQUENT_MOVE_TYPE = 5 SPECIAL
SUBSEQUENT_PATCHING = YES
# TIME_LIMIT =
# TOTAL_TIME_LIMIT =
# TOUR_FILE = 
TRACE_LEVEL = 1
VEHICLES = 48

Lower bound = 2924453.6, Ascent time = 0.57 sec.
Cand.min = 2, Cand.avg = 5.0, Cand.max = 5
Preprocessing time = 0.59 sec.
* 1: Cost = 0_9033032, Time = 0.78 sec. 
Writing OUTPUT_TOUR_FILE: "baseline_results/cvrp_lkh/Vrp-Set-X-n783/Vrp-Set-X-n783-lkh/0.lkh1.tour" ... done
* 4: Cost = 0_8843536, Time = 0.86 sec. 
Writing OUTPUT_TOUR_FILE: "baseline_results/cvrp_lkh/Vrp-Set-X-n783/Vrp-Set-X-n783-lkh/0.lkh1.tour" ... done
* 5: Cost = 0_8662460, Time = 0.95 sec. 
Writing OUTPUT_TOUR_FILE: "baseline_results/cvrp_lkh/Vrp-Set-X-n783/Vrp-Set-X-n783-lkh/0.lkh1.tour" ... done
* 6: Cost = 0_8639287, Time = 0.97 sec. 
Writing OUTPUT_TOUR_FILE: "baseline_results/cvrp_lkh/Vrp-Set-X-n783/Vrp-Set-X-n783-lkh/0.lkh1.tour" ... done
* 9: Cost = 0_8639060, Time = 1.00 sec. 
Writing OUTPUT_TOUR_FILE: "baseline_results/cvrp_lkh/Vrp-Set-X-n783/Vrp-Set-X-n783-lkh/0.lkh1.tour" ... done
* 12: Cost = 0_8607136, Time = 1.34 sec. 
Writing OUTPUT_TOUR_FILE: "baseline_results/cvrp_lkh/Vrp-Set-X-n783/Vrp-Set-X-n783-lkh/0.lkh1.tour" ... done
* 13: Cost = 0_8604469, Time = 1.35 sec. 
Writing OUTPUT_TOUR_FILE: "baseline_results/cvrp_lkh/Vrp-Set-X-n783/Vrp-Set-X-n783-lkh/0.lkh1.tour" ... done
* 15: Cost = 0_8582354, Time = 1.41 sec. 
Writing OUTPUT_TOUR_FILE: "baseline_results/cvrp_lkh/Vrp-Set-X-n783/Vrp-Set-X-n783-lkh/0.lkh1.tour" ... done
* 18: Cost = 0_8514770, Time = 1.91 sec. 
Writing OUTPUT_TOUR_FILE: "baseline_results/cvrp_lkh/Vrp-Set-X-n783/Vrp-Set-X-n783-lkh/0.lkh1.tour" ... done
* 19: Cost = 0_8510465, Time = 1.92 sec. 
Writing OUTPUT_TOUR_FILE: "baseline_results/cvrp_lkh/Vrp-Set-X-n783/Vrp-Set-X-n783-lkh/0.lkh1.tour" ... done
* 21: Cost = 0_8369829, Time = 2.05 sec. 
Writing OUTPUT_TOUR_FILE: "baseline_results/cvrp_lkh/Vrp-Set-X-n783/Vrp-Set-X-n783-lkh/0.lkh1.tour" ... done
* 23: Cost = 0_8295331, Time = 2.11 sec. 
Writing OUTPUT_TOUR_FILE: "baseline_results/cvrp_lkh/Vrp-Set-X-n783/Vrp-Set-X-n783-lkh/0.lkh1.tour" ... done
* 24: Cost = 0_8274352, Time = 2.16 sec. 
Writing OUTPUT_TOUR_FILE: "baseline_results/cvrp_lkh/Vrp-Set-X-n783/Vrp-Set-X-n783-lkh/0.lkh1.tour" ... done
* 27: Cost = 0_8264698, Time = 2.23 sec. 
Writing OUTPUT_TOUR_FILE: "baseline_results/cvrp_lkh/Vrp-Set-X-n783/Vrp-Set-X-n783-lkh/0.lkh1.tour" ... done
* 30: Cost = 0_8230261, Time = 2.38 sec. 
Writing OUTPUT_TOUR_FILE: "baseline_results/cvrp_lkh/Vrp-Set-X-n783/Vrp-Set-X-n783-lkh/0.lkh1.tour" ... done
* 32: Cost = 0_8228563, Time = 2.45 sec. 
Writing OUTPUT_TOUR_FILE: "baseline_results/cvrp_lkh/Vrp-Set-X-n783/Vrp-Set-X-n783-lkh/0.lkh1.tour" ... done
* 33: Cost = 0_8172605, Time = 2.48 sec. 
Writing OUTPUT_TOUR_FILE: "baseline_results/cvrp_lkh/Vrp-Set-X-n783/Vrp-Set-X-n783-lkh/0.lkh1.tour" ... done
* 34: Cost = 0_8125457, Time = 2.66 sec. 
Writing OUTPUT_TOUR_FILE: "baseline_results/cvrp_lkh/Vrp-Set-X-n783/Vrp-Set-X-n783-lkh/0.lkh1.tour" ... done
* 37: Cost = 0_8103324, Time = 2.68 sec. 
Writing OUTPUT_TOUR_FILE: "baseline_results/cvrp_lkh/Vrp-Set-X-n783/Vrp-Set-X-n783-lkh/0.lkh1.tour" ... done
* 40: Cost = 0_8098217, Time = 2.89 sec. 
Writing OUTPUT_TOUR_FILE: "baseline_results/cvrp_lkh/Vrp-Set-X-n783/Vrp-Set-X-n783-lkh/0.lkh1.tour" ... done
* 41: Cost = 0_8096500, Time = 2.90 sec. 
Writing OUTPUT_TOUR_FILE: "baseline_results/cvrp_lkh/Vrp-Set-X-n783/Vrp-Set-X-n783-lkh/0.lkh1.tour" ... done
* 43: Cost = 0_8074215, Time = 2.97 sec. 
Writing OUTPUT_TOUR_FILE: "baseline_results/cvrp_lkh/Vrp-Set-X-n783/Vrp-Set-X-n783-lkh/0.lkh1.tour" ... done
* 44: Cost = 0_8072411, Time = 3.00 sec. 
Writing OUTPUT_TOUR_FILE: "baseline_results/cvrp_lkh/Vrp-Set-X-n783/Vrp-Set-X-n783-lkh/0.lkh1.tour" ... done
* 48: Cost = 0_8011555, Time = 3.10 sec. 
Writing OUTPUT_TOUR_FILE: "baseline_results/cvrp_lkh/Vrp-Set-X-n783/Vrp-Set-X-n783-lkh/0.lkh1.tour" ... done
* 53: Cost = 0_7948027, Time = 3.63 sec. 
Writing OUTPUT_TOUR_FILE: "baseline_results/cvrp_lkh/Vrp-Set-X-n783/Vrp-Set-X-n783-lkh/0.lkh1.tour" ... done
* 55: Cost = 0_7939628, Time = 3.69 sec. 
Writing OUTPUT_TOUR_FILE: "baseline_results/cvrp_lkh/Vrp-Set-X-n783/Vrp-Set-X-n783-lkh/0.lkh1.tour" ... done
* 57: Cost = 0_7932805, Time = 3.77 sec. 
Writing OUTPUT_TOUR_FILE: "baseline_results/cvrp_lkh/Vrp-Set-X-n783/Vrp-Set-X-n783-lkh/0.lkh1.tour" ... done
* 62: Cost = 0_7918992, Time = 3.92 sec. 
Writing OUTPUT_TOUR_FILE: "baseline_results/cvrp_lkh/Vrp-Set-X-n783/Vrp-Set-X-n783-lkh/0.lkh1.tour" ... done
* 68: Cost = 0_7918898, Time = 4.25 sec. 
Writing OUTPUT_TOUR_FILE: "baseline_results/cvrp_lkh/Vrp-Set-X-n783/Vrp-Set-X-n783-lkh/0.lkh1.tour" ... done
* 72: Cost = 0_7913931, Time = 4.28 sec. 
Writing OUTPUT_TOUR_FILE: "baseline_results/cvrp_lkh/Vrp-Set-X-n783/Vrp-Set-X-n783-lkh/0.lkh1.tour" ... done
* 73: Cost = 0_7894449, Time = 4.39 sec. 
Writing OUTPUT_TOUR_FILE: "baseline_results/cvrp_lkh/Vrp-Set-X-n783/Vrp-Set-X-n783-lkh/0.lkh1.tour" ... done
* 74: Cost = 0_7892803, Time = 4.39 sec. 
Writing OUTPUT_TOUR_FILE: "baseline_results/cvrp_lkh/Vrp-Set-X-n783/Vrp-Set-X-n783-lkh/0.lkh1.tour" ... done
* 76: Cost = 0_7888188, Time = 4.40 sec. 
Writing OUTPUT_TOUR_FILE: "baseline_results/cvrp_lkh/Vrp-Set-X-n783/Vrp-Set-X-n783-lkh/0.lkh1.tour" ... done
* 77: Cost = 0_7873970, Time = 4.46 sec. 
Writing OUTPUT_TOUR_FILE: "baseline_results/cvrp_lkh/Vrp-Set-X-n783/Vrp-Set-X-n783-lkh/0.lkh1.tour" ... done
* 82: Cost = 0_7872700, Time = 4.64 sec. 
Writing OUTPUT_TOUR_FILE: "baseline_results/cvrp_lkh/Vrp-Set-X-n783/Vrp-Set-X-n783-lkh/0.lkh1.tour" ... done
* 87: Cost = 0_7856665, Time = 4.96 sec. 
Writing OUTPUT_TOUR_FILE: "baseline_results/cvrp_lkh/Vrp-Set-X-n783/Vrp-Set-X-n783-lkh/0.lkh1.tour" ... done
* 92: Cost = 0_7823670, Time = 5.13 sec. 
Writing OUTPUT_TOUR_FILE: "baseline_results/cvrp_lkh/Vrp-Set-X-n783/Vrp-Set-X-n783-lkh/0.lkh1.tour" ... done
* 94: Cost = 0_7818533, Time = 5.18 sec. 
Writing OUTPUT_TOUR_FILE: "baseline_results/cvrp_lkh/Vrp-Set-X-n783/Vrp-Set-X-n783-lkh/0.lkh1.tour" ... done
* 101: Cost = 0_7815183, Time = 5.38 sec. 
Writing OUTPUT_TOUR_FILE: "baseline_results/cvrp_lkh/Vrp-Set-X-n783/Vrp-Set-X-n783-lkh/0.lkh1.tour" ... done
* 102: Cost = 0_7815086, Time = 5.41 sec. 
Writing OUTPUT_TOUR_FILE: "baseline_results/cvrp_lkh/Vrp-Set-X-n783/Vrp-Set-X-n783-lkh/0.lkh1.tour" ... done
* 116: Cost = 0_7813992, Time = 6.11 sec. 
Writing OUTPUT_TOUR_FILE: "baseline_results/cvrp_lkh/Vrp-Set-X-n783/Vrp-Set-X-n783-lkh/0.lkh1.tour" ... done
* 122: Cost = 0_7813343, Time = 6.41 sec. 
Writing OUTPUT_TOUR_FILE: "baseline_results/cvrp_lkh/Vrp-Set-X-n783/Vrp-Set-X-n783-lkh/0.lkh1.tour" ... done
* 124: Cost = 0_7810729, Time = 6.42 sec. 
Writing OUTPUT_TOUR_FILE: "baseline_results/cvrp_lkh/Vrp-Set-X-n783/Vrp-Set-X-n783-lkh/0.lkh1.tour" ... done
* 134: Cost = 0_7810639, Time = 6.73 sec. 
Writing OUTPUT_TOUR_FILE: "baseline_results/cvrp_lkh/Vrp-Set-X-n783/Vrp-Set-X-n783-lkh/0.lkh1.tour" ... done
* 135: Cost = 0_7797843, Time = 6.74 sec. 
Writing OUTPUT_TOUR_FILE: "baseline_results/cvrp_lkh/Vrp-Set-X-n783/Vrp-Set-X-n783-lkh/0.lkh1.tour" ... done
* 136: Cost = 0_7780359, Time = 6.81 sec. 
Writing OUTPUT_TOUR_FILE: "baseline_results/cvrp_lkh/Vrp-Set-X-n783/Vrp-Set-X-n783-lkh/0.lkh1.tour" ... done
* 141: Cost = 0_7778798, Time = 6.99 sec. 
Writing OUTPUT_TOUR_FILE: "baseline_results/cvrp_lkh/Vrp-Set-X-n783/Vrp-Set-X-n783-lkh/0.lkh1.tour" ... done
* 158: Cost = 0_7775425, Time = 7.73 sec. 
Writing OUTPUT_TOUR_FILE: "baseline_results/cvrp_lkh/Vrp-Set-X-n783/Vrp-Set-X-n783-lkh/0.lkh1.tour" ... done
* 198: Cost = 0_7769761, Time = 9.43 sec. 
Writing OUTPUT_TOUR_FILE: "baseline_results/cvrp_lkh/Vrp-Set-X-n783/Vrp-Set-X-n783-lkh/0.lkh1.tour" ... done
* 202: Cost = 0_7761187, Time = 9.54 sec. 
Writing OUTPUT_TOUR_FILE: "baseline_results/cvrp_lkh/Vrp-Set-X-n783/Vrp-Set-X-n783-lkh/0.lkh1.tour" ... done
* 207: Cost = 0_7757856, Time = 9.60 sec. 
Writing OUTPUT_TOUR_FILE: "baseline_results/cvrp_lkh/Vrp-Set-X-n783/Vrp-Set-X-n783-lkh/0.lkh1.tour" ... done
* 217: Cost = 0_7751390, Time = 9.97 sec. 
Writing OUTPUT_TOUR_FILE: "baseline_results/cvrp_lkh/Vrp-Set-X-n783/Vrp-Set-X-n783-lkh/0.lkh1.tour" ... done
* 221: Cost = 0_7749051, Time = 10.23 sec. 
Writing OUTPUT_TOUR_FILE: "baseline_results/cvrp_lkh/Vrp-Set-X-n783/Vrp-Set-X-n783-lkh/0.lkh1.tour" ... done
* 227: Cost = 0_7741412, Time = 10.53 sec. 
Writing OUTPUT_TOUR_FILE: "baseline_results/cvrp_lkh/Vrp-Set-X-n783/Vrp-Set-X-n783-lkh/0.lkh1.tour" ... done
* 237: Cost = 0_7721311, Time = 10.99 sec. 
Writing OUTPUT_TOUR_FILE: "baseline_results/cvrp_lkh/Vrp-Set-X-n783/Vrp-Set-X-n783-lkh/0.lkh1.tour" ... done
* 243: Cost = 0_7721190, Time = 11.10 sec. 
Writing OUTPUT_TOUR_FILE: "baseline_results/cvrp_lkh/Vrp-Set-X-n783/Vrp-Set-X-n783-lkh/0.lkh1.tour" ... done
* 251: Cost = 0_7718447, Time = 11.39 sec. 
Writing OUTPUT_TOUR_FILE: "baseline_results/cvrp_lkh/Vrp-Set-X-n783/Vrp-Set-X-n783-lkh/0.lkh1.tour" ... done
* 257: Cost = 0_7718047, Time = 11.67 sec. 
Writing OUTPUT_TOUR_FILE: "baseline_results/cvrp_lkh/Vrp-Set-X-n783/Vrp-Set-X-n783-lkh/0.lkh1.tour" ... done
* 258: Cost = 0_7715290, Time = 11.67 sec. 
Writing OUTPUT_TOUR_FILE: "baseline_results/cvrp_lkh/Vrp-Set-X-n783/Vrp-Set-X-n783-lkh/0.lkh1.tour" ... done
* 268: Cost = 0_7710668, Time = 11.92 sec. 
Writing OUTPUT_TOUR_FILE: "baseline_results/cvrp_lkh/Vrp-Set-X-n783/Vrp-Set-X-n783-lkh/0.lkh1.tour" ... done
* 273: Cost = 0_7709345, Time = 12.00 sec. 
Writing OUTPUT_TOUR_FILE: "baseline_results/cvrp_lkh/Vrp-Set-X-n783/Vrp-Set-X-n783-lkh/0.lkh1.tour" ... done
* 284: Cost = 0_7707230, Time = 12.57 sec. 
Writing OUTPUT_TOUR_FILE: "baseline_results/cvrp_lkh/Vrp-Set-X-n783/Vrp-Set-X-n783-lkh/0.lkh1.tour" ... done
* 307: Cost = 0_7703391, Time = 14.52 sec. 
Writing OUTPUT_TOUR_FILE: "baseline_results/cvrp_lkh/Vrp-Set-X-n783/Vrp-Set-X-n783-lkh/0.lkh1.tour" ... done
* 308: Cost = 0_7702943, Time = 14.54 sec. 
Writing OUTPUT_TOUR_FILE: "baseline_results/cvrp_lkh/Vrp-Set-X-n783/Vrp-Set-X-n783-lkh/0.lkh1.tour" ... done
* 309: Cost = 0_7702612, Time = 14.56 sec. 
Writing OUTPUT_TOUR_FILE: "baseline_results/cvrp_lkh/Vrp-Set-X-n783/Vrp-Set-X-n783-lkh/0.lkh1.tour" ... done
* 313: Cost = 0_7702607, Time = 15.17 sec. 
Writing OUTPUT_TOUR_FILE: "baseline_results/cvrp_lkh/Vrp-Set-X-n783/Vrp-Set-X-n783-lkh/0.lkh1.tour" ... done
* 321: Cost = 0_7701226, Time = 15.42 sec. 
Writing OUTPUT_TOUR_FILE: "baseline_results/cvrp_lkh/Vrp-Set-X-n783/Vrp-Set-X-n783-lkh/0.lkh1.tour" ... done
* 330: Cost = 0_7696004, Time = 15.68 sec. 
Writing OUTPUT_TOUR_FILE: "baseline_results/cvrp_lkh/Vrp-Set-X-n783/Vrp-Set-X-n783-lkh/0.lkh1.tour" ... done
* 337: Cost = 0_7691241, Time = 15.89 sec. 
Writing OUTPUT_TOUR_FILE: "baseline_results/cvrp_lkh/Vrp-Set-X-n783/Vrp-Set-X-n783-lkh/0.lkh1.tour" ... done
* 339: Cost = 0_7687852, Time = 16.10 sec. 
Writing OUTPUT_TOUR_FILE: "baseline_results/cvrp_lkh/Vrp-Set-X-n783/Vrp-Set-X-n783-lkh/0.lkh1.tour" ... done
* 343: Cost = 0_7686679, Time = 16.18 sec. 
Writing OUTPUT_TOUR_FILE: "baseline_results/cvrp_lkh/Vrp-Set-X-n783/Vrp-Set-X-n783-lkh/0.lkh1.tour" ... done
* 362: Cost = 0_7679180, Time = 16.99 sec. 
Writing OUTPUT_TOUR_FILE: "baseline_results/cvrp_lkh/Vrp-Set-X-n783/Vrp-Set-X-n783-lkh/0.lkh1.tour" ... done
* 365: Cost = 0_7675532, Time = 17.21 sec. 
Writing OUTPUT_TOUR_FILE: "baseline_results/cvrp_lkh/Vrp-Set-X-n783/Vrp-Set-X-n783-lkh/0.lkh1.tour" ... done
* 368: Cost = 0_7674425, Time = 17.37 sec. 
Writing OUTPUT_TOUR_FILE: "baseline_results/cvrp_lkh/Vrp-Set-X-n783/Vrp-Set-X-n783-lkh/0.lkh1.tour" ... done
* 370: Cost = 0_7660187, Time = 17.51 sec. 
Writing OUTPUT_TOUR_FILE: "baseline_results/cvrp_lkh/Vrp-Set-X-n783/Vrp-Set-X-n783-lkh/0.lkh1.tour" ... done
* 372: Cost = 0_7651261, Time = 17.52 sec. 
Writing OUTPUT_TOUR_FILE: "baseline_results/cvrp_lkh/Vrp-Set-X-n783/Vrp-Set-X-n783-lkh/0.lkh1.tour" ... done
* 377: Cost = 0_7650944, Time = 17.63 sec. 
Writing OUTPUT_TOUR_FILE: "baseline_results/cvrp_lkh/Vrp-Set-X-n783/Vrp-Set-X-n783-lkh/0.lkh1.tour" ... done
* 381: Cost = 0_7649897, Time = 17.93 sec. 
Writing OUTPUT_TOUR_FILE: "baseline_results/cvrp_lkh/Vrp-Set-X-n783/Vrp-Set-X-n783-lkh/0.lkh1.tour" ... done
* 384: Cost = 0_7644094, Time = 18.17 sec. 
Writing OUTPUT_TOUR_FILE: "baseline_results/cvrp_lkh/Vrp-Set-X-n783/Vrp-Set-X-n783-lkh/0.lkh1.tour" ... done
* 385: Cost = 0_7643511, Time = 18.21 sec. 
Writing OUTPUT_TOUR_FILE: "baseline_results/cvrp_lkh/Vrp-Set-X-n783/Vrp-Set-X-n783-lkh/0.lkh1.tour" ... done
* 386: Cost = 0_7639281, Time = 18.24 sec. 
Writing OUTPUT_TOUR_FILE: "baseline_results/cvrp_lkh/Vrp-Set-X-n783/Vrp-Set-X-n783-lkh/0.lkh1.tour" ... done
* 395: Cost = 0_7633719, Time = 18.35 sec. 
Writing OUTPUT_TOUR_FILE: "baseline_results/cvrp_lkh/Vrp-Set-X-n783/Vrp-Set-X-n783-lkh/0.lkh1.tour" ... done
* 407: Cost = 0_7629347, Time = 18.91 sec. 
Writing OUTPUT_TOUR_FILE: "baseline_results/cvrp_lkh/Vrp-Set-X-n783/Vrp-Set-X-n783-lkh/0.lkh1.tour" ... done
* 408: Cost = 0_7627138, Time = 18.93 sec. 
Writing OUTPUT_TOUR_FILE: "baseline_results/cvrp_lkh/Vrp-Set-X-n783/Vrp-Set-X-n783-lkh/0.lkh1.tour" ... done
* 415: Cost = 0_7626676, Time = 19.24 sec. 
Writing OUTPUT_TOUR_FILE: "baseline_results/cvrp_lkh/Vrp-Set-X-n783/Vrp-Set-X-n783-lkh/0.lkh1.tour" ... done
* 416: Cost = 0_7623148, Time = 19.26 sec. 
Writing OUTPUT_TOUR_FILE: "baseline_results/cvrp_lkh/Vrp-Set-X-n783/Vrp-Set-X-n783-lkh/0.lkh1.tour" ... done
* 422: Cost = 0_7603166, Time = 19.38 sec. 
Writing OUTPUT_TOUR_FILE: "baseline_results/cvrp_lkh/Vrp-Set-X-n783/Vrp-Set-X-n783-lkh/0.lkh1.tour" ... done
* 439: Cost = 0_7602109, Time = 20.61 sec. 
Writing OUTPUT_TOUR_FILE: "baseline_results/cvrp_lkh/Vrp-Set-X-n783/Vrp-Set-X-n783-lkh/0.lkh1.tour" ... done
* 440: Cost = 0_7601262, Time = 20.65 sec. 
Writing OUTPUT_TOUR_FILE: "baseline_results/cvrp_lkh/Vrp-Set-X-n783/Vrp-Set-X-n783-lkh/0.lkh1.tour" ... done
* 445: Cost = 0_7600516, Time = 20.79 sec. 
Writing OUTPUT_TOUR_FILE: "baseline_results/cvrp_lkh/Vrp-Set-X-n783/Vrp-Set-X-n783-lkh/0.lkh1.tour" ... done
* 447: Cost = 0_7599700, Time = 20.93 sec. 
Writing OUTPUT_TOUR_FILE: "baseline_results/cvrp_lkh/Vrp-Set-X-n783/Vrp-Set-X-n783-lkh/0.lkh1.tour" ... done
* 454: Cost = 0_7598804, Time = 21.77 sec. 
Writing OUTPUT_TOUR_FILE: "baseline_results/cvrp_lkh/Vrp-Set-X-n783/Vrp-Set-X-n783-lkh/0.lkh1.tour" ... done
* 457: Cost = 0_7597856, Time = 21.79 sec. 
Writing OUTPUT_TOUR_FILE: "baseline_results/cvrp_lkh/Vrp-Set-X-n783/Vrp-Set-X-n783-lkh/0.lkh1.tour" ... done
* 460: Cost = 0_7596097, Time = 21.94 sec. 
Writing OUTPUT_TOUR_FILE: "baseline_results/cvrp_lkh/Vrp-Set-X-n783/Vrp-Set-X-n783-lkh/0.lkh1.tour" ... done
* 471: Cost = 0_7591526, Time = 22.36 sec. 
Writing OUTPUT_TOUR_FILE: "baseline_results/cvrp_lkh/Vrp-Set-X-n783/Vrp-Set-X-n783-lkh/0.lkh1.tour" ... done
* 495: Cost = 0_7589562, Time = 23.64 sec. 
Writing OUTPUT_TOUR_FILE: "baseline_results/cvrp_lkh/Vrp-Set-X-n783/Vrp-Set-X-n783-lkh/0.lkh1.tour" ... done
* 516: Cost = 0_7588686, Time = 25.00 sec. 
Writing OUTPUT_TOUR_FILE: "baseline_results/cvrp_lkh/Vrp-Set-X-n783/Vrp-Set-X-n783-lkh/0.lkh1.tour" ... done
* 517: Cost = 0_7586610, Time = 25.02 sec. 
Writing OUTPUT_TOUR_FILE: "baseline_results/cvrp_lkh/Vrp-Set-X-n783/Vrp-Set-X-n783-lkh/0.lkh1.tour" ... done
* 557: Cost = 0_7583044, Time = 27.42 sec. 
Writing OUTPUT_TOUR_FILE: "baseline_results/cvrp_lkh/Vrp-Set-X-n783/Vrp-Set-X-n783-lkh/0.lkh1.tour" ... done
* 561: Cost = 0_7577773, Time = 27.59 sec. 
Writing OUTPUT_TOUR_FILE: "baseline_results/cvrp_lkh/Vrp-Set-X-n783/Vrp-Set-X-n783-lkh/0.lkh1.tour" ... done
* 565: Cost = 0_7566367, Time = 27.75 sec. 
Writing OUTPUT_TOUR_FILE: "baseline_results/cvrp_lkh/Vrp-Set-X-n783/Vrp-Set-X-n783-lkh/0.lkh1.tour" ... done
* 571: Cost = 0_7560792, Time = 27.94 sec. 
Writing OUTPUT_TOUR_FILE: "baseline_results/cvrp_lkh/Vrp-Set-X-n783/Vrp-Set-X-n783-lkh/0.lkh1.tour" ... done
* 589: Cost = 0_7558602, Time = 28.38 sec. 
Writing OUTPUT_TOUR_FILE: "baseline_results/cvrp_lkh/Vrp-Set-X-n783/Vrp-Set-X-n783-lkh/0.lkh1.tour" ... done
* 592: Cost = 0_7552695, Time = 28.42 sec. 
Writing OUTPUT_TOUR_FILE: "baseline_results/cvrp_lkh/Vrp-Set-X-n783/Vrp-Set-X-n783-lkh/0.lkh1.tour" ... done
* 594: Cost = 0_7551554, Time = 28.43 sec. 
Writing OUTPUT_TOUR_FILE: "baseline_results/cvrp_lkh/Vrp-Set-X-n783/Vrp-Set-X-n783-lkh/0.lkh1.tour" ... done
* 596: Cost = 0_7551131, Time = 28.47 sec. 
Writing OUTPUT_TOUR_FILE: "baseline_results/cvrp_lkh/Vrp-Set-X-n783/Vrp-Set-X-n783-lkh/0.lkh1.tour" ... done
* 598: Cost = 0_7550440, Time = 28.54 sec. 
Writing OUTPUT_TOUR_FILE: "baseline_results/cvrp_lkh/Vrp-Set-X-n783/Vrp-Set-X-n783-lkh/0.lkh1.tour" ... done
* 604: Cost = 0_7549742, Time = 29.06 sec. 
Writing OUTPUT_TOUR_FILE: "baseline_results/cvrp_lkh/Vrp-Set-X-n783/Vrp-Set-X-n783-lkh/0.lkh1.tour" ... done
* 609: Cost = 0_7548847, Time = 29.22 sec. 
Writing OUTPUT_TOUR_FILE: "baseline_results/cvrp_lkh/Vrp-Set-X-n783/Vrp-Set-X-n783-lkh/0.lkh1.tour" ... done
* 613: Cost = 0_7548673, Time = 29.45 sec. 
Writing OUTPUT_TOUR_FILE: "baseline_results/cvrp_lkh/Vrp-Set-X-n783/Vrp-Set-X-n783-lkh/0.lkh1.tour" ... done
* 634: Cost = 0_7545510, Time = 30.87 sec. 
Writing OUTPUT_TOUR_FILE: "baseline_results/cvrp_lkh/Vrp-Set-X-n783/Vrp-Set-X-n783-lkh/0.lkh1.tour" ... done
* 636: Cost = 0_7545404, Time = 30.89 sec. 
Writing OUTPUT_TOUR_FILE: "baseline_results/cvrp_lkh/Vrp-Set-X-n783/Vrp-Set-X-n783-lkh/0.lkh1.tour" ... done
* 660: Cost = 0_7544905, Time = 32.22 sec. 
Writing OUTPUT_TOUR_FILE: "baseline_results/cvrp_lkh/Vrp-Set-X-n783/Vrp-Set-X-n783-lkh/0.lkh1.tour" ... done
* 671: Cost = 0_7544049, Time = 32.43 sec. 
Writing OUTPUT_TOUR_FILE: "baseline_results/cvrp_lkh/Vrp-Set-X-n783/Vrp-Set-X-n783-lkh/0.lkh1.tour" ... done
* 676: Cost = 0_7541242, Time = 32.85 sec. 
Writing OUTPUT_TOUR_FILE: "baseline_results/cvrp_lkh/Vrp-Set-X-n783/Vrp-Set-X-n783-lkh/0.lkh1.tour" ... done
* 677: Cost = 0_7539038, Time = 32.89 sec. 
Writing OUTPUT_TOUR_FILE: "baseline_results/cvrp_lkh/Vrp-Set-X-n783/Vrp-Set-X-n783-lkh/0.lkh1.tour" ... done
* 700: Cost = 0_7538963, Time = 34.65 sec. 
Writing OUTPUT_TOUR_FILE: "baseline_results/cvrp_lkh/Vrp-Set-X-n783/Vrp-Set-X-n783-lkh/0.lkh1.tour" ... done
* 718: Cost = 0_7538052, Time = 35.70 sec. 
Writing OUTPUT_TOUR_FILE: "baseline_results/cvrp_lkh/Vrp-Set-X-n783/Vrp-Set-X-n783-lkh/0.lkh1.tour" ... done
* 720: Cost = 0_7537821, Time = 35.70 sec. 
Writing OUTPUT_TOUR_FILE: "baseline_results/cvrp_lkh/Vrp-Set-X-n783/Vrp-Set-X-n783-lkh/0.lkh1.tour" ... done
* 731: Cost = 0_7536748, Time = 36.38 sec. 
Writing OUTPUT_TOUR_FILE: "baseline_results/cvrp_lkh/Vrp-Set-X-n783/Vrp-Set-X-n783-lkh/0.lkh1.tour" ... done
* 748: Cost = 0_7535962, Time = 37.62 sec. 
Writing OUTPUT_TOUR_FILE: "baseline_results/cvrp_lkh/Vrp-Set-X-n783/Vrp-Set-X-n783-lkh/0.lkh1.tour" ... done
* 752: Cost = 0_7532124, Time = 38.04 sec. 
Writing OUTPUT_TOUR_FILE: "baseline_results/cvrp_lkh/Vrp-Set-X-n783/Vrp-Set-X-n783-lkh/0.lkh1.tour" ... done
* 761: Cost = 0_7531402, Time = 38.55 sec. 
Writing OUTPUT_TOUR_FILE: "baseline_results/cvrp_lkh/Vrp-Set-X-n783/Vrp-Set-X-n783-lkh/0.lkh1.tour" ... done
* 765: Cost = 0_7529376, Time = 38.57 sec. 
Writing OUTPUT_TOUR_FILE: "baseline_results/cvrp_lkh/Vrp-Set-X-n783/Vrp-Set-X-n783-lkh/0.lkh1.tour" ... done
* 771: Cost = 0_7529308, Time = 39.11 sec. 
Writing OUTPUT_TOUR_FILE: "baseline_results/cvrp_lkh/Vrp-Set-X-n783/Vrp-Set-X-n783-lkh/0.lkh1.tour" ... done
* 775: Cost = 0_7525459, Time = 39.33 sec. 
Writing OUTPUT_TOUR_FILE: "baseline_results/cvrp_lkh/Vrp-Set-X-n783/Vrp-Set-X-n783-lkh/0.lkh1.tour" ... done
* 776: Cost = 0_7524713, Time = 39.45 sec. 
Writing OUTPUT_TOUR_FILE: "baseline_results/cvrp_lkh/Vrp-Set-X-n783/Vrp-Set-X-n783-lkh/0.lkh1.tour" ... done
* 789: Cost = 0_7520952, Time = 39.98 sec. 
Writing OUTPUT_TOUR_FILE: "baseline_results/cvrp_lkh/Vrp-Set-X-n783/Vrp-Set-X-n783-lkh/0.lkh1.tour" ... done
* 833: Cost = 0_7518250, Time = 42.62 sec. 
Writing OUTPUT_TOUR_FILE: "baseline_results/cvrp_lkh/Vrp-Set-X-n783/Vrp-Set-X-n783-lkh/0.lkh1.tour" ... done
* 834: Cost = 0_7518157, Time = 42.68 sec. 
Writing OUTPUT_TOUR_FILE: "baseline_results/cvrp_lkh/Vrp-Set-X-n783/Vrp-Set-X-n783-lkh/0.lkh1.tour" ... done
* 836: Cost = 0_7516713, Time = 42.75 sec. 
Writing OUTPUT_TOUR_FILE: "baseline_results/cvrp_lkh/Vrp-Set-X-n783/Vrp-Set-X-n783-lkh/0.lkh1.tour" ... done
* 854: Cost = 0_7511169, Time = 43.84 sec. 
Writing OUTPUT_TOUR_FILE: "baseline_results/cvrp_lkh/Vrp-Set-X-n783/Vrp-Set-X-n783-lkh/0.lkh1.tour" ... done
* 870: Cost = 0_7510982, Time = 45.03 sec. 
Writing OUTPUT_TOUR_FILE: "baseline_results/cvrp_lkh/Vrp-Set-X-n783/Vrp-Set-X-n783-lkh/0.lkh1.tour" ... done
* 872: Cost = 0_7510898, Time = 45.13 sec. 
Writing OUTPUT_TOUR_FILE: "baseline_results/cvrp_lkh/Vrp-Set-X-n783/Vrp-Set-X-n783-lkh/0.lkh1.tour" ... done
* 875: Cost = 0_7509610, Time = 45.61 sec. 
Writing OUTPUT_TOUR_FILE: "baseline_results/cvrp_lkh/Vrp-Set-X-n783/Vrp-Set-X-n783-lkh/0.lkh1.tour" ... done
* 896: Cost = 0_7508621, Time = 46.79 sec. 
Writing OUTPUT_TOUR_FILE: "baseline_results/cvrp_lkh/Vrp-Set-X-n783/Vrp-Set-X-n783-lkh/0.lkh1.tour" ... done
* 897: Cost = 0_7508368, Time = 46.80 sec. 
Writing OUTPUT_TOUR_FILE: "baseline_results/cvrp_lkh/Vrp-Set-X-n783/Vrp-Set-X-n783-lkh/0.lkh1.tour" ... done
* 921: Cost = 0_7507225, Time = 48.39 sec. 
Writing OUTPUT_TOUR_FILE: "baseline_results/cvrp_lkh/Vrp-Set-X-n783/Vrp-Set-X-n783-lkh/0.lkh1.tour" ... done
* 945: Cost = 0_7506556, Time = 49.91 sec. 
Writing OUTPUT_TOUR_FILE: "baseline_results/cvrp_lkh/Vrp-Set-X-n783/Vrp-Set-X-n783-lkh/0.lkh1.tour" ... done
* 986: Cost = 0_7506555, Time = 51.91 sec. 
Writing OUTPUT_TOUR_FILE: "baseline_results/cvrp_lkh/Vrp-Set-X-n783/Vrp-Set-X-n783-lkh/0.lkh1.tour" ... done
* 1039: Cost = 0_7505211, Time = 54.59 sec. 
Writing OUTPUT_TOUR_FILE: "baseline_results/cvrp_lkh/Vrp-Set-X-n783/Vrp-Set-X-n783-lkh/0.lkh1.tour" ... done
* 1065: Cost = 0_7505110, Time = 56.38 sec. 
Writing OUTPUT_TOUR_FILE: "baseline_results/cvrp_lkh/Vrp-Set-X-n783/Vrp-Set-X-n783-lkh/0.lkh1.tour" ... done
* 1075: Cost = 0_7504872, Time = 56.65 sec. 
Writing OUTPUT_TOUR_FILE: "baseline_results/cvrp_lkh/Vrp-Set-X-n783/Vrp-Set-X-n783-lkh/0.lkh1.tour" ... done
* 1109: Cost = 0_7504026, Time = 58.40 sec. 
Writing OUTPUT_TOUR_FILE: "baseline_results/cvrp_lkh/Vrp-Set-X-n783/Vrp-Set-X-n783-lkh/0.lkh1.tour" ... done
* 1110: Cost = 0_7497619, Time = 58.42 sec. 
Writing OUTPUT_TOUR_FILE: "baseline_results/cvrp_lkh/Vrp-Set-X-n783/Vrp-Set-X-n783-lkh/0.lkh1.tour" ... done
* 1114: Cost = 0_7492122, Time = 58.90 sec. 
Writing OUTPUT_TOUR_FILE: "baseline_results/cvrp_lkh/Vrp-Set-X-n783/Vrp-Set-X-n783-lkh/0.lkh1.tour" ... done
* 1137: Cost = 0_7491728, Time = 59.74 sec. 
Writing OUTPUT_TOUR_FILE: "baseline_results/cvrp_lkh/Vrp-Set-X-n783/Vrp-Set-X-n783-lkh/0.lkh1.tour" ... done
* 1163: Cost = 0_7491545, Time = 61.80 sec. 
Writing OUTPUT_TOUR_FILE: "baseline_results/cvrp_lkh/Vrp-Set-X-n783/Vrp-Set-X-n783-lkh/0.lkh1.tour" ... done
* 1175: Cost = 0_7490689, Time = 62.39 sec. 
Writing OUTPUT_TOUR_FILE: "baseline_results/cvrp_lkh/Vrp-Set-X-n783/Vrp-Set-X-n783-lkh/0.lkh1.tour" ... done
* 1191: Cost = 0_7490139, Time = 63.31 sec. 
Writing OUTPUT_TOUR_FILE: "baseline_results/cvrp_lkh/Vrp-Set-X-n783/Vrp-Set-X-n783-lkh/0.lkh1.tour" ... done
* 1195: Cost = 0_7489536, Time = 63.55 sec. 
Writing OUTPUT_TOUR_FILE: "baseline_results/cvrp_lkh/Vrp-Set-X-n783/Vrp-Set-X-n783-lkh/0.lkh1.tour" ... done
* 1213: Cost = 0_7489253, Time = 64.29 sec. 
Writing OUTPUT_TOUR_FILE: "baseline_results/cvrp_lkh/Vrp-Set-X-n783/Vrp-Set-X-n783-lkh/0.lkh1.tour" ... done
* 1228: Cost = 0_7489230, Time = 65.77 sec. 
Writing OUTPUT_TOUR_FILE: "baseline_results/cvrp_lkh/Vrp-Set-X-n783/Vrp-Set-X-n783-lkh/0.lkh1.tour" ... done
* 1292: Cost = 0_7485174, Time = 68.43 sec. 
Writing OUTPUT_TOUR_FILE: "baseline_results/cvrp_lkh/Vrp-Set-X-n783/Vrp-Set-X-n783-lkh/0.lkh1.tour" ... done
* 1294: Cost = 0_7484469, Time = 68.68 sec. 
Writing OUTPUT_TOUR_FILE: "baseline_results/cvrp_lkh/Vrp-Set-X-n783/Vrp-Set-X-n783-lkh/0.lkh1.tour" ... done
* 1316: Cost = 0_7484101, Time = 70.16 sec. 
Writing OUTPUT_TOUR_FILE: "baseline_results/cvrp_lkh/Vrp-Set-X-n783/Vrp-Set-X-n783-lkh/0.lkh1.tour" ... done
* 1330: Cost = 0_7482141, Time = 70.81 sec. 
Writing OUTPUT_TOUR_FILE: "baseline_results/cvrp_lkh/Vrp-Set-X-n783/Vrp-Set-X-n783-lkh/0.lkh1.tour" ... done
* 1353: Cost = 0_7479847, Time = 71.81 sec. 
Writing OUTPUT_TOUR_FILE: "baseline_results/cvrp_lkh/Vrp-Set-X-n783/Vrp-Set-X-n783-lkh/0.lkh1.tour" ... done
* 1417: Cost = 0_7478552, Time = 75.34 sec. 
Writing OUTPUT_TOUR_FILE: "baseline_results/cvrp_lkh/Vrp-Set-X-n783/Vrp-Set-X-n783-lkh/0.lkh1.tour" ... done
* 1429: Cost = 0_7477392, Time = 75.88 sec. 
Writing OUTPUT_TOUR_FILE: "baseline_results/cvrp_lkh/Vrp-Set-X-n783/Vrp-Set-X-n783-lkh/0.lkh1.tour" ... done
* 1440: Cost = 0_7473886, Time = 76.33 sec. 
Writing OUTPUT_TOUR_FILE: "baseline_results/cvrp_lkh/Vrp-Set-X-n783/Vrp-Set-X-n783-lkh/0.lkh1.tour" ... done
* 1454: Cost = 0_7471983, Time = 76.92 sec. 
Writing OUTPUT_TOUR_FILE: "baseline_results/cvrp_lkh/Vrp-Set-X-n783/Vrp-Set-X-n783-lkh/0.lkh1.tour" ... done
* 1455: Cost = 0_7470810, Time = 76.96 sec. 
Writing OUTPUT_TOUR_FILE: "baseline_results/cvrp_lkh/Vrp-Set-X-n783/Vrp-Set-X-n783-lkh/0.lkh1.tour" ... done
* 1489: Cost = 0_7470646, Time = 79.13 sec. 
Writing OUTPUT_TOUR_FILE: "baseline_results/cvrp_lkh/Vrp-Set-X-n783/Vrp-Set-X-n783-lkh/0.lkh1.tour" ... done
* 1495: Cost = 0_7468845, Time = 79.67 sec. 
Writing OUTPUT_TOUR_FILE: "baseline_results/cvrp_lkh/Vrp-Set-X-n783/Vrp-Set-X-n783-lkh/0.lkh1.tour" ... done
* 1507: Cost = 0_7468569, Time = 80.08 sec. 
Writing OUTPUT_TOUR_FILE: "baseline_results/cvrp_lkh/Vrp-Set-X-n783/Vrp-Set-X-n783-lkh/0.lkh1.tour" ... done
* 1509: Cost = 0_7468515, Time = 80.11 sec. 
Writing OUTPUT_TOUR_FILE: "baseline_results/cvrp_lkh/Vrp-Set-X-n783/Vrp-Set-X-n783-lkh/0.lkh1.tour" ... done
* 1522: Cost = 0_7468469, Time = 80.62 sec. 
Writing OUTPUT_TOUR_FILE: "baseline_results/cvrp_lkh/Vrp-Set-X-n783/Vrp-Set-X-n783-lkh/0.lkh1.tour" ... done
* 1533: Cost = 0_7467996, Time = 81.25 sec. 
Writing OUTPUT_TOUR_FILE: "baseline_results/cvrp_lkh/Vrp-Set-X-n783/Vrp-Set-X-n783-lkh/0.lkh1.tour" ... done
* 1701: Cost = 0_7467940, Time = 89.78 sec. 
Writing OUTPUT_TOUR_FILE: "baseline_results/cvrp_lkh/Vrp-Set-X-n783/Vrp-Set-X-n783-lkh/0.lkh1.tour" ... done
* 1723: Cost = 0_7467583, Time = 90.69 sec. 
Writing OUTPUT_TOUR_FILE: "baseline_results/cvrp_lkh/Vrp-Set-X-n783/Vrp-Set-X-n783-lkh/0.lkh1.tour" ... done
* 1729: Cost = 0_7464635, Time = 90.77 sec. 
Writing OUTPUT_TOUR_FILE: "baseline_results/cvrp_lkh/Vrp-Set-X-n783/Vrp-Set-X-n783-lkh/0.lkh1.tour" ... done
* 1791: Cost = 0_7463930, Time = 94.70 sec. 
Writing OUTPUT_TOUR_FILE: "baseline_results/cvrp_lkh/Vrp-Set-X-n783/Vrp-Set-X-n783-lkh/0.lkh1.tour" ... done
* 1804: Cost = 0_7463362, Time = 95.05 sec. 
Writing OUTPUT_TOUR_FILE: "baseline_results/cvrp_lkh/Vrp-Set-X-n783/Vrp-Set-X-n783-lkh/0.lkh1.tour" ... done
* 1856: Cost = 0_7462440, Time = 98.95 sec. 
Writing OUTPUT_TOUR_FILE: "baseline_results/cvrp_lkh/Vrp-Set-X-n783/Vrp-Set-X-n783-lkh/0.lkh1.tour" ... done
* 1861: Cost = 0_7457156, Time = 99.19 sec. 
Writing OUTPUT_TOUR_FILE: "baseline_results/cvrp_lkh/Vrp-Set-X-n783/Vrp-Set-X-n783-lkh/0.lkh1.tour" ... done
* 1864: Cost = 0_7455584, Time = 99.32 sec. 
Writing OUTPUT_TOUR_FILE: "baseline_results/cvrp_lkh/Vrp-Set-X-n783/Vrp-Set-X-n783-lkh/0.lkh1.tour" ... done
* 1869: Cost = 0_7453003, Time = 99.41 sec. 
Writing OUTPUT_TOUR_FILE: "baseline_results/cvrp_lkh/Vrp-Set-X-n783/Vrp-Set-X-n783-lkh/0.lkh1.tour" ... done
* 1882: Cost = 0_7452511, Time = 100.82 sec. 
Writing OUTPUT_TOUR_FILE: "baseline_results/cvrp_lkh/Vrp-Set-X-n783/Vrp-Set-X-n783-lkh/0.lkh1.tour" ... done
* 1887: Cost = 0_7452234, Time = 101.04 sec. 
Writing OUTPUT_TOUR_FILE: "baseline_results/cvrp_lkh/Vrp-Set-X-n783/Vrp-Set-X-n783-lkh/0.lkh1.tour" ... done
* 1901: Cost = 0_7451467, Time = 102.01 sec. 
Writing OUTPUT_TOUR_FILE: "baseline_results/cvrp_lkh/Vrp-Set-X-n783/Vrp-Set-X-n783-lkh/0.lkh1.tour" ... done
* 1911: Cost = 0_7451358, Time = 102.44 sec. 
Writing OUTPUT_TOUR_FILE: "baseline_results/cvrp_lkh/Vrp-Set-X-n783/Vrp-Set-X-n783-lkh/0.lkh1.tour" ... done
* 2034: Cost = 0_7450911, Time = 109.37 sec. 
Writing OUTPUT_TOUR_FILE: "baseline_results/cvrp_lkh/Vrp-Set-X-n783/Vrp-Set-X-n783-lkh/0.lkh1.tour" ... done
* 2035: Cost = 0_7449461, Time = 109.38 sec. 
Writing OUTPUT_TOUR_FILE: "baseline_results/cvrp_lkh/Vrp-Set-X-n783/Vrp-Set-X-n783-lkh/0.lkh1.tour" ... done
* 2038: Cost = 0_7449415, Time = 109.61 sec. 
Writing OUTPUT_TOUR_FILE: "baseline_results/cvrp_lkh/Vrp-Set-X-n783/Vrp-Set-X-n783-lkh/0.lkh1.tour" ... done
* 2040: Cost = 0_7445995, Time = 109.64 sec. 
Writing OUTPUT_TOUR_FILE: "baseline_results/cvrp_lkh/Vrp-Set-X-n783/Vrp-Set-X-n783-lkh/0.lkh1.tour" ... done
* 2061: Cost = 0_7445656, Time = 110.93 sec. 
Writing OUTPUT_TOUR_FILE: "baseline_results/cvrp_lkh/Vrp-Set-X-n783/Vrp-Set-X-n783-lkh/0.lkh1.tour" ... done
* 2112: Cost = 0_7445542, Time = 115.04 sec. 
Writing OUTPUT_TOUR_FILE: "baseline_results/cvrp_lkh/Vrp-Set-X-n783/Vrp-Set-X-n783-lkh/0.lkh1.tour" ... done
* 2118: Cost = 0_7445493, Time = 115.44 sec. 
Writing OUTPUT_TOUR_FILE: "baseline_results/cvrp_lkh/Vrp-Set-X-n783/Vrp-Set-X-n783-lkh/0.lkh1.tour" ... done
* 2211: Cost = 0_7444289, Time = 120.38 sec. 
Writing OUTPUT_TOUR_FILE: "baseline_results/cvrp_lkh/Vrp-Set-X-n783/Vrp-Set-X-n783-lkh/0.lkh1.tour" ... done
* 2251: Cost = 0_7443750, Time = 123.44 sec. 
Writing OUTPUT_TOUR_FILE: "baseline_results/cvrp_lkh/Vrp-Set-X-n783/Vrp-Set-X-n783-lkh/0.lkh1.tour" ... done
* 2288: Cost = 0_7443679, Time = 125.24 sec. 
Writing OUTPUT_TOUR_FILE: "baseline_results/cvrp_lkh/Vrp-Set-X-n783/Vrp-Set-X-n783-lkh/0.lkh1.tour" ... done
* 2290: Cost = 0_7442510, Time = 125.76 sec. 
Writing OUTPUT_TOUR_FILE: "baseline_results/cvrp_lkh/Vrp-Set-X-n783/Vrp-Set-X-n783-lkh/0.lkh1.tour" ... done
* 2350: Cost = 0_7442036, Time = 128.67 sec. 
Writing OUTPUT_TOUR_FILE: "baseline_results/cvrp_lkh/Vrp-Set-X-n783/Vrp-Set-X-n783-lkh/0.lkh1.tour" ... done
* 2365: Cost = 0_7441730, Time = 129.96 sec. 
Writing OUTPUT_TOUR_FILE: "baseline_results/cvrp_lkh/Vrp-Set-X-n783/Vrp-Set-X-n783-lkh/0.lkh1.tour" ... done
* 2434: Cost = 0_7441463, Time = 135.32 sec. 
Writing OUTPUT_TOUR_FILE: "baseline_results/cvrp_lkh/Vrp-Set-X-n783/Vrp-Set-X-n783-lkh/0.lkh1.tour" ... done
* 2436: Cost = 0_7441261, Time = 135.34 sec. 
Writing OUTPUT_TOUR_FILE: "baseline_results/cvrp_lkh/Vrp-Set-X-n783/Vrp-Set-X-n783-lkh/0.lkh1.tour" ... done
* 2561: Cost = 0_7439189, Time = 144.19 sec. 
Writing OUTPUT_TOUR_FILE: "baseline_results/cvrp_lkh/Vrp-Set-X-n783/Vrp-Set-X-n783-lkh/0.lkh1.tour" ... done
* 2585: Cost = 0_7437060, Time = 146.25 sec. 
Writing OUTPUT_TOUR_FILE: "baseline_results/cvrp_lkh/Vrp-Set-X-n783/Vrp-Set-X-n783-lkh/0.lkh1.tour" ... done
* 2591: Cost = 0_7436491, Time = 146.79 sec. 
Writing OUTPUT_TOUR_FILE: "baseline_results/cvrp_lkh/Vrp-Set-X-n783/Vrp-Set-X-n783-lkh/0.lkh1.tour" ... done
* 2642: Cost = 0_7436219, Time = 148.99 sec. 
Writing OUTPUT_TOUR_FILE: "baseline_results/cvrp_lkh/Vrp-Set-X-n783/Vrp-Set-X-n783-lkh/0.lkh1.tour" ... done
* 2666: Cost = 0_7436114, Time = 150.33 sec. 
Writing OUTPUT_TOUR_FILE: "baseline_results/cvrp_lkh/Vrp-Set-X-n783/Vrp-Set-X-n783-lkh/0.lkh1.tour" ... done
* 2721: Cost = 0_7436031, Time = 153.02 sec. 
Writing OUTPUT_TOUR_FILE: "baseline_results/cvrp_lkh/Vrp-Set-X-n783/Vrp-Set-X-n783-lkh/0.lkh1.tour" ... done
* 2735: Cost = 0_7435739, Time = 154.25 sec. 
Writing OUTPUT_TOUR_FILE: "baseline_results/cvrp_lkh/Vrp-Set-X-n783/Vrp-Set-X-n783-lkh/0.lkh1.tour" ... done
* 2863: Cost = 0_7435264, Time = 162.81 sec. 
Writing OUTPUT_TOUR_FILE: "baseline_results/cvrp_lkh/Vrp-Set-X-n783/Vrp-Set-X-n783-lkh/0.lkh1.tour" ... done
* 2982: Cost = 0_7432472, Time = 169.74 sec. 
Writing OUTPUT_TOUR_FILE: "baseline_results/cvrp_lkh/Vrp-Set-X-n783/Vrp-Set-X-n783-lkh/0.lkh1.tour" ... done
* 3123: Cost = 0_7432251, Time = 180.08 sec. 
Writing OUTPUT_TOUR_FILE: "baseline_results/cvrp_lkh/Vrp-Set-X-n783/Vrp-Set-X-n783-lkh/0.lkh1.tour" ... done
* 3357: Cost = 0_7432221, Time = 194.67 sec. 
Writing OUTPUT_TOUR_FILE: "baseline_results/cvrp_lkh/Vrp-Set-X-n783/Vrp-Set-X-n783-lkh/0.lkh1.tour" ... done
* 3375: Cost = 0_7431998, Time = 195.31 sec. 
Writing OUTPUT_TOUR_FILE: "baseline_results/cvrp_lkh/Vrp-Set-X-n783/Vrp-Set-X-n783-lkh/0.lkh1.tour" ... done
* 3407: Cost = 0_7430988, Time = 197.45 sec. 
Writing OUTPUT_TOUR_FILE: "baseline_results/cvrp_lkh/Vrp-Set-X-n783/Vrp-Set-X-n783-lkh/0.lkh1.tour" ... done
* 3600: Cost = 0_7430589, Time = 211.14 sec. 
Writing OUTPUT_TOUR_FILE: "baseline_results/cvrp_lkh/Vrp-Set-X-n783/Vrp-Set-X-n783-lkh/0.lkh1.tour" ... done
* 3796: Cost = 0_7430439, Time = 226.01 sec. 
Writing OUTPUT_TOUR_FILE: "baseline_results/cvrp_lkh/Vrp-Set-X-n783/Vrp-Set-X-n783-lkh/0.lkh1.tour" ... done
* 3810: Cost = 0_7430422, Time = 226.87 sec. 
Writing OUTPUT_TOUR_FILE: "baseline_results/cvrp_lkh/Vrp-Set-X-n783/Vrp-Set-X-n783-lkh/0.lkh1.tour" ... done
* 3813: Cost = 0_7428884, Time = 226.90 sec. 
Writing OUTPUT_TOUR_FILE: "baseline_results/cvrp_lkh/Vrp-Set-X-n783/Vrp-Set-X-n783-lkh/0.lkh1.tour" ... done
* 3863: Cost = 0_7427072, Time = 229.99 sec. 
Writing OUTPUT_TOUR_FILE: "baseline_results/cvrp_lkh/Vrp-Set-X-n783/Vrp-Set-X-n783-lkh/0.lkh1.tour" ... done
* 3873: Cost = 0_7426658, Time = 230.49 sec. 
Writing OUTPUT_TOUR_FILE: "baseline_results/cvrp_lkh/Vrp-Set-X-n783/Vrp-Set-X-n783-lkh/0.lkh1.tour" ... done
* 3930: Cost = 0_7426448, Time = 233.20 sec. 
Writing OUTPUT_TOUR_FILE: "baseline_results/cvrp_lkh/Vrp-Set-X-n783/Vrp-Set-X-n783-lkh/0.lkh1.tour" ... done
* 3969: Cost = 0_7426115, Time = 234.97 sec. 
Writing OUTPUT_TOUR_FILE: "baseline_results/cvrp_lkh/Vrp-Set-X-n783/Vrp-Set-X-n783-lkh/0.lkh1.tour" ... done
* 4017: Cost = 0_7424451, Time = 237.73 sec. 
Writing OUTPUT_TOUR_FILE: "baseline_results/cvrp_lkh/Vrp-Set-X-n783/Vrp-Set-X-n783-lkh/0.lkh1.tour" ... done
* 4073: Cost = 0_7421284, Time = 241.47 sec. 
Writing OUTPUT_TOUR_FILE: "baseline_results/cvrp_lkh/Vrp-Set-X-n783/Vrp-Set-X-n783-lkh/0.lkh1.tour" ... done
* 4093: Cost = 0_7419710, Time = 242.76 sec. 
Writing OUTPUT_TOUR_FILE: "baseline_results/cvrp_lkh/Vrp-Set-X-n783/Vrp-Set-X-n783-lkh/0.lkh1.tour" ... done
* 4204: Cost = 0_7418703, Time = 249.53 sec. 
Writing OUTPUT_TOUR_FILE: "baseline_results/cvrp_lkh/Vrp-Set-X-n783/Vrp-Set-X-n783-lkh/0.lkh1.tour" ... done
* 4301: Cost = 0_7418209, Time = 254.90 sec. 
Writing OUTPUT_TOUR_FILE: "baseline_results/cvrp_lkh/Vrp-Set-X-n783/Vrp-Set-X-n783-lkh/0.lkh1.tour" ... done
* 4343: Cost = 0_7418196, Time = 258.36 sec. 
Writing OUTPUT_TOUR_FILE: "baseline_results/cvrp_lkh/Vrp-Set-X-n783/Vrp-Set-X-n783-lkh/0.lkh1.tour" ... done
* 4367: Cost = 0_7418146, Time = 260.01 sec. 
Writing OUTPUT_TOUR_FILE: "baseline_results/cvrp_lkh/Vrp-Set-X-n783/Vrp-Set-X-n783-lkh/0.lkh1.tour" ... done
* 4553: Cost = 0_7416677, Time = 272.67 sec. 
Writing OUTPUT_TOUR_FILE: "baseline_results/cvrp_lkh/Vrp-Set-X-n783/Vrp-Set-X-n783-lkh/0.lkh1.tour" ... done
* 4620: Cost = 0_7416406, Time = 277.81 sec. 
Writing OUTPUT_TOUR_FILE: "baseline_results/cvrp_lkh/Vrp-Set-X-n783/Vrp-Set-X-n783-lkh/0.lkh1.tour" ... done
* 4722: Cost = 0_7415479, Time = 283.65 sec. 
Writing OUTPUT_TOUR_FILE: "baseline_results/cvrp_lkh/Vrp-Set-X-n783/Vrp-Set-X-n783-lkh/0.lkh1.tour" ... done
* 4853: Cost = 0_7414690, Time = 290.25 sec. 
Writing OUTPUT_TOUR_FILE: "baseline_results/cvrp_lkh/Vrp-Set-X-n783/Vrp-Set-X-n783-lkh/0.lkh1.tour" ... done
* 5136: Cost = 0_7413236, Time = 311.04 sec. 
Writing OUTPUT_TOUR_FILE: "baseline_results/cvrp_lkh/Vrp-Set-X-n783/Vrp-Set-X-n783-lkh/0.lkh1.tour" ... done
* 5141: Cost = 0_7412494, Time = 311.32 sec. 
Writing OUTPUT_TOUR_FILE: "baseline_results/cvrp_lkh/Vrp-Set-X-n783/Vrp-Set-X-n783-lkh/0.lkh1.tour" ... done
* 5296: Cost = 0_7412422, Time = 320.71 sec. 
Writing OUTPUT_TOUR_FILE: "baseline_results/cvrp_lkh/Vrp-Set-X-n783/Vrp-Set-X-n783-lkh/0.lkh1.tour" ... done
* 5367: Cost = 0_7409218, Time = 324.69 sec. 
Writing OUTPUT_TOUR_FILE: "baseline_results/cvrp_lkh/Vrp-Set-X-n783/Vrp-Set-X-n783-lkh/0.lkh1.tour" ... done
* 5484: Cost = 0_7408965, Time = 331.15 sec. 
Writing OUTPUT_TOUR_FILE: "baseline_results/cvrp_lkh/Vrp-Set-X-n783/Vrp-Set-X-n783-lkh/0.lkh1.tour" ... done
* 5909: Cost = 0_7408751, Time = 356.36 sec. 
Writing OUTPUT_TOUR_FILE: "baseline_results/cvrp_lkh/Vrp-Set-X-n783/Vrp-Set-X-n783-lkh/0.lkh1.tour" ... done
* 6185: Cost = 0_7408012, Time = 373.88 sec. 
Writing OUTPUT_TOUR_FILE: "baseline_results/cvrp_lkh/Vrp-Set-X-n783/Vrp-Set-X-n783-lkh/0.lkh1.tour" ... done
* 6233: Cost = 0_7407967, Time = 376.19 sec. 
Writing OUTPUT_TOUR_FILE: "baseline_results/cvrp_lkh/Vrp-Set-X-n783/Vrp-Set-X-n783-lkh/0.lkh1.tour" ... done
* 6470: Cost = 0_7407766, Time = 391.86 sec. 
Writing OUTPUT_TOUR_FILE: "baseline_results/cvrp_lkh/Vrp-Set-X-n783/Vrp-Set-X-n783-lkh/0.lkh1.tour" ... done
* 6578: Cost = 0_7407704, Time = 398.47 sec. 
Writing OUTPUT_TOUR_FILE: "baseline_results/cvrp_lkh/Vrp-Set-X-n783/Vrp-Set-X-n783-lkh/0.lkh1.tour" ... done
* 6667: Cost = 0_7398581, Time = 403.27 sec. 
Writing OUTPUT_TOUR_FILE: "baseline_results/cvrp_lkh/Vrp-Set-X-n783/Vrp-Set-X-n783-lkh/0.lkh1.tour" ... done
* 6709: Cost = 0_7396203, Time = 406.89 sec. 
Writing OUTPUT_TOUR_FILE: "baseline_results/cvrp_lkh/Vrp-Set-X-n783/Vrp-Set-X-n783-lkh/0.lkh1.tour" ... done
* 6972: Cost = 0_7395929, Time = 424.68 sec. 
Writing OUTPUT_TOUR_FILE: "baseline_results/cvrp_lkh/Vrp-Set-X-n783/Vrp-Set-X-n783-lkh/0.lkh1.tour" ... done
* 7124: Cost = 0_7393492, Time = 434.39 sec. 
Writing OUTPUT_TOUR_FILE: "baseline_results/cvrp_lkh/Vrp-Set-X-n783/Vrp-Set-X-n783-lkh/0.lkh1.tour" ... done
* 7245: Cost = 0_7390338, Time = 442.47 sec. 
Writing OUTPUT_TOUR_FILE: "baseline_results/cvrp_lkh/Vrp-Set-X-n783/Vrp-Set-X-n783-lkh/0.lkh1.tour" ... done
* 7281: Cost = 0_7389960, Time = 446.13 sec. 
Writing OUTPUT_TOUR_FILE: "baseline_results/cvrp_lkh/Vrp-Set-X-n783/Vrp-Set-X-n783-lkh/0.lkh1.tour" ... done
* 7293: Cost = 0_7389387, Time = 446.66 sec. 
Writing OUTPUT_TOUR_FILE: "baseline_results/cvrp_lkh/Vrp-Set-X-n783/Vrp-Set-X-n783-lkh/0.lkh1.tour" ... done
* 7295: Cost = 0_7389272, Time = 446.69 sec. 
Writing OUTPUT_TOUR_FILE: "baseline_results/cvrp_lkh/Vrp-Set-X-n783/Vrp-Set-X-n783-lkh/0.lkh1.tour" ... done
* 7296: Cost = 0_7387434, Time = 446.70 sec. 
Writing OUTPUT_TOUR_FILE: "baseline_results/cvrp_lkh/Vrp-Set-X-n783/Vrp-Set-X-n783-lkh/0.lkh1.tour" ... done
* 7399: Cost = 0_7386850, Time = 452.02 sec. 
Writing OUTPUT_TOUR_FILE: "baseline_results/cvrp_lkh/Vrp-Set-X-n783/Vrp-Set-X-n783-lkh/0.lkh1.tour" ... done
* 8002: Cost = 0_7386063, Time = 490.07 sec. 
Writing OUTPUT_TOUR_FILE: "baseline_results/cvrp_lkh/Vrp-Set-X-n783/Vrp-Set-X-n783-lkh/0.lkh1.tour" ... done
* 8864: Cost = 0_7385074, Time = 541.98 sec. 
Writing OUTPUT_TOUR_FILE: "baseline_results/cvrp_lkh/Vrp-Set-X-n783/Vrp-Set-X-n783-lkh/0.lkh1.tour" ... done
* 9071: Cost = 0_7384914, Time = 552.39 sec. 
Writing OUTPUT_TOUR_FILE: "baseline_results/cvrp_lkh/Vrp-Set-X-n783/Vrp-Set-X-n783-lkh/0.lkh1.tour" ... done
* 9174: Cost = 0_7384734, Time = 558.37 sec. 
Writing OUTPUT_TOUR_FILE: "baseline_results/cvrp_lkh/Vrp-Set-X-n783/Vrp-Set-X-n783-lkh/0.lkh1.tour" ... done
* 9207: Cost = 0_7384638, Time = 560.04 sec. 
Writing OUTPUT_TOUR_FILE: "baseline_results/cvrp_lkh/Vrp-Set-X-n783/Vrp-Set-X-n783-lkh/0.lkh1.tour" ... done
* 9339: Cost = 0_7384385, Time = 569.83 sec. 
Writing OUTPUT_TOUR_FILE: "baseline_results/cvrp_lkh/Vrp-Set-X-n783/Vrp-Set-X-n783-lkh/0.lkh1.tour" ... done
Population:
  1: 0_7384385
Run 1: Cost = 0_7384385, Time = 609.83 sec. 

Successes/Runs = 0/1 
Cost.min = 7384385, Cost.avg = 7384385.00, Cost.max = 7384385
Gap.min = 0.0000%, Gap.avg = 0.0000%, Gap.max = 0.0000%
Penalty.min = 0, Penalty.avg = 0.00, Penalty.max = 0
Trials.min = 10000, Trials.avg = 10000.0, Trials.max = 10000
Time.min = 609.83 sec., Time.avg = 609.83 sec., Time.max = 609.83 sec.
Time.total = 610.42 sec.
  Size.min = 10, Size.max = 36, Penalty = 0
  Cost.min = 36520, Cost.max = 263603, Cost.sum = 7384385
Best CVRP solution:
  Cost = 0_7384385

