=========== Algorithm Parameters =================
---- nbGranular        is set to 20
---- mu                is set to 25
---- lambda            is set to 40
---- nbElite           is set to 4
---- nbClose           is set to 5
---- targetFeasible    is set to 0.2
---- seed              is set to 1234
---- nbIter            is set to 20000
---- timeLimit         is set to 0
---- useSwapStar       is set to 1
==================================================
----- READING INSTANCE: baseline_results/cvrp_hgs/Vrp-Set-X-n916/Vrp-Set-X-n916-hgs/0.hgs1.vrp
----- FLEET SIZE WAS NOT SPECIFIED: DEFAULT INITIALIZATION TO 272 VEHICLES
----- INSTANCE SUCCESSFULLY LOADED WITH 915 CLIENTS AND 272 VEHICLES
----- BUILDING INITIAL POPULATION
----- STARTING GENETIC ALGORITHM
It      0      2 | T(s) 3.20 | Feas 58 336935.34 337498.38 | Inf 4 337674.59 338447.79 | Div 0.74 0.76 | Feas 0.96 1.00 | Pen 117.82 0.85
It    500     47 | T(s) 15.35 | Feas 58 333934.74 334484.54 | Inf 28 334244.31 334928.83 | Div 0.65 0.74 | Feas 0.20 1.00 | Pen 203.59 0.38
It   1000     85 | T(s) 27.27 | Feas 65 333592.55 334132.36 | Inf 59 333649.12 334299.86 | Div 0.68 0.68 | Feas 0.20 1.00 | Pen 244.30 0.17
It   1500    119 | T(s) 39.06 | Feas 37 333425.30 333935.18 | Inf 36 333603.92 333954.87 | Div 0.70 0.63 | Feas 0.21 1.00 | Pen 211.81 0.10
It   2000    619 | T(s) 51.35 | Feas 58 333425.30 333832.85 | Inf 40 333411.09 334012.53 | Div 0.68 0.70 | Feas 0.11 1.00 | Pen 254.17 0.10
It   2500    231 | T(s) 63.31 | Feas 34 333286.16 333698.91 | Inf 32 333188.34 333756.35 | Div 0.72 0.69 | Feas 0.23 1.00 | Pen 254.17 0.10
It   3000    399 | T(s) 74.81 | Feas 37 333013.07 333595.68 | Inf 42 333120.73 333697.68 | Div 0.72 0.70 | Feas 0.24 1.00 | Pen 220.37 0.10
It   3500    899 | T(s) 86.94 | Feas 56 333013.07 333470.58 | Inf 37 333208.88 333592.84 | Div 0.67 0.66 | Feas 0.10 1.00 | Pen 264.44 0.10
It   4000    402 | T(s) 98.81 | Feas 47 332829.23 333399.34 | Inf 55 333138.54 333506.18 | Div 0.67 0.64 | Feas 0.30 1.00 | Pen 229.27 0.10
It   4500    318 | T(s) 110.80 | Feas 62 332541.36 333156.59 | Inf 53 333230.25 333569.95 | Div 0.58 0.66 | Feas 0.18 1.00 | Pen 275.13 0.10
It   5000    818 | T(s) 122.39 | Feas 30 332541.36 333113.01 | Inf 44 332704.27 333459.51 | Div 0.65 0.67 | Feas 0.15 1.00 | Pen 280.63 0.10
It   5500   1318 | T(s) 134.15 | Feas 60 332541.36 332963.62 | Inf 58 332662.18 333274.05 | Div 0.55 0.62 | Feas 0.19 1.00 | Pen 238.53 0.10
It   6000   1818 | T(s) 145.87 | Feas 48 332541.36 332825.22 | Inf 48 332662.18 333114.71 | Div 0.52 0.61 | Feas 0.20 1.00 | Pen 238.53 0.10
It   6500   2318 | T(s) 157.61 | Feas 62 332541.36 332820.54 | Inf 40 332666.95 333175.68 | Div 0.51 0.64 | Feas 0.20 1.00 | Pen 243.30 0.10
It   7000    113 | T(s) 168.98 | Feas 59 332254.75 332895.76 | Inf 28 332666.95 333206.76 | Div 0.57 0.67 | Feas 0.22 1.00 | Pen 243.30 0.10
It   7500    613 | T(s) 180.51 | Feas 25 332254.75 332980.42 | Inf 25 332666.95 333172.19 | Div 0.65 0.67 | Feas 0.16 1.00 | Pen 243.30 0.10
It   8000   1113 | T(s) 191.92 | Feas 47 332254.75 332640.04 | Inf 44 332666.95 333074.81 | Div 0.52 0.61 | Feas 0.24 1.00 | Pen 243.30 0.10
It   8500   1613 | T(s) 203.23 | Feas 64 332254.75 332481.93 | Inf 26 332532.54 333134.46 | Div 0.38 0.67 | Feas 0.27 1.00 | Pen 210.94 0.10
It   9000    385 | T(s) 214.29 | Feas 61 332245.01 332444.81 | Inf 59 332460.83 332830.68 | Div 0.38 0.53 | Feas 0.19 1.00 | Pen 210.94 0.10
It   9500    885 | T(s) 225.90 | Feas 42 332245.01 332432.63 | Inf 45 332461.64 332775.26 | Div 0.36 0.51 | Feas 0.28 1.00 | Pen 219.47 0.10
It  10000    210 | T(s) 237.16 | Feas 47 332063.03 332430.17 | Inf 38 332460.99 332699.22 | Div 0.46 0.48 | Feas 0.18 1.00 | Pen 223.86 0.10
It  10500    321 | T(s) 248.37 | Feas 61 332011.60 332377.75 | Inf 65 332158.62 332582.06 | Div 0.44 0.43 | Feas 0.19 1.00 | Pen 228.33 0.10
It  11000    472 | T(s) 259.47 | Feas 60 331983.03 332246.20 | Inf 58 332209.77 332625.31 | Div 0.37 0.47 | Feas 0.15 1.00 | Pen 279.48 0.10
It  11500    374 | T(s) 270.75 | Feas 62 331979.31 332250.55 | Inf 63 332120.77 332428.78 | Div 0.43 0.42 | Feas 0.26 1.00 | Pen 201.92 0.10
It  12000     42 | T(s) 282.04 | Feas 27 331856.41 332550.29 | Inf 61 332138.86 332469.96 | Div 0.59 0.47 | Feas 0.19 1.00 | Pen 242.31 0.10
It  12500    542 | T(s) 293.19 | Feas 40 331856.41 332223.97 | Inf 47 332006.98 332371.71 | Div 0.46 0.47 | Feas 0.29 1.00 | Pen 210.08 0.10
It  13000   1042 | T(s) 304.22 | Feas 42 331856.41 332125.81 | Inf 42 332011.18 332450.98 | Div 0.42 0.49 | Feas 0.26 1.00 | Pen 214.28 0.10
It  13500   1542 | T(s) 315.60 | Feas 33 331856.41 332178.27 | Inf 56 331936.23 332382.66 | Div 0.50 0.49 | Feas 0.35 1.00 | Pen 218.57 0.10
It  14000   2042 | T(s) 326.96 | Feas 51 331856.41 332155.25 | Inf 51 331912.21 332309.86 | Div 0.46 0.47 | Feas 0.16 1.00 | Pen 218.57 0.10
It  14500    386 | T(s) 338.07 | Feas 62 331838.22 332080.67 | Inf 41 331979.95 332274.38 | Div 0.44 0.46 | Feas 0.25 1.00 | Pen 262.28 0.10
It  15000    265 | T(s) 349.46 | Feas 49 331781.13 332076.61 | Inf 60 331920.95 332242.49 | Div 0.47 0.47 | Feas 0.20 1.00 | Pen 222.94 0.10
It  15500    765 | T(s) 360.76 | Feas 58 331781.13 332098.15 | Inf 51 331938.96 332382.72 | Div 0.48 0.51 | Feas 0.17 1.00 | Pen 231.95 0.10
It  16000   1265 | T(s) 371.72 | Feas 52 331781.13 332071.26 | Inf 47 331905.74 332344.06 | Div 0.46 0.51 | Feas 0.20 1.00 | Pen 231.95 0.10
It  16500   1765 | T(s) 382.88 | Feas 65 331781.13 332049.32 | Inf 34 331915.02 332393.14 | Div 0.44 0.54 | Feas 0.19 1.00 | Pen 236.59 0.10
It  17000    404 | T(s) 394.10 | Feas 36 331693.32 332201.78 | Inf 26 331811.66 332605.60 | Div 0.53 0.61 | Feas 0.23 1.00 | Pen 236.59 0.10
It  17500    904 | T(s) 405.49 | Feas 55 331693.32 332194.80 | Inf 55 331816.39 332391.45 | Div 0.50 0.51 | Feas 0.27 1.00 | Pen 241.32 0.10
It  18000   1404 | T(s) 416.97 | Feas 35 331693.32 332080.86 | Inf 39 331864.66 332264.29 | Div 0.50 0.49 | Feas 0.23 1.00 | Pen 289.58 0.10
It  18500    317 | T(s) 428.41 | Feas 58 331659.19 332143.78 | Inf 31 331864.66 332376.81 | Div 0.49 0.54 | Feas 0.18 1.00 | Pen 289.58 0.10
It  19000    817 | T(s) 439.08 | Feas 35 331659.19 331997.63 | Inf 26 331788.48 332244.08 | Div 0.48 0.55 | Feas 0.29 1.00 | Pen 213.41 0.10
It  19500   1317 | T(s) 450.52 | Feas 59 331659.19 331917.96 | Inf 64 331766.19 332156.96 | Div 0.44 0.48 | Feas 0.26 1.00 | Pen 217.68 0.10
It  20000    402 | T(s) 461.59 | Feas 54 331486.76 331876.92 | Inf 27 331861.97 332354.62 | Div 0.43 0.53 | Feas 0.12 1.00 | Pen 313.45 0.10
It  20500    902 | T(s) 472.68 | Feas 44 331486.76 331885.02 | Inf 35 331774.98 332285.86 | Div 0.42 0.52 | Feas 0.19 1.00 | Pen 226.47 0.10
It  21000   1402 | T(s) 483.68 | Feas 64 331486.76 331773.40 | Inf 52 331779.51 332188.33 | Div 0.38 0.47 | Feas 0.23 1.00 | Pen 231.00 0.10
It  21500   1902 | T(s) 494.98 | Feas 39 331486.76 331809.32 | Inf 50 331779.51 332077.09 | Div 0.38 0.44 | Feas 0.18 1.00 | Pen 231.00 0.10
It  22000   2402 | T(s) 506.15 | Feas 29 331486.76 331857.02 | Inf 30 331639.63 332080.58 | Div 0.42 0.50 | Feas 0.26 1.00 | Pen 166.90 0.10
It  22500   2902 | T(s) 517.13 | Feas 65 331486.76 331810.86 | Inf 37 331673.01 332073.14 | Div 0.38 0.46 | Feas 0.17 1.00 | Pen 200.28 0.10
It  23000   3402 | T(s) 528.33 | Feas 51 331486.76 331664.50 | Inf 25 331677.01 332127.61 | Div 0.31 0.52 | Feas 0.26 1.00 | Pen 204.28 0.10
It  23500   3902 | T(s) 539.20 | Feas 64 331486.76 331637.66 | Inf 25 331667.05 332028.28 | Div 0.27 0.49 | Feas 0.20 1.00 | Pen 204.28 0.10
It  24000    125 | T(s) 549.97 | Feas 27 331476.00 331896.83 | Inf 57 331630.74 331951.79 | Div 0.47 0.38 | Feas 0.24 1.00 | Pen 245.14 0.10
It  24500    625 | T(s) 560.85 | Feas 42 331476.00 331649.62 | Inf 50 331593.97 331815.76 | Div 0.32 0.35 | Feas 0.16 1.00 | Pen 208.37 0.10
It  25000    431 | T(s) 571.71 | Feas 49 331456.76 331573.08 | Inf 47 331598.14 331869.35 | Div 0.27 0.37 | Feas 0.17 1.00 | Pen 212.53 0.10
It  25500    931 | T(s) 582.56 | Feas 59 331456.76 331680.94 | Inf 42 331598.14 331929.94 | Div 0.32 0.41 | Feas 0.20 1.00 | Pen 212.53 0.10
It  26000    167 | T(s) 593.34 | Feas 46 331434.47 331614.96 | Inf 27 331565.43 331857.34 | Div 0.32 0.41 | Feas 0.19 1.00 | Pen 216.79 0.10
It  26500    386 | T(s) 604.04 | Feas 65 331423.73 331605.46 | Inf 54 331485.77 331769.42 | Div 0.31 0.28 | Feas 0.20 1.00 | Pen 216.79 0.10
It  27000    314 | T(s) 614.89 | Feas 41 331337.28 331738.37 | Inf 45 331443.92 331751.58 | Div 0.36 0.33 | Feas 0.29 1.00 | Pen 225.54 0.10
It  27500    151 | T(s) 625.21 | Feas 40 331286.33 331527.06 | Inf 33 331329.03 331653.91 | Div 0.30 0.32 | Feas 0.17 1.00 | Pen 191.71 0.10
It  28000    201 | T(s) 635.99 | Feas 30 331192.23 331542.24 | Inf 65 331218.98 331521.08 | Div 0.35 0.25 | Feas 0.19 1.00 | Pen 191.71 0.10
It  28500    102 | T(s) 646.32 | Feas 27 331190.98 331645.98 | Inf 51 331257.32 331569.02 | Div 0.40 0.28 | Feas 0.24 1.00 | Pen 230.05 0.10
It  29000    602 | T(s) 656.93 | Feas 44 331190.98 331366.05 | Inf 31 331246.38 331537.28 | Div 0.27 0.31 | Feas 0.21 1.00 | Pen 230.05 0.10
It  29500   1102 | T(s) 666.99 | Feas 38 331190.98 331316.66 | Inf 54 331215.78 331384.88 | Div 0.26 0.24 | Feas 0.26 1.00 | Pen 199.46 0.10
It  30000     59 | T(s) 677.71 | Feas 48 331069.14 331383.35 | Inf 49 331207.62 331412.92 | Div 0.28 0.24 | Feas 0.19 1.00 | Pen 239.35 0.10
It  30500    559 | T(s) 688.23 | Feas 32 331069.14 331493.53 | Inf 65 331157.73 331392.85 | Div 0.37 0.23 | Feas 0.18 1.00 | Pen 203.45 0.10
It  31000   1059 | T(s) 698.97 | Feas 42 331069.14 331359.86 | Inf 63 331198.42 331374.84 | Div 0.33 0.23 | Feas 0.13 1.00 | Pen 244.14 0.10
It  31500   1559 | T(s) 709.33 | Feas 48 331069.14 331284.04 | Inf 42 331198.42 331480.75 | Div 0.29 0.30 | Feas 0.20 1.00 | Pen 244.14 0.10
It  32000    349 | T(s) 719.85 | Feas 40 331020.36 331230.56 | Inf 61 331087.66 331338.10 | Div 0.27 0.22 | Feas 0.16 1.00 | Pen 207.52 0.10
It  32500    217 | T(s) 730.32 | Feas 26 331014.33 331395.09 | Inf 44 331060.06 331251.29 | Div 0.37 0.22 | Feas 0.16 1.00 | Pen 179.92 0.10
It  33000    717 | T(s) 740.57 | Feas 43 331014.33 331121.62 | Inf 37 331100.36 331367.03 | Div 0.22 0.25 | Feas 0.13 1.00 | Pen 220.22 0.10
It  33500    148 | T(s) 750.66 | Feas 44 330971.77 331233.93 | Inf 60 331029.71 331305.53 | Div 0.29 0.24 | Feas 0.22 1.00 | Pen 187.18 0.10
It  34000    648 | T(s) 760.90 | Feas 36 330971.77 331272.20 | Inf 59 330923.85 331214.86 | Div 0.32 0.22 | Feas 0.10 1.00 | Pen 190.93 0.10
It  34500   1148 | T(s) 771.33 | Feas 49 330971.77 331132.54 | Inf 48 330927.67 331215.11 | Div 0.27 0.24 | Feas 0.17 1.00 | Pen 194.75 0.10
It  35000    441 | T(s) 781.39 | Feas 54 330910.02 331076.25 | Inf 34 330931.56 331149.23 | Div 0.22 0.22 | Feas 0.32 1.00 | Pen 198.64 0.10
It  35500     67 | T(s) 791.53 | Feas 57 330706.03 331019.94 | Inf 26 330931.56 331169.56 | Div 0.21 0.27 | Feas 0.19 1.00 | Pen 198.64 0.10
It  36000    182 | T(s) 801.25 | Feas 27 330703.63 331078.60 | Inf 45 330899.16 331067.32 | Div 0.31 0.19 | Feas 0.24 1.00 | Pen 172.22 0.10
It  36500    682 | T(s) 810.95 | Feas 41 330703.63 330852.82 | Inf 63 330818.55 331015.57 | Div 0.15 0.19 | Feas 0.27 1.00 | Pen 149.32 0.10
It  37000    386 | T(s) 820.74 | Feas 25 330681.86 331016.16 | Inf 58 330848.42 331092.10 | Div 0.28 0.24 | Feas 0.23 1.00 | Pen 179.18 0.10
It  37500    229 | T(s) 830.93 | Feas 28 330668.89 331025.72 | Inf 54 330824.61 331191.71 | Div 0.30 0.29 | Feas 0.12 1.00 | Pen 182.76 0.10
It  38000    729 | T(s) 841.01 | Feas 25 330668.89 331068.66 | Inf 52 330817.30 331044.47 | Div 0.31 0.26 | Feas 0.17 1.00 | Pen 182.76 0.10
It  38500     63 | T(s) 851.18 | Feas 34 330650.47 330827.29 | Inf 47 330817.30 330989.01 | Div 0.24 0.23 | Feas 0.18 1.00 | Pen 182.76 0.10
It  39000    563 | T(s) 861.18 | Feas 42 330650.47 330733.69 | Inf 40 330776.89 330884.77 | Div 0.19 0.21 | Feas 0.17 1.00 | Pen 155.35 0.10
It  39500   1063 | T(s) 870.93 | Feas 52 330650.47 330743.79 | Inf 62 330779.99 330864.86 | Div 0.20 0.20 | Feas 0.17 1.00 | Pen 158.46 0.10
It  40000     51 | T(s) 880.99 | Feas 60 330649.87 330760.36 | Inf 54 330689.78 330897.48 | Div 0.22 0.25 | Feas 0.26 1.00 | Pen 134.69 0.10
It  40500    184 | T(s) 891.19 | Feas 48 330633.86 330806.64 | Inf 25 330749.04 331236.65 | Div 0.26 0.35 | Feas 0.14 1.00 | Pen 193.95 0.10
It  41000    684 | T(s) 901.28 | Feas 53 330633.86 330795.86 | Inf 55 330787.83 331098.48 | Div 0.24 0.28 | Feas 0.24 1.00 | Pen 232.74 0.10
It  41500   1184 | T(s) 911.41 | Feas 25 330633.86 331064.82 | Inf 29 330726.61 331125.48 | Div 0.33 0.33 | Feas 0.14 1.00 | Pen 171.52 0.10
It  42000   1684 | T(s) 921.66 | Feas 41 330633.86 330735.65 | Inf 63 330726.61 330880.25 | Div 0.22 0.24 | Feas 0.22 1.00 | Pen 171.52 0.10
It  42500    332 | T(s) 931.55 | Feas 31 330616.80 330997.00 | Inf 46 330725.19 330985.50 | Div 0.33 0.28 | Feas 0.20 1.00 | Pen 174.95 0.10
It  43000    431 | T(s) 941.67 | Feas 65 330610.60 330709.65 | Inf 53 330760.18 331030.15 | Div 0.22 0.29 | Feas 0.12 1.00 | Pen 209.94 0.10
It  43500    931 | T(s) 951.60 | Feas 39 330610.60 330801.27 | Inf 30 330728.68 330876.43 | Div 0.25 0.27 | Feas 0.25 1.00 | Pen 178.45 0.10
It  44000    268 | T(s) 961.62 | Feas 54 330607.09 330717.22 | Inf 49 330709.91 330853.02 | Div 0.23 0.24 | Feas 0.25 1.00 | Pen 182.02 0.10
It  44500    395 | T(s) 972.08 | Feas 40 330601.92 330708.85 | Inf 40 330713.55 330909.08 | Div 0.21 0.25 | Feas 0.32 1.00 | Pen 185.66 0.10
It  45000    357 | T(s) 982.14 | Feas 51 330594.17 330693.74 | Inf 25 330682.42 330993.76 | Div 0.22 0.31 | Feas 0.25 1.00 | Pen 189.37 0.10
It  45500    857 | T(s) 992.05 | Feas 64 330594.17 330671.52 | Inf 46 330676.06 330798.96 | Div 0.22 0.22 | Feas 0.19 1.00 | Pen 189.37 0.10
It  46000   1357 | T(s) 1002.02 | Feas 40 330594.17 330669.25 | Inf 25 330708.93 331448.00 | Div 0.22 0.38 | Feas 0.13 1.00 | Pen 231.79 0.10
It  46500    141 | T(s) 1012.51 | Feas 64 330585.74 330707.13 | Inf 53 330688.04 330881.52 | Div 0.24 0.26 | Feas 0.15 1.00 | Pen 241.15 0.10
It  47000    288 | T(s) 1022.74 | Feas 51 330558.75 330709.00 | Inf 63 330655.96 330795.97 | Div 0.26 0.23 | Feas 0.15 1.00 | Pen 209.08 0.10
It  47500    788 | T(s) 1032.80 | Feas 63 330558.75 330734.32 | Inf 35 330628.15 330990.15 | Div 0.25 0.31 | Feas 0.26 1.00 | Pen 181.27 0.10
It  48000   1288 | T(s) 1042.79 | Feas 59 330558.75 330834.73 | Inf 26 330631.78 331309.49 | Div 0.29 0.40 | Feas 0.26 1.00 | Pen 184.90 0.10
It  48500      8 | T(s) 1052.75 | Feas 40 330544.76 330865.00 | Inf 59 330604.05 330856.65 | Div 0.32 0.28 | Feas 0.17 1.00 | Pen 157.16 0.10
It  49000    137 | T(s) 1062.90 | Feas 37 330536.70 330728.74 | Inf 51 330607.19 330811.14 | Div 0.28 0.24 | Feas 0.20 1.00 | Pen 160.31 0.10
It  49500    242 | T(s) 1073.17 | Feas 41 330514.51 330692.88 | Inf 55 330607.19 330814.59 | Div 0.27 0.24 | Feas 0.17 1.00 | Pen 160.31 0.10
It  50000    742 | T(s) 1083.36 | Feas 46 330514.51 330659.51 | Inf 42 330587.30 330935.35 | Div 0.26 0.30 | Feas 0.23 1.00 | Pen 163.51 0.10
It  50500    411 | T(s) 1093.52 | Feas 56 330514.18 330627.92 | Inf 30 330565.56 330913.84 | Div 0.23 0.34 | Feas 0.16 1.00 | Pen 141.76 0.10
It  51000    217 | T(s) 1104.12 | Feas 33 330507.97 330873.13 | Inf 31 330593.91 330884.08 | Div 0.33 0.32 | Feas 0.17 1.00 | Pen 170.12 0.10
It  51500    242 | T(s) 1114.57 | Feas 44 330503.51 330656.55 | Inf 27 330593.91 331075.95 | Div 0.25 0.36 | Feas 0.20 1.00 | Pen 170.12 0.10
It  52000    386 | T(s) 1124.99 | Feas 59 330497.89 330655.31 | Inf 55 330627.93 330978.50 | Div 0.23 0.30 | Feas 0.24 1.00 | Pen 204.14 0.10
It  52500    202 | T(s) 1135.14 | Feas 62 330497.75 330574.42 | Inf 40 330630.07 330969.22 | Div 0.21 0.33 | Feas 0.22 1.00 | Pen 208.22 0.10
It  53000     21 | T(s) 1145.07 | Feas 42 330496.27 330620.74 | Inf 55 330526.07 330775.04 | Div 0.24 0.27 | Feas 0.21 1.00 | Pen 153.45 0.10
It  53500    209 | T(s) 1154.78 | Feas 35 330489.11 330615.15 | Inf 50 330526.07 330687.05 | Div 0.22 0.25 | Feas 0.21 1.00 | Pen 153.45 0.10
It  54000    709 | T(s) 1164.52 | Feas 28 330489.11 330695.40 | Inf 38 330526.07 330876.86 | Div 0.26 0.29 | Feas 0.18 1.00 | Pen 153.45 0.10
It  54500   1209 | T(s) 1174.63 | Feas 55 330489.11 330692.35 | Inf 63 330520.86 330854.97 | Div 0.24 0.27 | Feas 0.23 1.00 | Pen 153.45 0.10
It  55000   1709 | T(s) 1184.83 | Feas 61 330489.11 330598.08 | Inf 51 330551.56 330937.11 | Div 0.22 0.32 | Feas 0.25 1.00 | Pen 184.14 0.10
It  55500   2209 | T(s) 1195.20 | Feas 40 330489.11 330847.64 | Inf 32 330550.29 331020.41 | Div 0.31 0.32 | Feas 0.20 1.00 | Pen 187.82 0.10
It  56000   2709 | T(s) 1205.25 | Feas 45 330489.11 330718.85 | Inf 51 330522.11 330833.28 | Div 0.27 0.28 | Feas 0.18 1.00 | Pen 159.65 0.10
It  56500   3209 | T(s) 1215.49 | Feas 50 330489.11 330752.10 | Inf 44 330554.04 330798.48 | Div 0.30 0.27 | Feas 0.23 1.00 | Pen 191.58 0.10
It  57000   3709 | T(s) 1225.83 | Feas 62 330489.11 330810.41 | Inf 32 330525.31 330787.86 | Div 0.30 0.30 | Feas 0.19 1.00 | Pen 162.84 0.10
It  57500    345 | T(s) 1235.96 | Feas 56 330487.72 330699.22 | Inf 31 330557.88 330849.57 | Div 0.28 0.30 | Feas 0.15 1.00 | Pen 195.41 0.10
It  58000    845 | T(s) 1246.36 | Feas 48 330487.72 330673.07 | Inf 49 330528.56 330723.29 | Div 0.27 0.26 | Feas 0.28 1.00 | Pen 166.10 0.10
It  58500   1345 | T(s) 1256.54 | Feas 62 330487.72 330734.73 | Inf 38 330531.89 330650.47 | Div 0.28 0.22 | Feas 0.26 1.00 | Pen 169.42 0.10
It  59000   1845 | T(s) 1266.78 | Feas 29 330487.72 330836.40 | Inf 37 330561.74 330774.19 | Div 0.34 0.26 | Feas 0.12 1.00 | Pen 207.37 0.10
It  59500    468 | T(s) 1276.56 | Feas 50 330459.57 330663.43 | Inf 39 330504.20 330582.40 | Div 0.27 0.17 | Feas 0.24 1.00 | Pen 149.83 0.10
It  60000    968 | T(s) 1286.17 | Feas 43 330459.57 330551.27 | Inf 36 330504.20 330607.17 | Div 0.22 0.18 | Feas 0.20 1.00 | Pen 149.83 0.10
It  60500     69 | T(s) 1295.99 | Feas 28 330445.34 330889.03 | Inf 62 330498.76 330522.13 | Div 0.33 0.08 | Feas 0.23 1.00 | Pen 149.83 0.10
It  61000    420 | T(s) 1306.09 | Feas 35 330443.80 330725.59 | Inf 54 330528.73 330581.96 | Div 0.29 0.15 | Feas 0.19 1.00 | Pen 179.79 0.10
It  61500    328 | T(s) 1315.82 | Feas 39 330442.08 330608.27 | Inf 40 330520.93 330645.20 | Div 0.24 0.18 | Feas 0.20 1.00 | Pen 183.39 0.10
It  62000    828 | T(s) 1325.20 | Feas 32 330442.08 330685.32 | Inf 63 330493.42 330587.90 | Div 0.28 0.18 | Feas 0.23 1.00 | Pen 155.88 0.10
It  62500     98 | T(s) 1334.78 | Feas 47 330439.45 330650.29 | Inf 54 330479.28 330677.14 | Div 0.27 0.22 | Feas 0.25 1.00 | Pen 159.00 0.10
It  63000    598 | T(s) 1344.82 | Feas 43 330439.45 330636.87 | Inf 50 330479.72 330641.93 | Div 0.27 0.21 | Feas 0.12 1.00 | Pen 165.42 0.10
It  63500   1098 | T(s) 1354.68 | Feas 44 330439.45 330697.55 | Inf 38 330486.41 330551.81 | Div 0.27 0.16 | Feas 0.27 1.00 | Pen 172.10 0.10
It  64000    223 | T(s) 1364.51 | Feas 43 330429.39 330577.24 | Inf 29 330482.58 330611.68 | Div 0.26 0.21 | Feas 0.18 1.00 | Pen 172.10 0.10
It  64500    237 | T(s) 1373.97 | Feas 33 330408.92 330579.42 | Inf 53 330450.39 330495.02 | Div 0.25 0.12 | Feas 0.20 1.00 | Pen 146.29 0.10
It  65000    737 | T(s) 1383.72 | Feas 39 330408.92 330554.28 | Inf 43 330477.31 330669.35 | Div 0.25 0.21 | Feas 0.17 1.00 | Pen 175.55 0.10
It  65500   1237 | T(s) 1393.95 | Feas 58 330408.92 330509.40 | Inf 32 330450.21 330790.71 | Div 0.21 0.29 | Feas 0.20 1.00 | Pen 175.55 0.10
It  66000    409 | T(s) 1403.86 | Feas 54 330380.68 330484.96 | Inf 64 330453.72 330660.30 | Div 0.20 0.22 | Feas 0.15 1.00 | Pen 179.06 0.10
It  66500    909 | T(s) 1413.74 | Feas 56 330380.68 330460.29 | Inf 43 330429.90 330740.98 | Div 0.18 0.26 | Feas 0.27 1.00 | Pen 155.24 0.10
It  67000     87 | T(s) 1423.25 | Feas 29 330367.12 330634.47 | Inf 29 330426.95 330709.30 | Div 0.25 0.26 | Feas 0.23 1.00 | Pen 158.35 0.10
It  67500    147 | T(s) 1433.23 | Feas 34 330361.06 330450.21 | Inf 62 330379.34 330548.72 | Div 0.19 0.21 | Feas 0.21 1.00 | Pen 134.60 0.10
It  68000    647 | T(s) 1442.90 | Feas 46 330361.06 330424.94 | Inf 57 330409.49 330586.79 | Div 0.16 0.21 | Feas 0.24 1.00 | Pen 164.74 0.10
It  68500    400 | T(s) 1452.92 | Feas 36 330336.64 330495.04 | Inf 40 330384.77 330617.62 | Div 0.20 0.24 | Feas 0.19 1.00 | Pen 140.03 0.10
It  69000     93 | T(s) 1462.44 | Feas 27 330331.32 330532.96 | Inf 62 330384.55 330477.12 | Div 0.24 0.19 | Feas 0.31 1.00 | Pen 145.69 0.10
It  69500    486 | T(s) 1471.99 | Feas 43 330330.51 330368.25 | Inf 52 330362.70 330457.25 | Div 0.12 0.18 | Feas 0.18 1.00 | Pen 123.84 0.10
It  70000    271 | T(s) 1481.65 | Feas 54 330307.79 330446.27 | Inf 56 330405.86 330586.19 | Div 0.15 0.20 | Feas 0.15 1.00 | Pen 178.32 0.10
It  70500    771 | T(s) 1491.44 | Feas 38 330307.79 330453.73 | Inf 29 330378.94 330556.05 | Div 0.18 0.19 | Feas 0.20 1.00 | Pen 151.58 0.10
It  71000     41 | T(s) 1500.75 | Feas 44 330294.06 330484.48 | Inf 47 330356.20 330483.83 | Div 0.22 0.19 | Feas 0.28 1.00 | Pen 128.84 0.10
It  71500    541 | T(s) 1510.32 | Feas 44 330294.06 330423.80 | Inf 51 330372.29 330495.17 | Div 0.20 0.18 | Feas 0.14 1.00 | Pen 157.70 0.10
It  72000    210 | T(s) 1519.99 | Feas 61 330294.03 330344.96 | Inf 27 330301.83 330602.76 | Div 0.15 0.25 | Feas 0.27 1.00 | Pen 134.04 0.10
It  72500    710 | T(s) 1529.30 | Feas 36 330294.03 330386.93 | Inf 25 330298.90 330411.64 | Div 0.18 0.16 | Feas 0.17 1.00 | Pen 136.73 0.10
It  73000     65 | T(s) 1538.66 | Feas 31 330249.82 330405.98 | Inf 49 330304.42 330381.72 | Div 0.21 0.14 | Feas 0.31 1.00 | Pen 142.25 0.10
It  73500    565 | T(s) 1547.64 | Feas 45 330249.82 330290.62 | Inf 63 330283.08 330308.24 | Div 0.10 0.08 | Feas 0.22 1.00 | Pen 120.91 0.10
It  74000     97 | T(s) 1556.95 | Feas 28 330242.49 330373.16 | Inf 62 330293.89 330360.07 | Div 0.18 0.12 | Feas 0.18 1.00 | Pen 145.09 0.10
It  74500    597 | T(s) 1566.02 | Feas 41 330242.49 330320.73 | Inf 44 330274.59 330328.10 | Div 0.14 0.11 | Feas 0.14 1.00 | Pen 125.80 0.10
It  75000     65 | T(s) 1574.49 | Feas 55 330232.30 330300.71 | Inf 25 330251.86 330584.11 | Div 0.13 0.24 | Feas 0.20 1.00 | Pen 109.07 0.10
It  75500    565 | T(s) 1584.14 | Feas 58 330232.30 330339.56 | Inf 31 330276.29 330398.78 | Div 0.16 0.19 | Feas 0.11 1.00 | Pen 133.50 0.10
It  76000    221 | T(s) 1593.40 | Feas 25 330223.66 330573.96 | Inf 29 330289.99 330438.47 | Div 0.26 0.20 | Feas 0.19 1.00 | Pen 160.20 0.10
It  76500    721 | T(s) 1602.43 | Feas 59 330223.66 330288.76 | Inf 51 330240.75 330321.96 | Div 0.15 0.15 | Feas 0.21 1.00 | Pen 136.17 0.10
It  77000      8 | T(s) 1611.33 | Feas 46 330208.01 330255.41 | Inf 37 330220.33 330303.99 | Div 0.13 0.15 | Feas 0.23 1.00 | Pen 115.74 0.10
It  77500     90 | T(s) 1619.92 | Feas 54 330201.42 330239.95 | Inf 55 330211.07 330296.76 | Div 0.11 0.14 | Feas 0.25 1.00 | Pen 115.74 0.10
It  78000    164 | T(s) 1628.75 | Feas 50 330194.72 330223.48 | Inf 36 330213.39 330359.45 | Div 0.09 0.19 | Feas 0.27 1.00 | Pen 118.06 0.10
It  78500     16 | T(s) 1637.67 | Feas 49 330186.58 330232.50 | Inf 37 330167.51 330376.31 | Div 0.13 0.17 | Feas 0.18 1.00 | Pen 118.06 0.10
It  79000     42 | T(s) 1646.80 | Feas 35 330179.36 330288.86 | Inf 34 330144.24 330292.49 | Div 0.16 0.16 | Feas 0.16 1.00 | Pen 118.06 0.10
It  79500    448 | T(s) 1655.81 | Feas 33 330173.21 330294.84 | Inf 65 330167.85 330252.00 | Div 0.19 0.12 | Feas 0.20 1.00 | Pen 141.67 0.10
It  80000    451 | T(s) 1665.39 | Feas 42 330158.89 330263.70 | Inf 51 330160.75 330196.59 | Div 0.17 0.08 | Feas 0.23 1.00 | Pen 141.67 0.10
It  80500    951 | T(s) 1674.63 | Feas 60 330158.89 330200.57 | Inf 39 330139.70 330359.47 | Div 0.12 0.20 | Feas 0.22 1.00 | Pen 144.50 0.10
It  81000     45 | T(s) 1683.98 | Feas 54 330131.33 330184.38 | Inf 64 330129.52 330369.01 | Div 0.12 0.17 | Feas 0.19 1.00 | Pen 144.50 0.10
It  81500    545 | T(s) 1693.48 | Feas 35 330131.33 330321.31 | Inf 56 330126.85 330269.03 | Div 0.19 0.18 | Feas 0.26 1.00 | Pen 147.39 0.10
It  82000    116 | T(s) 1702.79 | Feas 45 330127.57 330170.18 | Inf 35 330126.95 330198.30 | Div 0.12 0.13 | Feas 0.21 1.00 | Pen 150.34 0.10
It  82500    157 | T(s) 1711.26 | Feas 62 330127.39 330135.44 | Inf 43 330084.03 330113.63 | Div 0.05 0.08 | Feas 0.21 1.00 | Pen 108.62 0.10
It  83000     38 | T(s) 1719.08 | Feas 53 330118.54 330133.84 | Inf 59 330061.52 330099.99 | Div 0.06 0.05 | Feas 0.15 1.00 | Pen 94.17 0.10
It  83500     26 | T(s) 1727.49 | Feas 62 330104.24 330114.40 | Inf 47 330051.38 330104.32 | Div 0.04 0.08 | Feas 0.27 1.00 | Pen 96.06 0.10
It  84000    358 | T(s) 1735.75 | Feas 29 330104.09 330118.69 | Inf 33 331164.27 331591.71 | Div 0.07 0.21 | Feas 0.00 1.00 | Pen 83.28 0.10
It  84500    127 | T(s) 1744.34 | Feas 25 330102.12 330114.39 | Inf 61 330197.02 330380.63 | Div 0.05 0.14 | Feas 0.23 1.00 | Pen 99.94 0.10
It  85000    627 | T(s) 1752.77 | Feas 61 330102.12 330111.39 | Inf 54 330148.43 330245.39 | Div 0.05 0.11 | Feas 0.19 1.00 | Pen 84.95 0.10
It  85500    118 | T(s) 1761.12 | Feas 57 330101.97 330108.68 | Inf 45 330150.13 330232.59 | Div 0.04 0.12 | Feas 0.29 1.00 | Pen 86.65 0.10
It  86000    332 | T(s) 1769.61 | Feas 48 330074.37 330147.51 | Inf 32 330160.43 330354.85 | Div 0.10 0.17 | Feas 0.13 1.00 | Pen 103.97 0.10
It  86500    832 | T(s) 1778.44 | Feas 42 330074.37 330124.77 | Inf 59 330140.91 330287.16 | Div 0.11 0.15 | Feas 0.16 1.00 | Pen 103.97 0.10
It  87000    497 | T(s) 1786.99 | Feas 51 330074.05 330083.20 | Inf 39 330119.22 330149.95 | Div 0.05 0.10 | Feas 0.30 1.00 | Pen 90.15 0.10
It  87500    997 | T(s) 1794.81 | Feas 37 330074.05 330084.33 | Inf 31 330459.79 330479.47 | Div 0.06 0.08 | Feas 0.00 1.00 | Pen 91.95 0.10
It  88000   1497 | T(s) 1803.09 | Feas 34 330074.05 330082.63 | Inf 64 330094.97 330274.30 | Div 0.06 0.15 | Feas 0.26 1.00 | Pen 78.16 0.10
It  88500   1997 | T(s) 1811.93 | Feas 65 330074.05 330085.24 | Inf 61 330170.38 330525.89 | Div 0.05 0.21 | Feas 0.18 1.00 | Pen 112.55 0.10
It  89000    185 | T(s) 1820.55 | Feas 31 330068.07 330089.45 | Inf 37 330119.99 330282.13 | Div 0.07 0.15 | Feas 0.25 1.00 | Pen 95.66 0.10
It  89500     49 | T(s) 1829.01 | Feas 65 330047.44 330070.59 | Inf 30 330115.87 330222.83 | Div 0.05 0.13 | Feas 0.26 1.00 | Pen 97.58 0.10
It  90000    549 | T(s) 1837.31 | Feas 30 330047.44 330113.39 | Inf 57 330085.58 330135.20 | Div 0.11 0.09 | Feas 0.20 1.00 | Pen 82.94 0.10
It  90500   1049 | T(s) 1845.73 | Feas 26 330047.44 330210.58 | Inf 53 330096.28 330157.15 | Div 0.16 0.12 | Feas 0.23 1.00 | Pen 99.53 0.10
It  91000    299 | T(s) 1854.00 | Feas 39 330045.27 330067.74 | Inf 27 330098.12 330184.73 | Div 0.08 0.14 | Feas 0.21 1.00 | Pen 101.52 0.10
It  91500    410 | T(s) 1862.60 | Feas 42 330029.79 330056.44 | Inf 58 330130.38 330649.15 | Div 0.07 0.19 | Feas 0.19 1.00 | Pen 88.02 0.10
It  92000    493 | T(s) 1872.43 | Feas 55 330029.64 330080.35 | Inf 63 330178.97 330893.77 | Div 0.12 0.25 | Feas 0.24 1.00 | Pen 152.09 0.10
It  92500    993 | T(s) 1881.72 | Feas 45 330029.64 330057.86 | Inf 41 330136.77 330342.45 | Div 0.10 0.17 | Feas 0.26 1.00 | Pen 109.89 0.10
It  93000   1493 | T(s) 1890.41 | Feas 60 330029.64 330047.96 | Inf 28 330138.96 330416.13 | Div 0.07 0.20 | Feas 0.18 1.00 | Pen 112.09 0.10
It  93500   1993 | T(s) 1898.93 | Feas 62 330029.64 330033.33 | Inf 45 330087.58 330243.46 | Div 0.04 0.17 | Feas 0.28 1.00 | Pen 80.98 0.10
It  94000   2493 | T(s) 1907.62 | Feas 47 330029.64 330036.53 | Inf 51 330118.66 330202.56 | Div 0.06 0.14 | Feas 0.10 1.00 | Pen 116.61 0.10
It  94500   2993 | T(s) 1916.71 | Feas 53 330029.64 330068.27 | Inf 39 330811.55 331212.69 | Div 0.08 0.15 | Feas 0.00 1.00 | Pen 85.94 0.10
It  95000    252 | T(s) 1925.96 | Feas 41 330029.26 330059.18 | Inf 43 330212.73 330635.72 | Div 0.09 0.20 | Feas 0.22 1.00 | Pen 123.75 0.10
It  95500    157 | T(s) 1935.08 | Feas 41 330027.38 330065.67 | Inf 59 330126.28 330311.15 | Div 0.09 0.15 | Feas 0.20 1.00 | Pen 107.29 0.10
It  96000    167 | T(s) 1944.58 | Feas 63 330000.33 330042.27 | Inf 60 330176.58 330574.23 | Div 0.09 0.21 | Feas 0.13 1.00 | Pen 157.59 0.10
It  96500    158 | T(s) 1953.73 | Feas 49 329998.28 330047.38 | Inf 39 330179.73 330464.14 | Div 0.11 0.21 | Feas 0.14 1.00 | Pen 160.74 0.10
It  97000    210 | T(s) 1962.30 | Feas 31 329994.66 330039.10 | Inf 53 330043.43 330140.53 | Div 0.10 0.13 | Feas 0.31 1.00 | Pen 83.91 0.10
It  97500    710 | T(s) 1970.69 | Feas 62 329994.66 330003.03 | Inf 38 330060.21 330170.57 | Div 0.04 0.13 | Feas 0.21 1.00 | Pen 100.69 0.10
It  98000   1210 | T(s) 1978.96 | Feas 25 329994.66 330125.87 | Inf 62 330061.63 330089.92 | Div 0.13 0.09 | Feas 0.23 1.00 | Pen 102.70 0.10
It  98500    233 | T(s) 1987.07 | Feas 28 329989.68 330120.05 | Inf 41 330656.96 330966.29 | Div 0.13 0.13 | Feas 0.00 1.00 | Pen 89.04 0.10
It  99000    456 | T(s) 1996.06 | Feas 38 329989.32 330009.07 | Inf 34 330075.23 330513.67 | Div 0.08 0.20 | Feas 0.20 1.00 | Pen 106.85 0.10
It  99500     31 | T(s) 2004.51 | Feas 41 329985.96 329993.40 | Inf 49 330034.11 330070.55 | Div 0.04 0.08 | Feas 0.30 1.00 | Pen 77.20 0.10
It 100000    531 | T(s) 2013.56 | Feas 43 329985.96 329994.27 | Inf 51 330089.10 330530.79 | Div 0.05 0.23 | Feas 0.27 1.00 | Pen 94.50 0.10
It 100500    257 | T(s) 2023.21 | Feas 35 329985.93 329996.05 | Inf 63 330094.74 330287.24 | Div 0.07 0.17 | Feas 0.17 1.00 | Pen 115.66 0.10
It 101000    757 | T(s) 2032.29 | Feas 54 329985.93 329994.74 | Inf 45 330089.03 330295.03 | Div 0.05 0.18 | Feas 0.15 1.00 | Pen 117.98 0.10
It 101500    160 | T(s) 2041.44 | Feas 37 329978.40 330007.15 | Inf 26 330042.50 330359.31 | Div 0.08 0.23 | Feas 0.25 1.00 | Pen 117.98 0.10
It 102000    124 | T(s) 2050.72 | Feas 27 329974.90 330097.36 | Inf 42 330008.68 330140.71 | Div 0.14 0.15 | Feas 0.31 1.00 | Pen 100.28 0.10
It 102500    624 | T(s) 2059.59 | Feas 45 329974.90 329989.98 | Inf 42 330014.17 330195.72 | Div 0.07 0.17 | Feas 0.24 1.00 | Pen 120.33 0.10
It 103000   1124 | T(s) 2068.33 | Feas 52 329974.90 329979.27 | Inf 65 329998.63 330139.38 | Div 0.03 0.15 | Feas 0.25 1.00 | Pen 120.33 0.10
It 103500   1624 | T(s) 2076.34 | Feas 33 329974.90 329980.78 | Inf 29 329962.82 330105.01 | Div 0.04 0.15 | Feas 0.28 1.00 | Pen 86.94 0.10
It 104000   2124 | T(s) 2084.88 | Feas 28 329974.90 329981.88 | Inf 35 330041.68 330466.07 | Div 0.05 0.19 | Feas 0.13 1.00 | Pen 106.42 0.10
It 104500   2624 | T(s) 2093.31 | Feas 34 329974.90 329978.95 | Inf 41 329982.69 330140.33 | Div 0.04 0.14 | Feas 0.33 1.00 | Pen 76.89 0.10
It 105000    199 | T(s) 2102.32 | Feas 51 329966.47 329979.21 | Inf 48 329999.91 330371.64 | Div 0.04 0.18 | Feas 0.18 1.00 | Pen 94.11 0.10
It 105500    699 | T(s) 2111.33 | Feas 38 329966.47 330007.45 | Inf 45 330020.99 330183.79 | Div 0.07 0.14 | Feas 0.21 1.00 | Pen 115.19 0.10
It 106000   1199 | T(s) 2120.55 | Feas 30 329966.47 330054.90 | Inf 29 330017.68 330136.30 | Div 0.11 0.13 | Feas 0.25 1.00 | Pen 117.49 0.10
It 106500   1699 | T(s) 2129.25 | Feas 62 329966.47 329980.02 | Inf 50 330000.05 330057.83 | Div 0.05 0.09 | Feas 0.22 1.00 | Pen 99.87 0.10
It 107000   2199 | T(s) 2137.67 | Feas 59 329966.47 329979.66 | Inf 49 329987.99 330082.11 | Div 0.05 0.13 | Feas 0.21 1.00 | Pen 101.87 0.10
It 107500   2699 | T(s) 2146.55 | Feas 62 329966.47 329982.10 | Inf 52 329987.99 330023.19 | Div 0.06 0.09 | Feas 0.17 1.00 | Pen 101.87 0.10
It 108000   3199 | T(s) 2154.65 | Feas 35 329966.47 329983.64 | Inf 27 329970.31 330072.15 | Div 0.07 0.14 | Feas 0.22 1.00 | Pen 88.32 0.10
It 108500   3699 | T(s) 2163.32 | Feas 29 329966.47 330025.33 | Inf 34 330023.15 330691.16 | Div 0.10 0.26 | Feas 0.15 1.00 | Pen 108.10 0.10
It 109000   4199 | T(s) 2172.96 | Feas 48 329966.47 329983.40 | Inf 29 330044.77 330668.77 | Div 0.07 0.28 | Feas 0.23 1.00 | Pen 129.72 0.10
It 109500   4699 | T(s) 2182.70 | Feas 37 329966.47 330070.35 | Inf 62 330052.99 330448.82 | Div 0.12 0.21 | Feas 0.16 1.00 | Pen 155.67 0.10
It 110000   5199 | T(s) 2192.33 | Feas 34 329966.47 330040.45 | Inf 50 330056.10 330359.71 | Div 0.11 0.19 | Feas 0.20 1.00 | Pen 158.78 0.10
It 110500   5699 | T(s) 2201.91 | Feas 39 329966.47 330023.26 | Inf 26 330032.29 330362.03 | Div 0.11 0.23 | Feas 0.18 1.00 | Pen 134.96 0.10
It 111000   6199 | T(s) 2211.41 | Feas 53 329966.47 330000.66 | Inf 48 330034.98 330171.03 | Div 0.10 0.15 | Feas 0.38 1.00 | Pen 137.66 0.10
It 111500   6699 | T(s) 2220.73 | Feas 60 329966.47 329999.58 | Inf 50 330034.98 330221.63 | Div 0.10 0.16 | Feas 0.18 1.00 | Pen 137.66 0.10
It 112000    456 | T(s) 2230.14 | Feas 51 329952.87 330150.63 | Inf 43 330062.52 330357.61 | Div 0.16 0.19 | Feas 0.25 1.00 | Pen 165.19 0.10
It 112500    956 | T(s) 2239.86 | Feas 51 329952.87 330091.33 | Inf 63 330002.90 330322.29 | Div 0.16 0.20 | Feas 0.20 1.00 | Pen 140.41 0.10
It 113000    314 | T(s) 2249.68 | Feas 56 329947.48 330056.98 | Inf 49 330030.98 330411.59 | Div 0.15 0.19 | Feas 0.25 1.00 | Pen 168.50 0.10
It 113500    814 | T(s) 2259.44 | Feas 31 329947.48 330101.13 | Inf 25 330005.71 330484.11 | Div 0.17 0.23 | Feas 0.19 1.00 | Pen 143.22 0.10
It 114000     70 | T(s) 2268.93 | Feas 30 329933.33 330034.55 | Inf 56 329996.17 330075.71 | Div 0.15 0.13 | Feas 0.20 1.00 | Pen 143.22 0.10
It 114500    570 | T(s) 2278.26 | Feas 40 329933.33 330218.28 | Inf 44 329996.17 330174.20 | Div 0.21 0.16 | Feas 0.21 1.00 | Pen 143.22 0.10
It 115000   1070 | T(s) 2287.81 | Feas 37 329933.33 330133.60 | Inf 46 330020.19 330068.04 | Div 0.19 0.10 | Feas 0.18 1.00 | Pen 171.87 0.10
It 115500   1570 | T(s) 2297.68 | Feas 62 329933.33 330140.83 | Inf 31 329993.28 330403.64 | Div 0.18 0.21 | Feas 0.19 1.00 | Pen 171.87 0.10
It 116000   2070 | T(s) 2307.75 | Feas 47 329933.33 330108.10 | Inf 53 329980.21 330232.41 | Div 0.18 0.17 | Feas 0.19 1.00 | Pen 175.30 0.10
It 116500    238 | T(s) 2317.54 | Feas 43 329931.42 330066.34 | Inf 36 329953.92 330235.03 | Div 0.18 0.19 | Feas 0.19 1.00 | Pen 149.01 0.10
It 117000    738 | T(s) 2327.02 | Feas 61 329931.42 330059.17 | Inf 30 329931.57 330166.06 | Div 0.16 0.21 | Feas 0.17 1.00 | Pen 126.66 0.10
It 117500   1238 | T(s) 2336.47 | Feas 27 329931.42 330275.76 | Inf 28 329987.29 330173.07 | Div 0.25 0.18 | Feas 0.15 1.00 | Pen 182.39 0.10
It 118000    370 | T(s) 2346.03 | Feas 46 329928.07 330004.18 | Inf 53 329936.68 330002.12 | Div 0.15 0.12 | Feas 0.27 1.00 | Pen 131.77 0.10
It 118500    328 | T(s) 2355.11 | Feas 48 329924.18 329977.79 | Inf 30 329919.16 330016.21 | Div 0.12 0.15 | Feas 0.28 1.00 | Pen 114.25 0.10
It 119000    189 | T(s) 2363.66 | Feas 48 329904.53 329931.85 | Inf 30 329895.32 330124.70 | Div 0.08 0.18 | Feas 0.22 1.00 | Pen 114.25 0.10
It 119500    689 | T(s) 2372.42 | Feas 40 329904.53 329932.54 | Inf 26 329894.25 330032.93 | Div 0.09 0.16 | Feas 0.26 1.00 | Pen 116.53 0.10
It 120000    159 | T(s) 2381.65 | Feas 59 329899.02 329955.17 | Inf 31 329917.56 330078.84 | Div 0.11 0.14 | Feas 0.18 1.00 | Pen 139.84 0.10
It 120500    220 | T(s) 2391.08 | Feas 61 329890.53 329925.16 | Inf 65 329931.53 329994.14 | Div 0.09 0.10 | Feas 0.22 1.00 | Pen 167.81 0.10
It 121000    720 | T(s) 2400.48 | Feas 60 329890.53 329938.68 | Inf 56 329931.53 330040.24 | Div 0.11 0.12 | Feas 0.18 1.00 | Pen 167.81 0.10
It 121500    198 | T(s) 2409.65 | Feas 56 329889.62 329921.00 | Inf 43 329917.67 329972.76 | Div 0.10 0.10 | Feas 0.23 1.00 | Pen 167.81 0.10
It 122000    132 | T(s) 2419.09 | Feas 39 329872.62 329903.60 | Inf 25 329902.53 330129.92 | Div 0.09 0.16 | Feas 0.19 1.00 | Pen 167.81 0.10
It 122500    274 | T(s) 2428.10 | Feas 49 329861.54 329886.23 | Inf 55 329899.87 329945.59 | Div 0.07 0.08 | Feas 0.20 1.00 | Pen 167.81 0.10
It 123000    239 | T(s) 2436.75 | Feas 59 329858.88 329873.73 | Inf 29 329853.31 329879.68 | Div 0.04 0.06 | Feas 0.29 1.00 | Pen 121.24 0.10
It 123500    739 | T(s) 2444.37 | Feas 63 329858.88 329871.52 | Inf 51 329855.73 329872.26 | Div 0.05 0.05 | Feas 0.16 1.00 | Pen 123.67 0.10
It 124000   1239 | T(s) 2452.74 | Feas 55 329858.88 329864.09 | Inf 28 329839.28 329873.99 | Div 0.04 0.08 | Feas 0.32 1.00 | Pen 107.22 0.10
It 124500     39 | T(s) 2460.31 | Feas 44 329855.21 329860.57 | Inf 43 329820.27 329862.85 | Div 0.05 0.09 | Feas 0.24 1.00 | Pen 91.14 0.10
It 125000    222 | T(s) 2468.40 | Feas 35 329846.06 329876.08 | Inf 31 329833.67 329902.53 | Div 0.09 0.10 | Feas 0.24 1.00 | Pen 111.55 0.10
It 125500     19 | T(s) 2476.54 | Feas 42 329841.85 329854.92 | Inf 58 329827.44 329836.26 | Div 0.06 0.04 | Feas 0.22 1.00 | Pen 111.55 0.10
It 126000    166 | T(s) 2484.42 | Feas 39 329841.84 329854.77 | Inf 37 330732.19 331274.46 | Div 0.07 0.14 | Feas 0.00 1.00 | Pen 82.21 0.10
It 126500     97 | T(s) 2492.99 | Feas 47 329836.92 329847.12 | Inf 27 329857.55 329954.09 | Div 0.04 0.12 | Feas 0.18 1.00 | Pen 82.21 0.10
It 127000    174 | T(s) 2501.97 | Feas 39 329830.59 329844.01 | Inf 38 330014.53 330513.46 | Div 0.05 0.17 | Feas 0.15 1.00 | Pen 120.75 0.10
It 127500     19 | T(s) 2510.38 | Feas 53 329822.91 329836.93 | Inf 49 329878.53 330031.24 | Div 0.04 0.13 | Feas 0.25 1.00 | Pen 87.24 0.10
It 128000    519 | T(s) 2518.20 | Feas 60 329822.91 329830.99 | Inf 32 329873.31 330038.45 | Div 0.04 0.13 | Feas 0.20 1.00 | Pen 87.24 0.10
It 128500   1019 | T(s) 2526.79 | Feas 58 329822.91 329828.92 | Inf 25 329944.79 330473.82 | Div 0.04 0.24 | Feas 0.21 1.00 | Pen 88.98 0.10
It 129000   1519 | T(s) 2535.20 | Feas 46 329822.91 329828.24 | Inf 63 329967.33 330179.10 | Div 0.04 0.15 | Feas 0.19 1.00 | Pen 90.76 0.10
It 129500    458 | T(s) 2544.22 | Feas 38 329812.90 329890.75 | Inf 25 329956.81 330367.05 | Div 0.09 0.22 | Feas 0.23 1.00 | Pen 133.31 0.10
It 130000    358 | T(s) 2552.78 | Feas 57 329809.93 329827.46 | Inf 39 329911.77 330068.47 | Div 0.06 0.15 | Feas 0.29 1.00 | Pen 96.32 0.10
It 130500    110 | T(s) 2560.86 | Feas 45 329808.68 329815.67 | Inf 54 329838.02 329909.53 | Div 0.04 0.09 | Feas 0.20 1.00 | Pen 81.87 0.10
It 131000    610 | T(s) 2569.16 | Feas 50 329808.68 329812.23 | Inf 44 329519.98 329784.40 | Div 0.03 0.12 | Feas 0.29 1.00 | Pen 70.98 0.10
It 131500   1110 | T(s) 2578.00 | Feas 48 329808.68 329812.16 | Inf 42 329829.38 330049.96 | Div 0.03 0.12 | Feas 0.25 1.00 | Pen 85.18 0.10
It 132000   1610 | T(s) 2586.52 | Feas 64 329808.68 329815.55 | Inf 59 330110.36 330832.80 | Div 0.04 0.13 | Feas 0.00 1.00 | Pen 88.62 0.10
It 132500   2110 | T(s) 2595.48 | Feas 39 329808.68 329811.80 | Inf 53 329882.75 330337.77 | Div 0.03 0.16 | Feas 0.23 1.00 | Pen 90.39 0.10
It 133000   2610 | T(s) 2603.78 | Feas 45 329808.68 329813.12 | Inf 41 329734.93 330176.66 | Div 0.03 0.17 | Feas 0.26 1.00 | Pen 78.37 0.10
It 133500   3110 | T(s) 2612.49 | Feas 47 329808.68 329817.90 | Inf 35 329919.04 330146.18 | Div 0.05 0.13 | Feas 0.24 1.00 | Pen 112.85 0.10
It 134000     28 | T(s) 2620.23 | Feas 41 329808.54 329811.55 | Inf 28 329825.14 330012.26 | Div 0.03 0.13 | Feas 0.37 1.00 | Pen 81.54 0.10
It 134500    528 | T(s) 2628.52 | Feas 35 329808.54 329811.69 | Inf 56 329552.70 329973.02 | Div 0.03 0.13 | Feas 0.28 1.00 | Pen 72.11 0.10
It 135000   1028 | T(s) 2637.55 | Feas 29 329808.54 329814.60 | Inf 43 329940.44 330569.99 | Div 0.04 0.17 | Feas 0.13 1.00 | Pen 105.91 0.10
It 135500   1528 | T(s) 2645.69 | Feas 63 329808.54 329810.33 | Inf 27 329946.41 330545.38 | Div 0.03 0.23 | Feas 0.23 1.00 | Pen 91.82 0.10
It 136000   2028 | T(s) 2653.67 | Feas 50 329808.54 329810.77 | Inf 51 329838.06 329907.25 | Div 0.03 0.09 | Feas 0.24 1.00 | Pen 91.82 0.10
It 136500     24 | T(s) 2662.31 | Feas 63 329802.39 329809.94 | Inf 46 329772.12 330500.21 | Div 0.05 0.23 | Feas 0.18 1.00 | Pen 79.61 0.10
It 137000    379 | T(s) 2670.61 | Feas 48 329802.33 329807.98 | Inf 48 329862.60 329941.13 | Div 0.05 0.10 | Feas 0.21 1.00 | Pen 95.53 0.10
It 137500    304 | T(s) 2678.77 | Feas 25 329801.47 329878.16 | Inf 61 329842.60 329889.95 | Div 0.10 0.09 | Feas 0.29 1.00 | Pen 99.39 0.10
It 138000    184 | T(s) 2687.46 | Feas 57 329800.87 329810.38 | Inf 62 330016.41 330185.38 | Div 0.06 0.14 | Feas 0.17 1.00 | Pen 86.17 0.10
It 138500    260 | T(s) 2696.07 | Feas 52 329800.81 329803.06 | Inf 28 329887.05 330585.30 | Div 0.03 0.23 | Feas 0.14 1.00 | Pen 105.48 0.10
It 139000    760 | T(s) 2704.27 | Feas 65 329800.81 329802.05 | Inf 54 329899.93 330265.91 | Div 0.03 0.16 | Feas 0.18 1.00 | Pen 91.45 0.10
It 139500   1260 | T(s) 2712.88 | Feas 39 329800.81 329801.48 | Inf 40 329868.38 330072.35 | Div 0.02 0.17 | Feas 0.29 1.00 | Pen 79.28 0.10
It 140000   1760 | T(s) 2721.97 | Feas 36 329800.81 329802.21 | Inf 42 329821.33 330152.35 | Div 0.03 0.14 | Feas 0.24 1.00 | Pen 80.87 0.10
It 140500   2260 | T(s) 2730.58 | Feas 41 329800.81 329801.80 | Inf 46 330152.44 330859.20 | Div 0.03 0.20 | Feas 0.13 1.00 | Pen 98.99 0.10
It 141000    129 | T(s) 2738.80 | Feas 56 329797.40 329801.05 | Inf 31 329879.45 330169.66 | Div 0.03 0.17 | Feas 0.17 1.00 | Pen 84.14 0.10
It 141500     39 | T(s) 2747.73 | Feas 36 329794.38 329818.41 | Inf 25 329856.17 330041.36 | Div 0.07 0.14 | Feas 0.28 1.00 | Pen 85.82 0.10
It 142000     98 | T(s) 2756.57 | Feas 43 329793.82 329908.55 | Inf 31 330012.58 330516.22 | Div 0.11 0.23 | Feas 0.17 1.00 | Pen 87.54 0.10
It 142500      8 | T(s) 2765.94 | Feas 56 329793.45 329803.15 | Inf 28 329904.06 330235.78 | Div 0.06 0.19 | Feas 0.28 1.00 | Pen 107.15 0.10
It 143000    508 | T(s) 2774.28 | Feas 28 329793.45 329809.62 | Inf 41 329869.76 329967.17 | Div 0.07 0.12 | Feas 0.22 1.00 | Pen 91.07 0.10
It 143500    161 | T(s) 2782.82 | Feas 41 329791.91 329795.19 | Inf 26 329845.58 330174.46 | Div 0.05 0.22 | Feas 0.26 1.00 | Pen 78.96 0.10
It 144000    661 | T(s) 2791.56 | Feas 32 329791.91 329796.01 | Inf 31 329877.03 330013.16 | Div 0.05 0.15 | Feas 0.19 1.00 | Pen 113.70 0.10
It 144500   1161 | T(s) 2799.96 | Feas 50 329791.91 329793.28 | Inf 41 329855.87 329927.21 | Div 0.03 0.12 | Feas 0.19 1.00 | Pen 96.65 0.10
It 145000   1661 | T(s) 2808.55 | Feas 61 329791.91 329813.46 | Inf 35 330663.54 331260.48 | Div 0.07 0.16 | Feas 0.00 1.00 | Pen 83.79 0.10
It 145500    297 | T(s) 2817.92 | Feas 58 329775.03 329854.56 | Inf 44 329982.61 330631.48 | Div 0.09 0.23 | Feas 0.15 1.00 | Pen 144.80 0.10
It 146000    797 | T(s) 2827.51 | Feas 42 329775.03 329826.30 | Inf 33 329985.51 330612.98 | Div 0.10 0.27 | Feas 0.20 1.00 | Pen 147.69 0.10
It 146500     77 | T(s) 2836.25 | Feas 48 329774.88 329784.33 | Inf 55 329903.52 330002.99 | Div 0.07 0.13 | Feas 0.22 1.00 | Pen 106.71 0.10
It 147000    225 | T(s) 2844.14 | Feas 37 329774.28 329784.05 | Inf 29 329861.46 329916.22 | Div 0.06 0.10 | Feas 0.23 1.00 | Pen 90.70 0.10
It 147500     98 | T(s) 2852.93 | Feas 59 329774.21 329778.19 | Inf 40 329925.34 330319.85 | Div 0.05 0.21 | Feas 0.22 1.00 | Pen 111.02 0.10
It 148000    470 | T(s) 2860.93 | Feas 26 329774.07 329784.99 | Inf 45 329797.81 330008.11 | Div 0.05 0.15 | Feas 0.25 1.00 | Pen 94.37 0.10
It 148500    970 | T(s) 2869.94 | Feas 35 329774.07 329775.47 | Inf 36 329857.46 330261.67 | Div 0.03 0.20 | Feas 0.17 1.00 | Pen 81.81 0.10
It 149000   1470 | T(s) 2878.72 | Feas 37 329774.07 329780.00 | Inf 27 330486.36 331835.36 | Div 0.05 0.25 | Feas 0.00 1.00 | Pen 85.12 0.10
It 149500   1970 | T(s) 2887.08 | Feas 46 329774.07 329785.62 | Inf 51 329829.12 330022.43 | Div 0.04 0.11 | Feas 0.14 1.00 | Pen 102.14 0.10
It 150000    305 | T(s) 2895.14 | Feas 28 329774.05 329782.25 | Inf 25 329728.99 330402.18 | Div 0.05 0.24 | Feas 0.29 1.00 | Pen 75.28 0.10
It 150500    805 | T(s) 2904.03 | Feas 27 329774.05 329785.67 | Inf 54 329883.38 330251.31 | Div 0.05 0.14 | Feas 0.20 1.00 | Pen 110.56 0.10
It 151000    337 | T(s) 2912.50 | Feas 33 329773.76 329798.18 | Inf 32 330638.60 331303.52 | Div 0.07 0.17 | Feas 0.00 1.00 | Pen 81.48 0.10
It 151500    136 | T(s) 2920.99 | Feas 26 329773.69 329788.24 | Inf 29 329816.91 330184.44 | Div 0.06 0.18 | Feas 0.16 1.00 | Pen 83.11 0.10
It 152000    636 | T(s) 2929.32 | Feas 64 329773.69 329773.92 | Inf 62 329857.83 330130.13 | Div 0.01 0.13 | Feas 0.19 1.00 | Pen 84.77 0.10
It 152500   1136 | T(s) 2938.11 | Feas 39 329773.69 329781.74 | Inf 39 330060.15 330583.90 | Div 0.04 0.11 | Feas 0.00 1.00 | Pen 88.20 0.10
It 153000   1636 | T(s) 2946.66 | Feas 55 329773.69 329774.18 | Inf 64 329785.02 329990.47 | Div 0.02 0.12 | Feas 0.19 1.00 | Pen 88.20 0.10
It 153500   2136 | T(s) 2954.99 | Feas 61 329773.69 329776.44 | Inf 27 330074.54 330479.37 | Div 0.03 0.13 | Feas 0.00 1.00 | Pen 91.76 0.10
It 154000   2636 | T(s) 2963.41 | Feas 52 329773.69 329784.77 | Inf 47 330800.42 331276.69 | Div 0.06 0.13 | Feas 0.00 1.00 | Pen 79.56 0.10
It 154500   3136 | T(s) 2972.36 | Feas 48 329773.69 329774.10 | Inf 37 329814.63 330311.30 | Div 0.02 0.23 | Feas 0.29 1.00 | Pen 70.35 0.10
It 155000   3636 | T(s) 2981.11 | Feas 43 329773.69 329775.81 | Inf 57 330501.15 330905.39 | Div 0.04 0.11 | Feas 0.00 1.00 | Pen 86.11 0.10
It 155500   4136 | T(s) 2989.84 | Feas 27 329773.69 329795.98 | Inf 31 330077.69 330686.34 | Div 0.05 0.24 | Feas 0.20 1.00 | Pen 89.59 0.10
It 156000   4636 | T(s) 2998.48 | Feas 27 329773.69 329774.67 | Inf 28 330051.93 330473.15 | Div 0.03 0.20 | Feas 0.25 1.00 | Pen 91.38 0.10
It 156500   5136 | T(s) 3007.06 | Feas 31 329773.69 329774.51 | Inf 27 329368.10 329935.98 | Div 0.03 0.16 | Feas 0.27 1.00 | Pen 67.35 0.10
It 157000   5636 | T(s) 3016.66 | Feas 46 329773.69 329774.25 | Inf 58 329902.30 330749.75 | Div 0.02 0.19 | Feas 0.12 1.00 | Pen 98.92 0.10
It 157500   6136 | T(s) 3024.69 | Feas 33 329773.69 329795.14 | Inf 54 330459.78 330801.20 | Div 0.05 0.08 | Feas 0.00 1.00 | Pen 85.76 0.10
It 158000   6636 | T(s) 3033.07 | Feas 39 329773.69 329774.31 | Inf 65 329540.06 329735.12 | Div 0.02 0.07 | Feas 0.29 1.00 | Pen 72.90 0.10
It 158500   7136 | T(s) 3041.75 | Feas 25 329773.69 329779.61 | Inf 45 329599.79 330035.77 | Div 0.04 0.15 | Feas 0.26 1.00 | Pen 75.84 0.10
It 159000   7636 | T(s) 3050.28 | Feas 57 329773.69 329774.19 | Inf 50 329875.63 330082.19 | Div 0.02 0.14 | Feas 0.23 1.00 | Pen 92.83 0.10
It 159500   8136 | T(s) 3058.98 | Feas 65 329773.69 329774.25 | Inf 34 329899.94 330379.85 | Div 0.02 0.18 | Feas 0.16 1.00 | Pen 80.48 0.10
It 160000   8636 | T(s) 3068.04 | Feas 57 329773.69 329774.45 | Inf 52 330657.10 331056.57 | Div 0.03 0.08 | Feas 0.00 1.00 | Pen 83.74 0.10
It 160500   9136 | T(s) 3076.43 | Feas 45 329773.69 329773.99 | Inf 48 329920.89 330234.99 | Div 0.02 0.15 | Feas 0.25 1.00 | Pen 85.41 0.10
It 161000   9636 | T(s) 3085.00 | Feas 64 329773.69 329774.08 | Inf 45 329642.22 329975.61 | Div 0.02 0.12 | Feas 0.35 1.00 | Pen 75.53 0.10
It 161500  10136 | T(s) 3093.46 | Feas 31 329773.69 329775.55 | Inf 47 329816.46 330069.30 | Div 0.03 0.12 | Feas 0.16 1.00 | Pen 90.64 0.10
It 162000  10636 | T(s) 3101.58 | Feas 55 329773.69 329774.10 | Inf 29 329720.56 330205.34 | Div 0.02 0.17 | Feas 0.27 1.00 | Pen 78.58 0.10
It 162500  11136 | T(s) 3110.70 | Feas 54 329773.69 329774.22 | Inf 41 330016.53 330493.31 | Div 0.02 0.19 | Feas 0.22 1.00 | Pen 96.19 0.10
It 163000  11636 | T(s) 3118.74 | Feas 26 329773.69 329779.15 | Inf 52 329823.81 329921.72 | Div 0.05 0.10 | Feas 0.23 1.00 | Pen 81.76 0.10
It 163500  12136 | T(s) 3126.92 | Feas 47 329773.69 329774.22 | Inf 46 329484.25 329750.84 | Div 0.02 0.11 | Feas 0.31 1.00 | Pen 70.88 0.10
It 164000  12636 | T(s) 3135.88 | Feas 57 329773.69 329774.13 | Inf 62 329866.63 330071.60 | Div 0.02 0.10 | Feas 0.21 1.00 | Pen 86.76 0.10
It 164500  13136 | T(s) 3144.24 | Feas 63 329773.69 329773.99 | Inf 53 329816.79 330015.01 | Div 0.02 0.13 | Feas 0.31 1.00 | Pen 75.22 0.10
It 165000  13636 | T(s) 3152.59 | Feas 46 329773.69 329774.18 | Inf 31 329698.31 330164.38 | Div 0.02 0.19 | Feas 0.26 1.00 | Pen 78.26 0.10
It 165500    335 | T(s) 3160.31 | Feas 47 329773.20 329774.29 | Inf 43 329059.14 329312.15 | Div 0.03 0.08 | Feas 0.31 1.00 | Pen 66.52 0.10
It 166000     82 | T(s) 3169.63 | Feas 62 329772.06 329773.98 | Inf 26 329816.59 330559.54 | Div 0.03 0.25 | Feas 0.16 1.00 | Pen 95.79 0.10
It 166500     74 | T(s) 3177.44 | Feas 54 329770.27 329777.50 | Inf 49 329801.20 329879.84 | Div 0.05 0.08 | Feas 0.33 1.00 | Pen 81.42 0.10
It 167000    219 | T(s) 3185.71 | Feas 41 329769.61 329775.79 | Inf 49 330101.56 330627.89 | Div 0.06 0.24 | Feas 0.18 1.00 | Pen 83.05 0.10
It 167500     76 | T(s) 3194.75 | Feas 37 329769.46 329784.69 | Inf 51 329874.23 330241.72 | Div 0.07 0.16 | Feas 0.24 1.00 | Pen 84.71 0.10
It 168000    576 | T(s) 3203.35 | Feas 51 329769.46 329776.88 | Inf 59 330024.11 330558.21 | Div 0.05 0.11 | Feas 0.00 1.00 | Pen 88.14 0.10
It 168500   1076 | T(s) 3211.77 | Feas 46 329769.46 329770.91 | Inf 28 329921.47 330356.92 | Div 0.03 0.18 | Feas 0.23 1.00 | Pen 91.70 0.10
It 169000   1576 | T(s) 3219.50 | Feas 49 329769.46 329770.22 | Inf 36 328875.20 329400.07 | Div 0.02 0.13 | Feas 0.26 1.00 | Pen 66.25 0.10
It 169500   2076 | T(s) 3229.08 | Feas 54 329769.46 329770.15 | Inf 46 329802.61 330195.86 | Div 0.02 0.14 | Feas 0.25 1.00 | Pen 95.40 0.10
It 170000   2576 | T(s) 3237.99 | Feas 49 329769.46 329771.77 | Inf 51 329976.39 330517.81 | Div 0.04 0.18 | Feas 0.08 1.00 | Pen 99.26 0.10
It 170500   3076 | T(s) 3246.75 | Feas 35 329769.46 329770.47 | Inf 28 329825.62 330158.31 | Div 0.03 0.19 | Feas 0.27 1.00 | Pen 86.05 0.10
It 171000   3576 | T(s) 3255.47 | Feas 51 329769.46 329770.48 | Inf 33 329634.33 330140.65 | Div 0.03 0.18 | Feas 0.29 1.00 | Pen 76.10 0.10
It 171500   4076 | T(s) 3264.29 | Feas 49 329769.46 329770.83 | Inf 52 329865.82 330200.13 | Div 0.03 0.06 | Feas 0.00 1.00 | Pen 93.15 0.10
It 172000   4576 | T(s) 3272.84 | Feas 58 329769.46 329770.25 | Inf 35 329812.82 330132.13 | Div 0.02 0.13 | Feas 0.11 1.00 | Pen 95.01 0.10
It 172500   5076 | T(s) 3281.71 | Feas 26 329769.46 329882.84 | Inf 29 330081.39 330836.29 | Div 0.07 0.26 | Feas 0.22 1.00 | Pen 98.85 0.10
It 173000   5576 | T(s) 3289.46 | Feas 38 329769.46 329770.14 | Inf 30 329828.33 329908.44 | Div 0.02 0.10 | Feas 0.36 1.00 | Pen 71.42 0.10
It 173500   6076 | T(s) 3298.26 | Feas 40 329769.46 329770.26 | Inf 42 329598.35 329900.58 | Div 0.02 0.15 | Feas 0.27 1.00 | Pen 74.30 0.10
It 174000   6576 | T(s) 3306.31 | Feas 26 329769.46 329770.91 | Inf 33 329600.99 329968.03 | Div 0.04 0.11 | Feas 0.30 1.00 | Pen 75.79 0.10
It 174500   7076 | T(s) 3314.88 | Feas 31 329769.46 329777.09 | Inf 54 329812.77 330082.54 | Div 0.04 0.15 | Feas 0.16 1.00 | Pen 78.85 0.10
It 175000   7576 | T(s) 3323.94 | Feas 39 329769.46 329771.95 | Inf 57 329364.07 329712.11 | Div 0.03 0.12 | Feas 0.26 1.00 | Pen 68.36 0.10
It 175500   8076 | T(s) 3333.16 | Feas 65 329769.46 329769.87 | Inf 33 329950.72 330573.03 | Div 0.02 0.22 | Feas 0.22 1.00 | Pen 83.68 0.10
It 176000   8576 | T(s) 3341.88 | Feas 57 329769.46 329770.13 | Inf 38 330130.43 330651.03 | Div 0.02 0.15 | Feas 0.12 1.00 | Pen 102.42 0.10
It 176500   9076 | T(s) 3350.07 | Feas 44 329769.46 329773.85 | Inf 54 330079.26 330487.36 | Div 0.04 0.07 | Feas 0.00 1.00 | Pen 88.80 0.10
It 177000   9576 | T(s) 3358.00 | Feas 55 329769.46 329769.96 | Inf 43 329795.41 330027.58 | Div 0.02 0.13 | Feas 0.30 1.00 | Pen 76.99 0.10
It 177500  10076 | T(s) 3366.41 | Feas 60 329769.46 329769.93 | Inf 32 329768.98 329954.68 | Div 0.02 0.13 | Feas 0.34 1.00 | Pen 78.53 0.10
It 178000  10576 | T(s) 3375.30 | Feas 58 329769.46 329770.12 | Inf 30 329731.88 330088.67 | Div 0.02 0.18 | Feas 0.22 1.00 | Pen 80.10 0.10
It 178500  11076 | T(s) 3383.88 | Feas 57 329769.46 329778.01 | Inf 29 330581.27 331635.17 | Div 0.05 0.19 | Feas 0.00 1.00 | Pen 81.70 0.10
It 179000  11576 | T(s) 3392.70 | Feas 54 329769.46 329769.93 | Inf 35 329803.87 330132.70 | Div 0.02 0.12 | Feas 0.16 1.00 | Pen 83.34 0.10
It 179500  12076 | T(s) 3401.37 | Feas 35 329769.46 329770.54 | Inf 32 329942.13 330413.86 | Div 0.03 0.18 | Feas 0.19 1.00 | Pen 85.00 0.10
It 180000  12576 | T(s) 3410.28 | Feas 27 329769.46 329775.69 | Inf 33 329842.78 330258.87 | Div 0.04 0.17 | Feas 0.24 1.00 | Pen 86.70 0.10
It 180500  13076 | T(s) 3418.26 | Feas 43 329769.46 329771.08 | Inf 47 330104.17 330340.29 | Div 0.03 0.05 | Feas 0.00 1.00 | Pen 90.21 0.10
It 181000  13576 | T(s) 3426.38 | Feas 38 329769.46 329770.04 | Inf 36 329683.41 329854.17 | Div 0.02 0.10 | Feas 0.20 1.00 | Pen 78.21 0.10
It 181500  14076 | T(s) 3434.96 | Feas 43 329769.46 329770.27 | Inf 32 329734.19 329932.77 | Div 0.02 0.11 | Feas 0.19 1.00 | Pen 79.77 0.10
It 182000  14576 | T(s) 3443.38 | Feas 39 329769.46 329769.93 | Inf 29 329145.33 329768.62 | Div 0.02 0.12 | Feas 0.26 1.00 | Pen 69.16 0.10
It 182500  15076 | T(s) 3452.00 | Feas 65 329769.46 329769.91 | Inf 35 329810.91 330019.30 | Div 0.02 0.12 | Feas 0.18 1.00 | Pen 83.00 0.10
It 183000  15576 | T(s) 3460.66 | Feas 45 329769.46 329770.10 | Inf 25 329823.94 330249.22 | Div 0.02 0.19 | Feas 0.20 1.00 | Pen 84.66 0.10
It 183500  16076 | T(s) 3469.41 | Feas 46 329769.46 329770.11 | Inf 33 329997.55 330309.85 | Div 0.02 0.16 | Feas 0.21 1.00 | Pen 103.62 0.10
It 184000  16576 | T(s) 3477.61 | Feas 64 329769.46 329769.86 | Inf 56 329867.23 330225.23 | Div 0.02 0.14 | Feas 0.21 1.00 | Pen 89.84 0.10
It 184500  17076 | T(s) 3486.04 | Feas 28 329769.46 329801.53 | Inf 34 329688.72 330101.45 | Div 0.04 0.17 | Feas 0.25 1.00 | Pen 77.89 0.10
It 185000  17576 | T(s) 3494.39 | Feas 33 329769.46 329777.10 | Inf 49 329805.72 329926.16 | Div 0.04 0.10 | Feas 0.32 1.00 | Pen 81.04 0.10
It 185500  18076 | T(s) 3503.42 | Feas 62 329769.46 329773.47 | Inf 59 329887.06 330223.65 | Div 0.03 0.13 | Feas 0.15 1.00 | Pen 99.19 0.10
It 186000    156 | T(s) 3511.51 | Feas 31 329769.18 329780.27 | Inf 45 329803.86 329949.83 | Div 0.05 0.10 | Feas 0.23 1.00 | Pen 101.17 0.10
It 186500    656 | T(s) 3519.61 | Feas 44 329769.18 329784.20 | Inf 38 329996.44 330475.10 | Div 0.06 0.18 | Feas 0.18 1.00 | Pen 87.72 0.10
It 187000   1156 | T(s) 3527.82 | Feas 60 329769.18 329769.78 | Inf 51 329683.95 329993.24 | Div 0.03 0.14 | Feas 0.32 1.00 | Pen 74.56 0.10
It 187500   1656 | T(s) 3536.36 | Feas 58 329769.18 329775.12 | Inf 65 329865.36 330180.81 | Div 0.04 0.07 | Feas 0.00 1.00 | Pen 91.26 0.10
It 188000   2156 | T(s) 3544.55 | Feas 25 329769.18 329801.12 | Inf 45 329846.90 330091.78 | Div 0.06 0.15 | Feas 0.39 1.00 | Pen 79.12 0.10
It 188500   2656 | T(s) 3552.90 | Feas 42 329769.18 329772.39 | Inf 64 329264.12 329499.48 | Div 0.04 0.11 | Feas 0.27 1.00 | Pen 67.25 0.10
It 189000   3156 | T(s) 3561.88 | Feas 57 329769.18 329769.82 | Inf 40 329817.24 330024.98 | Div 0.03 0.11 | Feas 0.20 1.00 | Pen 96.84 0.10
It 189500   3656 | T(s) 3569.98 | Feas 56 329769.18 329769.48 | Inf 53 329452.31 329841.66 | Div 0.02 0.12 | Feas 0.35 1.00 | Pen 71.37 0.10
It 190000   4156 | T(s) 3579.00 | Feas 47 329769.18 329770.25 | Inf 64 329905.46 330077.84 | Div 0.03 0.10 | Feas 0.22 1.00 | Pen 102.77 0.10
It 190500   4656 | T(s) 3586.68 | Feas 63 329769.18 329769.77 | Inf 56 329629.39 329852.68 | Div 0.02 0.09 | Feas 0.38 1.00 | Pen 74.25 0.10
It 191000   5156 | T(s) 3595.21 | Feas 36 329769.18 329770.30 | Inf 43 329799.17 329996.12 | Div 0.04 0.13 | Feas 0.37 1.00 | Pen 77.25 0.10
It 191500   5656 | T(s) 3603.36 | Feas 37 329769.18 329770.07 | Inf 38 329671.63 329851.56 | Div 0.03 0.12 | Feas 0.23 1.00 | Pen 78.80 0.10
It 192000   6156 | T(s) 3611.59 | Feas 48 329769.18 329770.65 | Inf 31 330701.91 331636.61 | Div 0.04 0.18 | Feas 0.00 1.00 | Pen 80.37 0.10
It 192500   6656 | T(s) 3620.47 | Feas 41 329769.18 329772.33 | Inf 26 330864.74 331681.80 | Div 0.04 0.23 | Feas 0.00 1.00 | Pen 83.62 0.10
It 193000   7156 | T(s) 3629.36 | Feas 27 329769.18 329800.08 | Inf 29 329910.88 330294.41 | Div 0.06 0.20 | Feas 0.22 1.00 | Pen 85.29 0.10
It 193500   7656 | T(s) 3637.67 | Feas 42 329769.18 329770.42 | Inf 45 329836.09 330357.05 | Div 0.04 0.16 | Feas 0.18 1.00 | Pen 88.74 0.10
It 194000   8156 | T(s) 3646.72 | Feas 44 329769.18 329771.78 | Inf 42 329685.17 330142.80 | Div 0.04 0.18 | Feas 0.27 1.00 | Pen 76.94 0.10
It 194500   8656 | T(s) 3655.83 | Feas 52 329769.18 329770.66 | Inf 50 329910.41 330117.49 | Div 0.04 0.16 | Feas 0.22 1.00 | Pen 94.17 0.10
It 195000    196 | T(s) 3664.32 | Feas 45 329760.74 329771.13 | Inf 34 329851.51 330065.05 | Div 0.05 0.16 | Feas 0.24 1.00 | Pen 96.05 0.10
It 195500    452 | T(s) 3672.41 | Feas 25 329760.59 330104.11 | Inf 58 329779.54 329891.17 | Div 0.15 0.14 | Feas 0.18 1.00 | Pen 81.65 0.10
It 196000    952 | T(s) 3680.35 | Feas 31 329760.59 329772.71 | Inf 40 329357.67 329371.57 | Div 0.07 0.07 | Feas 0.30 1.00 | Pen 69.40 0.10
It 196500   1452 | T(s) 3689.53 | Feas 54 329760.59 329765.82 | Inf 58 329834.58 329967.29 | Div 0.05 0.12 | Feas 0.25 1.00 | Pen 99.94 0.10
It 197000   1952 | T(s) 3698.10 | Feas 25 329760.59 329778.28 | Inf 56 329922.06 330332.91 | Div 0.08 0.19 | Feas 0.23 1.00 | Pen 103.97 0.10
It 197500   2452 | T(s) 3706.17 | Feas 35 329760.59 329776.83 | Inf 41 329625.16 329947.04 | Div 0.07 0.15 | Feas 0.27 1.00 | Pen 76.62 0.10
It 198000   2952 | T(s) 3714.36 | Feas 40 329760.59 329763.08 | Inf 48 329788.93 329907.52 | Div 0.05 0.13 | Feas 0.23 1.00 | Pen 93.79 0.10
It 198500   3452 | T(s) 3722.88 | Feas 61 329760.59 329763.04 | Inf 45 329747.61 330081.19 | Div 0.05 0.16 | Feas 0.18 1.00 | Pen 81.31 0.10
It 199000    397 | T(s) 3730.82 | Feas 29 329755.32 329764.04 | Inf 29 329778.13 329925.53 | Div 0.06 0.14 | Feas 0.33 1.00 | Pen 82.94 0.10
It 199500    359 | T(s) 3739.22 | Feas 58 329754.99 329764.61 | Inf 46 329820.64 330123.30 | Div 0.06 0.16 | Feas 0.18 1.00 | Pen 101.52 0.10
It 200000     15 | T(s) 3747.12 | Feas 45 329754.63 329759.09 | Inf 50 329573.00 329789.14 | Div 0.04 0.09 | Feas 0.35 1.00 | Pen 73.35 0.10
It 200500    515 | T(s) 3755.99 | Feas 61 329754.63 329757.61 | Inf 55 329910.58 330107.65 | Div 0.04 0.15 | Feas 0.20 1.00 | Pen 105.62 0.10
It 201000   1015 | T(s) 3763.65 | Feas 59 329754.63 329759.16 | Inf 37 330128.54 330313.59 | Div 0.05 0.12 | Feas 0.00 1.00 | Pen 91.57 0.10
It 201500   1515 | T(s) 3771.73 | Feas 58 329754.63 329759.04 | Inf 56 329631.40 329812.15 | Div 0.05 0.11 | Feas 0.18 1.00 | Pen 77.84 0.10
It 202000   2015 | T(s) 3779.74 | Feas 64 329754.63 329760.68 | Inf 49 330577.35 331365.45 | Div 0.05 0.12 | Feas 0.00 1.00 | Pen 79.39 0.10
It 202500   2515 | T(s) 3788.44 | Feas 48 329754.63 329755.49 | Inf 47 329871.23 330235.65 | Div 0.03 0.16 | Feas 0.15 1.00 | Pen 95.27 0.10
It 203000   3015 | T(s) 3797.05 | Feas 59 329754.63 329755.66 | Inf 32 329816.22 329948.05 | Div 0.04 0.12 | Feas 0.22 1.00 | Pen 95.27 0.10
It 203500    475 | T(s) 3805.96 | Feas 42 329748.00 329766.89 | Inf 40 329988.44 330507.64 | Div 0.06 0.23 | Feas 0.16 1.00 | Pen 99.12 0.10
It 204000    209 | T(s) 3814.91 | Feas 65 329747.64 329755.41 | Inf 62 329822.70 329968.97 | Div 0.05 0.12 | Feas 0.24 1.00 | Pen 118.94 0.10
It 204500    439 | T(s) 3822.98 | Feas 42 329747.36 329754.12 | Inf 35 330019.58 330695.62 | Div 0.05 0.12 | Feas 0.00 1.00 | Pen 87.66 0.10
It 205000    939 | T(s) 3831.18 | Feas 52 329747.36 329755.83 | Inf 33 330129.06 330678.52 | Div 0.05 0.17 | Feas 0.00 1.00 | Pen 89.41 0.10
It 205500   1439 | T(s) 3839.91 | Feas 35 329747.36 329756.25 | Inf 48 329904.18 330477.56 | Div 0.06 0.16 | Feas 0.11 1.00 | Pen 109.44 0.10
It 206000   1939 | T(s) 3849.08 | Feas 27 329747.36 329869.48 | Inf 25 329855.70 330392.20 | Div 0.10 0.23 | Feas 0.23 1.00 | Pen 111.62 0.10
It 206500   2439 | T(s) 3857.53 | Feas 32 329747.36 329750.90 | Inf 50 329884.74 330238.72 | Div 0.05 0.15 | Feas 0.23 1.00 | Pen 82.26 0.10
It 207000   2939 | T(s) 3866.74 | Feas 39 329747.36 329748.64 | Inf 55 329897.35 330343.53 | Div 0.04 0.18 | Feas 0.22 1.00 | Pen 100.69 0.10
It 207500    155 | T(s) 3874.97 | Feas 50 329747.34 329752.54 | Inf 46 330011.98 330743.10 | Div 0.05 0.11 | Feas 0.00 1.00 | Pen 87.30 0.10
It 208000    655 | T(s) 3883.24 | Feas 55 329747.34 329753.41 | Inf 42 330069.26 330628.92 | Div 0.05 0.12 | Feas 0.00 1.00 | Pen 89.04 0.10
It 208500   1155 | T(s) 3891.80 | Feas 28 329747.34 329748.82 | Inf 25 329793.73 330120.78 | Div 0.04 0.19 | Feas 0.33 1.00 | Pen 75.69 0.10
It 209000   1655 | T(s) 3900.21 | Feas 32 329747.34 329748.14 | Inf 56 329377.56 329911.75 | Div 0.03 0.16 | Feas 0.31 1.00 | Pen 66.93 0.10
It 209500   2155 | T(s) 3909.13 | Feas 53 329747.34 329747.74 | Inf 64 329836.97 330030.67 | Div 0.02 0.10 | Feas 0.20 1.00 | Pen 81.93 0.10
It 210000   2655 | T(s) 3917.11 | Feas 55 329747.34 329747.70 | Inf 43 329757.71 329916.46 | Div 0.02 0.11 | Feas 0.25 1.00 | Pen 81.93 0.10
It 210500   3155 | T(s) 3925.38 | Feas 61 329747.34 329747.76 | Inf 38 329783.93 330246.81 | Div 0.02 0.16 | Feas 0.19 1.00 | Pen 83.56 0.10
It 211000   3655 | T(s) 3933.86 | Feas 26 329747.34 329751.59 | Inf 25 329788.88 330443.84 | Div 0.04 0.24 | Feas 0.25 1.00 | Pen 85.24 0.10
It 211500   4155 | T(s) 3942.50 | Feas 25 329747.34 329759.84 | Inf 63 329865.38 329994.67 | Div 0.05 0.12 | Feas 0.24 1.00 | Pen 86.94 0.10
It 212000   4655 | T(s) 3950.79 | Feas 38 329747.34 329748.24 | Inf 33 329859.25 330162.92 | Div 0.03 0.19 | Feas 0.16 1.00 | Pen 88.68 0.10
It 212500   5155 | T(s) 3959.02 | Feas 36 329747.34 329748.04 | Inf 35 329673.74 329978.78 | Div 0.03 0.13 | Feas 0.28 1.00 | Pen 78.42 0.10
It 213000   5655 | T(s) 3967.68 | Feas 32 329747.34 329748.20 | Inf 35 329828.08 330232.59 | Div 0.03 0.15 | Feas 0.22 1.00 | Pen 95.99 0.10
It 213500   6155 | T(s) 3976.03 | Feas 55 329747.34 329834.22 | Inf 57 330515.38 331017.13 | Div 0.06 0.12 | Feas 0.00 1.00 | Pen 83.22 0.10
It 214000   6655 | T(s) 3984.40 | Feas 48 329747.34 329748.00 | Inf 45 329957.67 330195.00 | Div 0.03 0.15 | Feas 0.25 1.00 | Pen 84.89 0.10
It 214500   7155 | T(s) 3992.69 | Feas 44 329747.34 329747.83 | Inf 34 329772.35 330099.80 | Div 0.03 0.18 | Feas 0.30 1.00 | Pen 73.60 0.10
It 215000   7655 | T(s) 4000.99 | Feas 36 329747.34 329770.69 | Inf 58 330055.92 330148.86 | Div 0.05 0.06 | Feas 0.00 1.00 | Pen 91.88 0.10
It 215500   8155 | T(s) 4009.19 | Feas 25 329747.34 329753.62 | Inf 63 329792.04 329869.91 | Div 0.05 0.09 | Feas 0.35 1.00 | Pen 79.66 0.10
It 216000   8655 | T(s) 4017.58 | Feas 56 329747.34 329750.70 | Inf 64 330813.53 331246.69 | Div 0.05 0.10 | Feas 0.00 1.00 | Pen 81.26 0.10
It 216500   9155 | T(s) 4026.07 | Feas 44 329747.34 329747.95 | Inf 49 329792.22 329854.20 | Div 0.03 0.07 | Feas 0.22 1.00 | Pen 82.88 0.10
It 217000   9655 | T(s) 4034.35 | Feas 51 329747.34 329749.22 | Inf 49 330233.54 330910.91 | Div 0.04 0.09 | Feas 0.00 1.00 | Pen 86.23 0.10
It 217500  10155 | T(s) 4042.92 | Feas 41 329747.34 329747.78 | Inf 33 329546.69 329965.73 | Div 0.03 0.16 | Feas 0.26 1.00 | Pen 74.76 0.10
It 218000  10655 | T(s) 4051.16 | Feas 28 329747.34 329748.13 | Inf 65 330056.93 330169.47 | Div 0.03 0.06 | Feas 0.02 1.00 | Pen 93.34 0.10
It 218500  11155 | T(s) 4059.47 | Feas 39 329747.34 329747.85 | Inf 34 329744.74 329982.43 | Div 0.03 0.15 | Feas 0.22 1.00 | Pen 79.34 0.10
It 219000  11655 | T(s) 4067.97 | Feas 54 329747.34 329747.58 | Inf 55 329294.57 329716.26 | Div 0.02 0.12 | Feas 0.35 1.00 | Pen 68.79 0.10
It 219500  12155 | T(s) 4077.36 | Feas 57 329747.34 329747.99 | Inf 25 329805.47 330429.84 | Div 0.03 0.24 | Feas 0.18 1.00 | Pen 82.54 0.10
It 220000  12655 | T(s) 4086.15 | Feas 36 329747.34 329753.59 | Inf 34 329782.38 330260.24 | Div 0.04 0.20 | Feas 0.19 1.00 | Pen 84.19 0.10
It 220500  13155 | T(s) 4094.73 | Feas 31 329747.34 329790.05 | Inf 41 330280.32 330683.80 | Div 0.05 0.09 | Feas 0.00 1.00 | Pen 87.60 0.10
It 221000  13655 | T(s) 4103.04 | Feas 59 329747.34 329748.06 | Inf 47 330069.99 330371.20 | Div 0.03 0.09 | Feas 0.00 1.00 | Pen 89.35 0.10
It 221500  14155 | T(s) 4111.58 | Feas 27 329747.34 329755.31 | Inf 56 329999.73 330179.76 | Div 0.05 0.06 | Feas 0.01 1.00 | Pen 92.96 0.10
It 222000  14655 | T(s) 4120.07 | Feas 36 329747.34 329756.26 | Inf 49 330689.28 331142.77 | Div 0.05 0.08 | Feas 0.00 1.00 | Pen 80.59 0.10
It 222500  15155 | T(s) 4128.46 | Feas 41 329747.34 329747.84 | Inf 33 329710.41 329852.30 | Div 0.03 0.12 | Feas 0.21 1.00 | Pen 80.59 0.10
It 223000  15655 | T(s) 4136.22 | Feas 35 329747.34 329752.17 | Inf 64 330315.49 330758.50 | Div 0.05 0.08 | Feas 0.00 1.00 | Pen 83.85 0.10
It 223500  16155 | T(s) 4144.48 | Feas 29 329747.34 329748.41 | Inf 56 329474.01 329943.75 | Div 0.04 0.13 | Feas 0.30 1.00 | Pen 72.70 0.10
It 224000  16655 | T(s) 4153.11 | Feas 65 329747.34 329748.24 | Inf 30 329867.70 330296.93 | Div 0.04 0.19 | Feas 0.12 1.00 | Pen 104.68 0.10
It 224500    166 | T(s) 4160.70 | Feas 33 329700.10 329766.04 | Inf 48 329786.25 329908.86 | Div 0.08 0.12 | Feas 0.21 1.00 | Pen 88.98 0.10
It 225000    666 | T(s) 4168.06 | Feas 39 329700.10 329739.07 | Inf 34 329617.65 330379.37 | Div 0.06 0.25 | Feas 0.27 1.00 | Pen 77.15 0.10
It 225500   1166 | T(s) 4176.82 | Feas 57 329700.10 329954.27 | Inf 44 330886.25 331233.05 | Div 0.12 0.13 | Feas 0.00 1.00 | Pen 80.26 0.10
It 226000   1666 | T(s) 4185.45 | Feas 51 329700.10 329707.45 | Inf 40 329726.66 329906.28 | Div 0.04 0.12 | Feas 0.28 1.00 | Pen 81.87 0.10
It 226500   2166 | T(s) 4194.28 | Feas 46 329700.10 329703.22 | Inf 34 329824.52 330265.69 | Div 0.04 0.22 | Feas 0.25 1.00 | Pen 85.18 0.10
It 227000   2666 | T(s) 4202.53 | Feas 51 329700.10 329703.45 | Inf 29 329763.99 330271.33 | Div 0.04 0.20 | Feas 0.22 1.00 | Pen 86.88 0.10
It 227500   3166 | T(s) 4210.88 | Feas 52 329700.10 329700.68 | Inf 26 329764.81 330108.37 | Div 0.03 0.19 | Feas 0.25 1.00 | Pen 88.62 0.10
It 228000   3666 | T(s) 4218.79 | Feas 38 329700.10 329700.97 | Inf 57 329670.74 329992.20 | Div 0.03 0.15 | Feas 0.28 1.00 | Pen 76.83 0.10
It 228500   4166 | T(s) 4227.39 | Feas 43 329700.10 329702.00 | Inf 26 329892.21 330675.38 | Div 0.04 0.20 | Feas 0.09 1.00 | Pen 95.92 0.10
It 229000   4666 | T(s) 4235.79 | Feas 53 329700.10 329700.48 | Inf 54 329266.60 329735.40 | Div 0.02 0.13 | Feas 0.27 1.00 | Pen 70.69 0.10
It 229500   5166 | T(s) 4244.65 | Feas 28 329700.10 329703.47 | Inf 27 329898.10 330360.38 | Div 0.04 0.20 | Feas 0.23 1.00 | Pen 86.52 0.10
It 230000   5666 | T(s) 4252.93 | Feas 50 329700.10 329700.59 | Inf 56 329504.86 329907.39 | Div 0.02 0.12 | Feas 0.31 1.00 | Pen 75.02 0.10
It 230500   6166 | T(s) 4261.23 | Feas 32 329700.10 329702.06 | Inf 51 329197.03 329415.36 | Div 0.04 0.11 | Feas 0.29 1.00 | Pen 66.34 0.10
It 231000   6666 | T(s) 4270.38 | Feas 31 329700.10 329701.59 | Inf 58 329751.35 330021.56 | Div 0.03 0.14 | Feas 0.24 1.00 | Pen 79.61 0.10
It 231500   7166 | T(s) 4278.88 | Feas 33 329700.10 329700.65 | Inf 42 329612.51 330098.63 | Div 0.03 0.20 | Feas 0.32 1.00 | Pen 69.02 0.10
It 232000   7666 | T(s) 4288.04 | Feas 27 329700.10 329702.91 | Inf 61 329749.45 330048.98 | Div 0.04 0.12 | Feas 0.19 1.00 | Pen 84.48 0.10
It 232500   8166 | T(s) 4296.08 | Feas 63 329700.10 329700.38 | Inf 39 329445.71 329955.94 | Div 0.02 0.16 | Feas 0.32 1.00 | Pen 73.25 0.10
It 233000   8666 | T(s) 4304.60 | Feas 63 329700.10 329700.53 | Inf 49 329547.41 329889.67 | Div 0.02 0.11 | Feas 0.27 1.00 | Pen 76.20 0.10
It 233500   9166 | T(s) 4312.47 | Feas 42 329700.10 329700.69 | Inf 42 329648.81 329926.27 | Div 0.03 0.13 | Feas 0.25 1.00 | Pen 79.28 0.10
It 234000   9666 | T(s) 4321.40 | Feas 46 329700.10 329700.38 | Inf 46 330030.16 330310.78 | Div 0.02 0.17 | Feas 0.22 1.00 | Pen 97.04 0.10
It 234500  10166 | T(s) 4329.26 | Feas 47 329700.10 329700.77 | Inf 57 329726.63 329817.09 | Div 0.03 0.09 | Feas 0.27 1.00 | Pen 70.11 0.10
It 235000  10666 | T(s) 4338.31 | Feas 61 329700.10 329724.77 | Inf 52 330297.21 330687.61 | Div 0.05 0.10 | Feas 0.00 1.00 | Pen 87.53 0.10
It 235500  11166 | T(s) 4346.74 | Feas 64 329700.10 329700.40 | Inf 38 329556.76 329963.62 | Div 0.02 0.16 | Feas 0.33 1.00 | Pen 75.89 0.10
It 236000  11666 | T(s) 4355.28 | Feas 64 329700.10 329700.52 | Inf 53 329726.65 330069.69 | Div 0.02 0.16 | Feas 0.20 1.00 | Pen 92.89 0.10
It 236500  12166 | T(s) 4362.82 | Feas 39 329700.10 329700.82 | Inf 25 329640.11 329976.30 | Div 0.03 0.18 | Feas 0.20 1.00 | Pen 78.96 0.10
It 237000  12666 | T(s) 4371.42 | Feas 36 329700.10 329711.55 | Inf 63 329750.65 329952.79 | Div 0.04 0.13 | Feas 0.21 1.00 | Pen 80.54 0.10
It 237500  13166 | T(s) 4380.64 | Feas 38 329700.10 329712.81 | Inf 30 330503.02 331483.66 | Div 0.04 0.19 | Feas 0.00 1.00 | Pen 83.79 0.10
It 238000  13666 | T(s) 4389.23 | Feas 58 329700.10 329700.72 | Inf 55 329828.23 329959.23 | Div 0.03 0.12 | Feas 0.24 1.00 | Pen 100.55 0.10
It 238500  14166 | T(s) 4396.95 | Feas 26 329700.10 329702.08 | Inf 28 329440.43 329840.68 | Div 0.04 0.13 | Feas 0.30 1.00 | Pen 74.10 0.10
It 239000  14666 | T(s) 4405.36 | Feas 58 329700.10 329700.30 | Inf 36 329859.46 330240.36 | Div 0.02 0.18 | Feas 0.24 1.00 | Pen 90.70 0.10
It 239500  15166 | T(s) 4413.46 | Feas 61 329700.10 329702.44 | Inf 34 330105.09 330207.72 | Div 0.03 0.10 | Feas 0.00 1.00 | Pen 92.51 0.10
It 240000  15666 | T(s) 4422.40 | Feas 34 329700.10 329702.16 | Inf 28 329831.67 330433.95 | Div 0.04 0.19 | Feas 0.22 1.00 | Pen 96.25 0.10
It 240500  16166 | T(s) 4430.81 | Feas 39 329700.10 329701.08 | Inf 48 329775.12 330007.26 | Div 0.03 0.15 | Feas 0.17 1.00 | Pen 81.81 0.10
It 241000  16666 | T(s) 4439.56 | Feas 36 329700.10 329700.79 | Inf 47 329719.71 329959.08 | Div 0.03 0.12 | Feas 0.32 1.00 | Pen 85.12 0.10
It 241500  17166 | T(s) 4448.00 | Feas 41 329700.10 329702.21 | Inf 58 329753.35 330213.08 | Div 0.03 0.15 | Feas 0.17 1.00 | Pen 88.56 0.10
It 242000  17666 | T(s) 4456.23 | Feas 42 329700.10 329710.54 | Inf 65 329809.14 330139.82 | Div 0.04 0.15 | Feas 0.16 1.00 | Pen 90.33 0.10
It 242500  18166 | T(s) 4464.85 | Feas 60 329700.10 329708.34 | Inf 58 330762.93 331664.39 | Div 0.05 0.16 | Feas 0.00 1.00 | Pen 79.88 0.10
It 243000  18666 | T(s) 4473.93 | Feas 42 329700.10 329700.84 | Inf 47 329785.89 330067.04 | Div 0.03 0.13 | Feas 0.25 1.00 | Pen 81.48 0.10
It 243500  19166 | T(s) 4482.34 | Feas 63 329700.10 329719.06 | Inf 33 330924.39 331434.08 | Div 0.05 0.13 | Feas 0.00 1.00 | Pen 83.11 0.10
It 244000  19666 | T(s) 4490.87 | Feas 44 329700.10 329700.63 | Inf 50 329785.27 329931.21 | Div 0.03 0.11 | Feas 0.25 1.00 | Pen 84.77 0.10
----- GENETIC ALGORITHM FINISHED AFTER 244336 ITERATIONS. TIME SPENT: 4496.28
----- WRITING BEST SOLUTION IN : baseline_results/cvrp_hgs/Vrp-Set-X-n916/Vrp-Set-X-n916-hgs/0.hgs1.tour
