=========== Algorithm Parameters =================
---- nbGranular        is set to 20
---- mu                is set to 25
---- lambda            is set to 40
---- nbElite           is set to 4
---- nbClose           is set to 5
---- targetFeasible    is set to 0.2
---- seed              is set to 1234
---- nbIter            is set to 20000
---- timeLimit         is set to 0
---- useSwapStar       is set to 1
==================================================
----- READING INSTANCE: baseline_results/cvrp_hgs/Vrp-Set-X-n491/Vrp-Set-X-n491-hgs/0.hgs1.vrp
----- FLEET SIZE WAS NOT SPECIFIED: DEFAULT INITIALIZATION TO 79 VEHICLES
----- INSTANCE SUCCESSFULLY LOADED WITH 490 CLIENTS AND 79 VEHICLES
----- BUILDING INITIAL POPULATION
----- STARTING GENETIC ALGORITHM
It      0      2 | T(s) 1.08 | Feas 36 69005.52 69338.66 | Inf 42 68982.68 69492.10 | Div 0.66 0.66 | Feas 0.59 1.00 | Pen 11.08 0.85
It    500    179 | T(s) 3.80 | Feas 41 68089.30 68279.33 | Inf 34 68051.37 68217.60 | Div 0.57 0.57 | Feas 0.18 1.00 | Pen 11.30 0.38
It   1000    344 | T(s) 6.50 | Feas 45 67812.78 68089.32 | Inf 31 67775.92 68150.99 | Div 0.57 0.59 | Feas 0.21 1.00 | Pen 13.57 0.17
It   1500    120 | T(s) 9.12 | Feas 51 67732.64 68010.92 | Inf 64 67679.20 67915.37 | Div 0.54 0.53 | Feas 0.20 1.00 | Pen 11.53 0.10
It   2000    127 | T(s) 11.73 | Feas 43 67583.10 67801.27 | Inf 55 67604.61 67746.93 | Div 0.49 0.47 | Feas 0.14 1.00 | Pen 14.11 0.10
It   2500    151 | T(s) 14.26 | Feas 57 67571.69 67777.88 | Inf 30 67449.90 67827.20 | Div 0.49 0.56 | Feas 0.22 1.00 | Pen 14.40 0.10
It   3000    253 | T(s) 16.77 | Feas 34 67399.83 67721.46 | Inf 31 67334.23 67658.14 | Div 0.50 0.52 | Feas 0.16 1.00 | Pen 10.40 0.10
It   3500     41 | T(s) 19.27 | Feas 51 67259.33 67489.71 | Inf 54 67263.62 67451.44 | Div 0.41 0.41 | Feas 0.25 1.00 | Pen 12.48 0.10
It   4000    541 | T(s) 21.76 | Feas 30 67259.33 67460.78 | Inf 29 67249.15 67438.68 | Div 0.43 0.45 | Feas 0.24 1.00 | Pen 12.73 0.10
It   4500    336 | T(s) 24.18 | Feas 40 67244.17 67410.23 | Inf 47 67219.71 67340.22 | Div 0.43 0.39 | Feas 0.31 1.00 | Pen 11.04 0.10
It   5000    836 | T(s) 26.76 | Feas 37 67244.17 67466.84 | Inf 46 67175.99 67420.33 | Div 0.47 0.46 | Feas 0.19 1.00 | Pen 13.25 0.10
It   5500     97 | T(s) 29.22 | Feas 30 67225.13 67455.06 | Inf 39 67174.00 67340.25 | Div 0.48 0.43 | Feas 0.16 1.00 | Pen 11.26 0.10
It   6000    187 | T(s) 31.77 | Feas 48 67173.34 67371.09 | Inf 64 67105.28 67326.09 | Div 0.44 0.43 | Feas 0.17 1.00 | Pen 11.48 0.10
It   6500     50 | T(s) 34.28 | Feas 26 67150.84 67450.98 | Inf 64 67108.72 67282.01 | Div 0.49 0.41 | Feas 0.22 1.00 | Pen 13.78 0.10
It   7000    550 | T(s) 36.68 | Feas 42 67150.84 67338.70 | Inf 38 67108.72 67302.41 | Div 0.42 0.43 | Feas 0.25 1.00 | Pen 13.78 0.10
It   7500    123 | T(s) 39.08 | Feas 46 67109.70 67253.78 | Inf 27 67053.62 67247.13 | Div 0.38 0.42 | Feas 0.21 1.00 | Pen 11.71 0.10
It   8000    325 | T(s) 41.42 | Feas 27 67085.59 67342.95 | Inf 48 67045.30 67127.68 | Div 0.46 0.28 | Feas 0.28 1.00 | Pen 11.95 0.10
It   8500    825 | T(s) 43.82 | Feas 45 67085.59 67308.19 | Inf 41 67046.73 67167.67 | Div 0.42 0.35 | Feas 0.19 1.00 | Pen 12.19 0.10
It   9000   1325 | T(s) 46.11 | Feas 61 67085.59 67220.91 | Inf 46 67048.19 67114.80 | Div 0.35 0.28 | Feas 0.24 1.00 | Pen 12.43 0.10
It   9500    132 | T(s) 48.47 | Feas 55 67046.53 67140.59 | Inf 65 67039.27 67093.14 | Div 0.32 0.22 | Feas 0.25 1.00 | Pen 12.43 0.10
It  10000      1 | T(s) 50.83 | Feas 46 67026.28 67121.96 | Inf 42 67022.78 67139.47 | Div 0.32 0.36 | Feas 0.29 1.00 | Pen 10.57 0.10
It  10500    501 | T(s) 53.21 | Feas 33 67026.28 67202.13 | Inf 60 67005.13 67137.47 | Div 0.41 0.35 | Feas 0.08 1.00 | Pen 15.21 0.10
It  11000   1001 | T(s) 55.62 | Feas 60 67026.28 67144.94 | Inf 36 66995.42 67174.84 | Div 0.37 0.41 | Feas 0.22 1.00 | Pen 12.93 0.10
It  11500    370 | T(s) 57.91 | Feas 39 67018.51 67121.17 | Inf 27 66985.18 67251.89 | Div 0.37 0.46 | Feas 0.18 1.00 | Pen 11.21 0.10
It  12000    870 | T(s) 60.25 | Feas 64 67018.51 67070.08 | Inf 52 66987.42 67110.36 | Div 0.32 0.37 | Feas 0.22 1.00 | Pen 13.46 0.10
It  12500    416 | T(s) 62.60 | Feas 26 67002.86 67219.80 | Inf 40 66963.29 67162.76 | Div 0.44 0.40 | Feas 0.12 1.00 | Pen 14.00 0.10
It  13000    183 | T(s) 65.00 | Feas 29 66987.60 67186.37 | Inf 60 66962.32 67064.28 | Div 0.40 0.34 | Feas 0.20 1.00 | Pen 14.28 0.10
It  13500     32 | T(s) 67.37 | Feas 25 66977.90 67192.82 | Inf 46 66948.67 67050.69 | Div 0.41 0.34 | Feas 0.13 1.00 | Pen 14.56 0.10
It  14000    356 | T(s) 69.69 | Feas 49 66975.23 67046.53 | Inf 62 66929.65 66992.64 | Div 0.33 0.27 | Feas 0.18 1.00 | Pen 10.52 0.10
It  14500     29 | T(s) 72.07 | Feas 57 66974.73 67021.64 | Inf 53 66933.86 66991.72 | Div 0.30 0.27 | Feas 0.24 1.00 | Pen 12.63 0.10
It  15000    233 | T(s) 74.40 | Feas 42 66958.48 67057.54 | Inf 38 66933.70 67048.26 | Div 0.35 0.34 | Feas 0.22 1.00 | Pen 12.88 0.10
It  15500    733 | T(s) 76.75 | Feas 64 66958.48 67011.22 | Inf 29 66933.70 67069.56 | Div 0.30 0.36 | Feas 0.20 1.00 | Pen 12.88 0.10
It  16000     83 | T(s) 79.10 | Feas 31 66958.25 67054.60 | Inf 28 66929.28 66996.13 | Div 0.35 0.33 | Feas 0.16 1.00 | Pen 12.88 0.10
It  16500    390 | T(s) 81.48 | Feas 64 66944.90 67013.89 | Inf 49 66901.16 66978.76 | Div 0.30 0.29 | Feas 0.35 1.00 | Pen 13.14 0.10
It  17000     23 | T(s) 83.72 | Feas 31 66886.15 66972.27 | Inf 34 66877.67 66946.70 | Div 0.28 0.26 | Feas 0.20 1.00 | Pen 11.17 0.10
It  17500     95 | T(s) 85.90 | Feas 29 66873.35 66948.27 | Inf 62 66860.43 66919.96 | Div 0.25 0.21 | Feas 0.22 1.00 | Pen 11.17 0.10
It  18000    595 | T(s) 88.04 | Feas 25 66873.35 67118.72 | Inf 44 66854.70 66896.88 | Div 0.34 0.20 | Feas 0.23 1.00 | Pen 11.17 0.10
It  18500    340 | T(s) 90.23 | Feas 50 66841.79 66900.29 | Inf 62 66792.38 66899.83 | Div 0.19 0.22 | Feas 0.22 1.00 | Pen 11.17 0.10
It  19000    415 | T(s) 92.50 | Feas 28 66809.43 66963.09 | Inf 53 66793.97 66915.70 | Div 0.31 0.26 | Feas 0.25 1.00 | Pen 13.40 0.10
It  19500    177 | T(s) 94.75 | Feas 28 66792.93 66941.40 | Inf 30 66779.39 66874.16 | Div 0.29 0.22 | Feas 0.31 1.00 | Pen 11.62 0.10
It  20000    338 | T(s) 96.85 | Feas 36 66782.67 66832.69 | Inf 54 66777.84 66812.17 | Div 0.17 0.14 | Feas 0.19 1.00 | Pen 10.07 0.10
It  20500    156 | T(s) 98.93 | Feas 62 66781.42 66803.61 | Inf 55 66772.64 66814.80 | Div 0.11 0.15 | Feas 0.23 1.00 | Pen 12.33 0.10
It  21000    656 | T(s) 101.16 | Feas 54 66781.42 66801.50 | Inf 41 66772.89 66794.89 | Div 0.13 0.13 | Feas 0.20 1.00 | Pen 12.58 0.10
It  21500    196 | T(s) 103.29 | Feas 48 66777.64 66808.28 | Inf 35 66758.31 66788.72 | Div 0.17 0.14 | Feas 0.21 1.00 | Pen 12.58 0.10
It  22000    280 | T(s) 105.33 | Feas 39 66766.38 66830.45 | Inf 26 66758.56 66781.13 | Div 0.19 0.14 | Feas 0.11 1.00 | Pen 12.83 0.10
It  22500     86 | T(s) 107.40 | Feas 37 66765.81 66798.23 | Inf 44 66756.86 66778.29 | Div 0.17 0.14 | Feas 0.27 1.00 | Pen 11.12 0.10
It  23000    196 | T(s) 109.48 | Feas 60 66759.74 66783.03 | Inf 31 66759.08 66782.86 | Div 0.12 0.15 | Feas 0.24 1.00 | Pen 13.35 0.10
It  23500    696 | T(s) 111.57 | Feas 44 66759.74 66789.02 | Inf 62 66755.77 66773.85 | Div 0.14 0.13 | Feas 0.16 1.00 | Pen 11.34 0.10
It  24000    300 | T(s) 113.63 | Feas 37 66756.61 66790.18 | Inf 64 66756.18 66776.57 | Div 0.15 0.12 | Feas 0.18 1.00 | Pen 13.61 0.10
It  24500    800 | T(s) 115.71 | Feas 56 66756.61 66783.69 | Inf 43 66756.45 66790.24 | Div 0.14 0.15 | Feas 0.29 1.00 | Pen 13.88 0.10
It  25000    408 | T(s) 117.84 | Feas 31 66753.98 66819.61 | Inf 31 66754.10 66846.65 | Div 0.19 0.20 | Feas 0.17 1.00 | Pen 14.16 0.10
It  25500    221 | T(s) 120.08 | Feas 63 66752.87 66802.43 | Inf 59 66754.10 66777.98 | Div 0.16 0.14 | Feas 0.18 1.00 | Pen 14.16 0.10
It  26000    179 | T(s) 122.24 | Feas 40 66750.31 66774.26 | Inf 59 66754.04 66773.48 | Div 0.15 0.13 | Feas 0.19 1.00 | Pen 14.16 0.10
It  26500    368 | T(s) 124.47 | Feas 33 66745.71 66782.02 | Inf 55 66749.16 66774.25 | Div 0.18 0.15 | Feas 0.17 1.00 | Pen 14.45 0.10
It  27000     36 | T(s) 126.59 | Feas 42 66742.64 66767.51 | Inf 49 66739.52 66778.94 | Div 0.13 0.15 | Feas 0.22 1.00 | Pen 14.45 0.10
It  27500    238 | T(s) 128.60 | Feas 32 66741.89 66759.77 | Inf 36 66739.81 66773.52 | Div 0.12 0.14 | Feas 0.13 1.00 | Pen 14.73 0.10
It  28000    313 | T(s) 130.62 | Feas 62 66740.82 66745.86 | Inf 39 66735.72 66747.67 | Div 0.06 0.09 | Feas 0.19 1.00 | Pen 10.65 0.10
It  28500    813 | T(s) 132.58 | Feas 27 66740.82 66774.76 | Inf 37 66737.85 66756.01 | Div 0.14 0.11 | Feas 0.18 1.00 | Pen 12.77 0.10
It  29000   1313 | T(s) 134.63 | Feas 40 66740.82 66769.58 | Inf 56 66735.93 66760.38 | Div 0.15 0.13 | Feas 0.19 1.00 | Pen 10.86 0.10
It  29500   1813 | T(s) 136.72 | Feas 55 66740.82 66746.70 | Inf 63 66740.71 66749.45 | Div 0.10 0.10 | Feas 0.22 1.00 | Pen 15.64 0.10
It  30000    490 | T(s) 138.86 | Feas 33 66738.12 66795.48 | Inf 44 66738.36 66755.03 | Div 0.21 0.14 | Feas 0.18 1.00 | Pen 13.29 0.10
It  30500    990 | T(s) 140.95 | Feas 49 66738.12 66756.32 | Inf 34 66738.63 66759.91 | Div 0.15 0.14 | Feas 0.18 1.00 | Pen 13.56 0.10
It  31000   1490 | T(s) 143.08 | Feas 42 66738.12 66782.90 | Inf 35 66738.90 66764.87 | Div 0.20 0.17 | Feas 0.16 1.00 | Pen 13.83 0.10
It  31500    165 | T(s) 145.27 | Feas 64 66737.46 66771.96 | Inf 26 66737.23 66803.83 | Div 0.18 0.22 | Feas 0.25 1.00 | Pen 16.59 0.10
It  32000    144 | T(s) 147.39 | Feas 45 66725.49 66798.33 | Inf 44 66734.75 66796.35 | Div 0.21 0.20 | Feas 0.20 1.00 | Pen 14.10 0.10
It  32500    208 | T(s) 149.52 | Feas 26 66719.95 66845.64 | Inf 26 66735.03 66775.49 | Div 0.27 0.20 | Feas 0.25 1.00 | Pen 14.39 0.10
It  33000     23 | T(s) 151.65 | Feas 43 66717.46 66757.25 | Inf 55 66716.75 66768.32 | Div 0.17 0.17 | Feas 0.21 1.00 | Pen 14.39 0.10
It  33500    523 | T(s) 153.81 | Feas 56 66717.46 66738.14 | Inf 41 66715.99 66771.71 | Div 0.12 0.18 | Feas 0.23 1.00 | Pen 14.39 0.10
It  34000   1023 | T(s) 155.92 | Feas 61 66717.46 66738.34 | Inf 36 66713.94 66746.87 | Div 0.14 0.17 | Feas 0.18 1.00 | Pen 14.39 0.10
It  34500   1523 | T(s) 157.98 | Feas 49 66717.46 66742.36 | Inf 42 66708.33 66728.30 | Div 0.14 0.12 | Feas 0.30 1.00 | Pen 10.39 0.10
It  35000    305 | T(s) 160.03 | Feas 30 66715.09 66745.28 | Inf 35 66708.54 66731.62 | Div 0.16 0.13 | Feas 0.17 1.00 | Pen 10.60 0.10
It  35500    260 | T(s) 162.16 | Feas 57 66712.01 66741.92 | Inf 41 66707.91 66728.73 | Div 0.14 0.12 | Feas 0.16 1.00 | Pen 12.72 0.10
It  36000    760 | T(s) 164.18 | Feas 32 66712.01 66737.87 | Inf 25 66708.17 66780.69 | Div 0.16 0.19 | Feas 0.30 1.00 | Pen 12.98 0.10
It  36500   1260 | T(s) 166.32 | Feas 58 66712.01 66727.81 | Inf 56 66708.43 66720.29 | Div 0.12 0.09 | Feas 0.23 1.00 | Pen 13.24 0.10
It  37000    193 | T(s) 168.31 | Feas 49 66711.35 66723.70 | Inf 47 66706.44 66722.40 | Div 0.11 0.11 | Feas 0.18 1.00 | Pen 11.25 0.10
It  37500    259 | T(s) 170.35 | Feas 49 66709.89 66726.77 | Inf 44 66711.39 66725.05 | Div 0.13 0.10 | Feas 0.20 1.00 | Pen 16.20 0.10
It  38000    759 | T(s) 172.40 | Feas 44 66709.89 66734.72 | Inf 47 66708.96 66719.10 | Div 0.14 0.09 | Feas 0.42 1.00 | Pen 13.77 0.10
It  38500    203 | T(s) 174.46 | Feas 43 66708.40 66736.10 | Inf 65 66709.24 66718.29 | Div 0.15 0.09 | Feas 0.18 1.00 | Pen 14.05 0.10
It  39000    703 | T(s) 176.52 | Feas 52 66708.40 66723.68 | Inf 45 66702.62 66728.68 | Div 0.12 0.14 | Feas 0.17 1.00 | Pen 12.18 0.10
It  39500    163 | T(s) 178.70 | Feas 54 66686.17 66741.53 | Inf 34 66707.41 66756.25 | Div 0.18 0.18 | Feas 0.23 1.00 | Pen 14.91 0.10
It  40000    663 | T(s) 180.96 | Feas 35 66686.17 66792.94 | Inf 61 66689.56 66752.62 | Div 0.25 0.18 | Feas 0.12 1.00 | Pen 15.20 0.10
It  40500   1163 | T(s) 183.24 | Feas 62 66686.17 66758.26 | Inf 49 66687.28 66764.93 | Div 0.21 0.21 | Feas 0.21 1.00 | Pen 12.92 0.10
It  41000   1663 | T(s) 185.49 | Feas 35 66686.17 66821.49 | Inf 33 66687.80 66798.60 | Div 0.25 0.24 | Feas 0.19 1.00 | Pen 13.45 0.10
It  41500    426 | T(s) 187.75 | Feas 61 66681.48 66766.00 | Inf 45 66680.96 66829.75 | Div 0.21 0.26 | Feas 0.36 1.00 | Pen 13.71 0.10
It  42000    926 | T(s) 189.99 | Feas 57 66681.48 66792.30 | Inf 57 66681.52 66766.78 | Div 0.22 0.21 | Feas 0.37 1.00 | Pen 14.27 0.10
It  42500    289 | T(s) 192.21 | Feas 53 66680.76 66712.95 | Inf 25 66678.78 66840.31 | Div 0.16 0.28 | Feas 0.13 1.00 | Pen 14.85 0.10
It  43000    308 | T(s) 194.46 | Feas 48 66678.82 66719.36 | Inf 54 66675.96 66747.61 | Div 0.17 0.20 | Feas 0.27 1.00 | Pen 13.13 0.10
It  43500    808 | T(s) 196.73 | Feas 42 66678.82 66751.52 | Inf 55 66680.01 66714.20 | Div 0.21 0.16 | Feas 0.09 1.00 | Pen 16.07 0.10
It  44000    356 | T(s) 198.94 | Feas 63 66677.80 66717.98 | Inf 39 66680.28 66717.58 | Div 0.17 0.17 | Feas 0.14 1.00 | Pen 16.72 0.10
It  44500    856 | T(s) 201.09 | Feas 45 66677.80 66694.54 | Inf 56 66680.61 66693.02 | Div 0.14 0.11 | Feas 0.08 1.00 | Pen 17.05 0.10
It  45000    149 | T(s) 203.22 | Feas 32 66676.13 66716.74 | Inf 27 66677.16 66693.56 | Div 0.16 0.14 | Feas 0.12 1.00 | Pen 15.08 0.10
It  45500    215 | T(s) 205.31 | Feas 41 66673.61 66690.91 | Inf 36 66672.71 66774.18 | Div 0.13 0.20 | Feas 0.34 1.00 | Pen 13.34 0.10
It  46000    715 | T(s) 207.44 | Feas 26 66673.61 66838.02 | Inf 54 66673.09 66709.15 | Div 0.21 0.15 | Feas 0.39 1.00 | Pen 13.87 0.10
It  46500   1215 | T(s) 209.54 | Feas 49 66673.61 66691.22 | Inf 40 66669.88 66704.90 | Div 0.12 0.15 | Feas 0.27 1.00 | Pen 12.27 0.10
It  47000   1715 | T(s) 211.64 | Feas 37 66673.61 66719.77 | Inf 30 66671.39 66752.53 | Div 0.18 0.20 | Feas 0.14 1.00 | Pen 15.32 0.10
It  47500   2215 | T(s) 213.84 | Feas 27 66673.61 66758.38 | Inf 49 66672.01 66690.96 | Div 0.21 0.11 | Feas 0.11 1.00 | Pen 15.94 0.10
It  48000   2715 | T(s) 215.93 | Feas 59 66673.61 66695.08 | Inf 52 66670.02 66699.79 | Div 0.12 0.15 | Feas 0.32 1.00 | Pen 14.09 0.10
It  48500   3215 | T(s) 218.08 | Feas 29 66673.61 66727.30 | Inf 39 66666.76 66692.33 | Div 0.19 0.14 | Feas 0.26 1.00 | Pen 12.46 0.10
It  49000   3715 | T(s) 220.24 | Feas 37 66673.61 66747.72 | Inf 34 66667.26 66763.03 | Div 0.20 0.18 | Feas 0.17 1.00 | Pen 12.71 0.10
It  49500   4215 | T(s) 222.51 | Feas 37 66673.61 66725.86 | Inf 25 66671.94 66723.77 | Div 0.18 0.19 | Feas 0.10 1.00 | Pen 15.87 0.10
It  50000   4715 | T(s) 224.63 | Feas 36 66673.61 66721.53 | Inf 56 66672.26 66705.36 | Div 0.18 0.15 | Feas 0.24 1.00 | Pen 16.19 0.10
It  50500   5215 | T(s) 226.80 | Feas 33 66673.61 66714.90 | Inf 34 66670.39 66731.45 | Div 0.18 0.18 | Feas 0.30 1.00 | Pen 14.32 0.10
It  51000   5715 | T(s) 229.01 | Feas 60 66673.61 66701.10 | Inf 51 66666.66 66716.59 | Div 0.16 0.16 | Feas 0.27 1.00 | Pen 12.41 0.10
It  51500   6215 | T(s) 231.13 | Feas 29 66673.61 66763.56 | Inf 43 66671.57 66686.40 | Div 0.23 0.11 | Feas 0.08 1.00 | Pen 15.50 0.10
It  52000   6715 | T(s) 233.23 | Feas 38 66673.61 66726.51 | Inf 25 66669.25 66699.51 | Div 0.19 0.16 | Feas 0.33 1.00 | Pen 13.71 0.10
It  52500      9 | T(s) 235.38 | Feas 54 66659.22 66709.94 | Inf 31 66651.69 66709.54 | Div 0.16 0.19 | Feas 0.39 1.00 | Pen 12.12 0.10
It  53000    152 | T(s) 237.54 | Feas 28 66657.37 66722.23 | Inf 63 66656.82 66674.22 | Div 0.20 0.09 | Feas 0.08 1.00 | Pen 15.13 0.10
It  53500    652 | T(s) 239.61 | Feas 39 66657.37 66675.43 | Inf 54 66652.36 66701.34 | Div 0.14 0.14 | Feas 0.44 1.00 | Pen 13.38 0.10
It  54000    404 | T(s) 241.73 | Feas 64 66657.36 66667.04 | Inf 47 66656.82 66665.33 | Div 0.09 0.09 | Feas 0.06 1.00 | Pen 16.71 0.10
It  54500    904 | T(s) 243.79 | Feas 25 66657.36 66709.47 | Inf 49 66654.88 66676.85 | Div 0.18 0.12 | Feas 0.07 1.00 | Pen 14.77 0.10
It  55000   1404 | T(s) 245.86 | Feas 63 66657.36 66663.67 | Inf 25 66651.73 66723.05 | Div 0.09 0.18 | Feas 0.36 1.00 | Pen 13.07 0.10
It  55500     33 | T(s) 247.95 | Feas 45 66656.69 66675.52 | Inf 40 66656.42 66685.29 | Div 0.13 0.13 | Feas 0.03 1.00 | Pen 16.31 0.10
It  56000    533 | T(s) 249.95 | Feas 38 66656.69 66665.97 | Inf 46 66654.25 66683.57 | Div 0.12 0.14 | Feas 0.39 1.00 | Pen 14.43 0.10
It  56500   1033 | T(s) 252.11 | Feas 55 66656.69 66664.96 | Inf 35 66654.83 66670.87 | Div 0.11 0.12 | Feas 0.23 1.00 | Pen 15.01 0.10
It  57000   1533 | T(s) 254.14 | Feas 38 66656.69 66663.04 | Inf 58 66652.14 66661.24 | Div 0.11 0.08 | Feas 0.34 1.00 | Pen 13.27 0.10
It  57500    134 | T(s) 256.22 | Feas 39 66656.41 66683.34 | Inf 64 66656.05 66669.72 | Div 0.14 0.10 | Feas 0.06 1.00 | Pen 16.57 0.10
It  58000    481 | T(s) 258.27 | Feas 29 66656.40 66674.88 | Inf 31 66647.33 66671.63 | Div 0.14 0.13 | Feas 0.28 1.00 | Pen 12.21 0.10
It  58500    981 | T(s) 260.35 | Feas 28 66656.40 66671.32 | Inf 62 66652.39 66677.68 | Div 0.14 0.13 | Feas 0.06 1.00 | Pen 15.25 0.10
It  59000   1481 | T(s) 262.50 | Feas 56 66656.40 66661.68 | Inf 44 66649.88 66676.03 | Div 0.09 0.14 | Feas 0.34 1.00 | Pen 13.48 0.10
It  59500   1981 | T(s) 264.67 | Feas 61 66656.40 66663.47 | Inf 43 66653.97 66686.48 | Div 0.10 0.15 | Feas 0.09 1.00 | Pen 16.83 0.10
It  60000    268 | T(s) 266.78 | Feas 40 66647.32 66683.50 | Inf 48 66647.72 66679.63 | Div 0.15 0.16 | Feas 0.27 1.00 | Pen 12.40 0.10
It  60500    768 | T(s) 268.92 | Feas 51 66647.32 66669.20 | Inf 27 66648.71 66684.33 | Div 0.12 0.15 | Feas 0.35 1.00 | Pen 12.91 0.10
It  61000   1268 | T(s) 271.02 | Feas 60 66647.32 66672.20 | Inf 60 66649.76 66699.28 | Div 0.13 0.15 | Feas 0.29 1.00 | Pen 13.43 0.10
It  61500   1768 | T(s) 273.30 | Feas 54 66647.32 66709.27 | Inf 49 66650.84 66697.84 | Div 0.17 0.14 | Feas 0.28 1.00 | Pen 13.97 0.10
It  62000   2268 | T(s) 275.49 | Feas 41 66647.32 66734.07 | Inf 63 66647.13 66685.13 | Div 0.20 0.14 | Feas 0.30 1.00 | Pen 12.11 0.10
It  62500   2768 | T(s) 277.66 | Feas 36 66647.32 66753.50 | Inf 64 66645.94 66715.45 | Div 0.23 0.18 | Feas 0.15 1.00 | Pen 15.12 0.10
It  63000   3268 | T(s) 279.90 | Feas 63 66647.32 66712.61 | Inf 44 66646.24 66730.88 | Div 0.18 0.19 | Feas 0.25 1.00 | Pen 15.42 0.10
It  63500   3768 | T(s) 282.09 | Feas 33 66647.32 66711.42 | Inf 54 66644.19 66699.62 | Div 0.20 0.17 | Feas 0.31 1.00 | Pen 13.37 0.10
It  64000   4268 | T(s) 284.22 | Feas 57 66647.32 66683.20 | Inf 40 66644.46 66678.81 | Div 0.16 0.16 | Feas 0.21 1.00 | Pen 13.64 0.10
It  64500    362 | T(s) 286.41 | Feas 29 66647.23 66698.73 | Inf 30 66647.51 66729.46 | Div 0.17 0.19 | Feas 0.08 1.00 | Pen 16.70 0.10
It  65000    862 | T(s) 288.51 | Feas 56 66647.23 66673.52 | Inf 51 66645.58 66676.26 | Div 0.14 0.15 | Feas 0.07 1.00 | Pen 14.76 0.10
It  65500   1362 | T(s) 290.63 | Feas 63 66647.23 66678.43 | Inf 29 66643.87 66733.23 | Div 0.15 0.21 | Feas 0.29 1.00 | Pen 13.06 0.10
It  66000    422 | T(s) 292.78 | Feas 65 66646.42 66671.54 | Inf 37 66647.12 66691.85 | Div 0.13 0.17 | Feas 0.14 1.00 | Pen 16.30 0.10
It  66500    922 | T(s) 294.93 | Feas 40 66646.42 66659.35 | Inf 60 66645.23 66681.55 | Div 0.13 0.16 | Feas 0.34 1.00 | Pen 14.42 0.10
It  67000   1422 | T(s) 297.07 | Feas 57 66646.42 66661.33 | Inf 28 66642.08 66768.58 | Div 0.12 0.23 | Feas 0.42 1.00 | Pen 12.75 0.10
It  67500   1922 | T(s) 299.25 | Feas 27 66646.42 66683.41 | Inf 58 66646.73 66673.22 | Div 0.17 0.15 | Feas 0.06 1.00 | Pen 15.92 0.10
It  68000   2422 | T(s) 301.31 | Feas 36 66646.42 66659.05 | Inf 45 66644.72 66675.36 | Div 0.13 0.16 | Feas 0.39 1.00 | Pen 14.08 0.10
It  68500   2922 | T(s) 303.40 | Feas 32 66646.42 66699.65 | Inf 48 66641.46 66718.43 | Div 0.19 0.19 | Feas 0.35 1.00 | Pen 12.45 0.10
It  69000   3422 | T(s) 305.62 | Feas 27 66646.42 66714.17 | Inf 60 66646.35 66693.50 | Div 0.22 0.17 | Feas 0.06 1.00 | Pen 15.54 0.10
It  69500     44 | T(s) 307.74 | Feas 47 66646.32 66701.83 | Inf 60 66643.80 66681.48 | Div 0.20 0.17 | Feas 0.34 1.00 | Pen 13.74 0.10
It  70000    544 | T(s) 309.98 | Feas 29 66646.32 66714.50 | Inf 29 66642.96 66789.56 | Div 0.21 0.26 | Feas 0.34 1.00 | Pen 12.15 0.10
It  70500   1044 | T(s) 312.14 | Feas 48 66646.32 66680.37 | Inf 64 66645.98 66660.42 | Div 0.15 0.13 | Feas 0.10 1.00 | Pen 15.17 0.10
It  71000   1544 | T(s) 314.27 | Feas 36 66646.32 66684.72 | Inf 37 66644.23 66680.05 | Div 0.17 0.18 | Feas 0.42 1.00 | Pen 13.42 0.10
It  71500   2044 | T(s) 316.40 | Feas 27 66646.32 66775.15 | Inf 52 66647.56 66684.74 | Div 0.24 0.18 | Feas 0.13 1.00 | Pen 16.75 0.10
It  72000   2544 | T(s) 318.52 | Feas 61 66646.32 66670.82 | Inf 44 66645.62 66675.96 | Div 0.15 0.17 | Feas 0.11 1.00 | Pen 14.81 0.10
It  72500   3044 | T(s) 320.73 | Feas 49 66646.32 66671.93 | Inf 25 66642.78 66737.48 | Div 0.16 0.24 | Feas 0.33 1.00 | Pen 13.10 0.10
It  73000   3544 | T(s) 322.90 | Feas 25 66646.32 66839.26 | Inf 50 66647.16 66700.34 | Div 0.26 0.19 | Feas 0.07 1.00 | Pen 16.36 0.10
It  73500   4044 | T(s) 325.17 | Feas 58 66646.32 66673.28 | Inf 61 66645.27 66688.18 | Div 0.16 0.19 | Feas 0.37 1.00 | Pen 14.46 0.10
It  74000   4544 | T(s) 327.29 | Feas 30 66646.32 66689.30 | Inf 38 66643.35 66693.31 | Div 0.19 0.19 | Feas 0.31 1.00 | Pen 12.79 0.10
It  74500   5044 | T(s) 329.47 | Feas 65 66646.32 66666.85 | Inf 46 66646.53 66681.05 | Div 0.15 0.18 | Feas 0.01 1.00 | Pen 15.97 0.10
It  75000   5544 | T(s) 331.62 | Feas 52 66646.32 66666.10 | Inf 46 66644.68 66699.42 | Div 0.15 0.21 | Feas 0.35 1.00 | Pen 14.12 0.10
It  75500   6044 | T(s) 333.79 | Feas 42 66646.32 66665.87 | Inf 42 66645.25 66690.64 | Div 0.16 0.20 | Feas 0.22 1.00 | Pen 14.69 0.10
It  76000   6544 | T(s) 335.95 | Feas 47 66646.32 66657.82 | Inf 60 66642.56 66660.61 | Div 0.14 0.14 | Feas 0.38 1.00 | Pen 12.99 0.10
It  76500    411 | T(s) 338.10 | Feas 60 66644.12 66659.78 | Inf 60 66646.10 66672.53 | Div 0.13 0.16 | Feas 0.05 1.00 | Pen 16.22 0.10
It  77000    911 | T(s) 340.32 | Feas 46 66644.12 66676.76 | Inf 27 66644.23 66864.68 | Div 0.17 0.30 | Feas 0.38 1.00 | Pen 14.35 0.10
It  77500   1411 | T(s) 342.51 | Feas 53 66644.12 66655.67 | Inf 52 66642.57 66698.08 | Div 0.13 0.20 | Feas 0.40 1.00 | Pen 12.69 0.10
It  78000   1911 | T(s) 344.73 | Feas 51 66644.12 66675.87 | Inf 43 66645.72 66715.75 | Div 0.17 0.21 | Feas 0.09 1.00 | Pen 15.84 0.10
It  78500   2411 | T(s) 346.93 | Feas 43 66644.12 66664.78 | Inf 30 66643.89 66760.80 | Div 0.15 0.27 | Feas 0.30 1.00 | Pen 14.01 0.10
It  79000   2911 | T(s) 349.15 | Feas 46 66644.12 66664.50 | Inf 62 66644.45 66693.25 | Div 0.16 0.20 | Feas 0.21 1.00 | Pen 14.57 0.10
It  79500   3411 | T(s) 351.24 | Feas 27 66644.12 66691.62 | Inf 38 66642.77 66706.68 | Div 0.21 0.22 | Feas 0.35 1.00 | Pen 12.89 0.10
It  80000    389 | T(s) 353.44 | Feas 53 66642.17 66656.84 | Inf 55 66645.97 66681.29 | Div 0.15 0.18 | Feas 0.02 1.00 | Pen 16.09 0.10
It  80500    889 | T(s) 355.60 | Feas 48 66642.17 66683.19 | Inf 50 66642.16 66672.57 | Div 0.19 0.18 | Feas 0.27 1.00 | Pen 14.23 0.10
It  81000   1389 | T(s) 357.80 | Feas 54 66642.17 66658.14 | Inf 46 66642.73 66686.02 | Div 0.15 0.18 | Feas 0.17 1.00 | Pen 14.80 0.10
It  81500   1889 | T(s) 359.96 | Feas 34 66642.17 66670.34 | Inf 40 66643.33 66677.42 | Div 0.18 0.18 | Feas 0.02 1.00 | Pen 15.40 0.10
It  82000    480 | T(s) 361.99 | Feas 33 66642.08 66683.53 | Inf 33 66643.95 66670.69 | Div 0.19 0.18 | Feas 0.04 1.00 | Pen 16.03 0.10
It  82500    980 | T(s) 364.15 | Feas 61 66642.08 66648.46 | Inf 49 66642.01 66754.15 | Div 0.14 0.23 | Feas 0.35 1.00 | Pen 14.17 0.10
It  83000    244 | T(s) 366.39 | Feas 33 66617.55 66722.28 | Inf 44 66615.56 66734.81 | Div 0.22 0.21 | Feas 0.33 1.00 | Pen 12.53 0.10
It  83500    744 | T(s) 368.54 | Feas 61 66617.55 66670.85 | Inf 58 66618.67 66683.96 | Div 0.18 0.19 | Feas 0.03 1.00 | Pen 15.65 0.10
It  84000     59 | T(s) 370.71 | Feas 49 66614.26 66656.26 | Inf 61 66616.51 66687.41 | Div 0.16 0.19 | Feas 0.43 1.00 | Pen 13.84 0.10
It  84500    559 | T(s) 372.95 | Feas 40 66614.26 66653.95 | Inf 39 66612.26 66648.27 | Div 0.14 0.16 | Feas 0.30 1.00 | Pen 12.24 0.10
It  85000   1059 | T(s) 375.10 | Feas 45 66614.26 66633.06 | Inf 27 66612.76 66671.38 | Div 0.12 0.18 | Feas 0.39 1.00 | Pen 12.73 0.10
It  85500    101 | T(s) 377.17 | Feas 53 66614.26 66619.42 | Inf 27 66615.91 66626.54 | Div 0.04 0.09 | Feas 0.05 1.00 | Pen 15.89 0.10
It  86000    601 | T(s) 378.94 | Feas 25 66614.26 66647.15 | Inf 26 66610.13 66644.21 | Div 0.10 0.12 | Feas 0.54 1.00 | Pen 14.06 0.10
It  86500   1101 | T(s) 380.76 | Feas 55 66614.26 66617.98 | Inf 51 66603.88 66616.78 | Div 0.02 0.06 | Feas 0.54 1.00 | Pen 12.43 0.10
It  87000    222 | T(s) 382.64 | Feas 64 66608.51 66617.17 | Inf 54 66608.49 66619.09 | Div 0.04 0.06 | Feas 0.01 1.00 | Pen 15.52 0.10
It  87500    722 | T(s) 384.65 | Feas 45 66608.51 66628.02 | Inf 30 66606.18 66651.84 | Div 0.09 0.13 | Feas 0.45 1.00 | Pen 13.72 0.10
It  88000   1222 | T(s) 386.63 | Feas 41 66608.51 66615.49 | Inf 61 66603.01 66610.57 | Div 0.05 0.05 | Feas 0.44 1.00 | Pen 12.14 0.10
It  88500   1722 | T(s) 388.62 | Feas 58 66608.51 66616.91 | Inf 27 66608.12 66627.11 | Div 0.06 0.11 | Feas 0.01 1.00 | Pen 15.15 0.10
It  89000    471 | T(s) 390.66 | Feas 62 66608.31 66613.33 | Inf 43 66606.37 66633.47 | Div 0.05 0.11 | Feas 0.34 1.00 | Pen 13.40 0.10
It  89500    498 | T(s) 392.73 | Feas 65 66608.30 66614.47 | Inf 41 66609.70 66625.11 | Div 0.06 0.09 | Feas 0.03 1.00 | Pen 16.73 0.10
It  90000    998 | T(s) 394.77 | Feas 57 66608.30 66611.85 | Inf 42 66607.76 66615.51 | Div 0.03 0.07 | Feas 0.02 1.00 | Pen 14.79 0.10
It  90500    414 | T(s) 396.81 | Feas 45 66608.22 66616.81 | Inf 63 66604.90 66652.28 | Div 0.07 0.10 | Feas 0.39 1.00 | Pen 13.08 0.10
It  91000    914 | T(s) 398.86 | Feas 30 66608.22 66632.50 | Inf 37 66609.31 66635.67 | Div 0.11 0.12 | Feas 0.02 1.00 | Pen 16.33 0.10
It  91500    405 | T(s) 400.94 | Feas 60 66608.01 66611.54 | Inf 42 66607.42 66630.20 | Div 0.04 0.11 | Feas 0.51 1.00 | Pen 14.45 0.10
It  92000    905 | T(s) 402.94 | Feas 33 66608.01 66617.28 | Inf 49 66604.29 66618.65 | Div 0.09 0.10 | Feas 0.45 1.00 | Pen 12.77 0.10
It  92500   1405 | T(s) 405.01 | Feas 50 66608.01 66643.72 | Inf 62 66608.93 66628.23 | Div 0.11 0.10 | Feas 0.00 1.00 | Pen 15.95 0.10
It  93000   1905 | T(s) 407.02 | Feas 29 66608.01 66616.16 | Inf 28 66607.08 66637.01 | Div 0.08 0.13 | Feas 0.45 1.00 | Pen 14.10 0.10
It  93500   2405 | T(s) 408.98 | Feas 36 66608.01 66613.07 | Inf 38 66603.69 66621.95 | Div 0.06 0.09 | Feas 0.37 1.00 | Pen 12.47 0.10
It  94000   2905 | T(s) 410.98 | Feas 47 66608.01 66610.44 | Inf 57 66608.54 66615.25 | Div 0.04 0.07 | Feas 0.06 1.00 | Pen 15.57 0.10
It  94500   3405 | T(s) 412.98 | Feas 37 66608.01 66612.39 | Inf 58 66606.74 66631.83 | Div 0.05 0.10 | Feas 0.41 1.00 | Pen 13.77 0.10
It  95000   3905 | T(s) 414.98 | Feas 25 66608.01 66612.08 | Inf 57 66605.15 66627.22 | Div 0.05 0.10 | Feas 0.39 1.00 | Pen 12.18 0.10
It  95500   4405 | T(s) 416.98 | Feas 65 66608.01 66609.79 | Inf 61 66608.17 66613.07 | Div 0.03 0.06 | Feas 0.03 1.00 | Pen 15.20 0.10
It  96000   4905 | T(s) 418.94 | Feas 56 66608.01 66609.61 | Inf 27 66605.62 66630.61 | Div 0.03 0.11 | Feas 0.38 1.00 | Pen 13.45 0.10
It  96500   5405 | T(s) 420.92 | Feas 59 66608.01 66609.17 | Inf 63 66609.76 66619.74 | Div 0.02 0.07 | Feas 0.04 1.00 | Pen 16.79 0.10
It  97000   5905 | T(s) 422.78 | Feas 48 66608.01 66611.02 | Inf 35 66607.81 66613.68 | Div 0.04 0.07 | Feas 0.01 1.00 | Pen 14.85 0.10
It  97500   6405 | T(s) 424.76 | Feas 49 66608.01 66609.91 | Inf 52 66606.10 66631.42 | Div 0.03 0.10 | Feas 0.31 1.00 | Pen 13.13 0.10
It  98000   6905 | T(s) 426.70 | Feas 55 66608.01 66608.75 | Inf 49 66609.36 66611.40 | Div 0.01 0.03 | Feas 0.02 1.00 | Pen 16.39 0.10
It  98500   7405 | T(s) 428.51 | Feas 40 66608.01 66610.68 | Inf 51 66607.46 66626.45 | Div 0.04 0.09 | Feas 0.39 1.00 | Pen 14.49 0.10
It  99000   7905 | T(s) 430.52 | Feas 43 66608.01 66610.54 | Inf 35 66605.79 66639.98 | Div 0.04 0.11 | Feas 0.32 1.00 | Pen 12.82 0.10
It  99500   8405 | T(s) 432.41 | Feas 45 66608.01 66609.60 | Inf 32 66608.97 66620.28 | Div 0.03 0.09 | Feas 0.00 1.00 | Pen 16.00 0.10
It 100000   8905 | T(s) 434.40 | Feas 63 66608.01 66609.28 | Inf 65 66607.12 66618.37 | Div 0.02 0.08 | Feas 0.49 1.00 | Pen 14.15 0.10
It 100500   9405 | T(s) 436.32 | Feas 60 66608.01 66610.01 | Inf 52 66605.48 66634.76 | Div 0.03 0.10 | Feas 0.47 1.00 | Pen 12.52 0.10
It 101000   9905 | T(s) 438.33 | Feas 64 66608.01 66609.53 | Inf 49 66608.59 66624.86 | Div 0.03 0.09 | Feas 0.02 1.00 | Pen 15.63 0.10
It 101500  10405 | T(s) 440.30 | Feas 55 66608.01 66609.68 | Inf 39 66606.79 66622.17 | Div 0.03 0.09 | Feas 0.52 1.00 | Pen 13.82 0.10
It 102000  10905 | T(s) 442.25 | Feas 62 66608.01 66608.50 | Inf 58 66603.18 66618.86 | Div 0.01 0.08 | Feas 0.47 1.00 | Pen 12.22 0.10
It 102500  11405 | T(s) 444.10 | Feas 43 66608.01 66609.66 | Inf 49 66608.23 66611.98 | Div 0.03 0.05 | Feas 0.00 1.00 | Pen 15.26 0.10
It 103000  11905 | T(s) 446.05 | Feas 50 66608.01 66609.84 | Inf 39 66606.46 66653.84 | Div 0.03 0.12 | Feas 0.39 1.00 | Pen 13.49 0.10
It 103500  12405 | T(s) 448.03 | Feas 34 66608.01 66609.38 | Inf 39 66609.81 66614.51 | Div 0.02 0.05 | Feas 0.03 1.00 | Pen 16.84 0.10
It 104000  12905 | T(s) 449.94 | Feas 60 66608.01 66609.43 | Inf 43 66607.86 66617.48 | Div 0.02 0.07 | Feas 0.01 1.00 | Pen 14.90 0.10
It 104500  13405 | T(s) 451.75 | Feas 29 66608.01 66610.78 | Inf 65 66605.08 66620.18 | Div 0.04 0.08 | Feas 0.60 1.00 | Pen 13.17 0.10
It 105000  13905 | T(s) 453.70 | Feas 32 66608.01 66611.41 | Inf 61 66609.42 66618.88 | Div 0.05 0.07 | Feas 0.05 1.00 | Pen 16.45 0.10
It 105500  14405 | T(s) 455.65 | Feas 61 66608.01 66610.10 | Inf 61 66607.51 66614.53 | Div 0.03 0.06 | Feas 0.01 1.00 | Pen 14.54 0.10
It 106000  14905 | T(s) 457.64 | Feas 56 66608.01 66609.16 | Inf 34 66605.83 66646.37 | Div 0.02 0.11 | Feas 0.36 1.00 | Pen 12.86 0.10
It 106500  15405 | T(s) 459.56 | Feas 51 66608.01 66609.63 | Inf 46 66609.03 66624.00 | Div 0.02 0.09 | Feas 0.02 1.00 | Pen 16.06 0.10
It 107000  15905 | T(s) 461.54 | Feas 55 66608.01 66609.56 | Inf 31 66607.17 66646.65 | Div 0.03 0.12 | Feas 0.49 1.00 | Pen 14.20 0.10
It 107500  16405 | T(s) 463.47 | Feas 34 66608.01 66610.30 | Inf 35 66603.85 66609.21 | Div 0.04 0.06 | Feas 0.41 1.00 | Pen 12.56 0.10
It 108000  16905 | T(s) 465.40 | Feas 32 66608.01 66611.34 | Inf 32 66608.65 66632.80 | Div 0.05 0.09 | Feas 0.00 1.00 | Pen 15.68 0.10
It 108500  17405 | T(s) 467.41 | Feas 59 66608.01 66609.44 | Inf 39 66606.83 66668.78 | Div 0.02 0.13 | Feas 0.35 1.00 | Pen 13.87 0.10
It 109000  17905 | T(s) 469.37 | Feas 44 66608.01 66609.80 | Inf 44 66605.23 66628.47 | Div 0.03 0.09 | Feas 0.32 1.00 | Pen 12.26 0.10
It 109500  18405 | T(s) 471.28 | Feas 50 66608.01 66609.71 | Inf 34 66608.28 66646.99 | Div 0.02 0.10 | Feas 0.01 1.00 | Pen 15.31 0.10
It 110000  18905 | T(s) 473.39 | Feas 25 66608.01 66611.68 | Inf 44 66605.82 66629.55 | Div 0.05 0.09 | Feas 0.42 1.00 | Pen 13.54 0.10
It 110500  19405 | T(s) 475.44 | Feas 36 66608.01 66610.29 | Inf 42 66609.87 66621.29 | Div 0.04 0.07 | Feas 0.01 1.00 | Pen 16.90 0.10
It 111000  19905 | T(s) 477.38 | Feas 50 66608.01 66609.28 | Inf 46 66607.92 66612.53 | Div 0.02 0.06 | Feas 0.00 1.00 | Pen 14.95 0.10
----- GENETIC ALGORITHM FINISHED AFTER 111097 ITERATIONS. TIME SPENT: 477.754
----- WRITING BEST SOLUTION IN : baseline_results/cvrp_hgs/Vrp-Set-X-n491/Vrp-Set-X-n491-hgs/0.hgs1.tour
